2025-3-14 20:50:06 - log: Load engine in C:\ProgramData\cocos\editors\Creator\3.8.5\resources\resources\3d\engine
2025-3-14 20:50:08 - log: Profile changed: engine (modules.includeModules: 2d,animation,audio,base,custom-pipeline,gfx-webgl,gfx-webgl2,intersection-2d,profiler,spine,tween,ui,video,webview)
2025-3-14 20:50:08 - log: Register native engine in C:\ProgramData\cocos\editors\Creator\3.8.5\resources\resources\3d\engine\native
2025-3-14 20:50:08 - log: Request namespace: device-list
2025-3-14 20:50:20 - warn: Request timeout, aborting...
2025-3-14 20:50:20 - warn: Failed to connect to login server: socket hang up
2025-3-14 20:51:02 - log: [Scene] meshopt wasm decoder initialized
2025-3-14 20:51:02 - log: [Scene] [bullet]:bullet wasm lib loaded.
2025-3-14 20:51:02 - log: [Scene] [box2d]:box2d wasm lib loaded.
2025-3-14 20:51:02 - log: [Scene] [PHYSICS]: using builtin.
2025-3-14 20:51:02 - log: [Scene] Cocos Creator v3.8.5
2025-3-14 20:51:02 - log: [Scene] Using custom pipeline: Builtin
2025-3-14 20:51:02 - log: [Scene] [PHYSICS2D]: switch from box2d-wasm to builtin.
2025-3-14 20:56:30 - info: [PreviewInEditor] 预览环境初始化完毕
2025-3-14 20:56:30 - log: [PreviewInEditor] meshopt wasm decoder initialized
2025-3-14 20:56:31 - log: [PreviewInEditor] [box2d]:box2d wasm lib loaded.
2025-3-14 20:56:31 - log: [PreviewInEditor] [bullet]:bullet wasm lib loaded.
2025-3-14 20:56:31 - log: [PreviewInEditor] [PHYSICS]: using builtin.
2025-3-14 20:56:31 - log: [PreviewInEditor] Cocos Creator v3.8.5
2025-3-14 20:56:31 - log: [PreviewInEditor] Using custom pipeline: Builtin
2025-3-14 20:56:31 - log: [PreviewInEditor] [PHYSICS2D]: switch from box2d-wasm to builtin.
2025-3-14 20:56:33 - error: [Window] Cannot read properties of undefined (reading 'cancel')TypeError: Cannot read properties of undefined (reading 'cancel')
    at Object.close (C:\ProgramData\cocos\editors\Creator\3.8.5\resources\resources\3d\engine\editor\inspector\contributions\node.js:648:34)
    at Object.close (C:\ProgramData\cocos\editors\Creator\3.8.5\resources\resources\3d\engine\editor\inspector\contributions\node.js:2200:27)
    at na._setPanel (C:\ProgramData\cocos\editors\Creator\3.8.5\resources\app.asar\node_modules\@editor\creator-ui-kit\dist\renderer.ccc:168:24535)
    at na.attributeChangedCallback (C:\ProgramData\cocos\editors\Creator\3.8.5\resources\app.asar\node_modules\@editor\creator-ui-kit\dist\renderer.ccc:168:25134)
    at Object.sceneClose (C:\ProgramData\cocos\editors\Creator\3.8.5\resources\app.asar\modules\editor-extensions\extensions\inspector\dist\panels\inspector\index.ccc:57:1017)
    at C:\ProgramData\cocos\editors\Creator\3.8.5\resources\app.asar\node_modules\@editor\panel\lib\element.ccc:1:5083
    at new Promise (<anonymous>)
    at EventEmitter.<anonymous> (C:\ProgramData\cocos\editors\Creator\3.8.5\resources\app.asar\node_modules\@editor\panel\lib\element.ccc:1:5044)
    at EventEmitter.emit (node:events:519:28)
    at IpcRenderer.<anonymous> (C:\ProgramData\cocos\editors\Creator\3.8.5\resources\app.asar\node_modules\@base\electron-base-ipc\dist\renderer.ccc:1:3858)
    at IpcRenderer.emit (node:events:519:28)
    at Object.onMessage (node:electron/js2c/renderer_init:2:8837)
2025-3-14 20:56:50 - log: [PreviewInEditor] 游戏开始--- 1
2025-3-14 20:56:50 - log: [PreviewInEditor] 开始发牌--- 16
2025-3-14 20:56:52 - log: [PreviewInEditor] 发牌完毕--- 16
2025-3-14 20:56:57 - log: [PreviewInEditor] 点击麻将 =  mj_8
2025-3-14 20:56:58 - log: [PreviewInEditor] 点击麻将 =  mj_8
2025-3-14 20:56:59 - log: [PreviewInEditor] 点击麻将 =  mj_8
2025-3-14 20:57:02 - log: [PreviewInEditor] 点击麻将 =  mj_9
2025-3-14 20:57:03 - log: [PreviewInEditor] 点击麻将 =  mj_14
2025-3-14 20:57:03 - log: [PreviewInEditor] 点击麻将 =  mj_19
2025-3-14 20:57:03 - log: [PreviewInEditor] 点击麻将 =  mj_19
2025-3-14 20:57:05 - log: [PreviewInEditor] 点击麻将 =  mj_19
2025-3-14 20:57:08 - log: [PreviewInEditor] 点击麻将 =  mj_23
2025-3-14 20:57:08 - log: [PreviewInEditor] 点击麻将 =  mj_23
2025-3-14 20:57:09 - log: [PreviewInEditor] 点击麻将 =  mj_23
2025-3-14 20:57:10 - log: [PreviewInEditor] 点击麻将 =  mj_31
2025-3-14 20:57:11 - log: [PreviewInEditor] 点击麻将 =  mj_31
2025-3-14 20:57:12 - log: [PreviewInEditor] 点击麻将 =  mj_31
2025-3-14 20:57:13 - log: [PreviewInEditor] 点击麻将 =  mj_14
2025-3-14 20:57:14 - log: [PreviewInEditor] 点击麻将 =  mj_14
2025-3-14 20:57:16 - log: [PreviewInEditor] 游戏开始--- 2
2025-3-14 20:57:16 - log: [PreviewInEditor] 开始发牌--- 32
2025-3-14 20:57:20 - log: [PreviewInEditor] 发牌完毕--- 32
2025-3-14 20:57:26 - info: [PreviewInEditor] 预览环境初始化完毕
2025-3-14 20:57:26 - log: [PreviewInEditor] meshopt wasm decoder initialized
2025-3-14 20:57:26 - log: [PreviewInEditor] [bullet]:bullet wasm lib loaded.
2025-3-14 20:57:26 - log: [PreviewInEditor] [box2d]:box2d wasm lib loaded.
2025-3-14 20:57:26 - log: [PreviewInEditor] [PHYSICS]: using builtin.
2025-3-14 20:57:26 - log: [PreviewInEditor] Cocos Creator v3.8.5
2025-3-14 20:57:26 - log: [PreviewInEditor] Using custom pipeline: Builtin
2025-3-14 20:57:27 - log: [PreviewInEditor] [PHYSICS2D]: switch from box2d-wasm to builtin.
2025-3-14 20:57:31 - log: [PreviewInEditor] 游戏开始--- 1
2025-3-14 20:57:31 - log: [PreviewInEditor] 开始发牌--- 16
2025-3-14 20:57:34 - log: [PreviewInEditor] 发牌完毕--- 16
2025-3-14 20:57:36 - log: [PreviewInEditor] 点击麻将 =  mj_34
2025-3-14 20:57:38 - log: [PreviewInEditor] 点击麻将 =  mj_8
2025-3-14 20:57:38 - log: [PreviewInEditor] 点击麻将 =  mj_8
2025-3-14 20:57:39 - log: [PreviewInEditor] 点击麻将 =  mj_8
2025-3-14 20:57:41 - log: [PreviewInEditor] 点击麻将 =  mj_24
2025-3-14 20:57:41 - log: [PreviewInEditor] 点击麻将 =  mj_24
2025-3-14 20:57:42 - log: [PreviewInEditor] 点击麻将 =  mj_24
2025-3-14 20:57:43 - log: [PreviewInEditor] 点击麻将 =  mj_34
2025-3-14 20:57:44 - log: [PreviewInEditor] 点击麻将 =  mj_17
2025-3-14 20:57:45 - log: [PreviewInEditor] 点击麻将 =  mj_11
2025-3-14 20:57:45 - log: [PreviewInEditor] 点击麻将 =  mj_17
2025-3-14 20:57:46 - log: [PreviewInEditor] 点击麻将 =  mj_17
2025-3-14 20:57:48 - log: [PreviewInEditor] 点击麻将 =  mj_8
2025-3-14 20:57:48 - log: [PreviewInEditor] 点击麻将 =  mj_34
2025-3-14 20:57:50 - log: [PreviewInEditor] 点击麻将 =  mj_11
2025-3-14 20:57:51 - log: [PreviewInEditor] 点击麻将 =  mj_11
2025-3-14 20:58:00 - warn: [PreviewInEditor] IPC message has been lost.Error: [PreviewInEditor] IPC message has been lost.
    at console.warn (C:\ProgramData\cocos\editors\Creator\3.8.5\resources\app.asar\node_modules\@sentry\src\instrument\console.ts:40:20)
    at IpcRenderer.<anonymous> (C:\ProgramData\cocos\editors\Creator\3.8.5\resources\app.asar\builtin\scene\dist\script\3d\manager\ipc\web\webview.ccc:1:1495)
    at IpcRenderer.emit (node:events:519:28)
    at Object.onMessage (node:electron/js2c/renderer_init:2:8837)
2025-3-14 20:58:01 - info: [PreviewInEditor] 预览环境初始化完毕
2025-3-14 20:58:01 - log: [PreviewInEditor] meshopt wasm decoder initialized
2025-3-14 20:58:01 - log: [PreviewInEditor] [box2d]:box2d wasm lib loaded.
2025-3-14 20:58:01 - log: [PreviewInEditor] [bullet]:bullet wasm lib loaded.
2025-3-14 20:58:01 - log: [PreviewInEditor] [PHYSICS]: using builtin.
2025-3-14 20:58:01 - log: [PreviewInEditor] Cocos Creator v3.8.5
2025-3-14 20:58:01 - log: [PreviewInEditor] Using custom pipeline: Builtin
2025-3-14 20:58:02 - log: [PreviewInEditor] [PHYSICS2D]: switch from box2d-wasm to builtin.
2025-3-14 20:58:03 - error: [Window] Cannot read properties of undefined (reading 'cancel')TypeError: Cannot read properties of undefined (reading 'cancel')
    at Object.close (C:\ProgramData\cocos\editors\Creator\3.8.5\resources\resources\3d\engine\editor\inspector\contributions\node.js:648:34)
    at Object.close (C:\ProgramData\cocos\editors\Creator\3.8.5\resources\resources\3d\engine\editor\inspector\contributions\node.js:2200:27)
    at na._setPanel (C:\ProgramData\cocos\editors\Creator\3.8.5\resources\app.asar\node_modules\@editor\creator-ui-kit\dist\renderer.ccc:168:24535)
    at na.attributeChangedCallback (C:\ProgramData\cocos\editors\Creator\3.8.5\resources\app.asar\node_modules\@editor\creator-ui-kit\dist\renderer.ccc:168:25134)
    at Object.sceneClose (C:\ProgramData\cocos\editors\Creator\3.8.5\resources\app.asar\modules\editor-extensions\extensions\inspector\dist\panels\inspector\index.ccc:57:1017)
    at C:\ProgramData\cocos\editors\Creator\3.8.5\resources\app.asar\node_modules\@editor\panel\lib\element.ccc:1:5083
    at new Promise (<anonymous>)
    at EventEmitter.<anonymous> (C:\ProgramData\cocos\editors\Creator\3.8.5\resources\app.asar\node_modules\@editor\panel\lib\element.ccc:1:5044)
    at EventEmitter.emit (node:events:519:28)
    at IpcRenderer.<anonymous> (C:\ProgramData\cocos\editors\Creator\3.8.5\resources\app.asar\node_modules\@base\electron-base-ipc\dist\renderer.ccc:1:3858)
    at IpcRenderer.emit (node:events:519:28)
    at Object.onMessage (node:electron/js2c/renderer_init:2:8837)
2025-3-14 20:58:06 - log: [PreviewInEditor] 游戏开始--- 1
2025-3-14 20:58:06 - log: [PreviewInEditor] 开始发牌--- 16
2025-3-14 20:58:08 - log: [PreviewInEditor] 发牌完毕--- 16
2025-3-14 20:59:48 - warn: [PreviewInEditor] IPC message has been lost.Error: [PreviewInEditor] IPC message has been lost.
    at console.warn (C:\ProgramData\cocos\editors\Creator\3.8.5\resources\app.asar\node_modules\@sentry\src\instrument\console.ts:40:20)
    at IpcRenderer.<anonymous> (C:\ProgramData\cocos\editors\Creator\3.8.5\resources\app.asar\builtin\scene\dist\script\3d\manager\ipc\web\webview.ccc:1:1495)
    at IpcRenderer.emit (node:events:519:28)
    at Object.onMessage (node:electron/js2c/renderer_init:2:8837)
2025-3-14 20:59:48 - info: [PreviewInEditor] 预览环境初始化完毕
2025-3-14 20:59:58 - log: [PreviewInEditor] meshopt wasm decoder initialized
2025-3-14 20:59:58 - log: [PreviewInEditor] [box2d]:box2d wasm lib loaded.
2025-3-14 20:59:58 - log: [PreviewInEditor] [bullet]:bullet wasm lib loaded.
2025-3-14 20:59:58 - log: [PreviewInEditor] [PHYSICS]: using builtin.
2025-3-14 20:59:58 - log: [PreviewInEditor] Cocos Creator v3.8.5
2025-3-14 20:59:58 - log: [PreviewInEditor] Using custom pipeline: Builtin
2025-3-14 20:59:59 - log: [PreviewInEditor] [PHYSICS2D]: switch from box2d-wasm to builtin.
2025-3-14 21:00:00 - error: [Window] Cannot read properties of undefined (reading 'cancel')TypeError: Cannot read properties of undefined (reading 'cancel')
    at Object.close (C:\ProgramData\cocos\editors\Creator\3.8.5\resources\resources\3d\engine\editor\inspector\contributions\node.js:648:34)
    at Object.close (C:\ProgramData\cocos\editors\Creator\3.8.5\resources\resources\3d\engine\editor\inspector\contributions\node.js:2200:27)
    at na._setPanel (C:\ProgramData\cocos\editors\Creator\3.8.5\resources\app.asar\node_modules\@editor\creator-ui-kit\dist\renderer.ccc:168:24535)
    at na.attributeChangedCallback (C:\ProgramData\cocos\editors\Creator\3.8.5\resources\app.asar\node_modules\@editor\creator-ui-kit\dist\renderer.ccc:168:25134)
    at Object.sceneClose (C:\ProgramData\cocos\editors\Creator\3.8.5\resources\app.asar\modules\editor-extensions\extensions\inspector\dist\panels\inspector\index.ccc:57:1017)
    at C:\ProgramData\cocos\editors\Creator\3.8.5\resources\app.asar\node_modules\@editor\panel\lib\element.ccc:1:5083
    at new Promise (<anonymous>)
    at EventEmitter.<anonymous> (C:\ProgramData\cocos\editors\Creator\3.8.5\resources\app.asar\node_modules\@editor\panel\lib\element.ccc:1:5044)
    at EventEmitter.emit (node:events:519:28)
    at IpcRenderer.<anonymous> (C:\ProgramData\cocos\editors\Creator\3.8.5\resources\app.asar\node_modules\@base\electron-base-ipc\dist\renderer.ccc:1:3858)
    at IpcRenderer.emit (node:events:519:28)
    at Object.onMessage (node:electron/js2c/renderer_init:2:8837)
2025-3-14 21:00:17 - log: [PreviewInEditor] 游戏开始--- 1
2025-3-14 21:00:17 - log: [PreviewInEditor] 开始发牌--- 18
2025-3-14 21:00:19 - log: [PreviewInEditor] 发牌完毕--- 18
2025-3-14 21:00:21 - log: [PreviewInEditor] 点击麻将 =  mj_31
2025-3-14 21:00:22 - log: [PreviewInEditor] 点击麻将 =  mj_31
2025-3-14 21:00:27 - log: [PreviewInEditor] 点击麻将 =  mj_25
2025-3-14 21:00:28 - log: [PreviewInEditor] 点击麻将 =  mj_31
2025-3-14 21:00:38 - log: [PreviewInEditor] 点击麻将 =  mj_32
2025-3-14 21:00:39 - log: [PreviewInEditor] 点击麻将 =  mj_32
2025-3-14 21:00:39 - log: [PreviewInEditor] 点击麻将 =  mj_7
2025-3-14 21:00:40 - log: [PreviewInEditor] 点击麻将 =  mj_32
2025-3-14 21:00:42 - log: [PreviewInEditor] 点击麻将 =  mj_7
2025-3-14 21:00:42 - log: [PreviewInEditor] 点击麻将 =  mj_7
2025-3-14 21:00:45 - log: [PreviewInEditor] 点击麻将 =  mj_25
2025-3-14 21:00:45 - log: [PreviewInEditor] 不可点击的麻将 =  mj_36
2025-3-14 21:00:46 - log: [PreviewInEditor] 点击麻将 =  mj_15
2025-3-14 21:00:47 - log: [PreviewInEditor] 不可点击的麻将 =  mj_36
2025-3-14 21:00:48 - log: [PreviewInEditor] 点击麻将 =  mj_15
2025-3-14 21:00:49 - log: [PreviewInEditor] 点击麻将 =  mj_25
2025-3-14 21:00:50 - log: [PreviewInEditor] 不可点击的麻将 =  mj_36
2025-3-14 21:00:51 - log: [PreviewInEditor] 不可点击的麻将 =  mj_36
2025-3-14 21:00:51 - log: [PreviewInEditor] 不可点击的麻将 =  mj_36
2025-3-14 21:00:51 - log: [PreviewInEditor] 不可点击的麻将 =  mj_36
2025-3-14 21:00:51 - log: [PreviewInEditor] 不可点击的麻将 =  mj_36
2025-3-14 21:00:51 - log: [PreviewInEditor] 不可点击的麻将 =  mj_36
2025-3-14 21:00:58 - info: [PreviewInEditor] 预览环境初始化完毕
2025-3-14 21:01:11 - warn: [Assets] Input file contains unsupported image formatError: Input file contains unsupported image format
2025-3-14 21:01:11 - warn: [Assets] resizeThumbnail failed for db://assets/resources/mj_card.plist@05033Warn: [Assets] resizeThumbnail failed for db://assets/resources/mj_card.plist@05033
    at console.warn (C:\ProgramData\cocos\editors\Creator\3.8.5\resources\app.asar\node_modules\@sentry\src\instrument\console.ts:40:20)
    at NewConsole.warn (C:\ProgramData\cocos\editors\Creator\3.8.5\resources\app.asar\builtin\asset-db\dist\worker\console.ccc:1:1510)
    at AssetHandlerManager.generateThumbnail (C:\ProgramData\cocos\editors\Creator\3.8.5\resources\app.asar\builtin\asset-db\dist\worker\manager\asset-handler-manager.ccc:1:10412)
    at Ipc.<anonymous> (C:\ProgramData\cocos\editors\Creator\3.8.5\resources\app.asar\builtin\asset-db\dist\worker\ipc.ccc:1:530)
2025-3-14 21:01:11 - warn: [Assets] pngload: end of streamError: pngload: end of stream
2025-3-14 21:01:11 - warn: [Assets] resizeThumbnail failed for db://assets/resources/mj_card.plist@8484cWarn: [Assets] resizeThumbnail failed for db://assets/resources/mj_card.plist@8484c
    at console.warn (C:\ProgramData\cocos\editors\Creator\3.8.5\resources\app.asar\node_modules\@sentry\src\instrument\console.ts:40:20)
    at NewConsole.warn (C:\ProgramData\cocos\editors\Creator\3.8.5\resources\app.asar\builtin\asset-db\dist\worker\console.ccc:1:1510)
    at AssetHandlerManager.generateThumbnail (C:\ProgramData\cocos\editors\Creator\3.8.5\resources\app.asar\builtin\asset-db\dist\worker\manager\asset-handler-manager.ccc:1:10412)
    at Ipc.<anonymous> (C:\ProgramData\cocos\editors\Creator\3.8.5\resources\app.asar\builtin\asset-db\dist\worker\ipc.ccc:1:530)
2025-3-14 21:03:48 - log: [PreviewInEditor] meshopt wasm decoder initialized
2025-3-14 21:03:48 - log: [PreviewInEditor] [bullet]:bullet wasm lib loaded.
2025-3-14 21:03:48 - log: [PreviewInEditor] [box2d]:box2d wasm lib loaded.
2025-3-14 21:03:48 - log: [PreviewInEditor] [PHYSICS]: using builtin.
2025-3-14 21:03:49 - log: [PreviewInEditor] Cocos Creator v3.8.5
2025-3-14 21:03:49 - log: [PreviewInEditor] Using custom pipeline: Builtin
2025-3-14 21:03:49 - log: [PreviewInEditor] [PHYSICS2D]: switch from box2d-wasm to builtin.
2025-3-14 21:03:50 - error: [Window] Cannot read properties of undefined (reading 'cancel')TypeError: Cannot read properties of undefined (reading 'cancel')
    at Object.close (C:\ProgramData\cocos\editors\Creator\3.8.5\resources\resources\3d\engine\editor\inspector\contributions\node.js:648:34)
    at Object.close (C:\ProgramData\cocos\editors\Creator\3.8.5\resources\resources\3d\engine\editor\inspector\contributions\node.js:2200:27)
    at na._setPanel (C:\ProgramData\cocos\editors\Creator\3.8.5\resources\app.asar\node_modules\@editor\creator-ui-kit\dist\renderer.ccc:168:24535)
    at na.attributeChangedCallback (C:\ProgramData\cocos\editors\Creator\3.8.5\resources\app.asar\node_modules\@editor\creator-ui-kit\dist\renderer.ccc:168:25134)
    at Object.sceneClose (C:\ProgramData\cocos\editors\Creator\3.8.5\resources\app.asar\modules\editor-extensions\extensions\inspector\dist\panels\inspector\index.ccc:57:1017)
    at C:\ProgramData\cocos\editors\Creator\3.8.5\resources\app.asar\node_modules\@editor\panel\lib\element.ccc:1:5083
    at new Promise (<anonymous>)
    at EventEmitter.<anonymous> (C:\ProgramData\cocos\editors\Creator\3.8.5\resources\app.asar\node_modules\@editor\panel\lib\element.ccc:1:5044)
    at EventEmitter.emit (node:events:519:28)
    at IpcRenderer.<anonymous> (C:\ProgramData\cocos\editors\Creator\3.8.5\resources\app.asar\node_modules\@base\electron-base-ipc\dist\renderer.ccc:1:3858)
    at IpcRenderer.emit (node:events:519:28)
    at Object.onMessage (node:electron/js2c/renderer_init:2:8837)
2025-3-14 21:04:26 - log: [PreviewInEditor] 游戏开始--- 1
2025-3-14 21:04:26 - log: [PreviewInEditor] 开始发牌--- 18
2025-3-14 21:04:29 - log: [PreviewInEditor] 发牌完毕--- 18
2025-3-14 21:04:30 - log: [PreviewInEditor] 点击麻将 =  mj_1
2025-3-14 21:04:30 - log: [PreviewInEditor] 点击麻将 =  mj_1
2025-3-14 21:04:31 - log: [PreviewInEditor] 点击麻将 =  mj_24
2025-3-14 21:04:31 - log: [PreviewInEditor] 点击麻将 =  mj_24
2025-3-14 21:04:32 - log: [PreviewInEditor] 点击麻将 =  mj_23
2025-3-14 21:04:32 - log: [PreviewInEditor] 点击麻将 =  mj_23
2025-3-14 21:04:33 - log: [PreviewInEditor] 点击麻将 =  mj_23
2025-3-14 21:04:36 - log: [PreviewInEditor] 点击麻将 =  mj_1
2025-3-14 21:04:37 - log: [PreviewInEditor] 点击麻将 =  mj_24
2025-3-14 21:04:38 - log: [PreviewInEditor] 点击麻将 =  mj_3
2025-3-14 21:04:38 - log: [PreviewInEditor] 点击麻将 =  mj_3
2025-3-14 21:04:38 - log: [PreviewInEditor] 点击麻将 =  mj_3
2025-3-14 21:04:39 - log: [PreviewInEditor] 点击麻将 =  mj_6
2025-3-14 21:04:39 - log: [PreviewInEditor] 点击麻将 =  mj_6
2025-3-14 21:04:40 - log: [PreviewInEditor] 点击麻将 =  mj_29
2025-3-14 21:04:41 - log: [PreviewInEditor] 点击麻将 =  mj_29
2025-3-14 21:04:41 - log: [PreviewInEditor] 点击麻将 =  mj_6
2025-3-14 21:04:42 - log: [PreviewInEditor] 点击麻将 =  mj_29
2025-3-14 21:04:45 - log: [PreviewInEditor] 游戏开始--- 2
2025-3-14 21:04:45 - log: [PreviewInEditor] 开始发牌--- 36
2025-3-14 21:04:49 - log: [PreviewInEditor] 发牌完毕--- 36
2025-3-14 21:05:02 - warn: [PreviewInEditor] IPC message has been lost.Error: [PreviewInEditor] IPC message has been lost.
    at console.warn (C:\ProgramData\cocos\editors\Creator\3.8.5\resources\app.asar\node_modules\@sentry\src\instrument\console.ts:40:20)
    at IpcRenderer.<anonymous> (C:\ProgramData\cocos\editors\Creator\3.8.5\resources\app.asar\builtin\scene\dist\script\3d\manager\ipc\web\webview.ccc:1:1495)
    at IpcRenderer.emit (node:events:519:28)
    at Object.onMessage (node:electron/js2c/renderer_init:2:8837)
2025-3-14 21:05:02 - info: [PreviewInEditor] 预览环境初始化完毕
