2025-3-27 23:02:51 - debug: =================================== build Task (wechatgame) Start ================================
2025-3-27 23:02:51 - debug: Start build task, options:{"name":"myGameMj","server":"","platform":"wechatgame","buildPath":"C:\\Users\\zzx\\Desktop\\wx_game","debug":false,"buildMode":"normal","mangleProperties":false,"md5Cache":false,"skipCompressTexture":false,"sourceMaps":false,"overwriteProjectSettings":{"macroConfig":{"cleanupImageCache":"on"},"includeModules":{"physics":"inherit-project-setting","physics-2d":"inherit-project-setting","gfx-webgl2":"off"}},"nativeCodeBundleMode":"wasm","polyfills":{"asyncFunctions":false},"experimentalEraseModules":false,"startSceneAssetBundle":false,"bundleConfigs":[],"inlineEnum":true,"useBuiltinServer":false,"md5CacheOptions":{"excludes":[],"includes":[],"replaceOnly":[],"handleTemplateMd5Link":true},"mainBundleIsRemote":false,"mainBundleCompressionType":"subpackage","useSplashScreen":true,"bundleCommonChunk":false,"packAutoAtlas":true,"startScene":"df672520-9755-4d63-978e-4a7ae276a322","outputName":"wechatgame","taskName":"wechatgame","scenes":[{"url":"db://assets/scene/main.scene","uuid":"df672520-9755-4d63-978e-4a7ae276a322"}],"wasmCompressionMode":false,"packages":{"cocos-service":{"configID":"ef3e64","services":[],"__version__":"3.0.8"},"wechatgame":{"orientation":"portrait","appid":"wx494cae4c1ff3e79b","buildOpenDataContextTemplate":"","separateEngine":false,"highPerformanceMode":false,"__version__":"1.0.4","wasmSubpackage":true}},"__version__":"1.3.9","logDest":"project://temp/builder/log/wechatgame2025-3-27 23-02.log"}
2025-3-27 23:02:51 - debug: Build with Cocos Creator 3.8.5
2025-3-27 23:02:51 - debug: wechatgame:(onBeforeBuild) start..., progress: 0%
2025-3-27 23:02:51 - debug: // ---- build task wechatgame：onBeforeBuild ----
2025-3-27 23:02:51 - debug: // ---- build task wechatgame：onBeforeBuild ---- (42ms)
2025-3-27 23:02:51 - debug: wechatgame:(onBeforeBuild) in 42 ms ✓, progress: 2%
2025-3-27 23:02:51 - debug: cocos-service:(onBeforeBuild) start..., progress: 2%
2025-3-27 23:02:51 - debug: // ---- build task cocos-service：onBeforeBuild ----
2025-3-27 23:02:52 - debug: // ---- build task cocos-service：onBeforeBuild ---- (361ms)
2025-3-27 23:02:52 - debug: cocos-service:(onBeforeBuild) in 361 ms ✓, progress: 4%
2025-3-27 23:02:52 - debug: scene:(onBeforeBuild) start..., progress: 4%
2025-3-27 23:02:52 - debug: // ---- build task scene：onBeforeBuild ----
2025-3-27 23:02:52 - debug: // ---- build task scene：onBeforeBuild ---- (56ms)
2025-3-27 23:02:52 - debug: scene:(onBeforeBuild) in 56 ms ✓, progress: 5%
2025-3-27 23:02:52 - debug: Start lock asset db..., progress: 5%
2025-3-27 23:02:52 - log: Asset DB is paused with build!
2025-3-27 23:02:52 - debug: Query all assets info in project
2025-3-27 23:02:52 - debug: init custom config: keepNodeUuid: false, useCache: true
2025-3-27 23:02:52 - debug: wechatgame:(onAfterInit) start..., progress: 5%
2025-3-27 23:02:52 - debug: // ---- build task wechatgame：onAfterInit ----
2025-3-27 23:02:52 - debug: // ---- build task wechatgame：onAfterInit ---- (24ms)
2025-3-27 23:02:52 - debug: wechatgame:(onAfterInit) in 24 ms ✓, progress: 7%
2025-3-27 23:02:52 - debug: cocos-service:(onAfterInit) start..., progress: 7%
2025-3-27 23:02:52 - debug: // ---- build task cocos-service：onAfterInit ----
2025-3-27 23:02:52 - debug: // ---- build task cocos-service：onAfterInit ---- (235ms)
2025-3-27 23:02:52 - debug: cocos-service:(onAfterInit) in 235 ms ✓, progress: 9%
2025-3-27 23:02:52 - debug: wechatgame:(onBeforeBundleInit) start..., progress: 9%
2025-3-27 23:02:52 - debug: // ---- build task wechatgame：onBeforeBundleInit ----
2025-3-27 23:02:52 - debug: // ---- build task wechatgame：onBeforeBundleInit ---- (54ms)
2025-3-27 23:02:52 - debug: wechatgame:(onBeforeBundleInit) in 54 ms ✓, progress: 9%
2025-3-27 23:02:52 - debug: adsense-h5g-plugin:(onBeforeBundleInit) start..., progress: 9%
2025-3-27 23:02:52 - debug: // ---- build task adsense-h5g-plugin：onBeforeBundleInit ----
2025-3-27 23:02:52 - debug: [adsense-h5g-plugin] remove script success
2025-3-27 23:02:52 - debug: // ---- build task adsense-h5g-plugin：onBeforeBundleInit ---- (44ms)
2025-3-27 23:02:52 - debug: adsense-h5g-plugin:(onBeforeBundleInit) in 44 ms ✓, progress: 9%
2025-3-27 23:02:52 - debug: Init all bundles start..., progress: 9%
2025-3-27 23:02:52 - debug: Num of bundles: 6..., progress: 9%
2025-3-27 23:02:52 - debug: 查询 Asset Bundle start, progress: 9%
2025-3-27 23:02:52 - debug: // ---- build task 查询 Asset Bundle ----
2025-3-27 23:02:52 - debug: Init bundle root assets start..., progress: 9%
2025-3-27 23:02:52 - debug: Query preload assets/scripts from cc.config.json: 60f7195c-ec2a-45eb-ba94-8955f60e81d0,1c02ae6f-4492-4915-b8f8-7492a3b1e4cd,810e96e4-e456-4468-9b59-f4e8f39732c0,efe8e2a3-eace-427b-b4f1-cb8a937ec77d,e9aa9a3e-5b2b-4ac7-a2c7-073de2b2b24f,8bbdbcdd-5cd4-4100-b6d5-b7c9625b6107,50f4348b-c883-4e2f-8f11-ce233b859fa1,fda095cb-831d-4601-ad94-846013963de8,f92806d7-1768-443f-afe8-12bcde84d0f0,dd3a144d-ab7f-41f0-82b8-2e43a090d496,f0416e68-0200-4b77-a926-4f9d16e494da,970b0598-bcb0-4714-91fb-2e81440dccd8,bcd64cc6-2dd9-43f6-abbe-66318d332032,d930590d-bb92-4cc8-8bd1-23cd027f9edf,a3cd009f-0ab0-420d-9278-b9fdab939bbc,6a2d0734-bd9e-4ddf-946e-caa52498cb75,871c3b6c-7379-419d-bda3-794b239ab90d,ff9b0199-ce04-4cfe-86cc-6c719f08d6e4,de1c2107-70c8-4021-8459-6399f24d01c6,cbf30902-517f-40dc-af90-a550bac27cf1
2025-3-27 23:02:52 - debug:   Number of all scenes: 1
2025-3-27 23:02:52 - debug:   Number of all scripts: 13
2025-3-27 23:02:52 - debug:   Number of other assets: 383
2025-3-27 23:02:52 - debug: Init bundle root assets success..., progress: 9%
2025-3-27 23:02:52 - debug: reload all scripts.
2025-3-27 23:02:52 - debug: [[Executor]] reload before lock
2025-3-27 23:02:52 - debug: Set detail map pack:///resolution-detail-map.json: {}
2025-3-27 23:02:52 - groupCollapsed: Invalidate all modules
2025-3-27 23:02:52 - debug: Unregister BuiltinPipelineSettings
2025-3-27 23:02:52 - debug: Unregister BuiltinPipelinePassBuilder
2025-3-27 23:02:52 - debug: Unregister BuiltinDepthOfFieldPass
2025-3-27 23:02:52 - debug: Unregister DebugViewRuntimeControl
2025-3-27 23:02:52 - debug: Unregister AudioMgr
2025-3-27 23:02:52 - debug: Unregister gameLauch
2025-3-27 23:02:52 - debug: Unregister gameStart
2025-3-27 23:02:52 - debug: Unregister mjNode
2025-3-27 23:02:52 - debug: Unregister mjcard
2025-3-27 23:02:52 - debug: Invalidating 'pack:///chunks/93/93ba276ea7b26ffcdc433fab14afc1ed6f05647b.js'
2025-3-27 23:02:52 - debug: Invalidating 'pack:///chunks/6d/6d8fd2b0177941b032ddc0733af48a561fb60657.js'
2025-3-27 23:02:52 - debug: Invalidating 'pack:///chunks/58/58736b97e6eaa1d43b32ca964d67346769e8222e.js'
2025-3-27 23:02:52 - debug: Invalidating 'pack:///chunks/6a/6a5019a719a9014c047e67aa1cf34453ab8392ce.js'
2025-3-27 23:02:52 - debug: Invalidating 'pack:///chunks/b0/b0a2b616b355a47dcda11f2bba43a2d91debd27c.js'
2025-3-27 23:02:52 - debug: Invalidating 'pack:///chunks/c8/c8027bab33604d0d04930552aaf3aff3408cfddb.js'
2025-3-27 23:02:52 - debug: Invalidating 'pack:///chunks/f3/f3f54528bfcd10077eb00a2121ed5d1424412e76.js'
2025-3-27 23:02:52 - debug: Invalidating 'pack:///chunks/57/5746e8c30047ffa32e3d4c41a4cd3e6251a29171.js'
2025-3-27 23:02:52 - debug: Invalidating 'pack:///chunks/9c/9c012447265e6d10c1112a3c5718a72269253753.js'
2025-3-27 23:02:52 - debug: Invalidating 'pack:///chunks/0b/0bd0befd2e26c87d9f5aca5ddff77a44821eef7c.js'
2025-3-27 23:02:52 - debug: Invalidating 'pack:///chunks/a9/a9cd525f68999c889bff44631b9a04cc04b7b132.js'
2025-3-27 23:02:52 - debug: Invalidating 'pack:///chunks/0a/0a7bc2303c9cdef5c1384e4a827bf01b15e7dae9.js'
2025-3-27 23:02:52 - debug: Invalidating 'pack:///chunks/f0/f0dd4209742ca810eade873911a28ea815cf647a.js'
2025-3-27 23:02:52 - debug: Invalidating 'pack:///chunks/b5/b58096366446318ecd87cf0db1ad20929257ed4d.js'
2025-3-27 23:02:52 - debug: Invalidating 'pack:///chunks/43/4396f24366498b1f1ba4adeb33ac634f35ee0f65.js'
2025-3-27 23:02:52 - debug: Invalidating 'pack:///chunks/a5/a52fe6b6ff070e1b1b03bdff76bf64ce65fc9c0c.js'
2025-3-27 23:02:52 - groupEnd: Invalidate all modules
2025-3-27 23:02:52 - groupCollapsed: Imports all modules
2025-3-27 23:02:52 - debug: [[Executor]] Module "pack:///chunks/93/93ba276ea7b26ffcdc433fab14afc1ed6f05647b.js" loaded.
2025-3-27 23:02:52 - debug: [[Executor]] Module "pack:///chunks/6d/6d8fd2b0177941b032ddc0733af48a561fb60657.js" loaded.
2025-3-27 23:02:52 - debug: [[Executor]] Module "pack:///chunks/6a/6a5019a719a9014c047e67aa1cf34453ab8392ce.js" loaded.
2025-3-27 23:02:52 - debug: [[Executor]] Module "pack:///chunks/57/5746e8c30047ffa32e3d4c41a4cd3e6251a29171.js" loaded.
2025-3-27 23:02:52 - debug: [[Executor]] Register BuiltinPipelineSettings
2025-3-27 23:02:52 - debug: [[Executor]] Module "pack:///chunks/b0/b0a2b616b355a47dcda11f2bba43a2d91debd27c.js" loaded.
2025-3-27 23:02:52 - debug: [[Executor]] Register BuiltinPipelinePassBuilder
2025-3-27 23:02:52 - debug: [[Executor]] Module "pack:///chunks/c8/c8027bab33604d0d04930552aaf3aff3408cfddb.js" loaded.
2025-3-27 23:02:52 - debug: [[Executor]] Module "pack:///chunks/f3/f3f54528bfcd10077eb00a2121ed5d1424412e76.js" loaded.
2025-3-27 23:02:52 - debug: [[Executor]] Register BuiltinDepthOfFieldPass
2025-3-27 23:02:52 - debug: [[Executor]] Module "pack:///chunks/58/58736b97e6eaa1d43b32ca964d67346769e8222e.js" loaded.
2025-3-27 23:02:52 - debug: [[Executor]] Register DebugViewRuntimeControl
2025-3-27 23:02:52 - debug: [[Executor]] Module "pack:///chunks/9c/9c012447265e6d10c1112a3c5718a72269253753.js" loaded.
2025-3-27 23:02:52 - debug: [[Executor]] Register AudioMgr
2025-3-27 23:02:52 - debug: [[Executor]] Module "pack:///chunks/0b/0bd0befd2e26c87d9f5aca5ddff77a44821eef7c.js" loaded.
2025-3-27 23:02:52 - debug: [[Executor]] Module "pack:///chunks/0a/0a7bc2303c9cdef5c1384e4a827bf01b15e7dae9.js" loaded.
2025-3-27 23:02:52 - debug: [[Executor]] Module "pack:///chunks/f0/f0dd4209742ca810eade873911a28ea815cf647a.js" loaded.
2025-3-27 23:02:52 - debug: [[Executor]] Register gameLauch
2025-3-27 23:02:52 - debug: [[Executor]] Module "pack:///chunks/a9/a9cd525f68999c889bff44631b9a04cc04b7b132.js" loaded.
2025-3-27 23:02:52 - debug: [[Executor]] Register gameStart
2025-3-27 23:02:52 - debug: [[Executor]] Module "pack:///chunks/b5/b58096366446318ecd87cf0db1ad20929257ed4d.js" loaded.
2025-3-27 23:02:52 - debug: [[Executor]] Register mjNode
2025-3-27 23:02:52 - debug: [[Executor]] Module "pack:///chunks/43/4396f24366498b1f1ba4adeb33ac634f35ee0f65.js" loaded.
2025-3-27 23:02:52 - debug: [[Executor]] Register mjcard
2025-3-27 23:02:52 - debug: [[Executor]] Module "pack:///chunks/a5/a52fe6b6ff070e1b1b03bdff76bf64ce65fc9c0c.js" loaded.
2025-3-27 23:02:52 - debug: [[Executor]] Module "pack:///chunks/6d/6d8fd2b0177941b032ddc0733af48a561fb60657.js" loaded.
2025-3-27 23:02:52 - groupEnd: Imports all modules
2025-3-27 23:02:52 - debug: [[Executor]] after unlock
2025-3-27 23:02:52 - debug: Incremental keys: 
2025-3-27 23:02:52 - debug: Init bundle share assets start..., progress: 9%
2025-3-27 23:02:52 - debug: Init bundle share assets success..., progress: 9%
2025-3-27 23:02:52 - debug: handle json group in bundle internal
2025-3-27 23:02:52 - debug: handle json group in bundle main
2025-3-27 23:02:52 - debug: handle json group in bundle atlas
2025-3-27 23:02:52 - debug: handle json group in bundle gui
2025-3-27 23:02:52 - debug: handle json group in bundle prefabs
2025-3-27 23:02:52 - debug: handle json group in bundle sound
2025-3-27 23:02:52 - debug: handle json group in bundle gui success
2025-3-27 23:02:52 - debug: init image compress task 0 in bundle gui
2025-3-27 23:02:52 - debug: handle json group in bundle sound success
2025-3-27 23:02:52 - debug: init image compress task 0 in bundle sound
2025-3-27 23:02:52 - debug: handle json group in bundle main success
2025-3-27 23:02:52 - debug: init image compress task 0 in bundle main
2025-3-27 23:02:52 - debug: handle json group in bundle internal success
2025-3-27 23:02:52 - debug: init image compress task 0 in bundle internal
2025-3-27 23:02:52 - debug: handle json group in bundle atlas success
2025-3-27 23:02:52 - debug: init image compress task 0 in bundle atlas
2025-3-27 23:02:52 - debug: handle json group in bundle prefabs success
2025-3-27 23:02:52 - debug: init image compress task 0 in bundle prefabs
2025-3-27 23:02:52 - debug: // ---- build task 查询 Asset Bundle ---- (285ms)
2025-3-27 23:02:52 - debug: run build task 查询 Asset Bundle success in 285 ms√, progress: 14%
2025-3-27 23:02:52 - debug: [Build Memory track]: 查询 Asset Bundle start:178.06MB, end 178.82MB, increase: 775.46KB
2025-3-27 23:02:52 - debug: 查询 Asset Bundle start, progress: 14%
2025-3-27 23:02:52 - debug: // ---- build task 查询 Asset Bundle ----
2025-3-27 23:02:53 - debug: // ---- build task 查询 Asset Bundle ---- (53ms)
2025-3-27 23:02:53 - debug: run build task 查询 Asset Bundle success in 53 ms√, progress: 19%
2025-3-27 23:02:53 - debug: [Build Memory track]: 查询 Asset Bundle start:178.85MB, end 178.97MB, increase: 126.65KB
2025-3-27 23:02:53 - debug: 打包脚本 start, progress: 19%
2025-3-27 23:02:53 - debug: // ---- build task 打包脚本 ----
2025-3-27 23:02:53 - log: Run build task(build-script) in child, see: chrome://inspect/#devices
2025-3-27 23:02:53 - log: [build-script]enter sub process 11584, C:\ProgramData\cocos\editors\Creator\3.8.5\CocosCreator.exe,C:\ProgramData\cocos\editors\Creator\3.8.5\resources\app.asar\builtin\builder\static\sub-process-index
2025-3-27 23:02:57 - debug: excute-script over with build-script 4756ms
2025-3-27 23:02:57 - debug: Generate systemJs..., progress: 19%
2025-3-27 23:02:57 - log: Run build task(build-script) in child, see: chrome://inspect/#devices
2025-3-27 23:03:01 - debug: excute-script over with build-script 3360ms
2025-3-27 23:03:01 - debug: 构建项目脚本 start..., progress: 19%
2025-3-27 23:03:01 - debug: Build script in bundle start, progress: 19%
2025-3-27 23:03:01 - log: Run build task(build-script) in child, see: chrome://inspect/#devices
2025-3-27 23:03:04 - debug: excute-script over with build-script 3688ms
2025-3-27 23:03:04 - debug: Copy externalScripts success!
2025-3-27 23:03:04 - debug: Build script in bundle success, progress: 19%
2025-3-27 23:03:04 - debug: 构建项目脚本 in (3766 ms) √, progress: 19%
2025-3-27 23:03:04 - debug: 构建引擎脚本 start..., progress: 19%
2025-3-27 23:03:05 - debug: Use cache engine: {link(C:\Users\zzx\AppData\Local\Temp\CocosCreator\3.8.5\builder\engine\efe03fb87dfa7448dee75832845a3e9f)}
2025-3-27 23:03:05 - debug: {"debug":false,"mangleProperties":false,"inlineEnum":true,"sourceMaps":false,"includeModules":["2d","animation","audio","base","custom-pipeline","gfx-webgl","intersection-2d","physics-2d-box2d","profiler","tween","ui","video","webview","custom-pipeline-builtin-scripts"],"engineVersion":"3.8.5","md5Map":[],"engineName":"cocos-js","platform":"WECHAT","useCache":true,"nativeCodeBundleMode":"wasm","wasmCompressionMode":false,"split":false,"skip":false,"assetURLFormat":"relative-from-out","output":"C:\\Users\\zzx\\Desktop\\wx_game\\wechatgame\\cocos-js","flags":{"DEBUG":false,"LOAD_BULLET_MANUALLY":false,"LOAD_SPINE_MANUALLY":false,"WASM_SUBPACKAGE":true},"entry":"C:\\ProgramData\\cocos\\editors\\Creator\\3.8.5\\resources\\resources\\3d\\engine"}
2025-3-27 23:03:05 - debug: 构建引擎脚本 in (150 ms) √, progress: 19%
2025-3-27 23:03:05 - debug: Copy plugin script ..., progress: 19%
2025-3-27 23:03:05 - debug: Generate import-map..., progress: 19%
2025-3-27 23:03:05 - debug: // ---- build task 打包脚本 ---- (12133ms)
2025-3-27 23:03:05 - debug: run build task 打包脚本 success in 12 s√, progress: 24%
2025-3-27 23:03:05 - debug: [Build Memory track]: 打包脚本 start:179.09MB, end 179.68MB, increase: 603.09KB
2025-3-27 23:03:05 - debug: Build Assets start, progress: 24%
2025-3-27 23:03:05 - debug: // ---- build task Build Assets ----
2025-3-27 23:03:05 - debug: Build bundles..., progress: 24%
2025-3-27 23:03:05 - debug: Pack Images start, progress: 24%
2025-3-27 23:03:05 - debug: builder:pack-auto-atlas-image (98ms)
2025-3-27 23:03:05 - debug: Pack Images success, progress: 24%
2025-3-27 23:03:05 - debug: Compress image start..., progress: 24%
2025-3-27 23:03:05 - group: Compress image...
2025-3-27 23:03:05 - debug: sort compress task {}
2025-3-27 23:03:05 - debug: Num of all image compress task 0, really: 0, configTasks: 0
2025-3-27 23:03:05 - debug: No image need to compress
2025-3-27 23:03:05 - groupEnd: Compress image...
2025-3-27 23:03:05 - debug: Compress image success..., progress: 24%
2025-3-27 23:03:05 - debug: Output asset in bundles start, progress: 24%
2025-3-27 23:03:05 - debug: Handle all json groups in bundle internal
2025-3-27 23:03:05 - debug: handle json group
2025-3-27 23:03:05 - debug: Handle all json groups in bundle main
2025-3-27 23:03:05 - debug: handle json group
2025-3-27 23:03:05 - debug: Handle all json groups in bundle atlas
2025-3-27 23:03:05 - debug: handle json group
2025-3-27 23:03:05 - debug: Handle all json groups in bundle gui
2025-3-27 23:03:05 - debug: handle json group
2025-3-27 23:03:05 - debug: handle single json
2025-3-27 23:03:05 - debug: Handle all json groups in bundle prefabs
2025-3-27 23:03:05 - debug: handle json group
2025-3-27 23:03:05 - debug: Handle all json groups in bundle sound
2025-3-27 23:03:05 - debug: handle json group
2025-3-27 23:03:05 - debug: handle single json
2025-3-27 23:03:05 - debug: Json group(05de040c9) compile success，json number: 6
2025-3-27 23:03:05 - debug: Json group(0dfe1b9d0) compile success，json number: 6
2025-3-27 23:03:05 - debug: Json group(092f8d030) compile success，json number: 6
2025-3-27 23:03:05 - debug: handle single json
2025-3-27 23:03:05 - debug: Json group(0ba503733) compile success，json number: 6
2025-3-27 23:03:05 - debug: Json group(0e7a008af) compile success，json number: 6
2025-3-27 23:03:05 - debug: handle single json
2025-3-27 23:03:05 - debug: Json group(03e4832ab) compile success，json number: 6
2025-3-27 23:03:05 - debug: handle single json
2025-3-27 23:03:05 - debug: Json group(03526f0d4) compile success，json number: 6
2025-3-27 23:03:05 - debug: Json group(037b749a1) compile success，json number: 6
2025-3-27 23:03:05 - debug: handle single json
2025-3-27 23:03:05 - debug: Output asset in bundles success, progress: 24%
2025-3-27 23:03:05 - debug: Output asset in bundles start, progress: 24%
2025-3-27 23:03:05 - debug: compress config of bundle internal...
2025-3-27 23:03:05 - debug: compress config of bundle internal success
2025-3-27 23:03:05 - debug: compress config of bundle main...
2025-3-27 23:03:05 - debug: compress config of bundle main success
2025-3-27 23:03:05 - debug: compress config of bundle atlas...
2025-3-27 23:03:05 - debug: compress config of bundle atlas success
2025-3-27 23:03:05 - debug: compress config of bundle gui...
2025-3-27 23:03:05 - debug: compress config of bundle gui success
2025-3-27 23:03:05 - debug: compress config of bundle prefabs...
2025-3-27 23:03:05 - debug: compress config of bundle prefabs success
2025-3-27 23:03:05 - debug: compress config of bundle sound...
2025-3-27 23:03:05 - debug: compress config of bundle sound success
2025-3-27 23:03:05 - debug: output config of bundle internal
2025-3-27 23:03:05 - debug: output config of bundle internal success
2025-3-27 23:03:05 - debug: output config of bundle main
2025-3-27 23:03:05 - debug: output config of bundle main success
2025-3-27 23:03:05 - debug: output config of bundle atlas
2025-3-27 23:03:05 - debug: output config of bundle atlas success
2025-3-27 23:03:05 - debug: output config of bundle gui
2025-3-27 23:03:05 - debug: output config of bundle gui success
2025-3-27 23:03:05 - debug: output config of bundle prefabs
2025-3-27 23:03:05 - debug: output config of bundle prefabs success
2025-3-27 23:03:05 - debug: output config of bundle sound
2025-3-27 23:03:05 - debug: output config of bundle sound success
2025-3-27 23:03:05 - debug: Output asset in bundles success, progress: 24%
2025-3-27 23:03:05 - debug: // ---- build task Build Assets ---- (448ms)
2025-3-27 23:03:05 - debug: run build task Build Assets success in 448 ms√, progress: 29%
2025-3-27 23:03:05 - debug: [Build Memory track]: Build Assets start:179.71MB, end 181.19MB, increase: 1.48MB
2025-3-27 23:03:05 - debug: wechatgame:(onAfterBundleBuildTask) start..., progress: 29%
2025-3-27 23:03:05 - debug: // ---- build task wechatgame：onAfterBundleBuildTask ----
2025-3-27 23:03:05 - debug: // ---- build task wechatgame：onAfterBundleBuildTask ---- (50ms)
2025-3-27 23:03:05 - debug: wechatgame:(onAfterBundleBuildTask) in 50 ms ✓, progress: 29%
2025-3-27 23:03:05 - debug: wechatgame:(onAfterBuildAssets) start..., progress: 29%
2025-3-27 23:03:05 - debug: // ---- build task wechatgame：onAfterBuildAssets ----
2025-3-27 23:03:05 - debug: // ---- build task wechatgame：onAfterBuildAssets ---- (54ms)
2025-3-27 23:03:05 - debug: wechatgame:(onAfterBuildAssets) in 54 ms ✓, progress: 31%
2025-3-27 23:03:05 - debug: 整理部分构建选项内数据到 settings.json start, progress: 31%
2025-3-27 23:03:05 - debug: // ---- build task 整理部分构建选项内数据到 settings.json ----
2025-3-27 23:03:05 - debug: // ---- build task 整理部分构建选项内数据到 settings.json ---- (56ms)
2025-3-27 23:03:05 - debug: run build task 整理部分构建选项内数据到 settings.json success in 56 ms√, progress: 33%
2025-3-27 23:03:05 - debug: [Build Memory track]: 整理部分构建选项内数据到 settings.json start:181.45MB, end 181.51MB, increase: 61.30KB
2025-3-27 23:03:05 - debug: 填充脚本数据到 settings.json start, progress: 33%
2025-3-27 23:03:05 - debug: // ---- build task 填充脚本数据到 settings.json ----
2025-3-27 23:03:05 - debug: // ---- build task 填充脚本数据到 settings.json ---- (73ms)
2025-3-27 23:03:05 - debug: run build task 填充脚本数据到 settings.json success in 73 ms√, progress: 34%
2025-3-27 23:03:05 - debug: [Build Memory track]: 填充脚本数据到 settings.json start:181.54MB, end 181.61MB, increase: 76.59KB
2025-3-27 23:03:05 - debug: 整理部分构建选项内数据到 settings.json start, progress: 34%
2025-3-27 23:03:05 - debug: // ---- build task 整理部分构建选项内数据到 settings.json ----
2025-3-27 23:03:05 - debug: // ---- build task 整理部分构建选项内数据到 settings.json ---- (55ms)
2025-3-27 23:03:05 - debug: run build task 整理部分构建选项内数据到 settings.json success in 55 ms√, progress: 36%
2025-3-27 23:03:05 - debug: [Build Memory track]: 整理部分构建选项内数据到 settings.json start:181.64MB, end 180.28MB, increase: -1398.00KB
2025-3-27 23:03:05 - debug: wechatgame:(onBeforeCompressSettings) start..., progress: 36%
2025-3-27 23:03:05 - debug: // ---- build task wechatgame：onBeforeCompressSettings ----
2025-3-27 23:03:05 - debug: // ---- build task wechatgame：onBeforeCompressSettings ---- (56ms)
2025-3-27 23:03:05 - debug: wechatgame:(onBeforeCompressSettings) in 56 ms ✓, progress: 38%
2025-3-27 23:03:05 - debug: cocos-service:(onBeforeCompressSettings) start..., progress: 38%
2025-3-27 23:03:05 - debug: // ---- build task cocos-service：onBeforeCompressSettings ----
2025-3-27 23:03:06 - debug: // ---- build task cocos-service：onBeforeCompressSettings ---- (465ms)
2025-3-27 23:03:06 - debug: cocos-service:(onBeforeCompressSettings) in 465 ms ✓, progress: 40%
2025-3-27 23:03:06 - debug: 整理静态模板文件 start, progress: 40%
2025-3-27 23:03:06 - debug: // ---- build task 整理静态模板文件 ----
2025-3-27 23:03:06 - debug: // ---- build task 整理静态模板文件 ---- (106ms)
2025-3-27 23:03:06 - debug: run build task 整理静态模板文件 success in 106 ms√, progress: 45%
2025-3-27 23:03:06 - debug: [Build Memory track]: 整理静态模板文件 start:180.54MB, end 181.25MB, increase: 723.11KB
2025-3-27 23:03:06 - debug: cocos-service:(onAfterCompressSettings) start..., progress: 45%
2025-3-27 23:03:06 - debug: // ---- build task cocos-service：onAfterCompressSettings ----
2025-3-27 23:03:06 - debug: // ---- build task cocos-service：onAfterCompressSettings ---- (220ms)
2025-3-27 23:03:06 - debug: cocos-service:(onAfterCompressSettings) in 220 ms ✓, progress: 46%
2025-3-27 23:03:06 - debug: wechatgame:(onBeforeCopyBuildTemplate) start..., progress: 46%
2025-3-27 23:03:06 - debug: // ---- build task wechatgame：onBeforeCopyBuildTemplate ----
2025-3-27 23:03:06 - debug: // ---- build task wechatgame：onBeforeCopyBuildTemplate ---- (43ms)
2025-3-27 23:03:06 - debug: wechatgame:(onBeforeCopyBuildTemplate) in 43 ms ✓, progress: 48%
2025-3-27 23:03:06 - debug: wechatgame:(onAfterCopyBuildTemplate) start..., progress: 48%
2025-3-27 23:03:06 - debug: // ---- build task wechatgame：onAfterCopyBuildTemplate ----
2025-3-27 23:03:06 - debug: // ---- build task wechatgame：onAfterCopyBuildTemplate ---- (52ms)
2025-3-27 23:03:06 - debug: wechatgame:(onAfterCopyBuildTemplate) in 52 ms ✓, progress: 50%
2025-3-27 23:03:06 - debug: 给所有的资源加上 MD5 后缀 start, progress: 50%
2025-3-27 23:03:06 - debug: // ---- build task 给所有的资源加上 MD5 后缀 ----
2025-3-27 23:03:06 - debug: // ---- build task 给所有的资源加上 MD5 后缀 ---- (50ms)
2025-3-27 23:03:06 - debug: run build task 给所有的资源加上 MD5 后缀 success in 50 ms√, progress: 60%
2025-3-27 23:03:06 - debug: [Build Memory track]: 给所有的资源加上 MD5 后缀 start:181.83MB, end 181.88MB, increase: 59.78KB
2025-3-27 23:03:06 - debug: wechatgame:(onAfterBuild) start..., progress: 60%
2025-3-27 23:03:06 - debug: // ---- build task wechatgame：onAfterBuild ----
2025-3-27 23:03:09 - debug: // ---- build task wechatgame：onAfterBuild ---- (3071ms)
2025-3-27 23:03:09 - debug: wechatgame:(onAfterBuild) in 3071 ms ✓, progress: 62%
2025-3-27 23:03:09 - debug: cocos-service:(onAfterBuild) start..., progress: 62%
2025-3-27 23:03:09 - debug: // ---- build task cocos-service：onAfterBuild ----
2025-3-27 23:03:10 - debug: // ---- build task cocos-service：onAfterBuild ---- (403ms)
2025-3-27 23:03:10 - debug: cocos-service:(onAfterBuild) in 403 ms ✓, progress: 64%
2025-3-27 23:03:10 - debug: adsense-h5g-plugin:(onAfterBuild) start..., progress: 64%
2025-3-27 23:03:10 - debug: // ---- build task adsense-h5g-plugin：onAfterBuild ----
2025-3-27 23:03:10 - debug: // ---- build task adsense-h5g-plugin：onAfterBuild ---- (50ms)
2025-3-27 23:03:10 - debug: adsense-h5g-plugin:(onAfterBuild) in 50 ms ✓, progress: 65%
2025-3-27 23:03:10 - log: Asset DB is resume!
2025-3-27 23:03:10 - debug: builder:build-project-total (18724ms)
2025-3-27 23:03:10 - debug: build success in 18724!
2025-3-27 23:03:10 - debug: [Build Memory track]: builder:build-project-total start:177.65MB, end 182.09MB, increase: 4.44MB
2025-3-27 23:03:10 - debug: ================================ build Task (wechatgame) Finished in (18 s)ms ================================
