2025-3-25 23:03:04 - debug: =================================== build Task (wechatgame) Start ================================
2025-3-25 23:03:04 - debug: Start build task, options:{"name":"myGameMj","server":"","platform":"wechatgame","buildPath":"project://build","debug":false,"buildMode":"normal","mangleProperties":false,"md5Cache":false,"skipCompressTexture":false,"sourceMaps":false,"overwriteProjectSettings":{"macroConfig":{"cleanupImageCache":"on"},"includeModules":{"physics":"inherit-project-setting","physics-2d":"inherit-project-setting","gfx-webgl2":"off"}},"nativeCodeBundleMode":"wasm","polyfills":{"asyncFunctions":false},"experimentalEraseModules":false,"startSceneAssetBundle":false,"bundleConfigs":[],"inlineEnum":true,"useBuiltinServer":false,"md5CacheOptions":{"excludes":[],"includes":[],"replaceOnly":[],"handleTemplateMd5Link":true},"mainBundleIsRemote":false,"mainBundleCompressionType":"merge_dep","useSplashScreen":true,"bundleCommonChunk":false,"packAutoAtlas":true,"startScene":"df672520-9755-4d63-978e-4a7ae276a322","outputName":"wechatgame","taskName":"wechatgame","scenes":[{"url":"db://assets/scene/main.scene","uuid":"df672520-9755-4d63-978e-4a7ae276a322"}],"wasmCompressionMode":false,"packages":{"cocos-service":{"configID":"ef3e64","services":[],"__version__":"3.0.8"},"wechatgame":{"orientation":"portrait","appid":"wx494cae4c1ff3e79b","buildOpenDataContextTemplate":"","separateEngine":false,"highPerformanceMode":false,"__version__":"1.0.4"}},"__version__":"1.3.9","logDest":"project://temp/builder/log/wechatgame2025-3-25 23-03.log"}
2025-3-25 23:03:04 - debug: Build with Cocos Creator 3.8.5
2025-3-25 23:03:04 - debug: wechatgame:(onBeforeBuild) start..., progress: 0%
2025-3-25 23:03:04 - debug: // ---- build task wechatgame：onBeforeBuild ----
2025-3-25 23:03:04 - debug: // ---- build task wechatgame：onBeforeBuild ---- (42ms)
2025-3-25 23:03:04 - debug: wechatgame:(onBeforeBuild) in 42 ms ✓, progress: 2%
2025-3-25 23:03:04 - debug: cocos-service:(onBeforeBuild) start..., progress: 2%
2025-3-25 23:03:04 - debug: // ---- build task cocos-service：onBeforeBuild ----
2025-3-25 23:03:05 - debug: // ---- build task cocos-service：onBeforeBuild ---- (734ms)
2025-3-25 23:03:05 - debug: cocos-service:(onBeforeBuild) in 734 ms ✓, progress: 4%
2025-3-25 23:03:05 - debug: scene:(onBeforeBuild) start..., progress: 4%
2025-3-25 23:03:05 - debug: // ---- build task scene：onBeforeBuild ----
2025-3-25 23:03:05 - debug: // ---- build task scene：onBeforeBuild ---- (58ms)
2025-3-25 23:03:05 - debug: scene:(onBeforeBuild) in 58 ms ✓, progress: 5%
2025-3-25 23:03:05 - debug: Start lock asset db..., progress: 5%
2025-3-25 23:03:05 - log: Asset DB is paused with build!
2025-3-25 23:03:05 - debug: Query all assets info in project
2025-3-25 23:03:05 - debug: init custom config: keepNodeUuid: false, useCache: true
2025-3-25 23:03:05 - debug: wechatgame:(onAfterInit) start..., progress: 5%
2025-3-25 23:03:05 - debug: // ---- build task wechatgame：onAfterInit ----
2025-3-25 23:03:05 - debug: // ---- build task wechatgame：onAfterInit ---- (28ms)
2025-3-25 23:03:05 - debug: wechatgame:(onAfterInit) in 28 ms ✓, progress: 7%
2025-3-25 23:03:05 - debug: cocos-service:(onAfterInit) start..., progress: 7%
2025-3-25 23:03:05 - debug: // ---- build task cocos-service：onAfterInit ----
2025-3-25 23:03:05 - debug: // ---- build task cocos-service：onAfterInit ---- (330ms)
2025-3-25 23:03:05 - debug: cocos-service:(onAfterInit) in 330 ms ✓, progress: 9%
2025-3-25 23:03:05 - debug: wechatgame:(onBeforeBundleInit) start..., progress: 9%
2025-3-25 23:03:05 - debug: // ---- build task wechatgame：onBeforeBundleInit ----
2025-3-25 23:03:05 - debug: // ---- build task wechatgame：onBeforeBundleInit ---- (43ms)
2025-3-25 23:03:05 - debug: wechatgame:(onBeforeBundleInit) in 43 ms ✓, progress: 9%
2025-3-25 23:03:05 - debug: adsense-h5g-plugin:(onBeforeBundleInit) start..., progress: 9%
2025-3-25 23:03:05 - debug: // ---- build task adsense-h5g-plugin：onBeforeBundleInit ----
2025-3-25 23:03:05 - debug: [adsense-h5g-plugin] remove script success
2025-3-25 23:03:05 - debug: // ---- build task adsense-h5g-plugin：onBeforeBundleInit ---- (56ms)
2025-3-25 23:03:05 - debug: adsense-h5g-plugin:(onBeforeBundleInit) in 56 ms ✓, progress: 9%
2025-3-25 23:03:05 - debug: Init all bundles start..., progress: 9%
2025-3-25 23:03:05 - debug: Num of bundles: 6..., progress: 9%
2025-3-25 23:03:05 - debug: 查询 Asset Bundle start, progress: 9%
2025-3-25 23:03:05 - debug: // ---- build task 查询 Asset Bundle ----
2025-3-25 23:03:05 - debug: Init bundle root assets start..., progress: 9%
2025-3-25 23:03:05 - debug: Query preload assets/scripts from cc.config.json: 60f7195c-ec2a-45eb-ba94-8955f60e81d0,1c02ae6f-4492-4915-b8f8-7492a3b1e4cd,810e96e4-e456-4468-9b59-f4e8f39732c0,efe8e2a3-eace-427b-b4f1-cb8a937ec77d,e9aa9a3e-5b2b-4ac7-a2c7-073de2b2b24f,8bbdbcdd-5cd4-4100-b6d5-b7c9625b6107,50f4348b-c883-4e2f-8f11-ce233b859fa1,fda095cb-831d-4601-ad94-846013963de8,f92806d7-1768-443f-afe8-12bcde84d0f0,dd3a144d-ab7f-41f0-82b8-2e43a090d496,f0416e68-0200-4b77-a926-4f9d16e494da,970b0598-bcb0-4714-91fb-2e81440dccd8,bcd64cc6-2dd9-43f6-abbe-66318d332032,d930590d-bb92-4cc8-8bd1-23cd027f9edf,a3cd009f-0ab0-420d-9278-b9fdab939bbc,6a2d0734-bd9e-4ddf-946e-caa52498cb75,871c3b6c-7379-419d-bda3-794b239ab90d,ff9b0199-ce04-4cfe-86cc-6c719f08d6e4,de1c2107-70c8-4021-8459-6399f24d01c6,cbf30902-517f-40dc-af90-a550bac27cf1
2025-3-25 23:03:05 - debug:   Number of all scenes: 1
2025-3-25 23:03:05 - debug:   Number of all scripts: 14
2025-3-25 23:03:05 - debug:   Number of other assets: 383
2025-3-25 23:03:05 - debug: Init bundle root assets success..., progress: 9%
2025-3-25 23:03:05 - debug: reload all scripts.
2025-3-25 23:03:05 - debug: [[Executor]] reload before lock
2025-3-25 23:03:06 - debug: Set detail map pack:///resolution-detail-map.json: {}
2025-3-25 23:03:06 - groupCollapsed: Invalidate all modules
2025-3-25 23:03:06 - debug: Unregister BuiltinPipelineSettings
2025-3-25 23:03:06 - debug: Unregister BuiltinPipelinePassBuilder
2025-3-25 23:03:06 - debug: Unregister BuiltinDepthOfFieldPass
2025-3-25 23:03:06 - debug: Unregister DebugViewRuntimeControl
2025-3-25 23:03:06 - debug: Unregister AudioMgr
2025-3-25 23:03:06 - debug: Unregister gameLauch
2025-3-25 23:03:06 - debug: Unregister gameStart
2025-3-25 23:03:06 - debug: Unregister gameLoading
2025-3-25 23:03:06 - debug: Unregister mjNode
2025-3-25 23:03:06 - debug: Unregister mjcard
2025-3-25 23:03:06 - debug: Invalidating 'pack:///chunks/93/93ba276ea7b26ffcdc433fab14afc1ed6f05647b.js'
2025-3-25 23:03:06 - debug: Invalidating 'pack:///chunks/6d/6d8fd2b0177941b032ddc0733af48a561fb60657.js'
2025-3-25 23:03:06 - debug: Invalidating 'pack:///chunks/58/58736b97e6eaa1d43b32ca964d67346769e8222e.js'
2025-3-25 23:03:06 - debug: Invalidating 'pack:///chunks/6a/6a5019a719a9014c047e67aa1cf34453ab8392ce.js'
2025-3-25 23:03:06 - debug: Invalidating 'pack:///chunks/b0/b0a2b616b355a47dcda11f2bba43a2d91debd27c.js'
2025-3-25 23:03:06 - debug: Invalidating 'pack:///chunks/c8/c8027bab33604d0d04930552aaf3aff3408cfddb.js'
2025-3-25 23:03:06 - debug: Invalidating 'pack:///chunks/f3/f3f54528bfcd10077eb00a2121ed5d1424412e76.js'
2025-3-25 23:03:06 - debug: Invalidating 'pack:///chunks/57/5746e8c30047ffa32e3d4c41a4cd3e6251a29171.js'
2025-3-25 23:03:06 - debug: Invalidating 'pack:///chunks/9c/9c012447265e6d10c1112a3c5718a72269253753.js'
2025-3-25 23:03:06 - debug: Invalidating 'pack:///chunks/0b/0bd0befd2e26c87d9f5aca5ddff77a44821eef7c.js'
2025-3-25 23:03:06 - debug: Invalidating 'pack:///chunks/a9/a9cd525f68999c889bff44631b9a04cc04b7b132.js'
2025-3-25 23:03:06 - debug: Invalidating 'pack:///chunks/0a/0a7bc2303c9cdef5c1384e4a827bf01b15e7dae9.js'
2025-3-25 23:03:06 - debug: Invalidating 'pack:///chunks/f0/f0dd4209742ca810eade873911a28ea815cf647a.js'
2025-3-25 23:03:06 - debug: Invalidating 'pack:///chunks/b5/b58096366446318ecd87cf0db1ad20929257ed4d.js'
2025-3-25 23:03:06 - debug: Invalidating 'pack:///chunks/c3/c3d793dd1d9d7bef6bfdd580404bbdebac8d0e5c.js'
2025-3-25 23:03:06 - debug: Invalidating 'pack:///chunks/43/4396f24366498b1f1ba4adeb33ac634f35ee0f65.js'
2025-3-25 23:03:06 - debug: Invalidating 'pack:///chunks/a5/a52fe6b6ff070e1b1b03bdff76bf64ce65fc9c0c.js'
2025-3-25 23:03:06 - groupEnd: Invalidate all modules
2025-3-25 23:03:06 - groupCollapsed: Imports all modules
2025-3-25 23:03:06 - debug: [[Executor]] Module "pack:///chunks/93/93ba276ea7b26ffcdc433fab14afc1ed6f05647b.js" loaded.
2025-3-25 23:03:06 - debug: [[Executor]] Module "pack:///chunks/6d/6d8fd2b0177941b032ddc0733af48a561fb60657.js" loaded.
2025-3-25 23:03:06 - debug: [[Executor]] Module "pack:///chunks/6a/6a5019a719a9014c047e67aa1cf34453ab8392ce.js" loaded.
2025-3-25 23:03:06 - debug: [[Executor]] Module "pack:///chunks/57/5746e8c30047ffa32e3d4c41a4cd3e6251a29171.js" loaded.
2025-3-25 23:03:06 - debug: [[Executor]] Register BuiltinPipelineSettings
2025-3-25 23:03:06 - debug: [[Executor]] Module "pack:///chunks/b0/b0a2b616b355a47dcda11f2bba43a2d91debd27c.js" loaded.
2025-3-25 23:03:06 - debug: [[Executor]] Register BuiltinPipelinePassBuilder
2025-3-25 23:03:06 - debug: [[Executor]] Module "pack:///chunks/c8/c8027bab33604d0d04930552aaf3aff3408cfddb.js" loaded.
2025-3-25 23:03:06 - debug: [[Executor]] Module "pack:///chunks/f3/f3f54528bfcd10077eb00a2121ed5d1424412e76.js" loaded.
2025-3-25 23:03:06 - debug: [[Executor]] Register BuiltinDepthOfFieldPass
2025-3-25 23:03:06 - debug: [[Executor]] Module "pack:///chunks/58/58736b97e6eaa1d43b32ca964d67346769e8222e.js" loaded.
2025-3-25 23:03:06 - debug: [[Executor]] Register DebugViewRuntimeControl
2025-3-25 23:03:06 - debug: [[Executor]] Module "pack:///chunks/9c/9c012447265e6d10c1112a3c5718a72269253753.js" loaded.
2025-3-25 23:03:06 - debug: [[Executor]] Register AudioMgr
2025-3-25 23:03:06 - debug: [[Executor]] Module "pack:///chunks/0b/0bd0befd2e26c87d9f5aca5ddff77a44821eef7c.js" loaded.
2025-3-25 23:03:06 - debug: [[Executor]] Module "pack:///chunks/0a/0a7bc2303c9cdef5c1384e4a827bf01b15e7dae9.js" loaded.
2025-3-25 23:03:06 - debug: [[Executor]] Module "pack:///chunks/f0/f0dd4209742ca810eade873911a28ea815cf647a.js" loaded.
2025-3-25 23:03:06 - debug: [[Executor]] Register gameLauch
2025-3-25 23:03:06 - debug: [[Executor]] Module "pack:///chunks/a9/a9cd525f68999c889bff44631b9a04cc04b7b132.js" loaded.
2025-3-25 23:03:06 - debug: [[Executor]] Register gameStart
2025-3-25 23:03:06 - debug: [[Executor]] Module "pack:///chunks/b5/b58096366446318ecd87cf0db1ad20929257ed4d.js" loaded.
2025-3-25 23:03:06 - debug: [[Executor]] Register gameLoading
2025-3-25 23:03:06 - debug: [[Executor]] Module "pack:///chunks/c3/c3d793dd1d9d7bef6bfdd580404bbdebac8d0e5c.js" loaded.
2025-3-25 23:03:06 - debug: [[Executor]] Register mjNode
2025-3-25 23:03:06 - debug: [[Executor]] Module "pack:///chunks/43/4396f24366498b1f1ba4adeb33ac634f35ee0f65.js" loaded.
2025-3-25 23:03:06 - debug: [[Executor]] Register mjcard
2025-3-25 23:03:06 - debug: [[Executor]] Module "pack:///chunks/a5/a52fe6b6ff070e1b1b03bdff76bf64ce65fc9c0c.js" loaded.
2025-3-25 23:03:06 - debug: [[Executor]] Module "pack:///chunks/6d/6d8fd2b0177941b032ddc0733af48a561fb60657.js" loaded.
2025-3-25 23:03:06 - groupEnd: Imports all modules
2025-3-25 23:03:06 - debug: [[Executor]] after unlock
2025-3-25 23:03:06 - debug: Incremental keys: 
2025-3-25 23:03:06 - debug: Init bundle share assets start..., progress: 9%
2025-3-25 23:03:06 - debug: Init bundle share assets success..., progress: 9%
2025-3-25 23:03:06 - debug: handle json group in bundle internal
2025-3-25 23:03:06 - debug: handle json group in bundle internal success
2025-3-25 23:03:06 - debug: handle json group in bundle main
2025-3-25 23:03:06 - debug: handle json group in bundle atlas
2025-3-25 23:03:06 - debug: handle json group in bundle gui
2025-3-25 23:03:06 - debug: handle json group in bundle prefabs
2025-3-25 23:03:06 - debug: handle json group in bundle sound
2025-3-25 23:03:06 - debug: init image compress task 0 in bundle internal
2025-3-25 23:03:06 - debug: handle json group in bundle gui success
2025-3-25 23:03:06 - debug: init image compress task 0 in bundle gui
2025-3-25 23:03:06 - debug: handle json group in bundle sound success
2025-3-25 23:03:06 - debug: init image compress task 0 in bundle sound
2025-3-25 23:03:06 - debug: handle json group in bundle main success
2025-3-25 23:03:06 - debug: init image compress task 0 in bundle main
2025-3-25 23:03:06 - debug: handle json group in bundle atlas success
2025-3-25 23:03:06 - debug: init image compress task 0 in bundle atlas
2025-3-25 23:03:06 - debug: handle json group in bundle prefabs success
2025-3-25 23:03:06 - debug: init image compress task 0 in bundle prefabs
2025-3-25 23:03:06 - debug: // ---- build task 查询 Asset Bundle ---- (252ms)
2025-3-25 23:03:06 - debug: run build task 查询 Asset Bundle success in 252 ms√, progress: 14%
2025-3-25 23:03:06 - debug: [Build Memory track]: 查询 Asset Bundle start:185.25MB, end 185.80MB, increase: 557.77KB
2025-3-25 23:03:06 - debug: 查询 Asset Bundle start, progress: 14%
2025-3-25 23:03:06 - debug: // ---- build task 查询 Asset Bundle ----
2025-3-25 23:03:06 - debug: // ---- build task 查询 Asset Bundle ---- (54ms)
2025-3-25 23:03:06 - debug: run build task 查询 Asset Bundle success in 54 ms√, progress: 19%
2025-3-25 23:03:06 - debug: [Build Memory track]: 查询 Asset Bundle start:185.83MB, end 185.19MB, increase: -648.10KB
2025-3-25 23:03:06 - debug: 打包脚本 start, progress: 19%
2025-3-25 23:03:06 - debug: // ---- build task 打包脚本 ----
2025-3-25 23:03:06 - log: Run build task(build-script) in child, see: chrome://inspect/#devices
2025-3-25 23:03:06 - log: [build-script]enter sub process 11104, C:\ProgramData\cocos\editors\Creator\3.8.5\CocosCreator.exe,C:\ProgramData\cocos\editors\Creator\3.8.5\resources\app.asar\builtin\builder\static\sub-process-index
2025-3-25 23:03:10 - debug: excute-script over with build-script 4446ms
2025-3-25 23:03:10 - debug: Generate systemJs..., progress: 19%
2025-3-25 23:03:10 - log: Run build task(build-script) in child, see: chrome://inspect/#devices
2025-3-25 23:03:13 - debug: excute-script over with build-script 3312ms
2025-3-25 23:03:13 - debug: 构建项目脚本 start..., progress: 19%
2025-3-25 23:03:13 - debug: Build script in bundle start, progress: 19%
2025-3-25 23:03:14 - log: Run build task(build-script) in child, see: chrome://inspect/#devices
2025-3-25 23:03:17 - debug: excute-script over with build-script 3520ms
2025-3-25 23:03:17 - debug: Copy externalScripts success!
2025-3-25 23:03:17 - debug: Build script in bundle success, progress: 19%
2025-3-25 23:03:17 - debug: 构建项目脚本 in (3615 ms) √, progress: 19%
2025-3-25 23:03:17 - debug: 构建引擎脚本 start..., progress: 19%
2025-3-25 23:03:17 - debug: Use cache engine: {link(C:\Users\zzx\AppData\Local\Temp\CocosCreator\3.8.5\builder\engine\45cbc0b47dec3b422ad2b546e7764ca4)}
2025-3-25 23:03:17 - debug: {"debug":false,"mangleProperties":false,"inlineEnum":true,"sourceMaps":false,"includeModules":["2d","animation","audio","base","custom-pipeline","gfx-webgl","intersection-2d","physics-2d-box2d","profiler","tween","ui","video","webview","custom-pipeline-builtin-scripts"],"engineVersion":"3.8.5","md5Map":[],"engineName":"cocos-js","platform":"WECHAT","useCache":true,"nativeCodeBundleMode":"wasm","wasmCompressionMode":false,"split":false,"skip":false,"assetURLFormat":"relative-from-out","output":"C:\\Users\\zzx\\Desktop\\mygame\\build\\wechatgame\\cocos-js","flags":{"DEBUG":false,"LOAD_BULLET_MANUALLY":false,"LOAD_SPINE_MANUALLY":false},"entry":"C:\\ProgramData\\cocos\\editors\\Creator\\3.8.5\\resources\\resources\\3d\\engine"}
2025-3-25 23:03:17 - debug: 构建引擎脚本 in (145 ms) √, progress: 19%
2025-3-25 23:03:17 - debug: Copy plugin script ..., progress: 19%
2025-3-25 23:03:17 - debug: Generate import-map..., progress: 19%
2025-3-25 23:03:17 - debug: // ---- build task 打包脚本 ---- (11634ms)
2025-3-25 23:03:17 - debug: run build task 打包脚本 success in 11 s√, progress: 24%
2025-3-25 23:03:17 - debug: [Build Memory track]: 打包脚本 start:185.31MB, end 186.35MB, increase: 1.04MB
2025-3-25 23:03:17 - debug: Build Assets start, progress: 24%
2025-3-25 23:03:17 - debug: // ---- build task Build Assets ----
2025-3-25 23:03:17 - debug: Build bundles..., progress: 24%
2025-3-25 23:03:17 - debug: Pack Images start, progress: 24%
2025-3-25 23:03:17 - debug: builder:pack-auto-atlas-image (99ms)
2025-3-25 23:03:17 - debug: Pack Images success, progress: 24%
2025-3-25 23:03:17 - debug: Compress image start..., progress: 24%
2025-3-25 23:03:17 - group: Compress image...
2025-3-25 23:03:17 - debug: sort compress task {}
2025-3-25 23:03:17 - debug: Num of all image compress task 0, really: 0, configTasks: 0
2025-3-25 23:03:17 - debug: No image need to compress
2025-3-25 23:03:17 - groupEnd: Compress image...
2025-3-25 23:03:17 - debug: Compress image success..., progress: 24%
2025-3-25 23:03:17 - debug: Output asset in bundles start, progress: 24%
2025-3-25 23:03:17 - debug: Handle all json groups in bundle internal
2025-3-25 23:03:17 - debug: handle json group
2025-3-25 23:03:17 - debug: Handle all json groups in bundle main
2025-3-25 23:03:17 - debug: handle json group
2025-3-25 23:03:17 - debug: Handle all json groups in bundle atlas
2025-3-25 23:03:17 - debug: handle json group
2025-3-25 23:03:17 - debug: Handle all json groups in bundle gui
2025-3-25 23:03:17 - debug: handle json group
2025-3-25 23:03:17 - debug: handle single json
2025-3-25 23:03:17 - debug: Handle all json groups in bundle prefabs
2025-3-25 23:03:17 - debug: handle json group
2025-3-25 23:03:17 - debug: Handle all json groups in bundle sound
2025-3-25 23:03:17 - debug: handle json group
2025-3-25 23:03:17 - debug: handle single json
2025-3-25 23:03:18 - debug: Json group(092f8d030) compile success，json number: 6
2025-3-25 23:03:18 - debug: handle single json
2025-3-25 23:03:18 - debug: Json group(0f7e7e66f) compile success，json number: 6
2025-3-25 23:03:18 - debug: handle single json
2025-3-25 23:03:18 - debug: Json group(03e4832ab) compile success，json number: 6
2025-3-25 23:03:18 - debug: handle single json
2025-3-25 23:03:18 - debug: Json group(03526f0d4) compile success，json number: 6
2025-3-25 23:03:18 - debug: Json group(037b749a1) compile success，json number: 6
2025-3-25 23:03:18 - debug: handle single json
2025-3-25 23:03:18 - debug: Output asset in bundles success, progress: 24%
2025-3-25 23:03:18 - debug: Output asset in bundles start, progress: 24%
2025-3-25 23:03:18 - debug: compress config of bundle internal...
2025-3-25 23:03:18 - debug: compress config of bundle internal success
2025-3-25 23:03:18 - debug: compress config of bundle main...
2025-3-25 23:03:18 - debug: compress config of bundle main success
2025-3-25 23:03:18 - debug: compress config of bundle atlas...
2025-3-25 23:03:18 - debug: compress config of bundle atlas success
2025-3-25 23:03:18 - debug: compress config of bundle gui...
2025-3-25 23:03:18 - debug: compress config of bundle gui success
2025-3-25 23:03:18 - debug: compress config of bundle prefabs...
2025-3-25 23:03:18 - debug: compress config of bundle prefabs success
2025-3-25 23:03:18 - debug: compress config of bundle sound...
2025-3-25 23:03:18 - debug: compress config of bundle sound success
2025-3-25 23:03:18 - debug: output config of bundle internal
2025-3-25 23:03:18 - debug: output config of bundle internal success
2025-3-25 23:03:18 - debug: output config of bundle main
2025-3-25 23:03:18 - debug: output config of bundle main success
2025-3-25 23:03:18 - debug: output config of bundle atlas
2025-3-25 23:03:18 - debug: output config of bundle atlas success
2025-3-25 23:03:18 - debug: output config of bundle gui
2025-3-25 23:03:18 - debug: output config of bundle gui success
2025-3-25 23:03:18 - debug: output config of bundle prefabs
2025-3-25 23:03:18 - debug: output config of bundle prefabs success
2025-3-25 23:03:18 - debug: output config of bundle sound
2025-3-25 23:03:18 - debug: output config of bundle sound success
2025-3-25 23:03:18 - debug: Output asset in bundles success, progress: 24%
2025-3-25 23:03:18 - debug: // ---- build task Build Assets ---- (655ms)
2025-3-25 23:03:18 - debug: run build task Build Assets success in 655 ms√, progress: 29%
2025-3-25 23:03:18 - debug: [Build Memory track]: Build Assets start:186.38MB, end 174.82MB, increase: -11836.52KB
2025-3-25 23:03:18 - debug: wechatgame:(onAfterBundleBuildTask) start..., progress: 29%
2025-3-25 23:03:18 - debug: // ---- build task wechatgame：onAfterBundleBuildTask ----
2025-3-25 23:03:18 - debug: // ---- build task wechatgame：onAfterBundleBuildTask ---- (69ms)
2025-3-25 23:03:18 - debug: wechatgame:(onAfterBundleBuildTask) in 69 ms ✓, progress: 29%
2025-3-25 23:03:18 - debug: wechatgame:(onAfterBuildAssets) start..., progress: 29%
2025-3-25 23:03:18 - debug: // ---- build task wechatgame：onAfterBuildAssets ----
2025-3-25 23:03:18 - debug: // ---- build task wechatgame：onAfterBuildAssets ---- (59ms)
2025-3-25 23:03:18 - debug: wechatgame:(onAfterBuildAssets) in 59 ms ✓, progress: 31%
2025-3-25 23:03:18 - debug: 整理部分构建选项内数据到 settings.json start, progress: 31%
2025-3-25 23:03:18 - debug: // ---- build task 整理部分构建选项内数据到 settings.json ----
2025-3-25 23:03:18 - debug: // ---- build task 整理部分构建选项内数据到 settings.json ---- (58ms)
2025-3-25 23:03:18 - debug: run build task 整理部分构建选项内数据到 settings.json success in 58 ms√, progress: 33%
2025-3-25 23:03:18 - debug: [Build Memory track]: 整理部分构建选项内数据到 settings.json start:173.51MB, end 173.59MB, increase: 82.67KB
2025-3-25 23:03:18 - debug: 填充脚本数据到 settings.json start, progress: 33%
2025-3-25 23:03:18 - debug: // ---- build task 填充脚本数据到 settings.json ----
2025-3-25 23:03:18 - debug: // ---- build task 填充脚本数据到 settings.json ---- (55ms)
2025-3-25 23:03:18 - debug: run build task 填充脚本数据到 settings.json success in 55 ms√, progress: 34%
2025-3-25 23:03:18 - debug: [Build Memory track]: 填充脚本数据到 settings.json start:173.62MB, end 173.69MB, increase: 66.88KB
2025-3-25 23:03:18 - debug: 整理部分构建选项内数据到 settings.json start, progress: 34%
2025-3-25 23:03:18 - debug: // ---- build task 整理部分构建选项内数据到 settings.json ----
2025-3-25 23:03:18 - debug: // ---- build task 整理部分构建选项内数据到 settings.json ---- (62ms)
2025-3-25 23:03:18 - debug: run build task 整理部分构建选项内数据到 settings.json success in 62 ms√, progress: 36%
2025-3-25 23:03:18 - debug: [Build Memory track]: 整理部分构建选项内数据到 settings.json start:173.72MB, end 173.88MB, increase: 168.38KB
2025-3-25 23:03:18 - debug: wechatgame:(onBeforeCompressSettings) start..., progress: 36%
2025-3-25 23:03:18 - debug: // ---- build task wechatgame：onBeforeCompressSettings ----
2025-3-25 23:03:18 - debug: // ---- build task wechatgame：onBeforeCompressSettings ---- (62ms)
2025-3-25 23:03:18 - debug: wechatgame:(onBeforeCompressSettings) in 62 ms ✓, progress: 38%
2025-3-25 23:03:18 - debug: cocos-service:(onBeforeCompressSettings) start..., progress: 38%
2025-3-25 23:03:18 - debug: // ---- build task cocos-service：onBeforeCompressSettings ----
2025-3-25 23:03:19 - debug: // ---- build task cocos-service：onBeforeCompressSettings ---- (393ms)
2025-3-25 23:03:19 - debug: cocos-service:(onBeforeCompressSettings) in 393 ms ✓, progress: 40%
2025-3-25 23:03:19 - debug: 整理静态模板文件 start, progress: 40%
2025-3-25 23:03:19 - debug: // ---- build task 整理静态模板文件 ----
2025-3-25 23:03:19 - debug: // ---- build task 整理静态模板文件 ---- (89ms)
2025-3-25 23:03:19 - debug: run build task 整理静态模板文件 success in 89 ms√, progress: 45%
2025-3-25 23:03:19 - debug: [Build Memory track]: 整理静态模板文件 start:174.14MB, end 174.53MB, increase: 399.91KB
2025-3-25 23:03:19 - debug: cocos-service:(onAfterCompressSettings) start..., progress: 45%
2025-3-25 23:03:19 - debug: // ---- build task cocos-service：onAfterCompressSettings ----
2025-3-25 23:03:19 - debug: // ---- build task cocos-service：onAfterCompressSettings ---- (203ms)
2025-3-25 23:03:19 - debug: cocos-service:(onAfterCompressSettings) in 203 ms ✓, progress: 46%
2025-3-25 23:03:19 - debug: wechatgame:(onBeforeCopyBuildTemplate) start..., progress: 46%
2025-3-25 23:03:19 - debug: // ---- build task wechatgame：onBeforeCopyBuildTemplate ----
2025-3-25 23:03:19 - debug: // ---- build task wechatgame：onBeforeCopyBuildTemplate ---- (56ms)
2025-3-25 23:03:19 - debug: wechatgame:(onBeforeCopyBuildTemplate) in 56 ms ✓, progress: 48%
2025-3-25 23:03:19 - debug: wechatgame:(onAfterCopyBuildTemplate) start..., progress: 48%
2025-3-25 23:03:19 - debug: // ---- build task wechatgame：onAfterCopyBuildTemplate ----
2025-3-25 23:03:19 - debug: // ---- build task wechatgame：onAfterCopyBuildTemplate ---- (59ms)
2025-3-25 23:03:19 - debug: wechatgame:(onAfterCopyBuildTemplate) in 59 ms ✓, progress: 50%
2025-3-25 23:03:19 - debug: 给所有的资源加上 MD5 后缀 start, progress: 50%
2025-3-25 23:03:19 - debug: // ---- build task 给所有的资源加上 MD5 后缀 ----
2025-3-25 23:03:19 - debug: // ---- build task 给所有的资源加上 MD5 后缀 ---- (45ms)
2025-3-25 23:03:19 - debug: run build task 给所有的资源加上 MD5 后缀 success in 45 ms√, progress: 60%
2025-3-25 23:03:19 - debug: [Build Memory track]: 给所有的资源加上 MD5 后缀 start:175.10MB, end 175.16MB, increase: 59.45KB
2025-3-25 23:03:19 - debug: wechatgame:(onAfterBuild) start..., progress: 60%
2025-3-25 23:03:19 - debug: // ---- build task wechatgame：onAfterBuild ----
2025-3-25 23:03:26 - debug: // ---- build task wechatgame：onAfterBuild ---- (6431ms)
2025-3-25 23:03:26 - debug: wechatgame:(onAfterBuild) in 6431 ms ✓, progress: 62%
2025-3-25 23:03:26 - debug: cocos-service:(onAfterBuild) start..., progress: 62%
2025-3-25 23:03:26 - debug: // ---- build task cocos-service：onAfterBuild ----
2025-3-25 23:03:27 - debug: // ---- build task cocos-service：onAfterBuild ---- (926ms)
2025-3-25 23:03:27 - debug: cocos-service:(onAfterBuild) in 926 ms ✓, progress: 64%
2025-3-25 23:03:27 - debug: adsense-h5g-plugin:(onAfterBuild) start..., progress: 64%
2025-3-25 23:03:27 - debug: // ---- build task adsense-h5g-plugin：onAfterBuild ----
2025-3-25 23:03:27 - debug: // ---- build task adsense-h5g-plugin：onAfterBuild ---- (41ms)
2025-3-25 23:03:27 - debug: adsense-h5g-plugin:(onAfterBuild) in 41 ms ✓, progress: 65%
2025-3-25 23:03:27 - log: Asset DB is resume!
2025-3-25 23:03:27 - debug: builder:build-project-total (22670ms)
2025-3-25 23:03:27 - debug: build success in 22670!
2025-3-25 23:03:27 - debug: [Build Memory track]: builder:build-project-total start:184.88MB, end 174.23MB, increase: -10910.99KB
2025-3-25 23:03:27 - debug: ================================ build Task (wechatgame) Finished in (22 s)ms ================================
2025-3-25 23:12:48 - debug: =================================== build Task (wechatgame) Start ================================
2025-3-25 23:12:48 - debug: Start build task, options:{"name":"myGameMj","server":"","platform":"wechatgame","buildPath":"project://build","debug":false,"buildMode":"normal","mangleProperties":false,"md5Cache":false,"skipCompressTexture":false,"sourceMaps":false,"overwriteProjectSettings":{"macroConfig":{"cleanupImageCache":"on"},"includeModules":{"physics":"inherit-project-setting","physics-2d":"inherit-project-setting","gfx-webgl2":"off"}},"nativeCodeBundleMode":"wasm","polyfills":{"asyncFunctions":false},"experimentalEraseModules":false,"startSceneAssetBundle":false,"bundleConfigs":[{"name":"main","root":"","output":true},{"name":"internal","root":"","output":true}],"inlineEnum":true,"useBuiltinServer":false,"md5CacheOptions":{"excludes":[],"includes":[],"replaceOnly":[],"handleTemplateMd5Link":true},"mainBundleIsRemote":false,"mainBundleCompressionType":"merge_dep","useSplashScreen":true,"bundleCommonChunk":false,"packAutoAtlas":true,"startScene":"df672520-9755-4d63-978e-4a7ae276a322","outputName":"wechatgame","taskName":"wechatgame","scenes":[{"url":"db://assets/scene/main.scene","uuid":"df672520-9755-4d63-978e-4a7ae276a322"}],"wasmCompressionMode":false,"packages":{"cocos-service":{"configID":"ef3e64","services":[],"__version__":"3.0.8"},"wechatgame":{"orientation":"portrait","appid":"wx494cae4c1ff3e79b","buildOpenDataContextTemplate":"","separateEngine":false,"highPerformanceMode":false,"__version__":"1.0.4"}},"__version__":"1.3.9","logDest":"project://temp/builder/log/wechatgame2025-3-25 23-03.log"}
2025-3-25 23:12:48 - debug: Build with Cocos Creator 3.8.5
2025-3-25 23:12:48 - debug: wechatgame:(onBeforeBuild) start..., progress: 0%
2025-3-25 23:12:48 - debug: // ---- build task wechatgame：onBeforeBuild ----
2025-3-25 23:12:48 - debug: // ---- build task wechatgame：onBeforeBuild ---- (25ms)
2025-3-25 23:12:48 - debug: wechatgame:(onBeforeBuild) in 25 ms ✓, progress: 2%
2025-3-25 23:12:48 - debug: cocos-service:(onBeforeBuild) start..., progress: 2%
2025-3-25 23:12:48 - debug: // ---- build task cocos-service：onBeforeBuild ----
2025-3-25 23:12:49 - debug: // ---- build task cocos-service：onBeforeBuild ---- (386ms)
2025-3-25 23:12:49 - debug: cocos-service:(onBeforeBuild) in 386 ms ✓, progress: 4%
2025-3-25 23:12:49 - debug: scene:(onBeforeBuild) start..., progress: 4%
2025-3-25 23:12:49 - debug: // ---- build task scene：onBeforeBuild ----
2025-3-25 23:12:49 - debug: // ---- build task scene：onBeforeBuild ---- (53ms)
2025-3-25 23:12:49 - debug: scene:(onBeforeBuild) in 53 ms ✓, progress: 5%
2025-3-25 23:12:49 - debug: Start lock asset db..., progress: 5%
2025-3-25 23:12:49 - log: Asset DB is paused with build!
2025-3-25 23:12:49 - debug: Query all assets info in project
2025-3-25 23:12:49 - debug: init custom config: keepNodeUuid: false, useCache: true
2025-3-25 23:12:49 - debug: wechatgame:(onAfterInit) start..., progress: 5%
2025-3-25 23:12:49 - debug: // ---- build task wechatgame：onAfterInit ----
2025-3-25 23:12:49 - debug: // ---- build task wechatgame：onAfterInit ---- (27ms)
2025-3-25 23:12:49 - debug: wechatgame:(onAfterInit) in 27 ms ✓, progress: 7%
2025-3-25 23:12:49 - debug: cocos-service:(onAfterInit) start..., progress: 7%
2025-3-25 23:12:49 - debug: // ---- build task cocos-service：onAfterInit ----
2025-3-25 23:12:49 - debug: // ---- build task cocos-service：onAfterInit ---- (215ms)
2025-3-25 23:12:49 - debug: cocos-service:(onAfterInit) in 215 ms ✓, progress: 9%
2025-3-25 23:12:49 - debug: wechatgame:(onBeforeBundleInit) start..., progress: 9%
2025-3-25 23:12:49 - debug: // ---- build task wechatgame：onBeforeBundleInit ----
2025-3-25 23:12:49 - debug: // ---- build task wechatgame：onBeforeBundleInit ---- (57ms)
2025-3-25 23:12:49 - debug: wechatgame:(onBeforeBundleInit) in 57 ms ✓, progress: 9%
2025-3-25 23:12:49 - debug: adsense-h5g-plugin:(onBeforeBundleInit) start..., progress: 9%
2025-3-25 23:12:49 - debug: // ---- build task adsense-h5g-plugin：onBeforeBundleInit ----
2025-3-25 23:12:49 - debug: [adsense-h5g-plugin] remove script success
2025-3-25 23:12:49 - debug: // ---- build task adsense-h5g-plugin：onBeforeBundleInit ---- (58ms)
2025-3-25 23:12:49 - debug: adsense-h5g-plugin:(onBeforeBundleInit) in 58 ms ✓, progress: 9%
2025-3-25 23:12:50 - debug: Init all bundles start..., progress: 9%
2025-3-25 23:12:50 - debug: Num of bundles: 6..., progress: 9%
2025-3-25 23:12:50 - debug: 查询 Asset Bundle start, progress: 9%
2025-3-25 23:12:50 - debug: // ---- build task 查询 Asset Bundle ----
2025-3-25 23:12:50 - debug: Init bundle root assets start..., progress: 9%
2025-3-25 23:12:50 - debug: Query preload assets/scripts from cc.config.json: 60f7195c-ec2a-45eb-ba94-8955f60e81d0,1c02ae6f-4492-4915-b8f8-7492a3b1e4cd,810e96e4-e456-4468-9b59-f4e8f39732c0,efe8e2a3-eace-427b-b4f1-cb8a937ec77d,e9aa9a3e-5b2b-4ac7-a2c7-073de2b2b24f,8bbdbcdd-5cd4-4100-b6d5-b7c9625b6107,50f4348b-c883-4e2f-8f11-ce233b859fa1,fda095cb-831d-4601-ad94-846013963de8,f92806d7-1768-443f-afe8-12bcde84d0f0,dd3a144d-ab7f-41f0-82b8-2e43a090d496,f0416e68-0200-4b77-a926-4f9d16e494da,970b0598-bcb0-4714-91fb-2e81440dccd8,bcd64cc6-2dd9-43f6-abbe-66318d332032,d930590d-bb92-4cc8-8bd1-23cd027f9edf,a3cd009f-0ab0-420d-9278-b9fdab939bbc,6a2d0734-bd9e-4ddf-946e-caa52498cb75,871c3b6c-7379-419d-bda3-794b239ab90d,ff9b0199-ce04-4cfe-86cc-6c719f08d6e4,de1c2107-70c8-4021-8459-6399f24d01c6,cbf30902-517f-40dc-af90-a550bac27cf1
2025-3-25 23:12:50 - debug:   Number of all scenes: 1
2025-3-25 23:12:50 - debug:   Number of all scripts: 14
2025-3-25 23:12:50 - debug:   Number of other assets: 383
2025-3-25 23:12:50 - debug: Init bundle root assets success..., progress: 9%
2025-3-25 23:12:50 - debug: reload all scripts.
2025-3-25 23:12:50 - debug: [[Executor]] reload before lock
2025-3-25 23:12:50 - debug: Set detail map pack:///resolution-detail-map.json: {}
2025-3-25 23:12:50 - groupCollapsed: Invalidate all modules
2025-3-25 23:12:50 - debug: Unregister BuiltinPipelineSettings
2025-3-25 23:12:50 - debug: Unregister BuiltinPipelinePassBuilder
2025-3-25 23:12:50 - debug: Unregister BuiltinDepthOfFieldPass
2025-3-25 23:12:50 - debug: Unregister DebugViewRuntimeControl
2025-3-25 23:12:50 - debug: Unregister AudioMgr
2025-3-25 23:12:50 - debug: Unregister gameLauch
2025-3-25 23:12:50 - debug: Unregister gameStart
2025-3-25 23:12:50 - debug: Unregister gameLoading
2025-3-25 23:12:50 - debug: Unregister mjNode
2025-3-25 23:12:50 - debug: Unregister mjcard
2025-3-25 23:12:50 - debug: Invalidating 'pack:///chunks/93/93ba276ea7b26ffcdc433fab14afc1ed6f05647b.js'
2025-3-25 23:12:50 - debug: Invalidating 'pack:///chunks/6d/6d8fd2b0177941b032ddc0733af48a561fb60657.js'
2025-3-25 23:12:50 - debug: Invalidating 'pack:///chunks/58/58736b97e6eaa1d43b32ca964d67346769e8222e.js'
2025-3-25 23:12:50 - debug: Invalidating 'pack:///chunks/6a/6a5019a719a9014c047e67aa1cf34453ab8392ce.js'
2025-3-25 23:12:50 - debug: Invalidating 'pack:///chunks/b0/b0a2b616b355a47dcda11f2bba43a2d91debd27c.js'
2025-3-25 23:12:50 - debug: Invalidating 'pack:///chunks/c8/c8027bab33604d0d04930552aaf3aff3408cfddb.js'
2025-3-25 23:12:50 - debug: Invalidating 'pack:///chunks/f3/f3f54528bfcd10077eb00a2121ed5d1424412e76.js'
2025-3-25 23:12:50 - debug: Invalidating 'pack:///chunks/57/5746e8c30047ffa32e3d4c41a4cd3e6251a29171.js'
2025-3-25 23:12:50 - debug: Invalidating 'pack:///chunks/9c/9c012447265e6d10c1112a3c5718a72269253753.js'
2025-3-25 23:12:50 - debug: Invalidating 'pack:///chunks/0b/0bd0befd2e26c87d9f5aca5ddff77a44821eef7c.js'
2025-3-25 23:12:50 - debug: Invalidating 'pack:///chunks/a9/a9cd525f68999c889bff44631b9a04cc04b7b132.js'
2025-3-25 23:12:50 - debug: Invalidating 'pack:///chunks/0a/0a7bc2303c9cdef5c1384e4a827bf01b15e7dae9.js'
2025-3-25 23:12:50 - debug: Invalidating 'pack:///chunks/f0/f0dd4209742ca810eade873911a28ea815cf647a.js'
2025-3-25 23:12:50 - debug: Invalidating 'pack:///chunks/b5/b58096366446318ecd87cf0db1ad20929257ed4d.js'
2025-3-25 23:12:50 - debug: Invalidating 'pack:///chunks/c3/c3d793dd1d9d7bef6bfdd580404bbdebac8d0e5c.js'
2025-3-25 23:12:50 - debug: Invalidating 'pack:///chunks/43/4396f24366498b1f1ba4adeb33ac634f35ee0f65.js'
2025-3-25 23:12:50 - debug: Invalidating 'pack:///chunks/a5/a52fe6b6ff070e1b1b03bdff76bf64ce65fc9c0c.js'
2025-3-25 23:12:50 - groupEnd: Invalidate all modules
2025-3-25 23:12:50 - groupCollapsed: Imports all modules
2025-3-25 23:12:50 - debug: [[Executor]] Module "pack:///chunks/93/93ba276ea7b26ffcdc433fab14afc1ed6f05647b.js" loaded.
2025-3-25 23:12:50 - debug: [[Executor]] Module "pack:///chunks/6d/6d8fd2b0177941b032ddc0733af48a561fb60657.js" loaded.
2025-3-25 23:12:50 - debug: [[Executor]] Module "pack:///chunks/6a/6a5019a719a9014c047e67aa1cf34453ab8392ce.js" loaded.
2025-3-25 23:12:50 - debug: [[Executor]] Module "pack:///chunks/57/5746e8c30047ffa32e3d4c41a4cd3e6251a29171.js" loaded.
2025-3-25 23:12:50 - debug: [[Executor]] Register BuiltinPipelineSettings
2025-3-25 23:12:50 - debug: [[Executor]] Module "pack:///chunks/b0/b0a2b616b355a47dcda11f2bba43a2d91debd27c.js" loaded.
2025-3-25 23:12:50 - debug: [[Executor]] Register BuiltinPipelinePassBuilder
2025-3-25 23:12:50 - debug: [[Executor]] Module "pack:///chunks/c8/c8027bab33604d0d04930552aaf3aff3408cfddb.js" loaded.
2025-3-25 23:12:50 - debug: [[Executor]] Module "pack:///chunks/f3/f3f54528bfcd10077eb00a2121ed5d1424412e76.js" loaded.
2025-3-25 23:12:50 - debug: [[Executor]] Register BuiltinDepthOfFieldPass
2025-3-25 23:12:50 - debug: [[Executor]] Module "pack:///chunks/58/58736b97e6eaa1d43b32ca964d67346769e8222e.js" loaded.
2025-3-25 23:12:50 - debug: [[Executor]] Register DebugViewRuntimeControl
2025-3-25 23:12:50 - debug: [[Executor]] Module "pack:///chunks/9c/9c012447265e6d10c1112a3c5718a72269253753.js" loaded.
2025-3-25 23:12:50 - debug: [[Executor]] Register AudioMgr
2025-3-25 23:12:50 - debug: [[Executor]] Module "pack:///chunks/0b/0bd0befd2e26c87d9f5aca5ddff77a44821eef7c.js" loaded.
2025-3-25 23:12:50 - debug: [[Executor]] Module "pack:///chunks/0a/0a7bc2303c9cdef5c1384e4a827bf01b15e7dae9.js" loaded.
2025-3-25 23:12:50 - debug: [[Executor]] Module "pack:///chunks/f0/f0dd4209742ca810eade873911a28ea815cf647a.js" loaded.
2025-3-25 23:12:50 - debug: [[Executor]] Register gameLauch
2025-3-25 23:12:50 - debug: [[Executor]] Module "pack:///chunks/a9/a9cd525f68999c889bff44631b9a04cc04b7b132.js" loaded.
2025-3-25 23:12:50 - debug: [[Executor]] Register gameStart
2025-3-25 23:12:50 - debug: [[Executor]] Module "pack:///chunks/b5/b58096366446318ecd87cf0db1ad20929257ed4d.js" loaded.
2025-3-25 23:12:50 - debug: [[Executor]] Register gameLoading
2025-3-25 23:12:50 - debug: [[Executor]] Module "pack:///chunks/c3/c3d793dd1d9d7bef6bfdd580404bbdebac8d0e5c.js" loaded.
2025-3-25 23:12:50 - debug: [[Executor]] Register mjNode
2025-3-25 23:12:50 - debug: [[Executor]] Module "pack:///chunks/43/4396f24366498b1f1ba4adeb33ac634f35ee0f65.js" loaded.
2025-3-25 23:12:50 - debug: [[Executor]] Register mjcard
2025-3-25 23:12:50 - debug: [[Executor]] Module "pack:///chunks/a5/a52fe6b6ff070e1b1b03bdff76bf64ce65fc9c0c.js" loaded.
2025-3-25 23:12:50 - debug: [[Executor]] Module "pack:///chunks/6d/6d8fd2b0177941b032ddc0733af48a561fb60657.js" loaded.
2025-3-25 23:12:50 - groupEnd: Imports all modules
2025-3-25 23:12:50 - debug: [[Executor]] after unlock
2025-3-25 23:12:50 - debug: Incremental keys: 
2025-3-25 23:12:50 - debug: Init bundle share assets start..., progress: 9%
2025-3-25 23:12:50 - debug: Init bundle share assets success..., progress: 9%
2025-3-25 23:12:50 - debug: handle json group in bundle internal
2025-3-25 23:12:50 - debug: handle json group in bundle internal success
2025-3-25 23:12:50 - debug: handle json group in bundle main
2025-3-25 23:12:50 - debug: init image compress task 0 in bundle internal
2025-3-25 23:12:50 - debug: handle json group in bundle main success
2025-3-25 23:12:50 - debug: init image compress task 0 in bundle main
2025-3-25 23:12:50 - debug: // ---- build task 查询 Asset Bundle ---- (228ms)
2025-3-25 23:12:50 - debug: run build task 查询 Asset Bundle success in 228 ms√, progress: 14%
2025-3-25 23:12:50 - debug: [Build Memory track]: 查询 Asset Bundle start:183.99MB, end 183.89MB, increase: -102.16KB
2025-3-25 23:12:50 - debug: 查询 Asset Bundle start, progress: 14%
2025-3-25 23:12:50 - debug: // ---- build task 查询 Asset Bundle ----
2025-3-25 23:12:50 - debug: // ---- build task 查询 Asset Bundle ---- (54ms)
2025-3-25 23:12:50 - debug: run build task 查询 Asset Bundle success in 54 ms√, progress: 19%
2025-3-25 23:12:50 - debug: [Build Memory track]: 查询 Asset Bundle start:183.92MB, end 184.05MB, increase: 127.90KB
2025-3-25 23:12:50 - debug: 打包脚本 start, progress: 19%
2025-3-25 23:12:50 - debug: // ---- build task 打包脚本 ----
2025-3-25 23:12:50 - log: Run build task(build-script) in child, see: chrome://inspect/#devices
2025-3-25 23:12:51 - log: [build-script]enter sub process 6396, C:\ProgramData\cocos\editors\Creator\3.8.5\CocosCreator.exe,C:\ProgramData\cocos\editors\Creator\3.8.5\resources\app.asar\builtin\builder\static\sub-process-index
2025-3-25 23:12:55 - debug: excute-script over with build-script 4839ms
2025-3-25 23:12:55 - debug: Generate systemJs..., progress: 19%
2025-3-25 23:12:55 - log: Run build task(build-script) in child, see: chrome://inspect/#devices
2025-3-25 23:12:59 - debug: excute-script over with build-script 4667ms
2025-3-25 23:12:59 - debug: 构建项目脚本 start..., progress: 19%
2025-3-25 23:12:59 - debug: Build script in bundle start, progress: 19%
2025-3-25 23:12:59 - log: Run build task(build-script) in child, see: chrome://inspect/#devices
2025-3-25 23:13:04 - debug: excute-script over with build-script 4257ms
2025-3-25 23:13:04 - debug: Copy externalScripts success!
2025-3-25 23:13:04 - debug: Build script in bundle success, progress: 19%
2025-3-25 23:13:04 - debug: 构建项目脚本 in (4390 ms) √, progress: 19%
2025-3-25 23:13:04 - debug: 构建引擎脚本 start..., progress: 19%
2025-3-25 23:13:04 - debug: Use cache engine: {link(C:\Users\zzx\AppData\Local\Temp\CocosCreator\3.8.5\builder\engine\45cbc0b47dec3b422ad2b546e7764ca4)}
2025-3-25 23:13:04 - debug: {"debug":false,"mangleProperties":false,"inlineEnum":true,"sourceMaps":false,"includeModules":["2d","animation","audio","base","custom-pipeline","gfx-webgl","intersection-2d","physics-2d-box2d","profiler","tween","ui","video","webview","custom-pipeline-builtin-scripts"],"engineVersion":"3.8.5","md5Map":[],"engineName":"cocos-js","platform":"WECHAT","useCache":true,"nativeCodeBundleMode":"wasm","wasmCompressionMode":false,"split":false,"skip":false,"assetURLFormat":"relative-from-out","output":"C:\\Users\\zzx\\Desktop\\mygame\\build\\wechatgame\\cocos-js","flags":{"DEBUG":false,"LOAD_BULLET_MANUALLY":false,"LOAD_SPINE_MANUALLY":false},"entry":"C:\\ProgramData\\cocos\\editors\\Creator\\3.8.5\\resources\\resources\\3d\\engine"}
2025-3-25 23:13:04 - debug: 构建引擎脚本 in (168 ms) √, progress: 19%
2025-3-25 23:13:04 - debug: Copy plugin script ..., progress: 19%
2025-3-25 23:13:04 - debug: Generate import-map..., progress: 19%
2025-3-25 23:13:04 - debug: // ---- build task 打包脚本 ---- (14189ms)
2025-3-25 23:13:04 - debug: run build task 打包脚本 success in 14 s√, progress: 24%
2025-3-25 23:13:04 - debug: [Build Memory track]: 打包脚本 start:184.16MB, end 184.91MB, increase: 765.34KB
2025-3-25 23:13:04 - debug: Build Assets start, progress: 24%
2025-3-25 23:13:04 - debug: // ---- build task Build Assets ----
2025-3-25 23:13:04 - debug: Build bundles..., progress: 24%
2025-3-25 23:13:04 - debug: Pack Images start, progress: 24%
2025-3-25 23:13:04 - debug: builder:pack-auto-atlas-image (126ms)
2025-3-25 23:13:04 - debug: Pack Images success, progress: 24%
2025-3-25 23:13:04 - debug: Compress image start..., progress: 24%
2025-3-25 23:13:04 - group: Compress image...
2025-3-25 23:13:04 - debug: sort compress task {}
2025-3-25 23:13:04 - debug: Num of all image compress task 0, really: 0, configTasks: 0
2025-3-25 23:13:04 - debug: No image need to compress
2025-3-25 23:13:04 - groupEnd: Compress image...
2025-3-25 23:13:04 - debug: Compress image success..., progress: 24%
2025-3-25 23:13:04 - debug: Output asset in bundles start, progress: 24%
2025-3-25 23:13:04 - debug: Handle all json groups in bundle internal
2025-3-25 23:13:04 - debug: handle json group
2025-3-25 23:13:04 - debug: Handle all json groups in bundle main
2025-3-25 23:13:04 - debug: handle json group
2025-3-25 23:13:04 - debug: Json group(092f8d030) compile success，json number: 6
2025-3-25 23:13:04 - debug: handle single json
2025-3-25 23:13:04 - debug: Json group(0f7e7e66f) compile success，json number: 6
2025-3-25 23:13:04 - debug: handle single json
2025-3-25 23:13:04 - debug: Output asset in bundles success, progress: 24%
2025-3-25 23:13:04 - debug: Output asset in bundles start, progress: 24%
2025-3-25 23:13:04 - debug: compress config of bundle internal...
2025-3-25 23:13:04 - debug: compress config of bundle internal success
2025-3-25 23:13:04 - debug: compress config of bundle main...
2025-3-25 23:13:04 - debug: compress config of bundle main success
2025-3-25 23:13:04 - debug: output config of bundle internal
2025-3-25 23:13:04 - debug: output config of bundle internal success
2025-3-25 23:13:04 - debug: output config of bundle main
2025-3-25 23:13:04 - debug: output config of bundle main success
2025-3-25 23:13:04 - debug: Output asset in bundles success, progress: 24%
2025-3-25 23:13:04 - debug: // ---- build task Build Assets ---- (345ms)
2025-3-25 23:13:04 - debug: run build task Build Assets success in 345 ms√, progress: 29%
2025-3-25 23:13:04 - debug: [Build Memory track]: Build Assets start:184.94MB, end 185.47MB, increase: 541.52KB
2025-3-25 23:13:04 - debug: wechatgame:(onAfterBundleBuildTask) start..., progress: 29%
2025-3-25 23:13:04 - debug: // ---- build task wechatgame：onAfterBundleBuildTask ----
2025-3-25 23:13:04 - debug: // ---- build task wechatgame：onAfterBundleBuildTask ---- (49ms)
2025-3-25 23:13:04 - debug: wechatgame:(onAfterBundleBuildTask) in 49 ms ✓, progress: 29%
2025-3-25 23:13:04 - debug: wechatgame:(onAfterBuildAssets) start..., progress: 29%
2025-3-25 23:13:04 - debug: // ---- build task wechatgame：onAfterBuildAssets ----
2025-3-25 23:13:04 - debug: // ---- build task wechatgame：onAfterBuildAssets ---- (40ms)
2025-3-25 23:13:04 - debug: wechatgame:(onAfterBuildAssets) in 40 ms ✓, progress: 31%
2025-3-25 23:13:04 - debug: 整理部分构建选项内数据到 settings.json start, progress: 31%
2025-3-25 23:13:04 - debug: // ---- build task 整理部分构建选项内数据到 settings.json ----
2025-3-25 23:13:04 - debug: // ---- build task 整理部分构建选项内数据到 settings.json ---- (47ms)
2025-3-25 23:13:04 - debug: run build task 整理部分构建选项内数据到 settings.json success in 47 ms√, progress: 33%
2025-3-25 23:13:04 - debug: [Build Memory track]: 整理部分构建选项内数据到 settings.json start:185.71MB, end 185.77MB, increase: 62.55KB
2025-3-25 23:13:04 - debug: 填充脚本数据到 settings.json start, progress: 33%
2025-3-25 23:13:04 - debug: // ---- build task 填充脚本数据到 settings.json ----
2025-3-25 23:13:05 - debug: // ---- build task 填充脚本数据到 settings.json ---- (71ms)
2025-3-25 23:13:05 - debug: run build task 填充脚本数据到 settings.json success in 71 ms√, progress: 34%
2025-3-25 23:13:05 - debug: [Build Memory track]: 填充脚本数据到 settings.json start:185.81MB, end 185.89MB, increase: 80.30KB
2025-3-25 23:13:05 - debug: 整理部分构建选项内数据到 settings.json start, progress: 34%
2025-3-25 23:13:05 - debug: // ---- build task 整理部分构建选项内数据到 settings.json ----
2025-3-25 23:13:05 - debug: // ---- build task 整理部分构建选项内数据到 settings.json ---- (54ms)
2025-3-25 23:13:05 - debug: run build task 整理部分构建选项内数据到 settings.json success in 54 ms√, progress: 36%
2025-3-25 23:13:05 - debug: [Build Memory track]: 整理部分构建选项内数据到 settings.json start:185.92MB, end 186.09MB, increase: 173.40KB
2025-3-25 23:13:05 - debug: wechatgame:(onBeforeCompressSettings) start..., progress: 36%
2025-3-25 23:13:05 - debug: // ---- build task wechatgame：onBeforeCompressSettings ----
2025-3-25 23:13:05 - debug: // ---- build task wechatgame：onBeforeCompressSettings ---- (77ms)
2025-3-25 23:13:05 - debug: wechatgame:(onBeforeCompressSettings) in 77 ms ✓, progress: 38%
2025-3-25 23:13:05 - debug: cocos-service:(onBeforeCompressSettings) start..., progress: 38%
2025-3-25 23:13:05 - debug: // ---- build task cocos-service：onBeforeCompressSettings ----
2025-3-25 23:13:05 - log: 资源数据库已锁定，资源操作(refresh)将会延迟响应，请稍侯
2025-3-25 23:13:05 - debug: // ---- build task cocos-service：onBeforeCompressSettings ---- (515ms)
2025-3-25 23:13:05 - debug: cocos-service:(onBeforeCompressSettings) in 515 ms ✓, progress: 40%
2025-3-25 23:13:05 - debug: 整理静态模板文件 start, progress: 40%
2025-3-25 23:13:05 - debug: // ---- build task 整理静态模板文件 ----
2025-3-25 23:13:05 - debug: // ---- build task 整理静态模板文件 ---- (98ms)
2025-3-25 23:13:05 - debug: run build task 整理静态模板文件 success in 98 ms√, progress: 45%
2025-3-25 23:13:05 - debug: [Build Memory track]: 整理静态模板文件 start:186.36MB, end 187.09MB, increase: 745.21KB
2025-3-25 23:13:05 - debug: cocos-service:(onAfterCompressSettings) start..., progress: 45%
2025-3-25 23:13:05 - debug: // ---- build task cocos-service：onAfterCompressSettings ----
2025-3-25 23:13:06 - debug: // ---- build task cocos-service：onAfterCompressSettings ---- (207ms)
2025-3-25 23:13:06 - debug: cocos-service:(onAfterCompressSettings) in 207 ms ✓, progress: 46%
2025-3-25 23:13:06 - debug: wechatgame:(onBeforeCopyBuildTemplate) start..., progress: 46%
2025-3-25 23:13:06 - debug: // ---- build task wechatgame：onBeforeCopyBuildTemplate ----
2025-3-25 23:13:06 - debug: // ---- build task wechatgame：onBeforeCopyBuildTemplate ---- (55ms)
2025-3-25 23:13:06 - debug: wechatgame:(onBeforeCopyBuildTemplate) in 55 ms ✓, progress: 48%
2025-3-25 23:13:06 - debug: wechatgame:(onAfterCopyBuildTemplate) start..., progress: 48%
2025-3-25 23:13:06 - debug: // ---- build task wechatgame：onAfterCopyBuildTemplate ----
2025-3-25 23:13:06 - debug: // ---- build task wechatgame：onAfterCopyBuildTemplate ---- (61ms)
2025-3-25 23:13:06 - debug: wechatgame:(onAfterCopyBuildTemplate) in 61 ms ✓, progress: 50%
2025-3-25 23:13:06 - debug: 给所有的资源加上 MD5 后缀 start, progress: 50%
2025-3-25 23:13:06 - debug: // ---- build task 给所有的资源加上 MD5 后缀 ----
2025-3-25 23:13:06 - debug: // ---- build task 给所有的资源加上 MD5 后缀 ---- (55ms)
2025-3-25 23:13:06 - debug: run build task 给所有的资源加上 MD5 后缀 success in 55 ms√, progress: 60%
2025-3-25 23:13:06 - debug: [Build Memory track]: 给所有的资源加上 MD5 后缀 start:186.53MB, end 186.59MB, increase: 62.38KB
2025-3-25 23:13:06 - debug: wechatgame:(onAfterBuild) start..., progress: 60%
2025-3-25 23:13:06 - debug: // ---- build task wechatgame：onAfterBuild ----
2025-3-25 23:13:13 - debug: // ---- build task wechatgame：onAfterBuild ---- (7120ms)
2025-3-25 23:13:13 - debug: wechatgame:(onAfterBuild) in 7120 ms ✓, progress: 62%
2025-3-25 23:13:13 - debug: cocos-service:(onAfterBuild) start..., progress: 62%
2025-3-25 23:13:13 - debug: // ---- build task cocos-service：onAfterBuild ----
2025-3-25 23:13:13 - debug: // ---- build task cocos-service：onAfterBuild ---- (393ms)
2025-3-25 23:13:13 - debug: cocos-service:(onAfterBuild) in 393 ms ✓, progress: 64%
2025-3-25 23:13:13 - debug: adsense-h5g-plugin:(onAfterBuild) start..., progress: 64%
2025-3-25 23:13:13 - debug: // ---- build task adsense-h5g-plugin：onAfterBuild ----
2025-3-25 23:13:13 - debug: // ---- build task adsense-h5g-plugin：onAfterBuild ---- (54ms)
2025-3-25 23:13:13 - debug: adsense-h5g-plugin:(onAfterBuild) in 54 ms ✓, progress: 65%
2025-3-25 23:13:13 - log: Asset DB is resume!
2025-3-25 23:13:13 - debug: builder:build-project-total (24936ms)
2025-3-25 23:13:13 - debug: build success in 24936!
2025-3-25 23:13:13 - debug: [Build Memory track]: builder:build-project-total start:184.08MB, end 189.51MB, increase: 5.43MB
2025-3-25 23:13:13 - debug: ================================ build Task (wechatgame) Finished in (24 s)ms ================================
2025-3-25 23:14:23 - debug: =================================== build Task (wechatgame) Start ================================
2025-3-25 23:14:23 - debug: Start build task, options:{"name":"myGameMj","server":"","platform":"wechatgame","buildPath":"project://build","debug":false,"buildMode":"bundle","mangleProperties":false,"md5Cache":false,"skipCompressTexture":false,"sourceMaps":false,"overwriteProjectSettings":{"macroConfig":{"cleanupImageCache":"on"},"includeModules":{"physics":"inherit-project-setting","physics-2d":"inherit-project-setting","gfx-webgl2":"off"}},"nativeCodeBundleMode":"wasm","polyfills":{"asyncFunctions":false},"experimentalEraseModules":false,"startSceneAssetBundle":false,"bundleConfigs":[{"name":"internal","root":"","output":true},{"root":"db://assets/gameBundle/atlas","name":"atlas","output":true,"uuid":"62ca7440-75de-442c-a3eb-8410ba899976"},{"root":"db://assets/gameBundle/gui","name":"gui","output":true,"uuid":"2b010b11-d45f-4430-b075-964eec1a239e"},{"root":"db://assets/gameBundle/sound","name":"sound","output":true,"uuid":"d28e714b-ef1b-4cdb-8684-23d773784799"},{"root":"db://assets/gameBundle/prefabs","name":"prefabs","output":true,"uuid":"12e5d28d-7d63-4f4b-b336-1d00903b4cf1"}],"inlineEnum":true,"useBuiltinServer":false,"md5CacheOptions":{"excludes":[],"includes":[],"replaceOnly":[],"handleTemplateMd5Link":true},"mainBundleIsRemote":false,"mainBundleCompressionType":"merge_dep","useSplashScreen":true,"bundleCommonChunk":false,"packAutoAtlas":true,"startScene":"df672520-9755-4d63-978e-4a7ae276a322","outputName":"wechatgame","taskName":"wechatgame","scenes":[{"url":"db://assets/scene/main.scene","uuid":"df672520-9755-4d63-978e-4a7ae276a322"}],"wasmCompressionMode":false,"packages":{"cocos-service":{"configID":"ef3e64","services":[],"__version__":"3.0.8"},"wechatgame":{"orientation":"portrait","appid":"wx494cae4c1ff3e79b","buildOpenDataContextTemplate":"","separateEngine":false,"highPerformanceMode":false,"__version__":"1.0.4"}},"__version__":"1.3.9","logDest":"project://temp/builder/log/wechatgame2025-3-25 23-03.log"}
2025-3-25 23:14:23 - debug: Build with Cocos Creator 3.8.5
2025-3-25 23:14:23 - debug: Start lock asset db..., progress: 0%
2025-3-25 23:14:23 - log: Asset DB is paused with build!
2025-3-25 23:14:23 - debug: Query all assets info in project
2025-3-25 23:14:23 - debug: init custom config: keepNodeUuid: false, useCache: true
2025-3-25 23:14:23 - debug: wechatgame:(onAfterInit) start..., progress: 0%
2025-3-25 23:14:23 - debug: // ---- build task wechatgame：onAfterInit ----
2025-3-25 23:14:23 - debug: // ---- build task wechatgame：onAfterInit ---- (30ms)
2025-3-25 23:14:23 - debug: wechatgame:(onAfterInit) in 30 ms ✓, progress: 4%
2025-3-25 23:14:23 - debug: cocos-service:(onAfterInit) start..., progress: 4%
2025-3-25 23:14:23 - debug: // ---- build task cocos-service：onAfterInit ----
2025-3-25 23:14:23 - debug: // ---- build task cocos-service：onAfterInit ---- (396ms)
2025-3-25 23:14:23 - debug: cocos-service:(onAfterInit) in 396 ms ✓, progress: 7%
2025-3-25 23:14:23 - debug: run bundle task initOptions success!, progress: 7%
2025-3-25 23:14:23 - debug: wechatgame:(onBeforeBundleInit) start..., progress: 7%
2025-3-25 23:14:23 - debug: // ---- build task wechatgame：onBeforeBundleInit ----
2025-3-25 23:14:24 - debug: // ---- build task wechatgame：onBeforeBundleInit ---- (78ms)
2025-3-25 23:14:24 - debug: wechatgame:(onBeforeBundleInit) in 78 ms ✓, progress: 7%
2025-3-25 23:14:24 - debug: adsense-h5g-plugin:(onBeforeBundleInit) start..., progress: 7%
2025-3-25 23:14:24 - debug: // ---- build task adsense-h5g-plugin：onBeforeBundleInit ----
2025-3-25 23:14:24 - debug: [adsense-h5g-plugin] remove script success
2025-3-25 23:14:24 - debug: // ---- build task adsense-h5g-plugin：onBeforeBundleInit ---- (56ms)
2025-3-25 23:14:24 - debug: adsense-h5g-plugin:(onBeforeBundleInit) in 56 ms ✓, progress: 7%
2025-3-25 23:14:24 - debug: Init all bundles start..., progress: 7%
2025-3-25 23:14:24 - debug: Num of bundles: 6..., progress: 7%
2025-3-25 23:14:24 - debug: run bundle task initBundle success!, progress: 7%
2025-3-25 23:14:24 - debug: Init bundle root assets start..., progress: 7%
2025-3-25 23:14:24 - debug: Query preload assets/scripts from cc.config.json: 60f7195c-ec2a-45eb-ba94-8955f60e81d0,1c02ae6f-4492-4915-b8f8-7492a3b1e4cd,810e96e4-e456-4468-9b59-f4e8f39732c0,efe8e2a3-eace-427b-b4f1-cb8a937ec77d,e9aa9a3e-5b2b-4ac7-a2c7-073de2b2b24f,8bbdbcdd-5cd4-4100-b6d5-b7c9625b6107,50f4348b-c883-4e2f-8f11-ce233b859fa1,fda095cb-831d-4601-ad94-846013963de8,f92806d7-1768-443f-afe8-12bcde84d0f0,dd3a144d-ab7f-41f0-82b8-2e43a090d496,f0416e68-0200-4b77-a926-4f9d16e494da,970b0598-bcb0-4714-91fb-2e81440dccd8,bcd64cc6-2dd9-43f6-abbe-66318d332032,d930590d-bb92-4cc8-8bd1-23cd027f9edf,a3cd009f-0ab0-420d-9278-b9fdab939bbc,6a2d0734-bd9e-4ddf-946e-caa52498cb75,871c3b6c-7379-419d-bda3-794b239ab90d,ff9b0199-ce04-4cfe-86cc-6c719f08d6e4,de1c2107-70c8-4021-8459-6399f24d01c6,cbf30902-517f-40dc-af90-a550bac27cf1
2025-3-25 23:14:24 - debug:   Number of all scenes: 1
2025-3-25 23:14:24 - debug:   Number of all scripts: 14
2025-3-25 23:14:24 - debug:   Number of other assets: 383
2025-3-25 23:14:24 - debug: Init bundle root assets success..., progress: 7%
2025-3-25 23:14:24 - debug: reload all scripts.
2025-3-25 23:14:24 - debug: [[Executor]] reload before lock
2025-3-25 23:14:24 - debug: Set detail map pack:///resolution-detail-map.json: {}
2025-3-25 23:14:24 - groupCollapsed: Invalidate all modules
2025-3-25 23:14:24 - debug: Unregister BuiltinPipelineSettings
2025-3-25 23:14:24 - debug: Unregister BuiltinPipelinePassBuilder
2025-3-25 23:14:24 - debug: Unregister BuiltinDepthOfFieldPass
2025-3-25 23:14:24 - debug: Unregister DebugViewRuntimeControl
2025-3-25 23:14:24 - debug: Unregister AudioMgr
2025-3-25 23:14:24 - debug: Unregister gameLauch
2025-3-25 23:14:24 - debug: Unregister gameStart
2025-3-25 23:14:24 - debug: Unregister gameLoading
2025-3-25 23:14:24 - debug: Unregister mjNode
2025-3-25 23:14:24 - debug: Unregister mjcard
2025-3-25 23:14:24 - debug: Invalidating 'pack:///chunks/93/93ba276ea7b26ffcdc433fab14afc1ed6f05647b.js'
2025-3-25 23:14:24 - debug: Invalidating 'pack:///chunks/6d/6d8fd2b0177941b032ddc0733af48a561fb60657.js'
2025-3-25 23:14:24 - debug: Invalidating 'pack:///chunks/58/58736b97e6eaa1d43b32ca964d67346769e8222e.js'
2025-3-25 23:14:24 - debug: Invalidating 'pack:///chunks/6a/6a5019a719a9014c047e67aa1cf34453ab8392ce.js'
2025-3-25 23:14:24 - debug: Invalidating 'pack:///chunks/b0/b0a2b616b355a47dcda11f2bba43a2d91debd27c.js'
2025-3-25 23:14:24 - debug: Invalidating 'pack:///chunks/c8/c8027bab33604d0d04930552aaf3aff3408cfddb.js'
2025-3-25 23:14:24 - debug: Invalidating 'pack:///chunks/f3/f3f54528bfcd10077eb00a2121ed5d1424412e76.js'
2025-3-25 23:14:24 - debug: Invalidating 'pack:///chunks/57/5746e8c30047ffa32e3d4c41a4cd3e6251a29171.js'
2025-3-25 23:14:24 - debug: Invalidating 'pack:///chunks/9c/9c012447265e6d10c1112a3c5718a72269253753.js'
2025-3-25 23:14:24 - debug: Invalidating 'pack:///chunks/0b/0bd0befd2e26c87d9f5aca5ddff77a44821eef7c.js'
2025-3-25 23:14:24 - debug: Invalidating 'pack:///chunks/a9/a9cd525f68999c889bff44631b9a04cc04b7b132.js'
2025-3-25 23:14:24 - debug: Invalidating 'pack:///chunks/0a/0a7bc2303c9cdef5c1384e4a827bf01b15e7dae9.js'
2025-3-25 23:14:24 - debug: Invalidating 'pack:///chunks/f0/f0dd4209742ca810eade873911a28ea815cf647a.js'
2025-3-25 23:14:24 - debug: Invalidating 'pack:///chunks/b5/b58096366446318ecd87cf0db1ad20929257ed4d.js'
2025-3-25 23:14:24 - debug: Invalidating 'pack:///chunks/c3/c3d793dd1d9d7bef6bfdd580404bbdebac8d0e5c.js'
2025-3-25 23:14:24 - debug: Invalidating 'pack:///chunks/43/4396f24366498b1f1ba4adeb33ac634f35ee0f65.js'
2025-3-25 23:14:24 - debug: Invalidating 'pack:///chunks/a5/a52fe6b6ff070e1b1b03bdff76bf64ce65fc9c0c.js'
2025-3-25 23:14:24 - groupEnd: Invalidate all modules
2025-3-25 23:14:24 - groupCollapsed: Imports all modules
2025-3-25 23:14:24 - debug: [[Executor]] Module "pack:///chunks/93/93ba276ea7b26ffcdc433fab14afc1ed6f05647b.js" loaded.
2025-3-25 23:14:24 - debug: [[Executor]] Module "pack:///chunks/6d/6d8fd2b0177941b032ddc0733af48a561fb60657.js" loaded.
2025-3-25 23:14:24 - debug: [[Executor]] Module "pack:///chunks/6a/6a5019a719a9014c047e67aa1cf34453ab8392ce.js" loaded.
2025-3-25 23:14:24 - debug: [[Executor]] Module "pack:///chunks/57/5746e8c30047ffa32e3d4c41a4cd3e6251a29171.js" loaded.
2025-3-25 23:14:24 - debug: [[Executor]] Register BuiltinPipelineSettings
2025-3-25 23:14:24 - debug: [[Executor]] Module "pack:///chunks/b0/b0a2b616b355a47dcda11f2bba43a2d91debd27c.js" loaded.
2025-3-25 23:14:24 - debug: [[Executor]] Register BuiltinPipelinePassBuilder
2025-3-25 23:14:24 - debug: [[Executor]] Module "pack:///chunks/c8/c8027bab33604d0d04930552aaf3aff3408cfddb.js" loaded.
2025-3-25 23:14:24 - debug: [[Executor]] Module "pack:///chunks/f3/f3f54528bfcd10077eb00a2121ed5d1424412e76.js" loaded.
2025-3-25 23:14:24 - debug: [[Executor]] Register BuiltinDepthOfFieldPass
2025-3-25 23:14:24 - debug: [[Executor]] Module "pack:///chunks/58/58736b97e6eaa1d43b32ca964d67346769e8222e.js" loaded.
2025-3-25 23:14:24 - debug: [[Executor]] Register DebugViewRuntimeControl
2025-3-25 23:14:24 - debug: [[Executor]] Module "pack:///chunks/9c/9c012447265e6d10c1112a3c5718a72269253753.js" loaded.
2025-3-25 23:14:24 - debug: [[Executor]] Register AudioMgr
2025-3-25 23:14:24 - debug: [[Executor]] Module "pack:///chunks/0b/0bd0befd2e26c87d9f5aca5ddff77a44821eef7c.js" loaded.
2025-3-25 23:14:24 - debug: [[Executor]] Module "pack:///chunks/0a/0a7bc2303c9cdef5c1384e4a827bf01b15e7dae9.js" loaded.
2025-3-25 23:14:24 - debug: [[Executor]] Module "pack:///chunks/f0/f0dd4209742ca810eade873911a28ea815cf647a.js" loaded.
2025-3-25 23:14:24 - debug: [[Executor]] Register gameLauch
2025-3-25 23:14:24 - debug: [[Executor]] Module "pack:///chunks/a9/a9cd525f68999c889bff44631b9a04cc04b7b132.js" loaded.
2025-3-25 23:14:24 - debug: [[Executor]] Register gameStart
2025-3-25 23:14:24 - debug: [[Executor]] Module "pack:///chunks/b5/b58096366446318ecd87cf0db1ad20929257ed4d.js" loaded.
2025-3-25 23:14:24 - debug: [[Executor]] Register gameLoading
2025-3-25 23:14:24 - debug: [[Executor]] Module "pack:///chunks/c3/c3d793dd1d9d7bef6bfdd580404bbdebac8d0e5c.js" loaded.
2025-3-25 23:14:24 - debug: [[Executor]] Register mjNode
2025-3-25 23:14:24 - debug: [[Executor]] Module "pack:///chunks/43/4396f24366498b1f1ba4adeb33ac634f35ee0f65.js" loaded.
2025-3-25 23:14:24 - debug: [[Executor]] Register mjcard
2025-3-25 23:14:24 - debug: [[Executor]] Module "pack:///chunks/a5/a52fe6b6ff070e1b1b03bdff76bf64ce65fc9c0c.js" loaded.
2025-3-25 23:14:24 - debug: [[Executor]] Module "pack:///chunks/6d/6d8fd2b0177941b032ddc0733af48a561fb60657.js" loaded.
2025-3-25 23:14:24 - groupEnd: Imports all modules
2025-3-25 23:14:24 - debug: [[Executor]] after unlock
2025-3-25 23:14:24 - debug: Incremental keys: 
2025-3-25 23:14:24 - debug: Init bundle share assets start..., progress: 7%
2025-3-25 23:14:24 - debug: Init bundle share assets success..., progress: 7%
2025-3-25 23:14:24 - debug: run bundle task initAsset success!, progress: 7%
2025-3-25 23:14:24 - debug: handle json group in bundle internal
2025-3-25 23:14:24 - debug: handle json group in bundle internal success
2025-3-25 23:14:24 - debug: handle json group in bundle main
2025-3-25 23:14:24 - debug: handle json group in bundle atlas
2025-3-25 23:14:24 - debug: handle json group in bundle gui
2025-3-25 23:14:24 - debug: handle json group in bundle prefabs
2025-3-25 23:14:24 - debug: handle json group in bundle sound
2025-3-25 23:14:24 - debug: init image compress task 0 in bundle internal
2025-3-25 23:14:24 - debug: handle json group in bundle gui success
2025-3-25 23:14:24 - debug: init image compress task 0 in bundle gui
2025-3-25 23:14:24 - debug: handle json group in bundle sound success
2025-3-25 23:14:24 - debug: init image compress task 0 in bundle sound
2025-3-25 23:14:24 - debug: handle json group in bundle main success
2025-3-25 23:14:24 - debug: init image compress task 0 in bundle main
2025-3-25 23:14:24 - debug: handle json group in bundle atlas success
2025-3-25 23:14:24 - debug: init image compress task 0 in bundle atlas
2025-3-25 23:14:24 - debug: handle json group in bundle prefabs success
2025-3-25 23:14:24 - debug: init image compress task 0 in bundle prefabs
2025-3-25 23:14:24 - debug: run bundle task bundleDataTask success!, progress: 7%
2025-3-25 23:14:24 - debug: run bundle task clearBundleDest success!, progress: 7%
2025-3-25 23:14:24 - debug: Build script in bundle start, progress: 7%
2025-3-25 23:14:24 - log: Run build task(build-script) in child, see: chrome://inspect/#devices
2025-3-25 23:14:25 - log: [build-script]enter sub process 15144, C:\ProgramData\cocos\editors\Creator\3.8.5\CocosCreator.exe,C:\ProgramData\cocos\editors\Creator\3.8.5\resources\app.asar\builtin\builder\static\sub-process-index
2025-3-25 23:14:38 - debug: excute-script over with build-script 13699ms
2025-3-25 23:14:38 - debug: Copy externalScripts success!
2025-3-25 23:14:38 - debug: Build script in bundle success, progress: 7%
2025-3-25 23:14:38 - debug: run bundle task buildScript success!, progress: 7%
2025-3-25 23:14:38 - debug: Pack Images start, progress: 7%
2025-3-25 23:14:38 - debug: builder:pack-auto-atlas-image (36ms)
2025-3-25 23:14:38 - debug: Pack Images success, progress: 7%
2025-3-25 23:14:38 - debug: Compress image start..., progress: 7%
2025-3-25 23:14:38 - group: Compress image...
2025-3-25 23:14:38 - debug: sort compress task {}
2025-3-25 23:14:38 - debug: Num of all image compress task 0, really: 0, configTasks: 0
2025-3-25 23:14:38 - debug: No image need to compress
2025-3-25 23:14:38 - groupEnd: Compress image...
2025-3-25 23:14:38 - debug: Compress image success..., progress: 7%
2025-3-25 23:14:38 - debug: Output asset in bundles start, progress: 7%
2025-3-25 23:14:38 - debug: Handle all json groups in bundle internal
2025-3-25 23:14:38 - debug: handle json group
2025-3-25 23:14:38 - debug: Handle all json groups in bundle main
2025-3-25 23:14:38 - debug: handle json group
2025-3-25 23:14:38 - debug: Handle all json groups in bundle atlas
2025-3-25 23:14:38 - debug: handle json group
2025-3-25 23:14:38 - debug: Handle all json groups in bundle gui
2025-3-25 23:14:38 - debug: handle json group
2025-3-25 23:14:38 - debug: handle single json
2025-3-25 23:14:38 - debug: Handle all json groups in bundle prefabs
2025-3-25 23:14:38 - debug: handle json group
2025-3-25 23:14:38 - debug: Handle all json groups in bundle sound
2025-3-25 23:14:38 - debug: handle json group
2025-3-25 23:14:38 - debug: handle single json
2025-3-25 23:14:38 - debug: Json group(092f8d030) compile success，json number: 6
2025-3-25 23:14:38 - debug: handle single json
2025-3-25 23:14:38 - debug: Json group(0f7e7e66f) compile success，json number: 6
2025-3-25 23:14:38 - debug: handle single json
2025-3-25 23:14:38 - debug: Json group(03e4832ab) compile success，json number: 6
2025-3-25 23:14:38 - debug: handle single json
2025-3-25 23:14:38 - debug: Json group(03526f0d4) compile success，json number: 6
2025-3-25 23:14:38 - debug: Json group(037b749a1) compile success，json number: 6
2025-3-25 23:14:38 - debug: handle single json
2025-3-25 23:14:38 - debug: Output asset in bundles success, progress: 7%
2025-3-25 23:14:38 - debug: run bundle task buildAsset success!, progress: 7%
2025-3-25 23:14:38 - debug: wechatgame:(onAfterBundleBuildTask) start..., progress: 7%
2025-3-25 23:14:38 - debug: // ---- build task wechatgame：onAfterBundleBuildTask ----
2025-3-25 23:14:38 - debug: // ---- build task wechatgame：onAfterBundleBuildTask ---- (87ms)
2025-3-25 23:14:38 - debug: wechatgame:(onAfterBundleBuildTask) in 87 ms ✓, progress: 7%
2025-3-25 23:14:38 - debug: Output asset in bundles start, progress: 7%
2025-3-25 23:14:38 - debug: compress config of bundle internal...
2025-3-25 23:14:38 - debug: compress config of bundle internal success
2025-3-25 23:14:38 - debug: compress config of bundle main...
2025-3-25 23:14:38 - debug: compress config of bundle main success
2025-3-25 23:14:38 - debug: compress config of bundle atlas...
2025-3-25 23:14:38 - debug: compress config of bundle atlas success
2025-3-25 23:14:38 - debug: compress config of bundle gui...
2025-3-25 23:14:38 - debug: compress config of bundle gui success
2025-3-25 23:14:38 - debug: compress config of bundle prefabs...
2025-3-25 23:14:38 - debug: compress config of bundle prefabs success
2025-3-25 23:14:38 - debug: compress config of bundle sound...
2025-3-25 23:14:38 - debug: compress config of bundle sound success
2025-3-25 23:14:38 - debug: output config of bundle internal
2025-3-25 23:14:38 - debug: output config of bundle internal success
2025-3-25 23:14:38 - debug: output config of bundle main
2025-3-25 23:14:38 - debug: output config of bundle main success
2025-3-25 23:14:38 - debug: output config of bundle atlas
2025-3-25 23:14:38 - debug: output config of bundle atlas success
2025-3-25 23:14:38 - debug: output config of bundle gui
2025-3-25 23:14:38 - debug: output config of bundle gui success
2025-3-25 23:14:38 - debug: output config of bundle prefabs
2025-3-25 23:14:38 - debug: output config of bundle prefabs success
2025-3-25 23:14:38 - debug: output config of bundle sound
2025-3-25 23:14:38 - debug: output config of bundle sound success
2025-3-25 23:14:38 - debug: Output asset in bundles success, progress: 7%
2025-3-25 23:14:38 - debug: run bundle task outputBundle success!, progress: 7%
2025-3-25 23:14:38 - debug:  start, progress: 7%
2025-3-25 23:14:38 - debug: // ---- build task  ----
2025-3-25 23:14:38 - debug: // ---- build task  ---- (143ms)
2025-3-25 23:14:38 - debug: run build task  success in 143 ms√, progress: 9%
2025-3-25 23:14:38 - debug: [Build Memory track]:  start:176.11MB, end 175.46MB, increase: -671.93KB
2025-3-25 23:14:38 - debug: 整理部分构建选项内数据到 settings.json start, progress: 9%
2025-3-25 23:14:38 - debug: // ---- build task 整理部分构建选项内数据到 settings.json ----
2025-3-25 23:14:38 - debug: // ---- build task 整理部分构建选项内数据到 settings.json ---- (55ms)
2025-3-25 23:14:38 - debug: run build task 整理部分构建选项内数据到 settings.json success in 55 ms√, progress: 11%
2025-3-25 23:14:38 - debug: [Build Memory track]: 整理部分构建选项内数据到 settings.json start:175.49MB, end 175.55MB, increase: 63.85KB
2025-3-25 23:14:38 - debug: 填充脚本数据到 settings.json start, progress: 11%
2025-3-25 23:14:38 - debug: // ---- build task 填充脚本数据到 settings.json ----
2025-3-25 23:14:38 - debug: // ---- build task 填充脚本数据到 settings.json ---- (63ms)
2025-3-25 23:14:38 - debug: run build task 填充脚本数据到 settings.json success in 63 ms√, progress: 12%
2025-3-25 23:14:38 - debug: [Build Memory track]: 填充脚本数据到 settings.json start:175.58MB, end 175.65MB, increase: 65.06KB
2025-3-25 23:14:38 - log: Asset DB is resume!
2025-3-25 23:14:39 - debug: [Build Memory track]: builder:build-project-total start:189.68MB, end 175.67MB, increase: -14348.48KB
2025-3-25 23:14:39 - debug: ================================ build Task (wechatgame) Finished in (15 s)ms ================================
