20:45:03.032 debug: 2025/6/26 20:45:03
20:45:03.033 debug: Project: C:\Users\zzx\Desktop\mygame
20:45:03.034 debug: Targets: editor,preview
20:45:03.070 debug: Incremental file seems great.
20:45:03.073 debug: Engine path: C:\ProgramData\cocos\editors\Creator\3.8.5\resources\resources\3d\engine
20:45:03.135 debug: Initializing target [Editor]
20:45:03.138 debug: Loading cache
20:45:03.176 debug: Loading cache costs 37.723699999995006ms.
20:45:03.177 debug: Engine features shipped in editor: base,gfx-webgl,gfx-webgl2,gfx-empty,gfx-webgpu,3d,animation,skeletal-animation,2d,ui,particle,particle-2d,physics-framework,physics-2d-framework,physics-2d-box2d-wasm,intersection-2d,primitive,profiler,occlusion-query,geometry-renderer,debug-renderer,audio,video,xr,light-probe,terrain,webview,tween,tiled-map,vendor-google,spine,dragon-bones,marionette,procedural-animation,custom-pipeline,custom-pipeline-builtin-scripts,custom-pipeline-post-process,legacy-pipeline,websocket,websocket-server,meshopt
20:45:03.179 debug: Our import map(foo:/bar): {
  "imports": {
    "cc": "cce:/internal/x/cc"
  }
}
20:45:03.179 debug: Initializing target [Preview]
20:45:03.180 debug: Loading cache
20:45:03.217 debug: Loading cache costs 36.503499999998894ms.
20:45:03.218 debug: Our import map(foo:/bar): {
  "imports": {
    "cc": "cce:/internal/x/cc"
  }
}
20:45:03.518 debug: Sync engine features: 2d,animation,audio,base,custom-pipeline,gfx-webgl,gfx-webgl2,intersection-2d,physics-2d-box2d,profiler,tween,ui,video,webview
20:45:03.549 debug: Reset databases. Enumerated domains: [
  {
    "root": "db://internal/",
    "physical": "C:\\ProgramData\\cocos\\editors\\Creator\\3.8.5\\resources\\resources\\3d\\engine\\editor\\assets"
  },
  {
    "root": "db://assets/",
    "physical": "C:\\Users\\zzx\\Desktop\\mygame\\assets"
  }
]
20:45:03.551 debug: Our import map(foo:/bar): {
  "imports": {
    "cc": "cce:/internal/x/cc",
    "db://internal/": "file:///C:/ProgramData/cocos/editors/Creator/3.8.5/resources/resources/3d/engine/editor/assets/",
    "db://assets/": "file:///C:/Users/zzx/Desktop/mygame/assets/"
  }
}
20:45:03.561 debug: Our import map(foo:/bar): {
  "imports": {
    "cc": "cce:/internal/x/cc",
    "db://internal/": "file:///C:/ProgramData/cocos/editors/Creator/3.8.5/resources/resources/3d/engine/editor/assets/",
    "db://assets/": "file:///C:/Users/zzx/Desktop/mygame/assets/"
  }
}
20:45:03.571 debug: Pulling asset-db.
20:45:03.623 debug: Fetch asset-db cost: 51.88670000000275ms.
20:45:03.629 debug: Build iteration starts.
Number of accumulated asset changes: 15
Feature changed: false
20:45:03.631 debug: Target(editor) build started.
20:45:03.654 debug: Detected change: cce:/internal/x/cc. Last mtime: Thu Jan 01 1970 07:00:07 GMT+0700 (中南半岛时间), Current mtime: Thu Jan 01 1970 07:00:57 GMT+0700 (中南半岛时间)
20:45:03.655 debug: Inspect cce:/internal/x/cc
20:45:04.119 debug: transform url: 'cce:/internal/x/cc' costs: 464.20 ms
20:45:04.125 debug: Resolve cce:/internal/x/cc-fu/base from cce:/internal/x/cc as external dependency cce:/internal/x/cc-fu/base.
20:45:04.125 debug: Resolve cce:/internal/x/cc-fu/gfx-webgl from cce:/internal/x/cc as external dependency cce:/internal/x/cc-fu/gfx-webgl.
20:45:04.125 debug: Resolve cce:/internal/x/cc-fu/gfx-webgl2 from cce:/internal/x/cc as external dependency cce:/internal/x/cc-fu/gfx-webgl2.
20:45:04.126 debug: Resolve cce:/internal/x/cc-fu/gfx-empty from cce:/internal/x/cc as external dependency cce:/internal/x/cc-fu/gfx-empty.
20:45:04.126 debug: Resolve cce:/internal/x/cc-fu/gfx-webgpu from cce:/internal/x/cc as external dependency cce:/internal/x/cc-fu/gfx-webgpu.
20:45:04.126 debug: Resolve cce:/internal/x/cc-fu/3d from cce:/internal/x/cc as external dependency cce:/internal/x/cc-fu/3d.
20:45:04.126 debug: Resolve cce:/internal/x/cc-fu/animation from cce:/internal/x/cc as external dependency cce:/internal/x/cc-fu/animation.
20:45:04.127 debug: Resolve cce:/internal/x/cc-fu/skeletal-animation from cce:/internal/x/cc as external dependency cce:/internal/x/cc-fu/skeletal-animation.
20:45:04.127 debug: Resolve cce:/internal/x/cc-fu/2d from cce:/internal/x/cc as external dependency cce:/internal/x/cc-fu/2d.
20:45:04.127 debug: Resolve cce:/internal/x/cc-fu/sorting from cce:/internal/x/cc as external dependency cce:/internal/x/cc-fu/sorting.
20:45:04.128 debug: Resolve cce:/internal/x/cc-fu/ui from cce:/internal/x/cc as external dependency cce:/internal/x/cc-fu/ui.
20:45:04.128 debug: Resolve cce:/internal/x/cc-fu/particle from cce:/internal/x/cc as external dependency cce:/internal/x/cc-fu/particle.
20:45:04.128 debug: Resolve cce:/internal/x/cc-fu/particle-2d from cce:/internal/x/cc as external dependency cce:/internal/x/cc-fu/particle-2d.
20:45:04.130 debug: Resolve cce:/internal/x/cc-fu/physics-framework from cce:/internal/x/cc as external dependency cce:/internal/x/cc-fu/physics-framework.
20:45:04.130 debug: Resolve cce:/internal/x/cc-fu/physics-2d-framework from cce:/internal/x/cc as external dependency cce:/internal/x/cc-fu/physics-2d-framework.
20:45:04.130 debug: Resolve cce:/internal/x/cc-fu/physics-2d-box2d-wasm from cce:/internal/x/cc as external dependency cce:/internal/x/cc-fu/physics-2d-box2d-wasm.
20:45:04.131 debug: Resolve cce:/internal/x/cc-fu/intersection-2d from cce:/internal/x/cc as external dependency cce:/internal/x/cc-fu/intersection-2d.
20:45:04.131 debug: Resolve cce:/internal/x/cc-fu/primitive from cce:/internal/x/cc as external dependency cce:/internal/x/cc-fu/primitive.
20:45:04.132 debug: Resolve cce:/internal/x/cc-fu/profiler from cce:/internal/x/cc as external dependency cce:/internal/x/cc-fu/profiler.
20:45:04.132 debug: Resolve cce:/internal/x/cc-fu/geometry-renderer from cce:/internal/x/cc as external dependency cce:/internal/x/cc-fu/geometry-renderer.
20:45:04.133 debug: Resolve cce:/internal/x/cc-fu/audio from cce:/internal/x/cc as external dependency cce:/internal/x/cc-fu/audio.
20:45:04.133 debug: Resolve cce:/internal/x/cc-fu/video from cce:/internal/x/cc as external dependency cce:/internal/x/cc-fu/video.
20:45:04.133 debug: Resolve cce:/internal/x/cc-fu/xr from cce:/internal/x/cc as external dependency cce:/internal/x/cc-fu/xr.
20:45:04.133 debug: Resolve cce:/internal/x/cc-fu/light-probe from cce:/internal/x/cc as external dependency cce:/internal/x/cc-fu/light-probe.
20:45:04.134 debug: Resolve cce:/internal/x/cc-fu/terrain from cce:/internal/x/cc as external dependency cce:/internal/x/cc-fu/terrain.
20:45:04.134 debug: Resolve cce:/internal/x/cc-fu/webview from cce:/internal/x/cc as external dependency cce:/internal/x/cc-fu/webview.
20:45:04.134 debug: Resolve cce:/internal/x/cc-fu/tween from cce:/internal/x/cc as external dependency cce:/internal/x/cc-fu/tween.
20:45:04.134 debug: Resolve cce:/internal/x/cc-fu/tiled-map from cce:/internal/x/cc as external dependency cce:/internal/x/cc-fu/tiled-map.
20:45:04.135 debug: Resolve cce:/internal/x/cc-fu/vendor-google from cce:/internal/x/cc as external dependency cce:/internal/x/cc-fu/vendor-google.
20:45:04.135 debug: Resolve cce:/internal/x/cc-fu/spine from cce:/internal/x/cc as external dependency cce:/internal/x/cc-fu/spine.
20:45:04.135 debug: Resolve cce:/internal/x/cc-fu/dragon-bones from cce:/internal/x/cc as external dependency cce:/internal/x/cc-fu/dragon-bones.
20:45:04.136 debug: Resolve cce:/internal/x/cc-fu/custom-pipeline from cce:/internal/x/cc as external dependency cce:/internal/x/cc-fu/custom-pipeline.
20:45:04.137 debug: Resolve cce:/internal/x/cc-fu/custom-pipeline-post-process from cce:/internal/x/cc as external dependency cce:/internal/x/cc-fu/custom-pipeline-post-process.
20:45:04.138 debug: Resolve cce:/internal/x/cc-fu/legacy-pipeline from cce:/internal/x/cc as external dependency cce:/internal/x/cc-fu/legacy-pipeline.
20:45:04.139 debug: Detected change: cce:/internal/x/prerequisite-imports. Last mtime: Thu Jan 01 1970 07:58:45 GMT+0700 (中南半岛时间), Current mtime: Thu Jan 01 1970 07:00:57 GMT+0700 (中南半岛时间)
20:45:04.139 debug: Inspect cce:/internal/x/prerequisite-imports
20:45:04.303 debug: transform url: 'cce:/internal/x/prerequisite-imports' costs: 163.30 ms
20:45:04.314 debug: Resolve file:///C:/ProgramData/cocos/editors/Creator/3.8.5/resources/resources/3d/engine/editor/assets/default_renderpipeline/builtin-dof-pass.ts from cce:/internal/x/prerequisite-imports as file:///C:/ProgramData/cocos/editors/Creator/3.8.5/resources/resources/3d/engine/editor/assets/default_renderpipeline/builtin-dof-pass.ts.
20:45:04.323 debug: Resolve file:///C:/ProgramData/cocos/editors/Creator/3.8.5/resources/resources/3d/engine/editor/assets/default_renderpipeline/builtin-pipeline-pass.ts from cce:/internal/x/prerequisite-imports as file:///C:/ProgramData/cocos/editors/Creator/3.8.5/resources/resources/3d/engine/editor/assets/default_renderpipeline/builtin-pipeline-pass.ts.
20:45:04.331 debug: Resolve file:///C:/ProgramData/cocos/editors/Creator/3.8.5/resources/resources/3d/engine/editor/assets/default_renderpipeline/builtin-pipeline-settings.ts from cce:/internal/x/prerequisite-imports as file:///C:/ProgramData/cocos/editors/Creator/3.8.5/resources/resources/3d/engine/editor/assets/default_renderpipeline/builtin-pipeline-settings.ts.
20:45:04.338 debug: Resolve file:///C:/ProgramData/cocos/editors/Creator/3.8.5/resources/resources/3d/engine/editor/assets/default_renderpipeline/builtin-pipeline-types.ts from cce:/internal/x/prerequisite-imports as file:///C:/ProgramData/cocos/editors/Creator/3.8.5/resources/resources/3d/engine/editor/assets/default_renderpipeline/builtin-pipeline-types.ts.
20:45:04.344 debug: Resolve file:///C:/ProgramData/cocos/editors/Creator/3.8.5/resources/resources/3d/engine/editor/assets/default_renderpipeline/builtin-pipeline.ts from cce:/internal/x/prerequisite-imports as file:///C:/ProgramData/cocos/editors/Creator/3.8.5/resources/resources/3d/engine/editor/assets/default_renderpipeline/builtin-pipeline.ts.
20:45:04.353 debug: Resolve file:///C:/ProgramData/cocos/editors/Creator/3.8.5/resources/resources/3d/engine/editor/assets/tools/debug-view-runtime-control.ts from cce:/internal/x/prerequisite-imports as file:///C:/ProgramData/cocos/editors/Creator/3.8.5/resources/resources/3d/engine/editor/assets/tools/debug-view-runtime-control.ts.
20:45:04.358 debug: Resolve file:///C:/Users/zzx/Desktop/mygame/assets/scripts/OpenContext.ts from cce:/internal/x/prerequisite-imports as file:///C:/Users/zzx/Desktop/mygame/assets/scripts/OpenContext.ts.
20:45:04.359 debug: Detected change: file:///C:/Users/zzx/Desktop/mygame/assets/scripts/OpenContext.ts. Last mtime: Tue Jun 24 2025 21:20:35 GMT+0700 (中南半岛时间)@2d8b1f7a-1f24-4ac5-a538-41ce7089ee70, Current mtime: Thu Jun 26 2025 20:42:34 GMT+0700 (中南半岛时间)@2d8b1f7a-1f24-4ac5-a538-41ce7089ee70
20:45:04.360 debug: Inspect file:///C:/Users/zzx/Desktop/mygame/assets/scripts/OpenContext.ts
20:45:04.802 debug: transform url: 'file:///C:/Users/zzx/Desktop/mygame/assets/scripts/OpenContext.ts' costs: 442.00 ms
20:45:04.812 debug: Resolve file:///C:/Users/zzx/Desktop/mygame/assets/scripts/audioManager.ts from cce:/internal/x/prerequisite-imports as file:///C:/Users/zzx/Desktop/mygame/assets/scripts/audioManager.ts.
20:45:04.815 debug: Resolve file:///C:/Users/zzx/Desktop/mygame/assets/scripts/gameLanch.ts from cce:/internal/x/prerequisite-imports as file:///C:/Users/zzx/Desktop/mygame/assets/scripts/gameLanch.ts.
20:45:04.823 debug: Resolve file:///C:/Users/zzx/Desktop/mygame/assets/scripts/gameLoadingNode.ts from cce:/internal/x/prerequisite-imports as file:///C:/Users/zzx/Desktop/mygame/assets/scripts/gameLoadingNode.ts.
20:45:04.828 debug: Resolve file:///C:/Users/zzx/Desktop/mygame/assets/scripts/gameStart.ts from cce:/internal/x/prerequisite-imports as file:///C:/Users/zzx/Desktop/mygame/assets/scripts/gameStart.ts.
20:45:04.829 debug: Detected change: file:///C:/Users/zzx/Desktop/mygame/assets/scripts/gameStart.ts. Last mtime: Mon Jun 23 2025 21:57:48 GMT+0700 (中南半岛时间)@88827971-b6fe-43f5-9aa0-0dd386f91fea, Current mtime: Thu Jun 26 2025 20:42:34 GMT+0700 (中南半岛时间)@88827971-b6fe-43f5-9aa0-0dd386f91fea
20:45:04.830 debug: Inspect file:///C:/Users/zzx/Desktop/mygame/assets/scripts/gameStart.ts
20:45:05.525 debug: transform url: 'file:///C:/Users/zzx/Desktop/mygame/assets/scripts/gameStart.ts' costs: 695.40 ms
20:45:05.533 debug: Resolve file:///C:/Users/zzx/Desktop/mygame/assets/scripts/mjNode.ts from cce:/internal/x/prerequisite-imports as file:///C:/Users/zzx/Desktop/mygame/assets/scripts/mjNode.ts.
20:45:05.537 debug: Resolve file:///C:/Users/zzx/Desktop/mygame/assets/scripts/mjcard.ts from cce:/internal/x/prerequisite-imports as file:///C:/Users/zzx/Desktop/mygame/assets/scripts/mjcard.ts.
20:45:05.541 debug: Resolve file:///C:/Users/zzx/Desktop/mygame/assets/scripts/resMgr.ts from cce:/internal/x/prerequisite-imports as file:///C:/Users/zzx/Desktop/mygame/assets/scripts/resMgr.ts.
20:45:05.545 debug: Resolve file:///C:/Users/zzx/Desktop/mygame/assets/scripts/tools.ts from cce:/internal/x/prerequisite-imports as file:///C:/Users/zzx/Desktop/mygame/assets/scripts/tools.ts.
20:45:05.546 debug: Resolve cce:/internal/code-quality/cr.mjs from file:///C:/ProgramData/cocos/editors/Creator/3.8.5/resources/resources/3d/engine/editor/assets/default_renderpipeline/builtin-dof-pass.ts as cce:/internal/code-quality/cr.mjs.
20:45:05.548 debug: Detected change: cce:/internal/code-quality/cr.mjs. Last mtime: Thu Jun 26 2025 19:28:33 GMT+0700 (中南半岛时间), Current mtime: Thu Jun 26 2025 20:44:06 GMT+0700 (中南半岛时间)
20:45:05.548 debug: Inspect cce:/internal/code-quality/cr.mjs
20:45:05.640 debug: transform url: 'cce:/internal/code-quality/cr.mjs' costs: 92.10 ms
20:45:05.646 debug: Resolve cc from file:///C:/ProgramData/cocos/editors/Creator/3.8.5/resources/resources/3d/engine/editor/assets/default_renderpipeline/builtin-dof-pass.ts as cce:/internal/x/cc.
20:45:05.646 debug: Resolve cc from file:///C:/ProgramData/cocos/editors/Creator/3.8.5/resources/resources/3d/engine/editor/assets/default_renderpipeline/builtin-dof-pass.ts as cce:/internal/x/cc.
20:45:05.647 debug: Resolve cc from file:///C:/ProgramData/cocos/editors/Creator/3.8.5/resources/resources/3d/engine/editor/assets/default_renderpipeline/builtin-dof-pass.ts as cce:/internal/x/cc.
20:45:05.647 debug: Resolve cc/env from file:///C:/ProgramData/cocos/editors/Creator/3.8.5/resources/resources/3d/engine/editor/assets/default_renderpipeline/builtin-dof-pass.ts as external dependency cc/env.
20:45:05.652 debug: Resolve ./builtin-pipeline-settings from file:///C:/ProgramData/cocos/editors/Creator/3.8.5/resources/resources/3d/engine/editor/assets/default_renderpipeline/builtin-dof-pass.ts as file:///C:/ProgramData/cocos/editors/Creator/3.8.5/resources/resources/3d/engine/editor/assets/default_renderpipeline/builtin-pipeline-settings.ts.
20:45:05.660 debug: Resolve ./builtin-pipeline-pass from file:///C:/ProgramData/cocos/editors/Creator/3.8.5/resources/resources/3d/engine/editor/assets/default_renderpipeline/builtin-dof-pass.ts as file:///C:/ProgramData/cocos/editors/Creator/3.8.5/resources/resources/3d/engine/editor/assets/default_renderpipeline/builtin-pipeline-pass.ts.
20:45:05.665 debug: Resolve ./builtin-pipeline from file:///C:/ProgramData/cocos/editors/Creator/3.8.5/resources/resources/3d/engine/editor/assets/default_renderpipeline/builtin-dof-pass.ts as file:///C:/ProgramData/cocos/editors/Creator/3.8.5/resources/resources/3d/engine/editor/assets/default_renderpipeline/builtin-pipeline.ts.
20:45:05.667 debug: Resolve cce:/internal/code-quality/cr.mjs from file:///C:/ProgramData/cocos/editors/Creator/3.8.5/resources/resources/3d/engine/editor/assets/default_renderpipeline/builtin-pipeline-settings.ts as cce:/internal/code-quality/cr.mjs.
20:45:05.667 debug: Resolve cc from file:///C:/ProgramData/cocos/editors/Creator/3.8.5/resources/resources/3d/engine/editor/assets/default_renderpipeline/builtin-pipeline-settings.ts as cce:/internal/x/cc.
20:45:05.668 debug: Resolve cc from file:///C:/ProgramData/cocos/editors/Creator/3.8.5/resources/resources/3d/engine/editor/assets/default_renderpipeline/builtin-pipeline-settings.ts as cce:/internal/x/cc.
20:45:05.668 debug: Resolve cc from file:///C:/ProgramData/cocos/editors/Creator/3.8.5/resources/resources/3d/engine/editor/assets/default_renderpipeline/builtin-pipeline-settings.ts as cce:/internal/x/cc.
20:45:05.669 debug: Resolve cc/env from file:///C:/ProgramData/cocos/editors/Creator/3.8.5/resources/resources/3d/engine/editor/assets/default_renderpipeline/builtin-pipeline-settings.ts as external dependency cc/env.
20:45:05.677 debug: Resolve ./builtin-pipeline-types from file:///C:/ProgramData/cocos/editors/Creator/3.8.5/resources/resources/3d/engine/editor/assets/default_renderpipeline/builtin-pipeline-settings.ts as file:///C:/ProgramData/cocos/editors/Creator/3.8.5/resources/resources/3d/engine/editor/assets/default_renderpipeline/builtin-pipeline-types.ts.
20:45:05.678 debug: Resolve cc from file:///C:/ProgramData/cocos/editors/Creator/3.8.5/resources/resources/3d/engine/editor/assets/default_renderpipeline/builtin-pipeline-types.ts as cce:/internal/x/cc.
20:45:05.679 debug: Resolve cc from file:///C:/ProgramData/cocos/editors/Creator/3.8.5/resources/resources/3d/engine/editor/assets/default_renderpipeline/builtin-pipeline-types.ts as cce:/internal/x/cc.
20:45:05.679 debug: Resolve cc from file:///C:/ProgramData/cocos/editors/Creator/3.8.5/resources/resources/3d/engine/editor/assets/default_renderpipeline/builtin-pipeline-types.ts as cce:/internal/x/cc.
20:45:05.680 debug: Resolve cce:/internal/code-quality/cr.mjs from file:///C:/ProgramData/cocos/editors/Creator/3.8.5/resources/resources/3d/engine/editor/assets/default_renderpipeline/builtin-pipeline-pass.ts as cce:/internal/code-quality/cr.mjs.
20:45:05.680 debug: Resolve cc from file:///C:/ProgramData/cocos/editors/Creator/3.8.5/resources/resources/3d/engine/editor/assets/default_renderpipeline/builtin-pipeline-pass.ts as cce:/internal/x/cc.
20:45:05.681 debug: Resolve cc from file:///C:/ProgramData/cocos/editors/Creator/3.8.5/resources/resources/3d/engine/editor/assets/default_renderpipeline/builtin-pipeline-pass.ts as cce:/internal/x/cc.
20:45:05.681 debug: Resolve cc from file:///C:/ProgramData/cocos/editors/Creator/3.8.5/resources/resources/3d/engine/editor/assets/default_renderpipeline/builtin-pipeline-pass.ts as cce:/internal/x/cc.
20:45:05.688 debug: Resolve ./builtin-pipeline-settings from file:///C:/ProgramData/cocos/editors/Creator/3.8.5/resources/resources/3d/engine/editor/assets/default_renderpipeline/builtin-pipeline-pass.ts as file:///C:/ProgramData/cocos/editors/Creator/3.8.5/resources/resources/3d/engine/editor/assets/default_renderpipeline/builtin-pipeline-settings.ts.
20:45:05.689 debug: Resolve cc/env from file:///C:/ProgramData/cocos/editors/Creator/3.8.5/resources/resources/3d/engine/editor/assets/default_renderpipeline/builtin-pipeline-pass.ts as external dependency cc/env.
20:45:05.689 debug: Resolve cce:/internal/code-quality/cr.mjs from file:///C:/ProgramData/cocos/editors/Creator/3.8.5/resources/resources/3d/engine/editor/assets/default_renderpipeline/builtin-pipeline.ts as cce:/internal/code-quality/cr.mjs.
20:45:05.690 debug: Resolve cc from file:///C:/ProgramData/cocos/editors/Creator/3.8.5/resources/resources/3d/engine/editor/assets/default_renderpipeline/builtin-pipeline.ts as cce:/internal/x/cc.
20:45:05.691 debug: Resolve cc from file:///C:/ProgramData/cocos/editors/Creator/3.8.5/resources/resources/3d/engine/editor/assets/default_renderpipeline/builtin-pipeline.ts as cce:/internal/x/cc.
20:45:05.692 debug: Resolve cc from file:///C:/ProgramData/cocos/editors/Creator/3.8.5/resources/resources/3d/engine/editor/assets/default_renderpipeline/builtin-pipeline.ts as cce:/internal/x/cc.
20:45:05.693 debug: Resolve cc/env from file:///C:/ProgramData/cocos/editors/Creator/3.8.5/resources/resources/3d/engine/editor/assets/default_renderpipeline/builtin-pipeline.ts as external dependency cc/env.
20:45:05.699 debug: Resolve ./builtin-pipeline-types from file:///C:/ProgramData/cocos/editors/Creator/3.8.5/resources/resources/3d/engine/editor/assets/default_renderpipeline/builtin-pipeline.ts as file:///C:/ProgramData/cocos/editors/Creator/3.8.5/resources/resources/3d/engine/editor/assets/default_renderpipeline/builtin-pipeline-types.ts.
20:45:05.699 debug: Resolve cc from file:///C:/ProgramData/cocos/editors/Creator/3.8.5/resources/resources/3d/engine/editor/assets/tools/debug-view-runtime-control.ts as cce:/internal/x/cc.
20:45:05.700 debug: Resolve cc from file:///C:/ProgramData/cocos/editors/Creator/3.8.5/resources/resources/3d/engine/editor/assets/tools/debug-view-runtime-control.ts as cce:/internal/x/cc.
20:45:05.700 debug: Resolve cc from file:///C:/ProgramData/cocos/editors/Creator/3.8.5/resources/resources/3d/engine/editor/assets/tools/debug-view-runtime-control.ts as cce:/internal/x/cc.
20:45:05.700 debug: Resolve cce:/internal/code-quality/cr.mjs from file:///C:/Users/zzx/Desktop/mygame/assets/scripts/OpenContext.ts as cce:/internal/code-quality/cr.mjs.
20:45:05.701 debug: Resolve cc from file:///C:/Users/zzx/Desktop/mygame/assets/scripts/OpenContext.ts as cce:/internal/x/cc.
20:45:05.701 debug: Resolve cc from file:///C:/Users/zzx/Desktop/mygame/assets/scripts/OpenContext.ts as cce:/internal/x/cc.
20:45:05.701 debug: Resolve cc from file:///C:/Users/zzx/Desktop/mygame/assets/scripts/OpenContext.ts as cce:/internal/x/cc.
20:45:05.702 debug: Resolve cc/env from file:///C:/Users/zzx/Desktop/mygame/assets/scripts/OpenContext.ts as external dependency cc/env.
20:45:05.707 debug: Resolve ./tools from file:///C:/Users/zzx/Desktop/mygame/assets/scripts/OpenContext.ts as file:///C:/Users/zzx/Desktop/mygame/assets/scripts/tools.ts.
20:45:05.707 debug: Resolve cce:/internal/code-quality/cr.mjs from file:///C:/Users/zzx/Desktop/mygame/assets/scripts/tools.ts as cce:/internal/code-quality/cr.mjs.
20:45:05.709 debug: Resolve cc from file:///C:/Users/zzx/Desktop/mygame/assets/scripts/tools.ts as cce:/internal/x/cc.
20:45:05.710 debug: Resolve cc from file:///C:/Users/zzx/Desktop/mygame/assets/scripts/tools.ts as cce:/internal/x/cc.
20:45:05.710 debug: Resolve cc from file:///C:/Users/zzx/Desktop/mygame/assets/scripts/tools.ts as cce:/internal/x/cc.
20:45:05.715 debug: Resolve ./resMgr from file:///C:/Users/zzx/Desktop/mygame/assets/scripts/tools.ts as file:///C:/Users/zzx/Desktop/mygame/assets/scripts/resMgr.ts.
20:45:05.721 debug: Resolve ./audioManager from file:///C:/Users/zzx/Desktop/mygame/assets/scripts/tools.ts as file:///C:/Users/zzx/Desktop/mygame/assets/scripts/audioManager.ts.
20:45:05.722 debug: Resolve cc from file:///C:/Users/zzx/Desktop/mygame/assets/scripts/resMgr.ts as cce:/internal/x/cc.
20:45:05.723 debug: Resolve cc from file:///C:/Users/zzx/Desktop/mygame/assets/scripts/resMgr.ts as cce:/internal/x/cc.
20:45:05.723 debug: Resolve cc from file:///C:/Users/zzx/Desktop/mygame/assets/scripts/resMgr.ts as cce:/internal/x/cc.
20:45:05.723 debug: Resolve cc from file:///C:/Users/zzx/Desktop/mygame/assets/scripts/audioManager.ts as cce:/internal/x/cc.
20:45:05.724 debug: Resolve cc from file:///C:/Users/zzx/Desktop/mygame/assets/scripts/audioManager.ts as cce:/internal/x/cc.
20:45:05.724 debug: Resolve cc from file:///C:/Users/zzx/Desktop/mygame/assets/scripts/audioManager.ts as cce:/internal/x/cc.
20:45:05.724 debug: Resolve cce:/internal/code-quality/cr.mjs from file:///C:/Users/zzx/Desktop/mygame/assets/scripts/gameLanch.ts as cce:/internal/code-quality/cr.mjs.
20:45:05.725 debug: Resolve cc from file:///C:/Users/zzx/Desktop/mygame/assets/scripts/gameLanch.ts as cce:/internal/x/cc.
20:45:05.725 debug: Resolve cc from file:///C:/Users/zzx/Desktop/mygame/assets/scripts/gameLanch.ts as cce:/internal/x/cc.
20:45:05.726 debug: Resolve cc from file:///C:/Users/zzx/Desktop/mygame/assets/scripts/gameLanch.ts as cce:/internal/x/cc.
20:45:05.730 debug: Resolve ./resMgr from file:///C:/Users/zzx/Desktop/mygame/assets/scripts/gameLanch.ts as file:///C:/Users/zzx/Desktop/mygame/assets/scripts/resMgr.ts.
20:45:05.731 debug: Resolve cc from file:///C:/Users/zzx/Desktop/mygame/assets/scripts/gameLanch.ts as cce:/internal/x/cc.
20:45:05.733 debug: Resolve ./gameLoadingNode from file:///C:/Users/zzx/Desktop/mygame/assets/scripts/gameLanch.ts as file:///C:/Users/zzx/Desktop/mygame/assets/scripts/gameLoadingNode.ts.
20:45:05.734 debug: Resolve cce:/internal/code-quality/cr.mjs from file:///C:/Users/zzx/Desktop/mygame/assets/scripts/gameLoadingNode.ts as cce:/internal/code-quality/cr.mjs.
20:45:05.734 debug: Resolve cc from file:///C:/Users/zzx/Desktop/mygame/assets/scripts/gameLoadingNode.ts as cce:/internal/x/cc.
20:45:05.735 debug: Resolve cc from file:///C:/Users/zzx/Desktop/mygame/assets/scripts/gameLoadingNode.ts as cce:/internal/x/cc.
20:45:05.736 debug: Resolve cc from file:///C:/Users/zzx/Desktop/mygame/assets/scripts/gameLoadingNode.ts as cce:/internal/x/cc.
20:45:05.739 debug: Resolve ./tools from file:///C:/Users/zzx/Desktop/mygame/assets/scripts/gameLoadingNode.ts as file:///C:/Users/zzx/Desktop/mygame/assets/scripts/tools.ts.
20:45:05.742 debug: Resolve ./resMgr from file:///C:/Users/zzx/Desktop/mygame/assets/scripts/gameLoadingNode.ts as file:///C:/Users/zzx/Desktop/mygame/assets/scripts/resMgr.ts.
20:45:05.743 debug: Resolve cce:/internal/code-quality/cr.mjs from file:///C:/Users/zzx/Desktop/mygame/assets/scripts/gameStart.ts as cce:/internal/code-quality/cr.mjs.
20:45:05.743 debug: Resolve cc from file:///C:/Users/zzx/Desktop/mygame/assets/scripts/gameStart.ts as cce:/internal/x/cc.
20:45:05.744 debug: Resolve cc from file:///C:/Users/zzx/Desktop/mygame/assets/scripts/gameStart.ts as cce:/internal/x/cc.
20:45:05.744 debug: Resolve cc from file:///C:/Users/zzx/Desktop/mygame/assets/scripts/gameStart.ts as cce:/internal/x/cc.
20:45:05.748 debug: Resolve ./resMgr from file:///C:/Users/zzx/Desktop/mygame/assets/scripts/gameStart.ts as file:///C:/Users/zzx/Desktop/mygame/assets/scripts/resMgr.ts.
20:45:05.753 debug: Resolve ./tools from file:///C:/Users/zzx/Desktop/mygame/assets/scripts/gameStart.ts as file:///C:/Users/zzx/Desktop/mygame/assets/scripts/tools.ts.
20:45:05.754 debug: Resolve cce:/internal/code-quality/cr.mjs from file:///C:/Users/zzx/Desktop/mygame/assets/scripts/mjNode.ts as cce:/internal/code-quality/cr.mjs.
20:45:05.755 debug: Resolve cc from file:///C:/Users/zzx/Desktop/mygame/assets/scripts/mjNode.ts as cce:/internal/x/cc.
20:45:05.755 debug: Resolve cc from file:///C:/Users/zzx/Desktop/mygame/assets/scripts/mjNode.ts as cce:/internal/x/cc.
20:45:05.755 debug: Resolve cc from file:///C:/Users/zzx/Desktop/mygame/assets/scripts/mjNode.ts as cce:/internal/x/cc.
20:45:05.759 debug: Resolve ./tools from file:///C:/Users/zzx/Desktop/mygame/assets/scripts/mjNode.ts as file:///C:/Users/zzx/Desktop/mygame/assets/scripts/tools.ts.
20:45:05.762 debug: Resolve ./gameStart from file:///C:/Users/zzx/Desktop/mygame/assets/scripts/mjNode.ts as file:///C:/Users/zzx/Desktop/mygame/assets/scripts/gameStart.ts.
20:45:05.766 debug: Resolve ./audioManager from file:///C:/Users/zzx/Desktop/mygame/assets/scripts/mjNode.ts as file:///C:/Users/zzx/Desktop/mygame/assets/scripts/audioManager.ts.
20:45:05.766 debug: Resolve cce:/internal/code-quality/cr.mjs from file:///C:/Users/zzx/Desktop/mygame/assets/scripts/mjcard.ts as cce:/internal/code-quality/cr.mjs.
20:45:05.767 debug: Resolve cc from file:///C:/Users/zzx/Desktop/mygame/assets/scripts/mjcard.ts as cce:/internal/x/cc.
20:45:05.768 debug: Resolve cc from file:///C:/Users/zzx/Desktop/mygame/assets/scripts/mjcard.ts as cce:/internal/x/cc.
20:45:05.768 debug: Resolve cc from file:///C:/Users/zzx/Desktop/mygame/assets/scripts/mjcard.ts as cce:/internal/x/cc.
20:45:05.772 debug: Resolve ./tools from file:///C:/Users/zzx/Desktop/mygame/assets/scripts/mjcard.ts as file:///C:/Users/zzx/Desktop/mygame/assets/scripts/tools.ts.
20:45:05.885 debug: Target(editor) ends with cost 2245.9011000000028ms.
20:45:05.887 debug: Target(preview) build started.
20:45:05.910 debug: Detected change: cce:/internal/x/cc. Last mtime: Thu Jan 01 1970 07:00:07 GMT+0700 (中南半岛时间), Current mtime: Thu Jan 01 1970 07:00:57 GMT+0700 (中南半岛时间)
20:45:05.910 debug: Inspect cce:/internal/x/cc
20:45:06.093 debug: transform url: 'cce:/internal/x/cc' costs: 182.90 ms
20:45:06.097 debug: Resolve cce:/internal/x/cc-fu/2d from cce:/internal/x/cc as external dependency cce:/internal/x/cc-fu/2d.
20:45:06.101 debug: Resolve cce:/internal/x/cc-fu/sorting from cce:/internal/x/cc as external dependency cce:/internal/x/cc-fu/sorting.
20:45:06.102 debug: Resolve cce:/internal/x/cc-fu/animation from cce:/internal/x/cc as external dependency cce:/internal/x/cc-fu/animation.
20:45:06.102 debug: Resolve cce:/internal/x/cc-fu/audio from cce:/internal/x/cc as external dependency cce:/internal/x/cc-fu/audio.
20:45:06.102 debug: Resolve cce:/internal/x/cc-fu/base from cce:/internal/x/cc as external dependency cce:/internal/x/cc-fu/base.
20:45:06.102 debug: Resolve cce:/internal/x/cc-fu/custom-pipeline from cce:/internal/x/cc as external dependency cce:/internal/x/cc-fu/custom-pipeline.
20:45:06.102 debug: Resolve cce:/internal/x/cc-fu/gfx-webgl from cce:/internal/x/cc as external dependency cce:/internal/x/cc-fu/gfx-webgl.
20:45:06.102 debug: Resolve cce:/internal/x/cc-fu/gfx-webgl2 from cce:/internal/x/cc as external dependency cce:/internal/x/cc-fu/gfx-webgl2.
20:45:06.102 debug: Resolve cce:/internal/x/cc-fu/intersection-2d from cce:/internal/x/cc as external dependency cce:/internal/x/cc-fu/intersection-2d.
20:45:06.103 debug: Resolve cce:/internal/x/cc-fu/physics-2d-box2d from cce:/internal/x/cc as external dependency cce:/internal/x/cc-fu/physics-2d-box2d.
20:45:06.103 debug: Resolve cce:/internal/x/cc-fu/physics-2d-framework from cce:/internal/x/cc as external dependency cce:/internal/x/cc-fu/physics-2d-framework.
20:45:06.103 debug: Resolve cce:/internal/x/cc-fu/profiler from cce:/internal/x/cc as external dependency cce:/internal/x/cc-fu/profiler.
20:45:06.103 debug: Resolve cce:/internal/x/cc-fu/tween from cce:/internal/x/cc as external dependency cce:/internal/x/cc-fu/tween.
20:45:06.104 debug: Resolve cce:/internal/x/cc-fu/ui from cce:/internal/x/cc as external dependency cce:/internal/x/cc-fu/ui.
20:45:06.104 debug: Resolve cce:/internal/x/cc-fu/video from cce:/internal/x/cc as external dependency cce:/internal/x/cc-fu/video.
20:45:06.104 debug: Resolve cce:/internal/x/cc-fu/webview from cce:/internal/x/cc as external dependency cce:/internal/x/cc-fu/webview.
20:45:06.104 debug: Detected change: cce:/internal/x/prerequisite-imports. Last mtime: Thu Jan 01 1970 07:58:45 GMT+0700 (中南半岛时间), Current mtime: Thu Jan 01 1970 07:01:00 GMT+0700 (中南半岛时间)
20:45:06.105 debug: Inspect cce:/internal/x/prerequisite-imports
20:45:06.178 debug: transform url: 'cce:/internal/x/prerequisite-imports' costs: 73.60 ms
20:45:06.188 debug: Resolve file:///C:/ProgramData/cocos/editors/Creator/3.8.5/resources/resources/3d/engine/editor/assets/default_renderpipeline/builtin-dof-pass.ts from cce:/internal/x/prerequisite-imports as file:///C:/ProgramData/cocos/editors/Creator/3.8.5/resources/resources/3d/engine/editor/assets/default_renderpipeline/builtin-dof-pass.ts.
20:45:06.193 debug: Resolve file:///C:/ProgramData/cocos/editors/Creator/3.8.5/resources/resources/3d/engine/editor/assets/default_renderpipeline/builtin-pipeline-pass.ts from cce:/internal/x/prerequisite-imports as file:///C:/ProgramData/cocos/editors/Creator/3.8.5/resources/resources/3d/engine/editor/assets/default_renderpipeline/builtin-pipeline-pass.ts.
20:45:06.198 debug: Resolve file:///C:/ProgramData/cocos/editors/Creator/3.8.5/resources/resources/3d/engine/editor/assets/default_renderpipeline/builtin-pipeline-settings.ts from cce:/internal/x/prerequisite-imports as file:///C:/ProgramData/cocos/editors/Creator/3.8.5/resources/resources/3d/engine/editor/assets/default_renderpipeline/builtin-pipeline-settings.ts.
20:45:06.202 debug: Resolve file:///C:/ProgramData/cocos/editors/Creator/3.8.5/resources/resources/3d/engine/editor/assets/default_renderpipeline/builtin-pipeline-types.ts from cce:/internal/x/prerequisite-imports as file:///C:/ProgramData/cocos/editors/Creator/3.8.5/resources/resources/3d/engine/editor/assets/default_renderpipeline/builtin-pipeline-types.ts.
20:45:06.206 debug: Resolve file:///C:/ProgramData/cocos/editors/Creator/3.8.5/resources/resources/3d/engine/editor/assets/default_renderpipeline/builtin-pipeline.ts from cce:/internal/x/prerequisite-imports as file:///C:/ProgramData/cocos/editors/Creator/3.8.5/resources/resources/3d/engine/editor/assets/default_renderpipeline/builtin-pipeline.ts.
20:45:06.210 debug: Resolve file:///C:/ProgramData/cocos/editors/Creator/3.8.5/resources/resources/3d/engine/editor/assets/tools/debug-view-runtime-control.ts from cce:/internal/x/prerequisite-imports as file:///C:/ProgramData/cocos/editors/Creator/3.8.5/resources/resources/3d/engine/editor/assets/tools/debug-view-runtime-control.ts.
20:45:06.213 debug: Resolve file:///C:/Users/zzx/Desktop/mygame/assets/scripts/OpenContext.ts from cce:/internal/x/prerequisite-imports as file:///C:/Users/zzx/Desktop/mygame/assets/scripts/OpenContext.ts.
20:45:06.214 debug: Detected change: file:///C:/Users/zzx/Desktop/mygame/assets/scripts/OpenContext.ts. Last mtime: Tue Jun 24 2025 21:20:35 GMT+0700 (中南半岛时间)@2d8b1f7a-1f24-4ac5-a538-41ce7089ee70, Current mtime: Thu Jun 26 2025 20:42:34 GMT+0700 (中南半岛时间)@2d8b1f7a-1f24-4ac5-a538-41ce7089ee70
20:45:06.214 debug: Inspect file:///C:/Users/zzx/Desktop/mygame/assets/scripts/OpenContext.ts
20:45:06.377 debug: transform url: 'file:///C:/Users/zzx/Desktop/mygame/assets/scripts/OpenContext.ts' costs: 163.20 ms
20:45:06.383 debug: Resolve file:///C:/Users/zzx/Desktop/mygame/assets/scripts/audioManager.ts from cce:/internal/x/prerequisite-imports as file:///C:/Users/zzx/Desktop/mygame/assets/scripts/audioManager.ts.
20:45:06.386 debug: Resolve file:///C:/Users/zzx/Desktop/mygame/assets/scripts/gameLanch.ts from cce:/internal/x/prerequisite-imports as file:///C:/Users/zzx/Desktop/mygame/assets/scripts/gameLanch.ts.
20:45:06.388 debug: Resolve file:///C:/Users/zzx/Desktop/mygame/assets/scripts/gameLoadingNode.ts from cce:/internal/x/prerequisite-imports as file:///C:/Users/zzx/Desktop/mygame/assets/scripts/gameLoadingNode.ts.
20:45:06.391 debug: Resolve file:///C:/Users/zzx/Desktop/mygame/assets/scripts/gameStart.ts from cce:/internal/x/prerequisite-imports as file:///C:/Users/zzx/Desktop/mygame/assets/scripts/gameStart.ts.
20:45:06.391 debug: Detected change: file:///C:/Users/zzx/Desktop/mygame/assets/scripts/gameStart.ts. Last mtime: Mon Jun 23 2025 21:57:48 GMT+0700 (中南半岛时间)@88827971-b6fe-43f5-9aa0-0dd386f91fea, Current mtime: Thu Jun 26 2025 20:42:34 GMT+0700 (中南半岛时间)@88827971-b6fe-43f5-9aa0-0dd386f91fea
20:45:06.392 debug: Inspect file:///C:/Users/zzx/Desktop/mygame/assets/scripts/gameStart.ts
20:45:06.674 debug: transform url: 'file:///C:/Users/zzx/Desktop/mygame/assets/scripts/gameStart.ts' costs: 282.20 ms
20:45:06.682 debug: Resolve file:///C:/Users/zzx/Desktop/mygame/assets/scripts/mjNode.ts from cce:/internal/x/prerequisite-imports as file:///C:/Users/zzx/Desktop/mygame/assets/scripts/mjNode.ts.
20:45:06.684 debug: Resolve file:///C:/Users/zzx/Desktop/mygame/assets/scripts/mjcard.ts from cce:/internal/x/prerequisite-imports as file:///C:/Users/zzx/Desktop/mygame/assets/scripts/mjcard.ts.
20:45:06.686 debug: Resolve file:///C:/Users/zzx/Desktop/mygame/assets/scripts/resMgr.ts from cce:/internal/x/prerequisite-imports as file:///C:/Users/zzx/Desktop/mygame/assets/scripts/resMgr.ts.
20:45:06.689 debug: Resolve file:///C:/Users/zzx/Desktop/mygame/assets/scripts/tools.ts from cce:/internal/x/prerequisite-imports as file:///C:/Users/zzx/Desktop/mygame/assets/scripts/tools.ts.
20:45:06.690 debug: Resolve cce:/internal/code-quality/cr.mjs from file:///C:/ProgramData/cocos/editors/Creator/3.8.5/resources/resources/3d/engine/editor/assets/default_renderpipeline/builtin-dof-pass.ts as cce:/internal/code-quality/cr.mjs.
20:45:06.690 debug: Detected change: cce:/internal/code-quality/cr.mjs. Last mtime: Thu Jun 26 2025 19:28:33 GMT+0700 (中南半岛时间), Current mtime: Thu Jun 26 2025 20:44:06 GMT+0700 (中南半岛时间)
20:45:06.691 debug: Inspect cce:/internal/code-quality/cr.mjs
20:45:06.767 debug: transform url: 'cce:/internal/code-quality/cr.mjs' costs: 76.00 ms
20:45:06.771 debug: Resolve cc from file:///C:/ProgramData/cocos/editors/Creator/3.8.5/resources/resources/3d/engine/editor/assets/default_renderpipeline/builtin-dof-pass.ts as cce:/internal/x/cc.
20:45:06.771 debug: Resolve cc from file:///C:/ProgramData/cocos/editors/Creator/3.8.5/resources/resources/3d/engine/editor/assets/default_renderpipeline/builtin-dof-pass.ts as cce:/internal/x/cc.
20:45:06.772 debug: Resolve cc from file:///C:/ProgramData/cocos/editors/Creator/3.8.5/resources/resources/3d/engine/editor/assets/default_renderpipeline/builtin-dof-pass.ts as cce:/internal/x/cc.
20:45:06.772 debug: Resolve cc/env from file:///C:/ProgramData/cocos/editors/Creator/3.8.5/resources/resources/3d/engine/editor/assets/default_renderpipeline/builtin-dof-pass.ts as external dependency cc/env.
20:45:06.776 debug: Resolve ./builtin-pipeline-settings from file:///C:/ProgramData/cocos/editors/Creator/3.8.5/resources/resources/3d/engine/editor/assets/default_renderpipeline/builtin-dof-pass.ts as file:///C:/ProgramData/cocos/editors/Creator/3.8.5/resources/resources/3d/engine/editor/assets/default_renderpipeline/builtin-pipeline-settings.ts.
20:45:06.780 debug: Resolve ./builtin-pipeline-pass from file:///C:/ProgramData/cocos/editors/Creator/3.8.5/resources/resources/3d/engine/editor/assets/default_renderpipeline/builtin-dof-pass.ts as file:///C:/ProgramData/cocos/editors/Creator/3.8.5/resources/resources/3d/engine/editor/assets/default_renderpipeline/builtin-pipeline-pass.ts.
20:45:06.785 debug: Resolve ./builtin-pipeline from file:///C:/ProgramData/cocos/editors/Creator/3.8.5/resources/resources/3d/engine/editor/assets/default_renderpipeline/builtin-dof-pass.ts as file:///C:/ProgramData/cocos/editors/Creator/3.8.5/resources/resources/3d/engine/editor/assets/default_renderpipeline/builtin-pipeline.ts.
20:45:06.786 debug: Resolve cce:/internal/code-quality/cr.mjs from file:///C:/ProgramData/cocos/editors/Creator/3.8.5/resources/resources/3d/engine/editor/assets/default_renderpipeline/builtin-pipeline-settings.ts as cce:/internal/code-quality/cr.mjs.
20:45:06.786 debug: Resolve cc from file:///C:/ProgramData/cocos/editors/Creator/3.8.5/resources/resources/3d/engine/editor/assets/default_renderpipeline/builtin-pipeline-settings.ts as cce:/internal/x/cc.
20:45:06.786 debug: Resolve cc from file:///C:/ProgramData/cocos/editors/Creator/3.8.5/resources/resources/3d/engine/editor/assets/default_renderpipeline/builtin-pipeline-settings.ts as cce:/internal/x/cc.
20:45:06.787 debug: Resolve cc from file:///C:/ProgramData/cocos/editors/Creator/3.8.5/resources/resources/3d/engine/editor/assets/default_renderpipeline/builtin-pipeline-settings.ts as cce:/internal/x/cc.
20:45:06.787 debug: Resolve cc/env from file:///C:/ProgramData/cocos/editors/Creator/3.8.5/resources/resources/3d/engine/editor/assets/default_renderpipeline/builtin-pipeline-settings.ts as external dependency cc/env.
20:45:06.791 debug: Resolve ./builtin-pipeline-types from file:///C:/ProgramData/cocos/editors/Creator/3.8.5/resources/resources/3d/engine/editor/assets/default_renderpipeline/builtin-pipeline-settings.ts as file:///C:/ProgramData/cocos/editors/Creator/3.8.5/resources/resources/3d/engine/editor/assets/default_renderpipeline/builtin-pipeline-types.ts.
20:45:06.791 debug: Resolve cc from file:///C:/ProgramData/cocos/editors/Creator/3.8.5/resources/resources/3d/engine/editor/assets/default_renderpipeline/builtin-pipeline-types.ts as cce:/internal/x/cc.
20:45:06.791 debug: Resolve cc from file:///C:/ProgramData/cocos/editors/Creator/3.8.5/resources/resources/3d/engine/editor/assets/default_renderpipeline/builtin-pipeline-types.ts as cce:/internal/x/cc.
20:45:06.792 debug: Resolve cc from file:///C:/ProgramData/cocos/editors/Creator/3.8.5/resources/resources/3d/engine/editor/assets/default_renderpipeline/builtin-pipeline-types.ts as cce:/internal/x/cc.
20:45:06.792 debug: Resolve cce:/internal/code-quality/cr.mjs from file:///C:/ProgramData/cocos/editors/Creator/3.8.5/resources/resources/3d/engine/editor/assets/default_renderpipeline/builtin-pipeline-pass.ts as cce:/internal/code-quality/cr.mjs.
20:45:06.792 debug: Resolve cc from file:///C:/ProgramData/cocos/editors/Creator/3.8.5/resources/resources/3d/engine/editor/assets/default_renderpipeline/builtin-pipeline-pass.ts as cce:/internal/x/cc.
20:45:06.792 debug: Resolve cc from file:///C:/ProgramData/cocos/editors/Creator/3.8.5/resources/resources/3d/engine/editor/assets/default_renderpipeline/builtin-pipeline-pass.ts as cce:/internal/x/cc.
20:45:06.793 debug: Resolve cc from file:///C:/ProgramData/cocos/editors/Creator/3.8.5/resources/resources/3d/engine/editor/assets/default_renderpipeline/builtin-pipeline-pass.ts as cce:/internal/x/cc.
20:45:06.799 debug: Resolve ./builtin-pipeline-settings from file:///C:/ProgramData/cocos/editors/Creator/3.8.5/resources/resources/3d/engine/editor/assets/default_renderpipeline/builtin-pipeline-pass.ts as file:///C:/ProgramData/cocos/editors/Creator/3.8.5/resources/resources/3d/engine/editor/assets/default_renderpipeline/builtin-pipeline-settings.ts.
20:45:06.799 debug: Resolve cc/env from file:///C:/ProgramData/cocos/editors/Creator/3.8.5/resources/resources/3d/engine/editor/assets/default_renderpipeline/builtin-pipeline-pass.ts as external dependency cc/env.
20:45:06.799 debug: Resolve cce:/internal/code-quality/cr.mjs from file:///C:/ProgramData/cocos/editors/Creator/3.8.5/resources/resources/3d/engine/editor/assets/default_renderpipeline/builtin-pipeline.ts as cce:/internal/code-quality/cr.mjs.
20:45:06.800 debug: Resolve cc from file:///C:/ProgramData/cocos/editors/Creator/3.8.5/resources/resources/3d/engine/editor/assets/default_renderpipeline/builtin-pipeline.ts as cce:/internal/x/cc.
20:45:06.802 debug: Resolve cc from file:///C:/ProgramData/cocos/editors/Creator/3.8.5/resources/resources/3d/engine/editor/assets/default_renderpipeline/builtin-pipeline.ts as cce:/internal/x/cc.
20:45:06.802 debug: Resolve cc from file:///C:/ProgramData/cocos/editors/Creator/3.8.5/resources/resources/3d/engine/editor/assets/default_renderpipeline/builtin-pipeline.ts as cce:/internal/x/cc.
20:45:06.803 debug: Resolve cc/env from file:///C:/ProgramData/cocos/editors/Creator/3.8.5/resources/resources/3d/engine/editor/assets/default_renderpipeline/builtin-pipeline.ts as external dependency cc/env.
20:45:06.807 debug: Resolve ./builtin-pipeline-types from file:///C:/ProgramData/cocos/editors/Creator/3.8.5/resources/resources/3d/engine/editor/assets/default_renderpipeline/builtin-pipeline.ts as file:///C:/ProgramData/cocos/editors/Creator/3.8.5/resources/resources/3d/engine/editor/assets/default_renderpipeline/builtin-pipeline-types.ts.
20:45:06.808 debug: Resolve cc from file:///C:/ProgramData/cocos/editors/Creator/3.8.5/resources/resources/3d/engine/editor/assets/tools/debug-view-runtime-control.ts as cce:/internal/x/cc.
20:45:06.808 debug: Resolve cc from file:///C:/ProgramData/cocos/editors/Creator/3.8.5/resources/resources/3d/engine/editor/assets/tools/debug-view-runtime-control.ts as cce:/internal/x/cc.
20:45:06.808 debug: Resolve cc from file:///C:/ProgramData/cocos/editors/Creator/3.8.5/resources/resources/3d/engine/editor/assets/tools/debug-view-runtime-control.ts as cce:/internal/x/cc.
20:45:06.809 debug: Resolve cce:/internal/code-quality/cr.mjs from file:///C:/Users/zzx/Desktop/mygame/assets/scripts/OpenContext.ts as cce:/internal/code-quality/cr.mjs.
20:45:06.809 debug: Resolve cc from file:///C:/Users/zzx/Desktop/mygame/assets/scripts/OpenContext.ts as cce:/internal/x/cc.
20:45:06.809 debug: Resolve cc from file:///C:/Users/zzx/Desktop/mygame/assets/scripts/OpenContext.ts as cce:/internal/x/cc.
20:45:06.809 debug: Resolve cc from file:///C:/Users/zzx/Desktop/mygame/assets/scripts/OpenContext.ts as cce:/internal/x/cc.
20:45:06.809 debug: Resolve cc/env from file:///C:/Users/zzx/Desktop/mygame/assets/scripts/OpenContext.ts as external dependency cc/env.
20:45:06.812 debug: Resolve ./tools from file:///C:/Users/zzx/Desktop/mygame/assets/scripts/OpenContext.ts as file:///C:/Users/zzx/Desktop/mygame/assets/scripts/tools.ts.
20:45:06.813 debug: Resolve cce:/internal/code-quality/cr.mjs from file:///C:/Users/zzx/Desktop/mygame/assets/scripts/tools.ts as cce:/internal/code-quality/cr.mjs.
20:45:06.814 debug: Resolve cc from file:///C:/Users/zzx/Desktop/mygame/assets/scripts/tools.ts as cce:/internal/x/cc.
20:45:06.815 debug: Resolve cc from file:///C:/Users/zzx/Desktop/mygame/assets/scripts/tools.ts as cce:/internal/x/cc.
20:45:06.822 debug: Resolve cc from file:///C:/Users/zzx/Desktop/mygame/assets/scripts/tools.ts as cce:/internal/x/cc.
20:45:06.824 debug: Resolve ./resMgr from file:///C:/Users/zzx/Desktop/mygame/assets/scripts/tools.ts as file:///C:/Users/zzx/Desktop/mygame/assets/scripts/resMgr.ts.
20:45:06.827 debug: Resolve ./audioManager from file:///C:/Users/zzx/Desktop/mygame/assets/scripts/tools.ts as file:///C:/Users/zzx/Desktop/mygame/assets/scripts/audioManager.ts.
20:45:06.828 debug: Resolve cc from file:///C:/Users/zzx/Desktop/mygame/assets/scripts/resMgr.ts as cce:/internal/x/cc.
20:45:06.828 debug: Resolve cc from file:///C:/Users/zzx/Desktop/mygame/assets/scripts/resMgr.ts as cce:/internal/x/cc.
20:45:06.828 debug: Resolve cc from file:///C:/Users/zzx/Desktop/mygame/assets/scripts/resMgr.ts as cce:/internal/x/cc.
20:45:06.828 debug: Resolve cc from file:///C:/Users/zzx/Desktop/mygame/assets/scripts/audioManager.ts as cce:/internal/x/cc.
20:45:06.829 debug: Resolve cc from file:///C:/Users/zzx/Desktop/mygame/assets/scripts/audioManager.ts as cce:/internal/x/cc.
20:45:06.829 debug: Resolve cc from file:///C:/Users/zzx/Desktop/mygame/assets/scripts/audioManager.ts as cce:/internal/x/cc.
20:45:06.829 debug: Resolve cce:/internal/code-quality/cr.mjs from file:///C:/Users/zzx/Desktop/mygame/assets/scripts/gameLanch.ts as cce:/internal/code-quality/cr.mjs.
20:45:06.829 debug: Resolve cc from file:///C:/Users/zzx/Desktop/mygame/assets/scripts/gameLanch.ts as cce:/internal/x/cc.
20:45:06.830 debug: Resolve cc from file:///C:/Users/zzx/Desktop/mygame/assets/scripts/gameLanch.ts as cce:/internal/x/cc.
20:45:06.831 debug: Resolve cc from file:///C:/Users/zzx/Desktop/mygame/assets/scripts/gameLanch.ts as cce:/internal/x/cc.
20:45:06.835 debug: Resolve ./resMgr from file:///C:/Users/zzx/Desktop/mygame/assets/scripts/gameLanch.ts as file:///C:/Users/zzx/Desktop/mygame/assets/scripts/resMgr.ts.
20:45:06.835 debug: Resolve cc from file:///C:/Users/zzx/Desktop/mygame/assets/scripts/gameLanch.ts as cce:/internal/x/cc.
20:45:06.837 debug: Resolve ./gameLoadingNode from file:///C:/Users/zzx/Desktop/mygame/assets/scripts/gameLanch.ts as file:///C:/Users/zzx/Desktop/mygame/assets/scripts/gameLoadingNode.ts.
20:45:06.838 debug: Resolve cce:/internal/code-quality/cr.mjs from file:///C:/Users/zzx/Desktop/mygame/assets/scripts/gameLoadingNode.ts as cce:/internal/code-quality/cr.mjs.
20:45:06.838 debug: Resolve cc from file:///C:/Users/zzx/Desktop/mygame/assets/scripts/gameLoadingNode.ts as cce:/internal/x/cc.
20:45:06.838 debug: Resolve cc from file:///C:/Users/zzx/Desktop/mygame/assets/scripts/gameLoadingNode.ts as cce:/internal/x/cc.
20:45:06.838 debug: Resolve cc from file:///C:/Users/zzx/Desktop/mygame/assets/scripts/gameLoadingNode.ts as cce:/internal/x/cc.
20:45:06.841 debug: Resolve ./tools from file:///C:/Users/zzx/Desktop/mygame/assets/scripts/gameLoadingNode.ts as file:///C:/Users/zzx/Desktop/mygame/assets/scripts/tools.ts.
20:45:06.844 debug: Resolve ./resMgr from file:///C:/Users/zzx/Desktop/mygame/assets/scripts/gameLoadingNode.ts as file:///C:/Users/zzx/Desktop/mygame/assets/scripts/resMgr.ts.
20:45:06.844 debug: Resolve cce:/internal/code-quality/cr.mjs from file:///C:/Users/zzx/Desktop/mygame/assets/scripts/gameStart.ts as cce:/internal/code-quality/cr.mjs.
20:45:06.844 debug: Resolve cc from file:///C:/Users/zzx/Desktop/mygame/assets/scripts/gameStart.ts as cce:/internal/x/cc.
20:45:06.845 debug: Resolve cc from file:///C:/Users/zzx/Desktop/mygame/assets/scripts/gameStart.ts as cce:/internal/x/cc.
20:45:06.845 debug: Resolve cc from file:///C:/Users/zzx/Desktop/mygame/assets/scripts/gameStart.ts as cce:/internal/x/cc.
20:45:06.847 debug: Resolve ./resMgr from file:///C:/Users/zzx/Desktop/mygame/assets/scripts/gameStart.ts as file:///C:/Users/zzx/Desktop/mygame/assets/scripts/resMgr.ts.
20:45:06.850 debug: Resolve ./tools from file:///C:/Users/zzx/Desktop/mygame/assets/scripts/gameStart.ts as file:///C:/Users/zzx/Desktop/mygame/assets/scripts/tools.ts.
20:45:06.850 debug: Resolve cce:/internal/code-quality/cr.mjs from file:///C:/Users/zzx/Desktop/mygame/assets/scripts/mjNode.ts as cce:/internal/code-quality/cr.mjs.
20:45:06.851 debug: Resolve cc from file:///C:/Users/zzx/Desktop/mygame/assets/scripts/mjNode.ts as cce:/internal/x/cc.
20:45:06.851 debug: Resolve cc from file:///C:/Users/zzx/Desktop/mygame/assets/scripts/mjNode.ts as cce:/internal/x/cc.
20:45:06.851 debug: Resolve cc from file:///C:/Users/zzx/Desktop/mygame/assets/scripts/mjNode.ts as cce:/internal/x/cc.
20:45:06.854 debug: Resolve ./tools from file:///C:/Users/zzx/Desktop/mygame/assets/scripts/mjNode.ts as file:///C:/Users/zzx/Desktop/mygame/assets/scripts/tools.ts.
20:45:06.856 debug: Resolve ./gameStart from file:///C:/Users/zzx/Desktop/mygame/assets/scripts/mjNode.ts as file:///C:/Users/zzx/Desktop/mygame/assets/scripts/gameStart.ts.
20:45:06.859 debug: Resolve ./audioManager from file:///C:/Users/zzx/Desktop/mygame/assets/scripts/mjNode.ts as file:///C:/Users/zzx/Desktop/mygame/assets/scripts/audioManager.ts.
20:45:06.860 debug: Resolve cce:/internal/code-quality/cr.mjs from file:///C:/Users/zzx/Desktop/mygame/assets/scripts/mjcard.ts as cce:/internal/code-quality/cr.mjs.
20:45:06.860 debug: Resolve cc from file:///C:/Users/zzx/Desktop/mygame/assets/scripts/mjcard.ts as cce:/internal/x/cc.
20:45:06.860 debug: Resolve cc from file:///C:/Users/zzx/Desktop/mygame/assets/scripts/mjcard.ts as cce:/internal/x/cc.
20:45:06.860 debug: Resolve cc from file:///C:/Users/zzx/Desktop/mygame/assets/scripts/mjcard.ts as cce:/internal/x/cc.
20:45:06.863 debug: Resolve ./tools from file:///C:/Users/zzx/Desktop/mygame/assets/scripts/mjcard.ts as file:///C:/Users/zzx/Desktop/mygame/assets/scripts/tools.ts.
20:45:06.931 debug: Target(preview) ends with cost 1043.3001000000004ms.
20:45:14.383 debug: Pulling asset-db.
20:45:18.018 debug: Fetch asset-db cost: 3634.1756999999925ms.
20:45:18.024 debug: Build iteration starts.
Number of accumulated asset changes: 15
Feature changed: false
20:45:18.025 debug: Target(editor) build started.
20:45:18.036 debug: Detected change: cce:/internal/x/prerequisite-imports. Last mtime: Thu Jan 01 1970 07:00:57 GMT+0700 (中南半岛时间), Current mtime: Thu Jan 01 1970 07:01:12 GMT+0700 (中南半岛时间)
20:45:18.037 debug: Inspect cce:/internal/x/prerequisite-imports
20:45:18.171 debug: transform url: 'cce:/internal/x/prerequisite-imports' costs: 134.00 ms
20:45:18.181 debug: Resolve file:///C:/ProgramData/cocos/editors/Creator/3.8.5/resources/resources/3d/engine/editor/assets/default_renderpipeline/builtin-dof-pass.ts from cce:/internal/x/prerequisite-imports as file:///C:/ProgramData/cocos/editors/Creator/3.8.5/resources/resources/3d/engine/editor/assets/default_renderpipeline/builtin-dof-pass.ts.
20:45:18.188 debug: Resolve file:///C:/ProgramData/cocos/editors/Creator/3.8.5/resources/resources/3d/engine/editor/assets/default_renderpipeline/builtin-pipeline-pass.ts from cce:/internal/x/prerequisite-imports as file:///C:/ProgramData/cocos/editors/Creator/3.8.5/resources/resources/3d/engine/editor/assets/default_renderpipeline/builtin-pipeline-pass.ts.
20:45:18.193 debug: Resolve file:///C:/ProgramData/cocos/editors/Creator/3.8.5/resources/resources/3d/engine/editor/assets/default_renderpipeline/builtin-pipeline-settings.ts from cce:/internal/x/prerequisite-imports as file:///C:/ProgramData/cocos/editors/Creator/3.8.5/resources/resources/3d/engine/editor/assets/default_renderpipeline/builtin-pipeline-settings.ts.
20:45:18.197 debug: Resolve file:///C:/ProgramData/cocos/editors/Creator/3.8.5/resources/resources/3d/engine/editor/assets/default_renderpipeline/builtin-pipeline-types.ts from cce:/internal/x/prerequisite-imports as file:///C:/ProgramData/cocos/editors/Creator/3.8.5/resources/resources/3d/engine/editor/assets/default_renderpipeline/builtin-pipeline-types.ts.
20:45:18.203 debug: Resolve file:///C:/ProgramData/cocos/editors/Creator/3.8.5/resources/resources/3d/engine/editor/assets/default_renderpipeline/builtin-pipeline.ts from cce:/internal/x/prerequisite-imports as file:///C:/ProgramData/cocos/editors/Creator/3.8.5/resources/resources/3d/engine/editor/assets/default_renderpipeline/builtin-pipeline.ts.
20:45:18.208 debug: Resolve file:///C:/ProgramData/cocos/editors/Creator/3.8.5/resources/resources/3d/engine/editor/assets/tools/debug-view-runtime-control.ts from cce:/internal/x/prerequisite-imports as file:///C:/ProgramData/cocos/editors/Creator/3.8.5/resources/resources/3d/engine/editor/assets/tools/debug-view-runtime-control.ts.
20:45:18.212 debug: Resolve file:///C:/Users/zzx/Desktop/mygame/assets/scripts/OpenContext.ts from cce:/internal/x/prerequisite-imports as file:///C:/Users/zzx/Desktop/mygame/assets/scripts/OpenContext.ts.
20:45:18.216 debug: Resolve file:///C:/Users/zzx/Desktop/mygame/assets/scripts/audioManager.ts from cce:/internal/x/prerequisite-imports as file:///C:/Users/zzx/Desktop/mygame/assets/scripts/audioManager.ts.
20:45:18.220 debug: Resolve file:///C:/Users/zzx/Desktop/mygame/assets/scripts/gameLanch.ts from cce:/internal/x/prerequisite-imports as file:///C:/Users/zzx/Desktop/mygame/assets/scripts/gameLanch.ts.
20:45:18.226 debug: Resolve file:///C:/Users/zzx/Desktop/mygame/assets/scripts/gameLoadingNode.ts from cce:/internal/x/prerequisite-imports as file:///C:/Users/zzx/Desktop/mygame/assets/scripts/gameLoadingNode.ts.
20:45:18.229 debug: Resolve file:///C:/Users/zzx/Desktop/mygame/assets/scripts/gameStart.ts from cce:/internal/x/prerequisite-imports as file:///C:/Users/zzx/Desktop/mygame/assets/scripts/gameStart.ts.
20:45:18.233 debug: Resolve file:///C:/Users/zzx/Desktop/mygame/assets/scripts/mjNode.ts from cce:/internal/x/prerequisite-imports as file:///C:/Users/zzx/Desktop/mygame/assets/scripts/mjNode.ts.
20:45:18.235 debug: Resolve file:///C:/Users/zzx/Desktop/mygame/assets/scripts/mjcard.ts from cce:/internal/x/prerequisite-imports as file:///C:/Users/zzx/Desktop/mygame/assets/scripts/mjcard.ts.
20:45:18.238 debug: Resolve file:///C:/Users/zzx/Desktop/mygame/assets/scripts/resMgr.ts from cce:/internal/x/prerequisite-imports as file:///C:/Users/zzx/Desktop/mygame/assets/scripts/resMgr.ts.
20:45:18.240 debug: Resolve file:///C:/Users/zzx/Desktop/mygame/assets/scripts/tools.ts from cce:/internal/x/prerequisite-imports as file:///C:/Users/zzx/Desktop/mygame/assets/scripts/tools.ts.
20:45:18.368 debug: Target(editor) ends with cost 342.767399999997ms.
20:45:18.370 debug: Target(preview) build started.
20:45:18.385 debug: Detected change: cce:/internal/x/prerequisite-imports. Last mtime: Thu Jan 01 1970 07:01:00 GMT+0700 (中南半岛时间), Current mtime: Thu Jan 01 1970 07:01:12 GMT+0700 (中南半岛时间)
20:45:18.385 debug: Inspect cce:/internal/x/prerequisite-imports
20:45:18.490 debug: transform url: 'cce:/internal/x/prerequisite-imports' costs: 104.40 ms
20:45:18.498 debug: Resolve file:///C:/ProgramData/cocos/editors/Creator/3.8.5/resources/resources/3d/engine/editor/assets/default_renderpipeline/builtin-dof-pass.ts from cce:/internal/x/prerequisite-imports as file:///C:/ProgramData/cocos/editors/Creator/3.8.5/resources/resources/3d/engine/editor/assets/default_renderpipeline/builtin-dof-pass.ts.
20:45:18.505 debug: Resolve file:///C:/ProgramData/cocos/editors/Creator/3.8.5/resources/resources/3d/engine/editor/assets/default_renderpipeline/builtin-pipeline-pass.ts from cce:/internal/x/prerequisite-imports as file:///C:/ProgramData/cocos/editors/Creator/3.8.5/resources/resources/3d/engine/editor/assets/default_renderpipeline/builtin-pipeline-pass.ts.
20:45:18.511 debug: Resolve file:///C:/ProgramData/cocos/editors/Creator/3.8.5/resources/resources/3d/engine/editor/assets/default_renderpipeline/builtin-pipeline-settings.ts from cce:/internal/x/prerequisite-imports as file:///C:/ProgramData/cocos/editors/Creator/3.8.5/resources/resources/3d/engine/editor/assets/default_renderpipeline/builtin-pipeline-settings.ts.
20:45:18.515 debug: Resolve file:///C:/ProgramData/cocos/editors/Creator/3.8.5/resources/resources/3d/engine/editor/assets/default_renderpipeline/builtin-pipeline-types.ts from cce:/internal/x/prerequisite-imports as file:///C:/ProgramData/cocos/editors/Creator/3.8.5/resources/resources/3d/engine/editor/assets/default_renderpipeline/builtin-pipeline-types.ts.
20:45:18.519 debug: Resolve file:///C:/ProgramData/cocos/editors/Creator/3.8.5/resources/resources/3d/engine/editor/assets/default_renderpipeline/builtin-pipeline.ts from cce:/internal/x/prerequisite-imports as file:///C:/ProgramData/cocos/editors/Creator/3.8.5/resources/resources/3d/engine/editor/assets/default_renderpipeline/builtin-pipeline.ts.
20:45:18.523 debug: Resolve file:///C:/ProgramData/cocos/editors/Creator/3.8.5/resources/resources/3d/engine/editor/assets/tools/debug-view-runtime-control.ts from cce:/internal/x/prerequisite-imports as file:///C:/ProgramData/cocos/editors/Creator/3.8.5/resources/resources/3d/engine/editor/assets/tools/debug-view-runtime-control.ts.
20:45:18.526 debug: Resolve file:///C:/Users/zzx/Desktop/mygame/assets/scripts/OpenContext.ts from cce:/internal/x/prerequisite-imports as file:///C:/Users/zzx/Desktop/mygame/assets/scripts/OpenContext.ts.
20:45:18.528 debug: Resolve file:///C:/Users/zzx/Desktop/mygame/assets/scripts/audioManager.ts from cce:/internal/x/prerequisite-imports as file:///C:/Users/zzx/Desktop/mygame/assets/scripts/audioManager.ts.
20:45:18.531 debug: Resolve file:///C:/Users/zzx/Desktop/mygame/assets/scripts/gameLanch.ts from cce:/internal/x/prerequisite-imports as file:///C:/Users/zzx/Desktop/mygame/assets/scripts/gameLanch.ts.
20:45:18.533 debug: Resolve file:///C:/Users/zzx/Desktop/mygame/assets/scripts/gameLoadingNode.ts from cce:/internal/x/prerequisite-imports as file:///C:/Users/zzx/Desktop/mygame/assets/scripts/gameLoadingNode.ts.
20:45:18.535 debug: Resolve file:///C:/Users/zzx/Desktop/mygame/assets/scripts/gameStart.ts from cce:/internal/x/prerequisite-imports as file:///C:/Users/zzx/Desktop/mygame/assets/scripts/gameStart.ts.
20:45:18.538 debug: Resolve file:///C:/Users/zzx/Desktop/mygame/assets/scripts/mjNode.ts from cce:/internal/x/prerequisite-imports as file:///C:/Users/zzx/Desktop/mygame/assets/scripts/mjNode.ts.
20:45:18.541 debug: Resolve file:///C:/Users/zzx/Desktop/mygame/assets/scripts/mjcard.ts from cce:/internal/x/prerequisite-imports as file:///C:/Users/zzx/Desktop/mygame/assets/scripts/mjcard.ts.
20:45:18.544 debug: Resolve file:///C:/Users/zzx/Desktop/mygame/assets/scripts/resMgr.ts from cce:/internal/x/prerequisite-imports as file:///C:/Users/zzx/Desktop/mygame/assets/scripts/resMgr.ts.
20:45:18.548 debug: Resolve file:///C:/Users/zzx/Desktop/mygame/assets/scripts/tools.ts from cce:/internal/x/prerequisite-imports as file:///C:/Users/zzx/Desktop/mygame/assets/scripts/tools.ts.
20:45:18.632 debug: Target(preview) ends with cost 262.0083000000013ms.
21:18:25.344 debug: Dispatch build request for time accumulated 1 asset changes.
21:18:25.349 debug: Build iteration starts.
Number of accumulated asset changes: 1
Feature changed: false
21:18:25.350 debug: Target(editor) build started.
21:18:25.360 debug: Detected change: cce:/internal/x/prerequisite-imports. Last mtime: Thu Jan 01 1970 07:01:12 GMT+0700 (中南半岛时间), Current mtime: Thu Jan 01 1970 07:34:19 GMT+0700 (中南半岛时间)
21:18:25.360 debug: Inspect cce:/internal/x/prerequisite-imports
21:18:25.462 debug: transform url: 'cce:/internal/x/prerequisite-imports' costs: 100.90 ms
21:18:25.475 debug: Resolve file:///C:/ProgramData/cocos/editors/Creator/3.8.5/resources/resources/3d/engine/editor/assets/default_renderpipeline/builtin-dof-pass.ts from cce:/internal/x/prerequisite-imports as file:///C:/ProgramData/cocos/editors/Creator/3.8.5/resources/resources/3d/engine/editor/assets/default_renderpipeline/builtin-dof-pass.ts.
21:18:25.481 debug: Resolve file:///C:/ProgramData/cocos/editors/Creator/3.8.5/resources/resources/3d/engine/editor/assets/default_renderpipeline/builtin-pipeline-pass.ts from cce:/internal/x/prerequisite-imports as file:///C:/ProgramData/cocos/editors/Creator/3.8.5/resources/resources/3d/engine/editor/assets/default_renderpipeline/builtin-pipeline-pass.ts.
21:18:25.486 debug: Resolve file:///C:/ProgramData/cocos/editors/Creator/3.8.5/resources/resources/3d/engine/editor/assets/default_renderpipeline/builtin-pipeline-settings.ts from cce:/internal/x/prerequisite-imports as file:///C:/ProgramData/cocos/editors/Creator/3.8.5/resources/resources/3d/engine/editor/assets/default_renderpipeline/builtin-pipeline-settings.ts.
21:18:25.492 debug: Resolve file:///C:/ProgramData/cocos/editors/Creator/3.8.5/resources/resources/3d/engine/editor/assets/default_renderpipeline/builtin-pipeline-types.ts from cce:/internal/x/prerequisite-imports as file:///C:/ProgramData/cocos/editors/Creator/3.8.5/resources/resources/3d/engine/editor/assets/default_renderpipeline/builtin-pipeline-types.ts.
21:18:25.497 debug: Resolve file:///C:/ProgramData/cocos/editors/Creator/3.8.5/resources/resources/3d/engine/editor/assets/default_renderpipeline/builtin-pipeline.ts from cce:/internal/x/prerequisite-imports as file:///C:/ProgramData/cocos/editors/Creator/3.8.5/resources/resources/3d/engine/editor/assets/default_renderpipeline/builtin-pipeline.ts.
21:18:25.506 debug: Resolve file:///C:/ProgramData/cocos/editors/Creator/3.8.5/resources/resources/3d/engine/editor/assets/tools/debug-view-runtime-control.ts from cce:/internal/x/prerequisite-imports as file:///C:/ProgramData/cocos/editors/Creator/3.8.5/resources/resources/3d/engine/editor/assets/tools/debug-view-runtime-control.ts.
21:18:25.511 debug: Resolve file:///C:/Users/zzx/Desktop/mygame/assets/scripts/OpenContext.ts from cce:/internal/x/prerequisite-imports as file:///C:/Users/zzx/Desktop/mygame/assets/scripts/OpenContext.ts.
21:18:25.513 debug: Resolve file:///C:/Users/zzx/Desktop/mygame/assets/scripts/audioManager.ts from cce:/internal/x/prerequisite-imports as file:///C:/Users/zzx/Desktop/mygame/assets/scripts/audioManager.ts.
21:18:25.521 debug: Resolve file:///C:/Users/zzx/Desktop/mygame/assets/scripts/gameLanch.ts from cce:/internal/x/prerequisite-imports as file:///C:/Users/zzx/Desktop/mygame/assets/scripts/gameLanch.ts.
21:18:25.523 debug: Resolve file:///C:/Users/zzx/Desktop/mygame/assets/scripts/gameLoadingNode.ts from cce:/internal/x/prerequisite-imports as file:///C:/Users/zzx/Desktop/mygame/assets/scripts/gameLoadingNode.ts.
21:18:25.525 debug: Resolve file:///C:/Users/zzx/Desktop/mygame/assets/scripts/gameStart.ts from cce:/internal/x/prerequisite-imports as file:///C:/Users/zzx/Desktop/mygame/assets/scripts/gameStart.ts.
21:18:25.526 debug: Detected change: file:///C:/Users/zzx/Desktop/mygame/assets/scripts/gameStart.ts. Last mtime: Thu Jun 26 2025 20:42:34 GMT+0700 (中南半岛时间)@88827971-b6fe-43f5-9aa0-0dd386f91fea, Current mtime: Thu Jun 26 2025 21:18:21 GMT+0700 (中南半岛时间)@88827971-b6fe-43f5-9aa0-0dd386f91fea
21:18:25.526 debug: Inspect file:///C:/Users/zzx/Desktop/mygame/assets/scripts/gameStart.ts
21:18:26.051 debug: transform url: 'file:///C:/Users/zzx/Desktop/mygame/assets/scripts/gameStart.ts' costs: 522.50 ms
21:18:26.064 debug: Resolve file:///C:/Users/zzx/Desktop/mygame/assets/scripts/mjNode.ts from cce:/internal/x/prerequisite-imports as file:///C:/Users/zzx/Desktop/mygame/assets/scripts/mjNode.ts.
21:18:26.068 debug: Resolve file:///C:/Users/zzx/Desktop/mygame/assets/scripts/mjcard.ts from cce:/internal/x/prerequisite-imports as file:///C:/Users/zzx/Desktop/mygame/assets/scripts/mjcard.ts.
21:18:26.072 debug: Resolve file:///C:/Users/zzx/Desktop/mygame/assets/scripts/resMgr.ts from cce:/internal/x/prerequisite-imports as file:///C:/Users/zzx/Desktop/mygame/assets/scripts/resMgr.ts.
21:18:26.075 debug: Resolve file:///C:/Users/zzx/Desktop/mygame/assets/scripts/tools.ts from cce:/internal/x/prerequisite-imports as file:///C:/Users/zzx/Desktop/mygame/assets/scripts/tools.ts.
21:18:26.078 debug: Resolve cce:/internal/code-quality/cr.mjs from file:///C:/Users/zzx/Desktop/mygame/assets/scripts/gameStart.ts as cce:/internal/code-quality/cr.mjs.
21:18:26.078 debug: Resolve cc from file:///C:/Users/zzx/Desktop/mygame/assets/scripts/gameStart.ts as cce:/internal/x/cc.
21:18:26.079 debug: Resolve cc from file:///C:/Users/zzx/Desktop/mygame/assets/scripts/gameStart.ts as cce:/internal/x/cc.
21:18:26.079 debug: Resolve cc from file:///C:/Users/zzx/Desktop/mygame/assets/scripts/gameStart.ts as cce:/internal/x/cc.
21:18:26.084 debug: Resolve ./resMgr from file:///C:/Users/zzx/Desktop/mygame/assets/scripts/gameStart.ts as file:///C:/Users/zzx/Desktop/mygame/assets/scripts/resMgr.ts.
21:18:26.089 debug: Resolve ./tools from file:///C:/Users/zzx/Desktop/mygame/assets/scripts/gameStart.ts as file:///C:/Users/zzx/Desktop/mygame/assets/scripts/tools.ts.
21:18:26.182 debug: Target(editor) ends with cost 831.6361000000034ms.
21:18:26.190 debug: Target(preview) build started.
21:18:26.238 debug: Detected change: cce:/internal/x/prerequisite-imports. Last mtime: Thu Jan 01 1970 07:01:12 GMT+0700 (中南半岛时间), Current mtime: Thu Jan 01 1970 07:34:20 GMT+0700 (中南半岛时间)
21:18:26.239 debug: Inspect cce:/internal/x/prerequisite-imports
21:18:26.426 debug: transform url: 'cce:/internal/x/prerequisite-imports' costs: 185.20 ms
21:18:26.450 debug: Resolve file:///C:/ProgramData/cocos/editors/Creator/3.8.5/resources/resources/3d/engine/editor/assets/default_renderpipeline/builtin-dof-pass.ts from cce:/internal/x/prerequisite-imports as file:///C:/ProgramData/cocos/editors/Creator/3.8.5/resources/resources/3d/engine/editor/assets/default_renderpipeline/builtin-dof-pass.ts.
21:18:26.462 debug: Resolve file:///C:/ProgramData/cocos/editors/Creator/3.8.5/resources/resources/3d/engine/editor/assets/default_renderpipeline/builtin-pipeline-pass.ts from cce:/internal/x/prerequisite-imports as file:///C:/ProgramData/cocos/editors/Creator/3.8.5/resources/resources/3d/engine/editor/assets/default_renderpipeline/builtin-pipeline-pass.ts.
21:18:26.468 debug: Resolve file:///C:/ProgramData/cocos/editors/Creator/3.8.5/resources/resources/3d/engine/editor/assets/default_renderpipeline/builtin-pipeline-settings.ts from cce:/internal/x/prerequisite-imports as file:///C:/ProgramData/cocos/editors/Creator/3.8.5/resources/resources/3d/engine/editor/assets/default_renderpipeline/builtin-pipeline-settings.ts.
21:18:26.477 debug: Resolve file:///C:/ProgramData/cocos/editors/Creator/3.8.5/resources/resources/3d/engine/editor/assets/default_renderpipeline/builtin-pipeline-types.ts from cce:/internal/x/prerequisite-imports as file:///C:/ProgramData/cocos/editors/Creator/3.8.5/resources/resources/3d/engine/editor/assets/default_renderpipeline/builtin-pipeline-types.ts.
21:18:26.482 debug: Resolve file:///C:/ProgramData/cocos/editors/Creator/3.8.5/resources/resources/3d/engine/editor/assets/default_renderpipeline/builtin-pipeline.ts from cce:/internal/x/prerequisite-imports as file:///C:/ProgramData/cocos/editors/Creator/3.8.5/resources/resources/3d/engine/editor/assets/default_renderpipeline/builtin-pipeline.ts.
21:18:26.490 debug: Resolve file:///C:/ProgramData/cocos/editors/Creator/3.8.5/resources/resources/3d/engine/editor/assets/tools/debug-view-runtime-control.ts from cce:/internal/x/prerequisite-imports as file:///C:/ProgramData/cocos/editors/Creator/3.8.5/resources/resources/3d/engine/editor/assets/tools/debug-view-runtime-control.ts.
21:18:26.496 debug: Resolve file:///C:/Users/zzx/Desktop/mygame/assets/scripts/OpenContext.ts from cce:/internal/x/prerequisite-imports as file:///C:/Users/zzx/Desktop/mygame/assets/scripts/OpenContext.ts.
21:18:26.501 debug: Resolve file:///C:/Users/zzx/Desktop/mygame/assets/scripts/audioManager.ts from cce:/internal/x/prerequisite-imports as file:///C:/Users/zzx/Desktop/mygame/assets/scripts/audioManager.ts.
21:18:26.505 debug: Resolve file:///C:/Users/zzx/Desktop/mygame/assets/scripts/gameLanch.ts from cce:/internal/x/prerequisite-imports as file:///C:/Users/zzx/Desktop/mygame/assets/scripts/gameLanch.ts.
21:18:26.511 debug: Resolve file:///C:/Users/zzx/Desktop/mygame/assets/scripts/gameLoadingNode.ts from cce:/internal/x/prerequisite-imports as file:///C:/Users/zzx/Desktop/mygame/assets/scripts/gameLoadingNode.ts.
21:18:26.515 debug: Resolve file:///C:/Users/zzx/Desktop/mygame/assets/scripts/gameStart.ts from cce:/internal/x/prerequisite-imports as file:///C:/Users/zzx/Desktop/mygame/assets/scripts/gameStart.ts.
21:18:26.516 debug: Detected change: file:///C:/Users/zzx/Desktop/mygame/assets/scripts/gameStart.ts. Last mtime: Thu Jun 26 2025 20:42:34 GMT+0700 (中南半岛时间)@88827971-b6fe-43f5-9aa0-0dd386f91fea, Current mtime: Thu Jun 26 2025 21:18:21 GMT+0700 (中南半岛时间)@88827971-b6fe-43f5-9aa0-0dd386f91fea
21:18:26.517 debug: Inspect file:///C:/Users/zzx/Desktop/mygame/assets/scripts/gameStart.ts
21:18:27.138 debug: transform url: 'file:///C:/Users/zzx/Desktop/mygame/assets/scripts/gameStart.ts' costs: 621.00 ms
21:18:27.165 debug: Resolve file:///C:/Users/zzx/Desktop/mygame/assets/scripts/mjNode.ts from cce:/internal/x/prerequisite-imports as file:///C:/Users/zzx/Desktop/mygame/assets/scripts/mjNode.ts.
21:18:27.173 debug: Resolve file:///C:/Users/zzx/Desktop/mygame/assets/scripts/mjcard.ts from cce:/internal/x/prerequisite-imports as file:///C:/Users/zzx/Desktop/mygame/assets/scripts/mjcard.ts.
21:18:27.177 debug: Resolve file:///C:/Users/zzx/Desktop/mygame/assets/scripts/resMgr.ts from cce:/internal/x/prerequisite-imports as file:///C:/Users/zzx/Desktop/mygame/assets/scripts/resMgr.ts.
21:18:27.182 debug: Resolve file:///C:/Users/zzx/Desktop/mygame/assets/scripts/tools.ts from cce:/internal/x/prerequisite-imports as file:///C:/Users/zzx/Desktop/mygame/assets/scripts/tools.ts.
21:18:27.184 debug: Resolve cce:/internal/code-quality/cr.mjs from file:///C:/Users/zzx/Desktop/mygame/assets/scripts/gameStart.ts as cce:/internal/code-quality/cr.mjs.
21:18:27.185 debug: Resolve cc from file:///C:/Users/zzx/Desktop/mygame/assets/scripts/gameStart.ts as cce:/internal/x/cc.
21:18:27.185 debug: Resolve cc from file:///C:/Users/zzx/Desktop/mygame/assets/scripts/gameStart.ts as cce:/internal/x/cc.
21:18:27.186 debug: Resolve cc from file:///C:/Users/zzx/Desktop/mygame/assets/scripts/gameStart.ts as cce:/internal/x/cc.
21:18:27.192 debug: Resolve ./resMgr from file:///C:/Users/zzx/Desktop/mygame/assets/scripts/gameStart.ts as file:///C:/Users/zzx/Desktop/mygame/assets/scripts/resMgr.ts.
21:18:27.198 debug: Resolve ./tools from file:///C:/Users/zzx/Desktop/mygame/assets/scripts/gameStart.ts as file:///C:/Users/zzx/Desktop/mygame/assets/scripts/tools.ts.
21:18:27.384 debug: Target(preview) ends with cost 1193.8081000000238ms.
