2025-3-22 19:37:49-log: Cannot access game frame or container.
2025-3-22 19:37:50-debug: asset-db:require-engine-code (1347ms)
2025-3-22 19:37:50-log: meshopt wasm decoder initialized
2025-3-22 19:37:50-log: [bullet]:bullet wasm lib loaded.
2025-3-22 19:37:50-log: [box2d]:box2d wasm lib loaded.
2025-3-22 19:37:50-log: Using legacy pipeline
2025-3-22 19:37:50-log: Forward render pipeline initialized.
2025-3-22 19:37:50-debug: [Assets Memory track]: asset-db:worker-init: initEngine start:31.17MB, end 79.44MB, increase: 48.27MB
2025-3-22 19:37:50-log: Cocos Creator v3.8.5
2025-3-22 19:37:52-debug: [Assets Memory track]: asset-db-plugin-register: builder start:83.38MB, end 174.94MB, increase: 91.56MB
2025-3-22 19:37:52-debug: [Assets Memory track]: asset-db-plugin-register: project start:80.13MB, end 178.37MB, increase: 98.25MB
2025-3-22 19:37:50-debug: [Assets Memory track]: asset-db-plugin-register: programming start:80.27MB, end 83.34MB, increase: 3.07MB
2025-3-22 19:37:52-debug: [Assets Memory track]: asset-db-plugin-register: engine-extends start:175.18MB, end 178.30MB, increase: 3.12MB
2025-3-22 19:37:52-debug: [Assets Memory track]: asset-db:worker-init: initPlugin start:79.47MB, end 178.40MB, increase: 98.93MB
2025-3-22 19:37:52-debug: asset-db:worker-init: initPlugin (2405ms)
2025-3-22 19:37:52-debug: [Assets Memory track]: asset-db:worker-init start:31.16MB, end 178.51MB, increase: 147.35MB
2025-3-22 19:37:52-debug: Run asset db hook programming:beforePreStart ...
2025-3-22 19:37:52-debug: Run asset db hook programming:beforePreStart success!
2025-3-22 19:37:52-debug: Run asset db hook engine-extends:beforePreStart success!
2025-3-22 19:37:52-debug: Run asset db hook engine-extends:beforePreStart ...
2025-3-22 19:37:52-debug: asset-db:worker-init (4093ms)
2025-3-22 19:37:52-debug: asset-db-hook-programming-beforePreStart (177ms)
2025-3-22 19:37:52-debug: asset-db-hook-engine-extends-beforePreStart (176ms)
2025-3-22 19:37:53-debug: Preimport db internal success
2025-3-22 19:37:53-debug: Preimport db assets success
2025-3-22 19:37:53-debug: Run asset db hook programming:afterPreStart ...
2025-3-22 19:37:53-debug: starting packer-driver...
2025-3-22 19:37:53-debug: initialize scripting environment...
2025-3-22 19:37:53-debug: [[Executor]] prepare before lock
2025-3-22 19:37:53-debug: Set detail map pack:///resolution-detail-map.json: {}
2025-3-22 19:37:53-debug: [[Executor]] prepare after unlock
2025-3-22 19:37:53-debug: Run asset db hook programming:afterPreStart success!
2025-3-22 19:37:53-debug: [Assets Memory track]: asset-db:worker-init: preStart start:178.52MB, end 180.60MB, increase: 2.07MB
2025-3-22 19:37:53-debug: Run asset db hook engine-extends:afterPreStart success!
2025-3-22 19:37:53-debug: Run asset db hook engine-extends:afterPreStart ...
2025-3-22 19:37:53-debug: Start up the 'internal' database...
2025-3-22 19:37:54-debug: asset-db:worker-effect-data-processing (615ms)
2025-3-22 19:37:54-debug: asset-db-hook-programming-afterPreStart (1333ms)
2025-3-22 19:37:54-debug: asset-db-hook-engine-extends-afterPreStart (615ms)
2025-3-22 19:37:54-debug: [Assets Memory track]: asset-db:worker-startup-database[internal] start:178.61MB, end 192.55MB, increase: 13.94MB
2025-3-22 19:37:54-debug: Start up the 'assets' database...
2025-3-22 19:37:54-debug: asset-db:worker-startup-database[internal] (1718ms)
2025-3-22 19:37:54-debug: [Assets Memory track]: asset-db:worker-startup-database[assets] start:179.34MB, end 193.44MB, increase: 14.10MB
2025-3-22 19:37:54-debug: [Assets Memory track]: asset-db:worker-init: startup start:180.61MB, end 193.46MB, increase: 12.85MB
2025-3-22 19:37:54-debug: lazy register asset handler text
2025-3-22 19:37:54-debug: lazy register asset handler directory
2025-3-22 19:37:54-debug: lazy register asset handler spine-data
2025-3-22 19:37:54-debug: lazy register asset handler json
2025-3-22 19:37:54-debug: lazy register asset handler *
2025-3-22 19:37:54-debug: lazy register asset handler dragonbones
2025-3-22 19:37:54-debug: lazy register asset handler dragonbones-atlas
2025-3-22 19:37:54-debug: lazy register asset handler terrain
2025-3-22 19:37:54-debug: lazy register asset handler typescript
2025-3-22 19:37:54-debug: lazy register asset handler javascript
2025-3-22 19:37:54-debug: lazy register asset handler prefab
2025-3-22 19:37:54-debug: lazy register asset handler sprite-frame
2025-3-22 19:37:54-debug: lazy register asset handler scene
2025-3-22 19:37:54-debug: lazy register asset handler tiled-map
2025-3-22 19:37:54-debug: lazy register asset handler buffer
2025-3-22 19:37:54-debug: lazy register asset handler sign-image
2025-3-22 19:37:54-debug: lazy register asset handler image
2025-3-22 19:37:54-debug: lazy register asset handler alpha-image
2025-3-22 19:37:54-debug: lazy register asset handler texture-cube
2025-3-22 19:37:54-debug: lazy register asset handler erp-texture-cube
2025-3-22 19:37:54-debug: lazy register asset handler render-texture
2025-3-22 19:37:54-debug: lazy register asset handler texture-cube-face
2025-3-22 19:37:54-debug: lazy register asset handler texture
2025-3-22 19:37:54-debug: lazy register asset handler rt-sprite-frame
2025-3-22 19:37:54-debug: lazy register asset handler gltf
2025-3-22 19:37:54-debug: lazy register asset handler gltf-mesh
2025-3-22 19:37:54-debug: lazy register asset handler gltf-animation
2025-3-22 19:37:54-debug: lazy register asset handler gltf-scene
2025-3-22 19:37:54-debug: lazy register asset handler gltf-skeleton
2025-3-22 19:37:54-debug: lazy register asset handler gltf-embeded-image
2025-3-22 19:37:54-debug: lazy register asset handler fbx
2025-3-22 19:37:54-debug: lazy register asset handler gltf-material
2025-3-22 19:37:54-debug: lazy register asset handler physics-material
2025-3-22 19:37:54-debug: lazy register asset handler effect
2025-3-22 19:37:54-debug: lazy register asset handler material
2025-3-22 19:37:54-debug: lazy register asset handler effect-header
2025-3-22 19:37:54-debug: lazy register asset handler animation-clip
2025-3-22 19:37:54-debug: lazy register asset handler animation-graph-variant
2025-3-22 19:37:54-debug: lazy register asset handler audio-clip
2025-3-22 19:37:54-debug: lazy register asset handler animation-graph
2025-3-22 19:37:54-debug: lazy register asset handler ttf-font
2025-3-22 19:37:54-debug: lazy register asset handler animation-mask
2025-3-22 19:37:54-debug: lazy register asset handler bitmap-font
2025-3-22 19:37:54-debug: lazy register asset handler particle
2025-3-22 19:37:54-debug: lazy register asset handler sprite-atlas
2025-3-22 19:37:54-debug: lazy register asset handler auto-atlas
2025-3-22 19:37:54-debug: lazy register asset handler label-atlas
2025-3-22 19:37:54-debug: lazy register asset handler render-pipeline
2025-3-22 19:37:54-debug: lazy register asset handler instantiation-material
2025-3-22 19:37:54-debug: lazy register asset handler render-flow
2025-3-22 19:37:54-debug: lazy register asset handler instantiation-mesh
2025-3-22 19:37:54-debug: lazy register asset handler instantiation-skeleton
2025-3-22 19:37:54-debug: lazy register asset handler instantiation-animation
2025-3-22 19:37:54-debug: lazy register asset handler video-clip
2025-3-22 19:37:54-debug: lazy register asset handler render-stage
2025-3-22 19:37:54-debug: asset-db:worker-startup-database[assets] (1535ms)
2025-3-22 19:37:54-debug: asset-db:ready (9930ms)
2025-3-22 19:37:54-debug: asset-db:start-database (1801ms)
2025-3-22 19:37:54-debug: init worker message success
2025-3-22 19:37:54-debug: programming:execute-script (9ms)
2025-3-22 19:37:55-debug: [Build Memory track]: builder:worker-init start:191.47MB, end 204.92MB, increase: 13.46MB
2025-3-22 19:37:55-debug: builder:worker-init (747ms)
2025-3-22 19:39:34-debug: refresh db internal success
2025-3-22 19:39:34-debug: %cImport%c: C:\Users\zzx\Desktop\mygame\assets\scripts\mjNode.tsbackground: #aaff85; color: #000;color: #000;
2025-3-22 19:39:34-debug: Run asset db hook engine-extends:afterRefresh ...
2025-3-22 19:39:34-debug: Run asset db hook engine-extends:afterRefresh success!
2025-3-22 19:39:34-debug: refresh db assets success
2025-3-22 19:39:34-debug: asset-db:refresh-all-database (158ms)
2025-3-22 19:39:34-debug: asset-db:worker-effect-data-processing (3ms)
2025-3-22 19:39:34-debug: asset-db-hook-engine-extends-afterRefresh (3ms)
2025-3-22 19:41:36-debug: %cImport%c: C:\Users\zzx\Desktop\mygame\assets\gameBundle\prefabs\gameNode.prefabbackground: #aaff85; color: #000;color: #000;
2025-3-22 19:41:36-debug: asset-db:reimport-asset47e65697-8589-419b-91a9-fb9c6ff27703 (24ms)
2025-3-22 19:41:39-debug: %cImport%c: C:\Users\zzx\Desktop\mygame\assets\gameBundle\prefabs\gameNode.prefabbackground: #aaff85; color: #000;color: #000;
2025-3-22 19:41:39-debug: asset-db:reimport-asset47e65697-8589-419b-91a9-fb9c6ff27703 (26ms)
2025-3-22 19:41:44-debug: Query all assets info in project
2025-3-22 19:41:44-debug: init custom config: keepNodeUuid: false, useCache: true
2025-3-22 19:41:44-debug: 查询 Asset Bundle start, progress: 0%
2025-3-22 19:41:44-debug: // ---- build task 查询 Asset Bundle ----
2025-3-22 19:41:44-debug: Query preload assets/scripts from cc.config.json: 60f7195c-ec2a-45eb-ba94-8955f60e81d0,1c02ae6f-4492-4915-b8f8-7492a3b1e4cd,810e96e4-e456-4468-9b59-f4e8f39732c0,efe8e2a3-eace-427b-b4f1-cb8a937ec77d,e9aa9a3e-5b2b-4ac7-a2c7-073de2b2b24f,8bbdbcdd-5cd4-4100-b6d5-b7c9625b6107,50f4348b-c883-4e2f-8f11-ce233b859fa1,fda095cb-831d-4601-ad94-846013963de8,f92806d7-1768-443f-afe8-12bcde84d0f0,dd3a144d-ab7f-41f0-82b8-2e43a090d496,f0416e68-0200-4b77-a926-4f9d16e494da,970b0598-bcb0-4714-91fb-2e81440dccd8,bcd64cc6-2dd9-43f6-abbe-66318d332032,d930590d-bb92-4cc8-8bd1-23cd027f9edf,a3cd009f-0ab0-420d-9278-b9fdab939bbc,6a2d0734-bd9e-4ddf-946e-caa52498cb75,871c3b6c-7379-419d-bda3-794b239ab90d,ff9b0199-ce04-4cfe-86cc-6c719f08d6e4,de1c2107-70c8-4021-8459-6399f24d01c6,cbf30902-517f-40dc-af90-a550bac27cf1
2025-3-22 19:41:44-debug:   Number of all scripts: 14
2025-3-22 19:41:44-debug:   Number of other assets: 383
2025-3-22 19:41:44-debug:   Number of all scenes: 1
2025-3-22 19:41:44-debug: // ---- build task 查询 Asset Bundle ---- (16ms)
2025-3-22 19:41:44-debug: run build task 查询 Asset Bundle success in 16 ms√, progress: 5%
2025-3-22 19:41:44-debug: [Build Memory track]: 查询 Asset Bundle start:167.63MB, end 167.98MB, increase: 354.87KB
2025-3-22 19:41:44-debug: 查询 Asset Bundle start, progress: 5%
2025-3-22 19:41:44-debug: // ---- build task 查询 Asset Bundle ----
2025-3-22 19:41:44-debug: // ---- build task 查询 Asset Bundle ---- (5ms)
2025-3-22 19:41:44-debug: run build task 查询 Asset Bundle success in 5 ms√, progress: 10%
2025-3-22 19:41:44-debug: [Build Memory track]: 查询 Asset Bundle start:168.02MB, end 168.11MB, increase: 93.06KB
2025-3-22 19:41:44-debug: 整理部分构建选项内数据到 settings.json start, progress: 10%
2025-3-22 19:41:44-debug: // ---- build task 整理部分构建选项内数据到 settings.json ----
2025-3-22 19:41:44-debug: 填充脚本数据到 settings.json start, progress: 12%
2025-3-22 19:41:44-debug: // ---- build task 填充脚本数据到 settings.json ----
2025-3-22 19:41:44-debug: run build task 整理部分构建选项内数据到 settings.json success in 2 ms√, progress: 12%
2025-3-22 19:41:44-debug: // ---- build task 整理部分构建选项内数据到 settings.json ---- (2ms)
2025-3-22 19:41:44-debug: [Build Memory track]: 整理部分构建选项内数据到 settings.json start:168.14MB, end 168.17MB, increase: 30.22KB
2025-3-22 19:41:44-debug: // ---- build task 填充脚本数据到 settings.json ---- (2ms)
2025-3-22 19:41:44-debug: [Build Memory track]: 填充脚本数据到 settings.json start:168.21MB, end 167.56MB, increase: -660.81KB
2025-3-22 19:41:44-debug: 整理部分构建选项内数据到 settings.json start, progress: 13%
2025-3-22 19:41:44-debug: run build task 填充脚本数据到 settings.json success in 2 ms√, progress: 13%
2025-3-22 19:41:44-debug: // ---- build task 整理部分构建选项内数据到 settings.json ----
2025-3-22 19:41:44-debug: // ---- build task 整理部分构建选项内数据到 settings.json ---- (7ms)
2025-3-22 19:41:44-debug: run build task 整理部分构建选项内数据到 settings.json success in 7 ms√, progress: 15%
2025-3-22 19:41:44-debug: [Build Memory track]: 整理部分构建选项内数据到 settings.json start:167.60MB, end 167.74MB, increase: 145.52KB
2025-3-22 19:41:55-debug: Query all assets info in project
2025-3-22 19:41:55-debug: init custom config: keepNodeUuid: false, useCache: true
2025-3-22 19:41:55-debug: 查询 Asset Bundle start, progress: 0%
2025-3-22 19:41:55-debug: // ---- build task 查询 Asset Bundle ----
2025-3-22 19:41:55-debug: Query preload assets/scripts from cc.config.json: 60f7195c-ec2a-45eb-ba94-8955f60e81d0,1c02ae6f-4492-4915-b8f8-7492a3b1e4cd,810e96e4-e456-4468-9b59-f4e8f39732c0,efe8e2a3-eace-427b-b4f1-cb8a937ec77d,e9aa9a3e-5b2b-4ac7-a2c7-073de2b2b24f,8bbdbcdd-5cd4-4100-b6d5-b7c9625b6107,50f4348b-c883-4e2f-8f11-ce233b859fa1,fda095cb-831d-4601-ad94-846013963de8,f92806d7-1768-443f-afe8-12bcde84d0f0,dd3a144d-ab7f-41f0-82b8-2e43a090d496,f0416e68-0200-4b77-a926-4f9d16e494da,970b0598-bcb0-4714-91fb-2e81440dccd8,bcd64cc6-2dd9-43f6-abbe-66318d332032,d930590d-bb92-4cc8-8bd1-23cd027f9edf,a3cd009f-0ab0-420d-9278-b9fdab939bbc,6a2d0734-bd9e-4ddf-946e-caa52498cb75,871c3b6c-7379-419d-bda3-794b239ab90d,ff9b0199-ce04-4cfe-86cc-6c719f08d6e4,de1c2107-70c8-4021-8459-6399f24d01c6,cbf30902-517f-40dc-af90-a550bac27cf1
2025-3-22 19:41:55-debug:   Number of all scenes: 1
2025-3-22 19:41:55-debug:   Number of all scripts: 14
2025-3-22 19:41:55-debug:   Number of other assets: 383
2025-3-22 19:41:55-debug: run build task 查询 Asset Bundle success in 23 ms√, progress: 5%
2025-3-22 19:41:55-debug: // ---- build task 查询 Asset Bundle ---- (23ms)
2025-3-22 19:41:55-debug: [Build Memory track]: 查询 Asset Bundle start:168.05MB, end 168.32MB, increase: 268.51KB
2025-3-22 19:41:55-debug: // ---- build task 查询 Asset Bundle ----
2025-3-22 19:41:55-debug: 查询 Asset Bundle start, progress: 5%
2025-3-22 19:41:55-debug: run build task 查询 Asset Bundle success in 4 ms√, progress: 10%
2025-3-22 19:41:55-debug: 整理部分构建选项内数据到 settings.json start, progress: 10%
2025-3-22 19:41:55-debug: // ---- build task 整理部分构建选项内数据到 settings.json ----
2025-3-22 19:41:55-debug: [Build Memory track]: 查询 Asset Bundle start:168.35MB, end 168.45MB, increase: 94.90KB
2025-3-22 19:41:55-debug: // ---- build task 查询 Asset Bundle ---- (4ms)
2025-3-22 19:41:55-debug: // ---- build task 整理部分构建选项内数据到 settings.json ---- (3ms)
2025-3-22 19:41:55-debug: run build task 整理部分构建选项内数据到 settings.json success in 3 ms√, progress: 12%
2025-3-22 19:41:55-debug: 填充脚本数据到 settings.json start, progress: 12%
2025-3-22 19:41:55-debug: [Build Memory track]: 整理部分构建选项内数据到 settings.json start:168.49MB, end 167.79MB, increase: -720.42KB
2025-3-22 19:41:55-debug: // ---- build task 填充脚本数据到 settings.json ----
2025-3-22 19:41:55-debug: // ---- build task 填充脚本数据到 settings.json ---- (2ms)
2025-3-22 19:41:55-debug: run build task 填充脚本数据到 settings.json success in 2 ms√, progress: 13%
2025-3-22 19:41:55-debug: [Build Memory track]: 填充脚本数据到 settings.json start:167.82MB, end 167.86MB, increase: 37.05KB
2025-3-22 19:41:55-debug: 整理部分构建选项内数据到 settings.json start, progress: 13%
2025-3-22 19:41:55-debug: // ---- build task 整理部分构建选项内数据到 settings.json ----
2025-3-22 19:41:55-debug: // ---- build task 整理部分构建选项内数据到 settings.json ---- (9ms)
2025-3-22 19:41:55-debug: run build task 整理部分构建选项内数据到 settings.json success in 9 ms√, progress: 15%
2025-3-22 19:41:55-debug: [Build Memory track]: 整理部分构建选项内数据到 settings.json start:167.90MB, end 168.04MB, increase: 145.81KB
2025-3-22 19:42:17-debug: Query all assets info in project
2025-3-22 19:42:17-debug: init custom config: keepNodeUuid: false, useCache: true
2025-3-22 19:42:17-debug: 查询 Asset Bundle start, progress: 0%
2025-3-22 19:42:17-debug: // ---- build task 查询 Asset Bundle ----
2025-3-22 19:42:17-debug: Query preload assets/scripts from cc.config.json: 60f7195c-ec2a-45eb-ba94-8955f60e81d0,1c02ae6f-4492-4915-b8f8-7492a3b1e4cd,810e96e4-e456-4468-9b59-f4e8f39732c0,efe8e2a3-eace-427b-b4f1-cb8a937ec77d,e9aa9a3e-5b2b-4ac7-a2c7-073de2b2b24f,8bbdbcdd-5cd4-4100-b6d5-b7c9625b6107,50f4348b-c883-4e2f-8f11-ce233b859fa1,fda095cb-831d-4601-ad94-846013963de8,f92806d7-1768-443f-afe8-12bcde84d0f0,dd3a144d-ab7f-41f0-82b8-2e43a090d496,f0416e68-0200-4b77-a926-4f9d16e494da,970b0598-bcb0-4714-91fb-2e81440dccd8,bcd64cc6-2dd9-43f6-abbe-66318d332032,d930590d-bb92-4cc8-8bd1-23cd027f9edf,a3cd009f-0ab0-420d-9278-b9fdab939bbc,6a2d0734-bd9e-4ddf-946e-caa52498cb75,871c3b6c-7379-419d-bda3-794b239ab90d,ff9b0199-ce04-4cfe-86cc-6c719f08d6e4,de1c2107-70c8-4021-8459-6399f24d01c6,cbf30902-517f-40dc-af90-a550bac27cf1
2025-3-22 19:42:17-debug:   Number of all scripts: 14
2025-3-22 19:42:17-debug:   Number of other assets: 383
2025-3-22 19:42:17-debug:   Number of all scenes: 1
2025-3-22 19:42:17-debug: // ---- build task 查询 Asset Bundle ---- (15ms)
2025-3-22 19:42:17-debug: run build task 查询 Asset Bundle success in 15 ms√, progress: 5%
2025-3-22 19:42:17-debug: 查询 Asset Bundle start, progress: 5%
2025-3-22 19:42:17-debug: [Build Memory track]: 查询 Asset Bundle start:168.39MB, end 168.70MB, increase: 317.70KB
2025-3-22 19:42:17-debug: // ---- build task 查询 Asset Bundle ----
2025-3-22 19:42:17-debug: // ---- build task 查询 Asset Bundle ---- (3ms)
2025-3-22 19:42:17-debug: run build task 查询 Asset Bundle success in 3 ms√, progress: 10%
2025-3-22 19:42:17-debug: 整理部分构建选项内数据到 settings.json start, progress: 10%
2025-3-22 19:42:17-debug: // ---- build task 整理部分构建选项内数据到 settings.json ----
2025-3-22 19:42:17-debug: [Build Memory track]: 查询 Asset Bundle start:168.73MB, end 168.10MB, increase: -645.53KB
2025-3-22 19:42:17-debug: // ---- build task 整理部分构建选项内数据到 settings.json ---- (3ms)
2025-3-22 19:42:17-debug: run build task 整理部分构建选项内数据到 settings.json success in 3 ms√, progress: 12%
2025-3-22 19:42:17-debug: 填充脚本数据到 settings.json start, progress: 12%
2025-3-22 19:42:17-debug: // ---- build task 填充脚本数据到 settings.json ----
2025-3-22 19:42:17-debug: [Build Memory track]: 整理部分构建选项内数据到 settings.json start:168.14MB, end 168.18MB, increase: 41.26KB
2025-3-22 19:42:17-debug: // ---- build task 填充脚本数据到 settings.json ---- (3ms)
2025-3-22 19:42:17-debug: run build task 填充脚本数据到 settings.json success in 3 ms√, progress: 13%
2025-3-22 19:42:17-debug: [Build Memory track]: 填充脚本数据到 settings.json start:168.23MB, end 168.26MB, increase: 32.29KB
2025-3-22 19:42:17-debug: 整理部分构建选项内数据到 settings.json start, progress: 13%
2025-3-22 19:42:17-debug: // ---- build task 整理部分构建选项内数据到 settings.json ----
2025-3-22 19:42:17-debug: // ---- build task 整理部分构建选项内数据到 settings.json ---- (10ms)
2025-3-22 19:42:17-debug: run build task 整理部分构建选项内数据到 settings.json success in 10 ms√, progress: 15%
2025-3-22 19:42:17-debug: [Build Memory track]: 整理部分构建选项内数据到 settings.json start:168.30MB, end 168.43MB, increase: 133.90KB
2025-3-22 19:42:35-debug: Query all assets info in project
2025-3-22 19:42:35-debug: init custom config: keepNodeUuid: false, useCache: true
2025-3-22 19:42:35-debug: 查询 Asset Bundle start, progress: 0%
2025-3-22 19:42:35-debug: // ---- build task 查询 Asset Bundle ----
2025-3-22 19:42:35-debug: Query preload assets/scripts from cc.config.json: 60f7195c-ec2a-45eb-ba94-8955f60e81d0,1c02ae6f-4492-4915-b8f8-7492a3b1e4cd,810e96e4-e456-4468-9b59-f4e8f39732c0,efe8e2a3-eace-427b-b4f1-cb8a937ec77d,e9aa9a3e-5b2b-4ac7-a2c7-073de2b2b24f,8bbdbcdd-5cd4-4100-b6d5-b7c9625b6107,50f4348b-c883-4e2f-8f11-ce233b859fa1,fda095cb-831d-4601-ad94-846013963de8,f92806d7-1768-443f-afe8-12bcde84d0f0,dd3a144d-ab7f-41f0-82b8-2e43a090d496,f0416e68-0200-4b77-a926-4f9d16e494da,970b0598-bcb0-4714-91fb-2e81440dccd8,bcd64cc6-2dd9-43f6-abbe-66318d332032,d930590d-bb92-4cc8-8bd1-23cd027f9edf,a3cd009f-0ab0-420d-9278-b9fdab939bbc,6a2d0734-bd9e-4ddf-946e-caa52498cb75,871c3b6c-7379-419d-bda3-794b239ab90d,ff9b0199-ce04-4cfe-86cc-6c719f08d6e4,de1c2107-70c8-4021-8459-6399f24d01c6,cbf30902-517f-40dc-af90-a550bac27cf1
2025-3-22 19:42:35-debug:   Number of other assets: 383
2025-3-22 19:42:35-debug:   Number of all scenes: 1
2025-3-22 19:42:35-debug:   Number of all scripts: 14
2025-3-22 19:42:35-debug: // ---- build task 查询 Asset Bundle ---- (13ms)
2025-3-22 19:42:35-debug: run build task 查询 Asset Bundle success in 13 ms√, progress: 5%
2025-3-22 19:42:35-debug: 查询 Asset Bundle start, progress: 5%
2025-3-22 19:42:35-debug: // ---- build task 查询 Asset Bundle ----
2025-3-22 19:42:35-debug: [Build Memory track]: 查询 Asset Bundle start:168.66MB, end 168.91MB, increase: 249.34KB
2025-3-22 19:42:35-debug: // ---- build task 查询 Asset Bundle ---- (6ms)
2025-3-22 19:42:35-debug: run build task 查询 Asset Bundle success in 6 ms√, progress: 10%
2025-3-22 19:42:35-debug: [Build Memory track]: 查询 Asset Bundle start:168.94MB, end 168.31MB, increase: -650.59KB
2025-3-22 19:42:35-debug: 整理部分构建选项内数据到 settings.json start, progress: 10%
2025-3-22 19:42:35-debug: // ---- build task 整理部分构建选项内数据到 settings.json ----
2025-3-22 19:42:35-debug: [Build Memory track]: 整理部分构建选项内数据到 settings.json start:168.35MB, end 168.38MB, increase: 31.28KB
2025-3-22 19:42:35-debug: 填充脚本数据到 settings.json start, progress: 12%
2025-3-22 19:42:35-debug: // ---- build task 整理部分构建选项内数据到 settings.json ---- (2ms)
2025-3-22 19:42:35-debug: run build task 整理部分构建选项内数据到 settings.json success in 2 ms√, progress: 12%
2025-3-22 19:42:35-debug: // ---- build task 填充脚本数据到 settings.json ----
2025-3-22 19:42:35-debug: // ---- build task 填充脚本数据到 settings.json ---- (2ms)
2025-3-22 19:42:35-debug: run build task 填充脚本数据到 settings.json success in 2 ms√, progress: 13%
2025-3-22 19:42:35-debug: [Build Memory track]: 填充脚本数据到 settings.json start:168.41MB, end 168.44MB, increase: 31.68KB
2025-3-22 19:42:35-debug: 整理部分构建选项内数据到 settings.json start, progress: 13%
2025-3-22 19:42:35-debug: // ---- build task 整理部分构建选项内数据到 settings.json ----
2025-3-22 19:42:35-debug: run build task 整理部分构建选项内数据到 settings.json success in 5 ms√, progress: 15%
2025-3-22 19:42:35-debug: [Build Memory track]: 整理部分构建选项内数据到 settings.json start:168.48MB, end 168.61MB, increase: 134.02KB
2025-3-22 19:42:35-debug: // ---- build task 整理部分构建选项内数据到 settings.json ---- (5ms)
2025-3-22 19:43:01-debug: Query all assets info in project
2025-3-22 19:43:01-debug: init custom config: keepNodeUuid: false, useCache: true
2025-3-22 19:43:01-debug: 查询 Asset Bundle start, progress: 0%
2025-3-22 19:43:01-debug: // ---- build task 查询 Asset Bundle ----
2025-3-22 19:43:01-debug:   Number of all scenes: 1
2025-3-22 19:43:01-debug:   Number of all scripts: 14
2025-3-22 19:43:01-debug: Query preload assets/scripts from cc.config.json: 60f7195c-ec2a-45eb-ba94-8955f60e81d0,1c02ae6f-4492-4915-b8f8-7492a3b1e4cd,810e96e4-e456-4468-9b59-f4e8f39732c0,efe8e2a3-eace-427b-b4f1-cb8a937ec77d,e9aa9a3e-5b2b-4ac7-a2c7-073de2b2b24f,8bbdbcdd-5cd4-4100-b6d5-b7c9625b6107,50f4348b-c883-4e2f-8f11-ce233b859fa1,fda095cb-831d-4601-ad94-846013963de8,f92806d7-1768-443f-afe8-12bcde84d0f0,dd3a144d-ab7f-41f0-82b8-2e43a090d496,f0416e68-0200-4b77-a926-4f9d16e494da,970b0598-bcb0-4714-91fb-2e81440dccd8,bcd64cc6-2dd9-43f6-abbe-66318d332032,d930590d-bb92-4cc8-8bd1-23cd027f9edf,a3cd009f-0ab0-420d-9278-b9fdab939bbc,6a2d0734-bd9e-4ddf-946e-caa52498cb75,871c3b6c-7379-419d-bda3-794b239ab90d,ff9b0199-ce04-4cfe-86cc-6c719f08d6e4,de1c2107-70c8-4021-8459-6399f24d01c6,cbf30902-517f-40dc-af90-a550bac27cf1
2025-3-22 19:43:01-debug:   Number of other assets: 383
2025-3-22 19:43:01-debug: // ---- build task 查询 Asset Bundle ---- (14ms)
2025-3-22 19:43:01-debug: run build task 查询 Asset Bundle success in 14 ms√, progress: 5%
2025-3-22 19:43:01-debug: [Build Memory track]: 查询 Asset Bundle start:168.80MB, end 169.07MB, increase: 267.59KB
2025-3-22 19:43:01-debug: 查询 Asset Bundle start, progress: 5%
2025-3-22 19:43:01-debug: // ---- build task 查询 Asset Bundle ----
2025-3-22 19:43:01-debug: // ---- build task 查询 Asset Bundle ---- (9ms)
2025-3-22 19:43:01-debug: run build task 查询 Asset Bundle success in 9 ms√, progress: 10%
2025-3-22 19:43:01-debug: // ---- build task 整理部分构建选项内数据到 settings.json ----
2025-3-22 19:43:01-debug: // ---- build task 整理部分构建选项内数据到 settings.json ---- (2ms)
2025-3-22 19:43:01-debug: [Build Memory track]: 查询 Asset Bundle start:169.10MB, end 168.50MB, increase: -619.05KB
2025-3-22 19:43:01-debug: run build task 整理部分构建选项内数据到 settings.json success in 2 ms√, progress: 12%
2025-3-22 19:43:01-debug: [Build Memory track]: 整理部分构建选项内数据到 settings.json start:168.53MB, end 168.56MB, increase: 29.95KB
2025-3-22 19:43:01-debug: 整理部分构建选项内数据到 settings.json start, progress: 10%
2025-3-22 19:43:01-debug: 填充脚本数据到 settings.json start, progress: 12%
2025-3-22 19:43:01-debug: // ---- build task 填充脚本数据到 settings.json ----
2025-3-22 19:43:01-debug: // ---- build task 填充脚本数据到 settings.json ---- (2ms)
2025-3-22 19:43:01-debug: run build task 填充脚本数据到 settings.json success in 2 ms√, progress: 13%
2025-3-22 19:43:01-debug: [Build Memory track]: 填充脚本数据到 settings.json start:168.60MB, end 168.64MB, increase: 45.94KB
2025-3-22 19:43:01-debug: // ---- build task 整理部分构建选项内数据到 settings.json ----
2025-3-22 19:43:01-debug: 整理部分构建选项内数据到 settings.json start, progress: 13%
2025-3-22 19:43:01-debug: // ---- build task 整理部分构建选项内数据到 settings.json ---- (6ms)
2025-3-22 19:43:01-debug: run build task 整理部分构建选项内数据到 settings.json success in 6 ms√, progress: 15%
2025-3-22 19:43:01-debug: [Build Memory track]: 整理部分构建选项内数据到 settings.json start:168.67MB, end 168.80MB, increase: 132.18KB
2025-3-22 19:43:20-debug: Query all assets info in project
2025-3-22 19:43:20-debug: init custom config: keepNodeUuid: false, useCache: true
2025-3-22 19:43:20-debug: 查询 Asset Bundle start, progress: 0%
2025-3-22 19:43:20-debug: // ---- build task 查询 Asset Bundle ----
2025-3-22 19:43:20-debug: Query preload assets/scripts from cc.config.json: 60f7195c-ec2a-45eb-ba94-8955f60e81d0,1c02ae6f-4492-4915-b8f8-7492a3b1e4cd,810e96e4-e456-4468-9b59-f4e8f39732c0,efe8e2a3-eace-427b-b4f1-cb8a937ec77d,e9aa9a3e-5b2b-4ac7-a2c7-073de2b2b24f,8bbdbcdd-5cd4-4100-b6d5-b7c9625b6107,50f4348b-c883-4e2f-8f11-ce233b859fa1,fda095cb-831d-4601-ad94-846013963de8,f92806d7-1768-443f-afe8-12bcde84d0f0,dd3a144d-ab7f-41f0-82b8-2e43a090d496,f0416e68-0200-4b77-a926-4f9d16e494da,970b0598-bcb0-4714-91fb-2e81440dccd8,bcd64cc6-2dd9-43f6-abbe-66318d332032,d930590d-bb92-4cc8-8bd1-23cd027f9edf,a3cd009f-0ab0-420d-9278-b9fdab939bbc,6a2d0734-bd9e-4ddf-946e-caa52498cb75,871c3b6c-7379-419d-bda3-794b239ab90d,ff9b0199-ce04-4cfe-86cc-6c719f08d6e4,de1c2107-70c8-4021-8459-6399f24d01c6,cbf30902-517f-40dc-af90-a550bac27cf1
2025-3-22 19:43:20-debug:   Number of other assets: 383
2025-3-22 19:43:20-debug:   Number of all scripts: 14
2025-3-22 19:43:20-debug:   Number of all scenes: 1
2025-3-22 19:43:20-debug: run build task 查询 Asset Bundle success in 12 ms√, progress: 5%
2025-3-22 19:43:20-debug: [Build Memory track]: 查询 Asset Bundle start:169.01MB, end 169.24MB, increase: 240.73KB
2025-3-22 19:43:20-debug: // ---- build task 查询 Asset Bundle ---- (12ms)
2025-3-22 19:43:20-debug: 查询 Asset Bundle start, progress: 5%
2025-3-22 19:43:20-debug: // ---- build task 查询 Asset Bundle ----
2025-3-22 19:43:20-debug: // ---- build task 查询 Asset Bundle ---- (5ms)
2025-3-22 19:43:20-debug: run build task 查询 Asset Bundle success in 5 ms√, progress: 10%
2025-3-22 19:43:20-debug: [Build Memory track]: 查询 Asset Bundle start:169.27MB, end 168.65MB, increase: -632.45KB
2025-3-22 19:43:20-debug: // ---- build task 整理部分构建选项内数据到 settings.json ----
2025-3-22 19:43:20-debug: // ---- build task 整理部分构建选项内数据到 settings.json ---- (2ms)
2025-3-22 19:43:20-debug: run build task 整理部分构建选项内数据到 settings.json success in 2 ms√, progress: 12%
2025-3-22 19:43:20-debug: [Build Memory track]: 整理部分构建选项内数据到 settings.json start:168.68MB, end 168.71MB, increase: 28.71KB
2025-3-22 19:43:20-debug: 填充脚本数据到 settings.json start, progress: 12%
2025-3-22 19:43:20-debug: 整理部分构建选项内数据到 settings.json start, progress: 10%
2025-3-22 19:43:20-debug: // ---- build task 填充脚本数据到 settings.json ----
2025-3-22 19:43:20-debug: // ---- build task 填充脚本数据到 settings.json ---- (2ms)
2025-3-22 19:43:20-debug: run build task 填充脚本数据到 settings.json success in 2 ms√, progress: 13%
2025-3-22 19:43:20-debug: [Build Memory track]: 填充脚本数据到 settings.json start:168.74MB, end 168.77MB, increase: 27.41KB
2025-3-22 19:43:20-debug: 整理部分构建选项内数据到 settings.json start, progress: 13%
2025-3-22 19:43:20-debug: // ---- build task 整理部分构建选项内数据到 settings.json ----
2025-3-22 19:43:20-debug: // ---- build task 整理部分构建选项内数据到 settings.json ---- (6ms)
2025-3-22 19:43:20-debug: run build task 整理部分构建选项内数据到 settings.json success in 6 ms√, progress: 15%
2025-3-22 19:43:20-debug: [Build Memory track]: 整理部分构建选项内数据到 settings.json start:168.80MB, end 168.93MB, increase: 129.56KB
2025-3-22 19:43:38-debug: refresh db internal success
2025-3-22 19:43:38-debug: refresh db assets success
2025-3-22 19:43:38-debug: Run asset db hook engine-extends:afterRefresh ...
2025-3-22 19:43:38-debug: Run asset db hook engine-extends:afterRefresh success!
2025-3-22 19:43:38-debug: asset-db:refresh-all-database (149ms)
2025-3-22 19:43:38-debug: asset-db:worker-effect-data-processing (2ms)
2025-3-22 19:43:38-debug: asset-db-hook-engine-extends-afterRefresh (3ms)
2025-3-22 19:43:40-debug: %cImport%c: C:\Users\zzx\Desktop\mygame\assets\gameBundle\prefabs\gameNode.prefabbackground: #aaff85; color: #000;color: #000;
2025-3-22 19:43:40-debug: asset-db:reimport-asset47e65697-8589-419b-91a9-fb9c6ff27703 (25ms)
2025-3-22 19:43:41-debug: Query all assets info in project
2025-3-22 19:43:41-debug: init custom config: keepNodeUuid: false, useCache: true
2025-3-22 19:43:41-debug: 查询 Asset Bundle start, progress: 0%
2025-3-22 19:43:41-debug: // ---- build task 查询 Asset Bundle ----
2025-3-22 19:43:41-debug:   Number of all scenes: 1
2025-3-22 19:43:41-debug:   Number of other assets: 383
2025-3-22 19:43:41-debug: Query preload assets/scripts from cc.config.json: 60f7195c-ec2a-45eb-ba94-8955f60e81d0,1c02ae6f-4492-4915-b8f8-7492a3b1e4cd,810e96e4-e456-4468-9b59-f4e8f39732c0,efe8e2a3-eace-427b-b4f1-cb8a937ec77d,e9aa9a3e-5b2b-4ac7-a2c7-073de2b2b24f,8bbdbcdd-5cd4-4100-b6d5-b7c9625b6107,50f4348b-c883-4e2f-8f11-ce233b859fa1,fda095cb-831d-4601-ad94-846013963de8,f92806d7-1768-443f-afe8-12bcde84d0f0,dd3a144d-ab7f-41f0-82b8-2e43a090d496,f0416e68-0200-4b77-a926-4f9d16e494da,970b0598-bcb0-4714-91fb-2e81440dccd8,bcd64cc6-2dd9-43f6-abbe-66318d332032,d930590d-bb92-4cc8-8bd1-23cd027f9edf,a3cd009f-0ab0-420d-9278-b9fdab939bbc,6a2d0734-bd9e-4ddf-946e-caa52498cb75,871c3b6c-7379-419d-bda3-794b239ab90d,ff9b0199-ce04-4cfe-86cc-6c719f08d6e4,de1c2107-70c8-4021-8459-6399f24d01c6,cbf30902-517f-40dc-af90-a550bac27cf1
2025-3-22 19:43:41-debug: // ---- build task 查询 Asset Bundle ---- (13ms)
2025-3-22 19:43:41-debug: run build task 查询 Asset Bundle success in 13 ms√, progress: 5%
2025-3-22 19:43:41-debug: [Build Memory track]: 查询 Asset Bundle start:170.29MB, end 170.48MB, increase: 197.98KB
2025-3-22 19:43:41-debug: 查询 Asset Bundle start, progress: 5%
2025-3-22 19:43:41-debug: // ---- build task 查询 Asset Bundle ----
2025-3-22 19:43:41-debug:   Number of all scripts: 14
2025-3-22 19:43:41-debug: // ---- build task 查询 Asset Bundle ---- (4ms)
2025-3-22 19:43:41-debug: run build task 查询 Asset Bundle success in 4 ms√, progress: 10%
2025-3-22 19:43:41-debug: [Build Memory track]: 查询 Asset Bundle start:170.51MB, end 170.60MB, increase: 92.11KB
2025-3-22 19:43:41-debug: 整理部分构建选项内数据到 settings.json start, progress: 10%
2025-3-22 19:43:41-debug: // ---- build task 整理部分构建选项内数据到 settings.json ----
2025-3-22 19:43:41-debug: // ---- build task 整理部分构建选项内数据到 settings.json ---- (2ms)
2025-3-22 19:43:41-debug: [Build Memory track]: 整理部分构建选项内数据到 settings.json start:170.63MB, end 170.66MB, increase: 27.36KB
2025-3-22 19:43:41-debug: run build task 整理部分构建选项内数据到 settings.json success in 2 ms√, progress: 12%
2025-3-22 19:43:41-debug: 填充脚本数据到 settings.json start, progress: 12%
2025-3-22 19:43:41-debug: // ---- build task 填充脚本数据到 settings.json ----
2025-3-22 19:43:41-debug: // ---- build task 填充脚本数据到 settings.json ---- (3ms)
2025-3-22 19:43:41-debug: run build task 填充脚本数据到 settings.json success in 3 ms√, progress: 13%
2025-3-22 19:43:41-debug: [Build Memory track]: 填充脚本数据到 settings.json start:170.69MB, end 170.71MB, increase: 25.46KB
2025-3-22 19:43:41-debug: 整理部分构建选项内数据到 settings.json start, progress: 13%
2025-3-22 19:43:41-debug: // ---- build task 整理部分构建选项内数据到 settings.json ----
2025-3-22 19:43:41-debug: // ---- build task 整理部分构建选项内数据到 settings.json ---- (7ms)
2025-3-22 19:43:41-debug: run build task 整理部分构建选项内数据到 settings.json success in 7 ms√, progress: 15%
2025-3-22 19:43:41-debug: [Build Memory track]: 整理部分构建选项内数据到 settings.json start:170.74MB, end 170.88MB, increase: 137.18KB
2025-3-22 19:44:59-debug: %cImport%c: C:\Users\zzx\Desktop\mygame\assets\scene\main.scenebackground: #aaff85; color: #000;color: #000;
2025-3-22 19:44:59-debug: asset-db:reimport-assetdf672520-9755-4d63-978e-4a7ae276a322 (30ms)
2025-3-22 19:45:00-debug: Query all assets info in project
2025-3-22 19:45:00-debug: init custom config: keepNodeUuid: false, useCache: true
2025-3-22 19:45:00-debug: 查询 Asset Bundle start, progress: 0%
2025-3-22 19:45:00-debug: // ---- build task 查询 Asset Bundle ----
2025-3-22 19:45:00-debug: Query preload assets/scripts from cc.config.json: 60f7195c-ec2a-45eb-ba94-8955f60e81d0,1c02ae6f-4492-4915-b8f8-7492a3b1e4cd,810e96e4-e456-4468-9b59-f4e8f39732c0,efe8e2a3-eace-427b-b4f1-cb8a937ec77d,e9aa9a3e-5b2b-4ac7-a2c7-073de2b2b24f,8bbdbcdd-5cd4-4100-b6d5-b7c9625b6107,50f4348b-c883-4e2f-8f11-ce233b859fa1,fda095cb-831d-4601-ad94-846013963de8,f92806d7-1768-443f-afe8-12bcde84d0f0,dd3a144d-ab7f-41f0-82b8-2e43a090d496,f0416e68-0200-4b77-a926-4f9d16e494da,970b0598-bcb0-4714-91fb-2e81440dccd8,bcd64cc6-2dd9-43f6-abbe-66318d332032,d930590d-bb92-4cc8-8bd1-23cd027f9edf,a3cd009f-0ab0-420d-9278-b9fdab939bbc,6a2d0734-bd9e-4ddf-946e-caa52498cb75,871c3b6c-7379-419d-bda3-794b239ab90d,ff9b0199-ce04-4cfe-86cc-6c719f08d6e4,de1c2107-70c8-4021-8459-6399f24d01c6,cbf30902-517f-40dc-af90-a550bac27cf1
2025-3-22 19:45:00-debug:   Number of all scripts: 14
2025-3-22 19:45:00-debug:   Number of other assets: 383
2025-3-22 19:45:00-debug:   Number of all scenes: 1
2025-3-22 19:45:00-debug: // ---- build task 查询 Asset Bundle ---- (11ms)
2025-3-22 19:45:00-debug: run build task 查询 Asset Bundle success in 11 ms√, progress: 5%
2025-3-22 19:45:00-debug: [Build Memory track]: 查询 Asset Bundle start:170.57MB, end 170.87MB, increase: 309.98KB
2025-3-22 19:45:00-debug: // ---- build task 查询 Asset Bundle ----
2025-3-22 19:45:00-debug: 查询 Asset Bundle start, progress: 5%
2025-3-22 19:45:00-debug: // ---- build task 查询 Asset Bundle ---- (5ms)
2025-3-22 19:45:00-debug: [Build Memory track]: 查询 Asset Bundle start:170.90MB, end 170.99MB, increase: 88.82KB
2025-3-22 19:45:00-debug: // ---- build task 整理部分构建选项内数据到 settings.json ----
2025-3-22 19:45:00-debug: 整理部分构建选项内数据到 settings.json start, progress: 10%
2025-3-22 19:45:00-debug: run build task 查询 Asset Bundle success in 5 ms√, progress: 10%
2025-3-22 19:45:00-debug: // ---- build task 整理部分构建选项内数据到 settings.json ---- (3ms)
2025-3-22 19:45:00-debug: run build task 整理部分构建选项内数据到 settings.json success in 3 ms√, progress: 12%
2025-3-22 19:45:00-debug: 填充脚本数据到 settings.json start, progress: 12%
2025-3-22 19:45:00-debug: [Build Memory track]: 整理部分构建选项内数据到 settings.json start:171.02MB, end 171.04MB, increase: 27.59KB
2025-3-22 19:45:00-debug: // ---- build task 填充脚本数据到 settings.json ----
2025-3-22 19:45:00-debug: // ---- build task 填充脚本数据到 settings.json ---- (1ms)
2025-3-22 19:45:00-debug: run build task 填充脚本数据到 settings.json success in 1 ms√, progress: 13%
2025-3-22 19:45:00-debug: 整理部分构建选项内数据到 settings.json start, progress: 13%
2025-3-22 19:45:00-debug: [Build Memory track]: 填充脚本数据到 settings.json start:171.07MB, end 171.10MB, increase: 26.47KB
2025-3-22 19:45:00-debug: // ---- build task 整理部分构建选项内数据到 settings.json ----
2025-3-22 19:45:00-debug: // ---- build task 整理部分构建选项内数据到 settings.json ---- (7ms)
2025-3-22 19:45:00-debug: run build task 整理部分构建选项内数据到 settings.json success in 7 ms√, progress: 15%
2025-3-22 19:45:00-debug: [Build Memory track]: 整理部分构建选项内数据到 settings.json start:171.13MB, end 171.27MB, increase: 148.00KB
2025-3-22 19:45:27-debug: %cImport%c: C:\Users\zzx\Desktop\mygame\assets\gameBundle\prefabs\gameNode.prefabbackground: #aaff85; color: #000;color: #000;
2025-3-22 19:45:27-debug: asset-db:reimport-asset47e65697-8589-419b-91a9-fb9c6ff27703 (21ms)
2025-3-22 19:45:31-debug: %cImport%c: C:\Users\zzx\Desktop\mygame\assets\gameBundle\prefabs\gameNode.prefabbackground: #aaff85; color: #000;color: #000;
2025-3-22 19:45:31-debug: asset-db:reimport-asset47e65697-8589-419b-91a9-fb9c6ff27703 (27ms)
2025-3-22 19:45:33-debug: Query all assets info in project
2025-3-22 19:45:33-debug: init custom config: keepNodeUuid: false, useCache: true
2025-3-22 19:45:33-debug: 查询 Asset Bundle start, progress: 0%
2025-3-22 19:45:33-debug: // ---- build task 查询 Asset Bundle ----
2025-3-22 19:45:33-debug: Query preload assets/scripts from cc.config.json: 60f7195c-ec2a-45eb-ba94-8955f60e81d0,1c02ae6f-4492-4915-b8f8-7492a3b1e4cd,810e96e4-e456-4468-9b59-f4e8f39732c0,efe8e2a3-eace-427b-b4f1-cb8a937ec77d,e9aa9a3e-5b2b-4ac7-a2c7-073de2b2b24f,8bbdbcdd-5cd4-4100-b6d5-b7c9625b6107,50f4348b-c883-4e2f-8f11-ce233b859fa1,fda095cb-831d-4601-ad94-846013963de8,f92806d7-1768-443f-afe8-12bcde84d0f0,dd3a144d-ab7f-41f0-82b8-2e43a090d496,f0416e68-0200-4b77-a926-4f9d16e494da,970b0598-bcb0-4714-91fb-2e81440dccd8,bcd64cc6-2dd9-43f6-abbe-66318d332032,d930590d-bb92-4cc8-8bd1-23cd027f9edf,a3cd009f-0ab0-420d-9278-b9fdab939bbc,6a2d0734-bd9e-4ddf-946e-caa52498cb75,871c3b6c-7379-419d-bda3-794b239ab90d,ff9b0199-ce04-4cfe-86cc-6c719f08d6e4,de1c2107-70c8-4021-8459-6399f24d01c6,cbf30902-517f-40dc-af90-a550bac27cf1
2025-3-22 19:45:33-debug:   Number of all scripts: 14
2025-3-22 19:45:33-debug:   Number of other assets: 383
2025-3-22 19:45:33-debug:   Number of all scenes: 1
2025-3-22 19:45:33-debug: // ---- build task 查询 Asset Bundle ---- (12ms)
2025-3-22 19:45:33-debug: run build task 查询 Asset Bundle success in 12 ms√, progress: 5%
2025-3-22 19:45:33-debug: [Build Memory track]: 查询 Asset Bundle start:171.47MB, end 171.78MB, increase: 312.02KB
2025-3-22 19:45:33-debug: // ---- build task 查询 Asset Bundle ----
2025-3-22 19:45:33-debug: 查询 Asset Bundle start, progress: 5%
2025-3-22 19:45:33-debug: run build task 查询 Asset Bundle success in 4 ms√, progress: 10%
2025-3-22 19:45:33-debug: [Build Memory track]: 查询 Asset Bundle start:171.81MB, end 171.91MB, increase: 101.46KB
2025-3-22 19:45:33-debug: 整理部分构建选项内数据到 settings.json start, progress: 10%
2025-3-22 19:45:33-debug: // ---- build task 查询 Asset Bundle ---- (4ms)
2025-3-22 19:45:33-debug: // ---- build task 整理部分构建选项内数据到 settings.json ----
2025-3-22 19:45:33-debug: // ---- build task 整理部分构建选项内数据到 settings.json ---- (1ms)
2025-3-22 19:45:33-debug: run build task 整理部分构建选项内数据到 settings.json success in 1 ms√, progress: 12%
2025-3-22 19:45:33-debug: [Build Memory track]: 整理部分构建选项内数据到 settings.json start:171.94MB, end 171.97MB, increase: 27.76KB
2025-3-22 19:45:33-debug: 填充脚本数据到 settings.json start, progress: 12%
2025-3-22 19:45:33-debug: // ---- build task 填充脚本数据到 settings.json ----
2025-3-22 19:45:33-debug: // ---- build task 填充脚本数据到 settings.json ---- (3ms)
2025-3-22 19:45:33-debug: [Build Memory track]: 填充脚本数据到 settings.json start:172.00MB, end 171.32MB, increase: -703.45KB
2025-3-22 19:45:33-debug: run build task 填充脚本数据到 settings.json success in 3 ms√, progress: 13%
2025-3-22 19:45:33-debug: 整理部分构建选项内数据到 settings.json start, progress: 13%
2025-3-22 19:45:33-debug: // ---- build task 整理部分构建选项内数据到 settings.json ----
2025-3-22 19:45:33-debug: // ---- build task 整理部分构建选项内数据到 settings.json ---- (12ms)
2025-3-22 19:45:33-debug: run build task 整理部分构建选项内数据到 settings.json success in 12 ms√, progress: 15%
2025-3-22 19:45:33-debug: [Build Memory track]: 整理部分构建选项内数据到 settings.json start:171.34MB, end 171.48MB, increase: 136.25KB
2025-3-22 19:45:43-debug: Query all assets info in project
2025-3-22 19:45:43-debug: init custom config: keepNodeUuid: false, useCache: true
2025-3-22 19:45:43-debug: 查询 Asset Bundle start, progress: 0%
2025-3-22 19:45:43-debug: // ---- build task 查询 Asset Bundle ----
2025-3-22 19:45:43-debug: Query preload assets/scripts from cc.config.json: 60f7195c-ec2a-45eb-ba94-8955f60e81d0,1c02ae6f-4492-4915-b8f8-7492a3b1e4cd,810e96e4-e456-4468-9b59-f4e8f39732c0,efe8e2a3-eace-427b-b4f1-cb8a937ec77d,e9aa9a3e-5b2b-4ac7-a2c7-073de2b2b24f,8bbdbcdd-5cd4-4100-b6d5-b7c9625b6107,50f4348b-c883-4e2f-8f11-ce233b859fa1,fda095cb-831d-4601-ad94-846013963de8,f92806d7-1768-443f-afe8-12bcde84d0f0,dd3a144d-ab7f-41f0-82b8-2e43a090d496,f0416e68-0200-4b77-a926-4f9d16e494da,970b0598-bcb0-4714-91fb-2e81440dccd8,bcd64cc6-2dd9-43f6-abbe-66318d332032,d930590d-bb92-4cc8-8bd1-23cd027f9edf,a3cd009f-0ab0-420d-9278-b9fdab939bbc,6a2d0734-bd9e-4ddf-946e-caa52498cb75,871c3b6c-7379-419d-bda3-794b239ab90d,ff9b0199-ce04-4cfe-86cc-6c719f08d6e4,de1c2107-70c8-4021-8459-6399f24d01c6,cbf30902-517f-40dc-af90-a550bac27cf1
2025-3-22 19:45:43-debug:   Number of all scenes: 1
2025-3-22 19:45:43-debug:   Number of other assets: 383
2025-3-22 19:45:43-debug:   Number of all scripts: 14
2025-3-22 19:45:43-debug: // ---- build task 查询 Asset Bundle ---- (12ms)
2025-3-22 19:45:43-debug: run build task 查询 Asset Bundle success in 12 ms√, progress: 5%
2025-3-22 19:45:43-debug: [Build Memory track]: 查询 Asset Bundle start:171.74MB, end 171.98MB, increase: 240.23KB
2025-3-22 19:45:43-debug: 查询 Asset Bundle start, progress: 5%
2025-3-22 19:45:43-debug: // ---- build task 查询 Asset Bundle ----
2025-3-22 19:45:43-debug: // ---- build task 查询 Asset Bundle ---- (4ms)
2025-3-22 19:45:43-debug: run build task 查询 Asset Bundle success in 4 ms√, progress: 10%
2025-3-22 19:45:43-debug: [Build Memory track]: 查询 Asset Bundle start:172.01MB, end 172.09MB, increase: 87.73KB
2025-3-22 19:45:43-debug: 整理部分构建选项内数据到 settings.json start, progress: 10%
2025-3-22 19:45:43-debug: // ---- build task 整理部分构建选项内数据到 settings.json ----
2025-3-22 19:45:43-debug: // ---- build task 整理部分构建选项内数据到 settings.json ---- (1ms)
2025-3-22 19:45:43-debug: run build task 整理部分构建选项内数据到 settings.json success in 1 ms√, progress: 12%
2025-3-22 19:45:43-debug: [Build Memory track]: 整理部分构建选项内数据到 settings.json start:172.12MB, end 172.15MB, increase: 26.89KB
2025-3-22 19:45:43-debug: // ---- build task 填充脚本数据到 settings.json ---- (2ms)
2025-3-22 19:45:43-debug: run build task 填充脚本数据到 settings.json success in 2 ms√, progress: 13%
2025-3-22 19:45:43-debug: [Build Memory track]: 填充脚本数据到 settings.json start:172.18MB, end 171.47MB, increase: -729.09KB
2025-3-22 19:45:43-debug: 整理部分构建选项内数据到 settings.json start, progress: 13%
2025-3-22 19:45:43-debug: // ---- build task 填充脚本数据到 settings.json ----
2025-3-22 19:45:43-debug: // ---- build task 整理部分构建选项内数据到 settings.json ----
2025-3-22 19:45:43-debug: 填充脚本数据到 settings.json start, progress: 12%
2025-3-22 19:45:43-debug: run build task 整理部分构建选项内数据到 settings.json success in 10 ms√, progress: 15%
2025-3-22 19:45:43-debug: // ---- build task 整理部分构建选项内数据到 settings.json ---- (10ms)
2025-3-22 19:45:43-debug: [Build Memory track]: 整理部分构建选项内数据到 settings.json start:171.50MB, end 171.63MB, increase: 138.63KB
2025-3-22 19:46:02-debug: Query all assets info in project
2025-3-22 19:46:02-debug: init custom config: keepNodeUuid: false, useCache: true
2025-3-22 19:46:02-debug: 查询 Asset Bundle start, progress: 0%
2025-3-22 19:46:02-debug: // ---- build task 查询 Asset Bundle ----
2025-3-22 19:46:02-debug: Query preload assets/scripts from cc.config.json: 60f7195c-ec2a-45eb-ba94-8955f60e81d0,1c02ae6f-4492-4915-b8f8-7492a3b1e4cd,810e96e4-e456-4468-9b59-f4e8f39732c0,efe8e2a3-eace-427b-b4f1-cb8a937ec77d,e9aa9a3e-5b2b-4ac7-a2c7-073de2b2b24f,8bbdbcdd-5cd4-4100-b6d5-b7c9625b6107,50f4348b-c883-4e2f-8f11-ce233b859fa1,fda095cb-831d-4601-ad94-846013963de8,f92806d7-1768-443f-afe8-12bcde84d0f0,dd3a144d-ab7f-41f0-82b8-2e43a090d496,f0416e68-0200-4b77-a926-4f9d16e494da,970b0598-bcb0-4714-91fb-2e81440dccd8,bcd64cc6-2dd9-43f6-abbe-66318d332032,d930590d-bb92-4cc8-8bd1-23cd027f9edf,a3cd009f-0ab0-420d-9278-b9fdab939bbc,6a2d0734-bd9e-4ddf-946e-caa52498cb75,871c3b6c-7379-419d-bda3-794b239ab90d,ff9b0199-ce04-4cfe-86cc-6c719f08d6e4,de1c2107-70c8-4021-8459-6399f24d01c6,cbf30902-517f-40dc-af90-a550bac27cf1
2025-3-22 19:46:02-debug:   Number of all scenes: 1
2025-3-22 19:46:02-debug:   Number of other assets: 383
2025-3-22 19:46:02-debug:   Number of all scripts: 14
2025-3-22 19:46:02-debug: run build task 查询 Asset Bundle success in 14 ms√, progress: 5%
2025-3-22 19:46:02-debug: // ---- build task 查询 Asset Bundle ---- (14ms)
2025-3-22 19:46:02-debug: [Build Memory track]: 查询 Asset Bundle start:171.90MB, end 172.12MB, increase: 219.12KB
2025-3-22 19:46:02-debug: // ---- build task 查询 Asset Bundle ----
2025-3-22 19:46:02-debug: 查询 Asset Bundle start, progress: 5%
2025-3-22 19:46:02-debug: // ---- build task 查询 Asset Bundle ---- (3ms)
2025-3-22 19:46:02-debug: run build task 查询 Asset Bundle success in 3 ms√, progress: 10%
2025-3-22 19:46:02-debug: [Build Memory track]: 查询 Asset Bundle start:172.14MB, end 172.23MB, increase: 88.20KB
2025-3-22 19:46:02-debug: 整理部分构建选项内数据到 settings.json start, progress: 10%
2025-3-22 19:46:02-debug: // ---- build task 整理部分构建选项内数据到 settings.json ----
2025-3-22 19:46:02-debug: // ---- build task 整理部分构建选项内数据到 settings.json ---- (2ms)
2025-3-22 19:46:02-debug: run build task 整理部分构建选项内数据到 settings.json success in 2 ms√, progress: 12%
2025-3-22 19:46:02-debug: [Build Memory track]: 整理部分构建选项内数据到 settings.json start:172.26MB, end 172.29MB, increase: 26.71KB
2025-3-22 19:46:02-debug: // ---- build task 填充脚本数据到 settings.json ----
2025-3-22 19:46:02-debug: 填充脚本数据到 settings.json start, progress: 12%
2025-3-22 19:46:02-debug: // ---- build task 填充脚本数据到 settings.json ---- (1ms)
2025-3-22 19:46:02-debug: 整理部分构建选项内数据到 settings.json start, progress: 13%
2025-3-22 19:46:02-debug: [Build Memory track]: 填充脚本数据到 settings.json start:172.32MB, end 171.65MB, increase: -681.87KB
2025-3-22 19:46:02-debug: // ---- build task 整理部分构建选项内数据到 settings.json ----
2025-3-22 19:46:02-debug: run build task 填充脚本数据到 settings.json success in 1 ms√, progress: 13%
2025-3-22 19:46:02-debug: // ---- build task 整理部分构建选项内数据到 settings.json ---- (7ms)
2025-3-22 19:46:02-debug: run build task 整理部分构建选项内数据到 settings.json success in 7 ms√, progress: 15%
2025-3-22 19:46:02-debug: [Build Memory track]: 整理部分构建选项内数据到 settings.json start:171.68MB, end 171.81MB, increase: 136.41KB
2025-3-22 19:46:20-debug: refresh db internal success
2025-3-22 19:46:20-debug: refresh db assets success
2025-3-22 19:46:20-debug: Run asset db hook engine-extends:afterRefresh ...
2025-3-22 19:46:20-debug: Run asset db hook engine-extends:afterRefresh success!
2025-3-22 19:46:20-debug: asset-db:worker-effect-data-processing (1ms)
2025-3-22 19:46:20-debug: asset-db:refresh-all-database (148ms)
2025-3-22 19:46:20-debug: asset-db-hook-engine-extends-afterRefresh (1ms)
2025-3-22 19:48:50-debug: refresh db internal success
2025-3-22 19:48:50-debug: refresh db assets success
2025-3-22 19:48:50-debug: Run asset db hook engine-extends:afterRefresh ...
2025-3-22 19:48:50-debug: Run asset db hook engine-extends:afterRefresh success!
2025-3-22 19:48:50-debug: asset-db:refresh-all-database (154ms)
2025-3-22 19:48:50-debug: asset-db:worker-effect-data-processing (2ms)
2025-3-22 19:48:50-debug: asset-db-hook-engine-extends-afterRefresh (3ms)
2025-3-22 19:51:52-debug: refresh db internal success
2025-3-22 19:51:52-debug: refresh db assets success
2025-3-22 19:51:52-debug: Run asset db hook engine-extends:afterRefresh ...
2025-3-22 19:51:52-debug: Run asset db hook engine-extends:afterRefresh success!
2025-3-22 19:51:52-debug: asset-db:refresh-all-database (148ms)
2025-3-22 19:51:52-debug: asset-db:worker-effect-data-processing (2ms)
2025-3-22 19:51:52-debug: asset-db-hook-engine-extends-afterRefresh (3ms)
2025-3-22 19:52:12-debug: refresh db internal success
2025-3-22 19:52:12-debug: refresh db assets success
2025-3-22 19:52:12-debug: Run asset db hook engine-extends:afterRefresh ...
2025-3-22 19:52:12-debug: Run asset db hook engine-extends:afterRefresh success!
2025-3-22 19:52:12-debug: asset-db:refresh-all-database (151ms)
2025-3-22 19:52:12-debug: asset-db:worker-effect-data-processing (1ms)
2025-3-22 19:52:12-debug: asset-db-hook-engine-extends-afterRefresh (3ms)
2025-3-22 19:52:21-debug: refresh db internal success
2025-3-22 19:52:21-debug: refresh db assets success
2025-3-22 19:52:21-debug: Run asset db hook engine-extends:afterRefresh ...
2025-3-22 19:52:21-debug: Run asset db hook engine-extends:afterRefresh success!
2025-3-22 19:52:21-debug: asset-db:refresh-all-database (141ms)
2025-3-22 19:52:21-debug: asset-db:worker-effect-data-processing (2ms)
2025-3-22 19:52:21-debug: asset-db-hook-engine-extends-afterRefresh (3ms)
2025-3-22 19:53:38-debug: refresh db internal success
2025-3-22 19:53:38-debug: refresh db assets success
2025-3-22 19:53:38-debug: Run asset db hook engine-extends:afterRefresh ...
2025-3-22 19:53:38-debug: Run asset db hook engine-extends:afterRefresh success!
2025-3-22 19:53:38-debug: asset-db:refresh-all-database (141ms)
2025-3-22 19:53:38-debug: asset-db:worker-effect-data-processing (1ms)
2025-3-22 19:53:38-debug: asset-db-hook-engine-extends-afterRefresh (2ms)
2025-3-22 19:55:16-debug: refresh db internal success
2025-3-22 19:55:16-debug: refresh db assets success
2025-3-22 19:55:16-debug: Run asset db hook engine-extends:afterRefresh ...
2025-3-22 19:55:16-debug: Run asset db hook engine-extends:afterRefresh success!
2025-3-22 19:55:16-debug: asset-db:refresh-all-database (143ms)
2025-3-22 19:55:16-debug: asset-db:worker-effect-data-processing (2ms)
2025-3-22 19:55:16-debug: asset-db-hook-engine-extends-afterRefresh (2ms)
2025-3-22 19:55:44-debug: refresh db internal success
2025-3-22 19:55:44-debug: refresh db assets success
2025-3-22 19:55:44-debug: Run asset db hook engine-extends:afterRefresh ...
2025-3-22 19:55:44-debug: Run asset db hook engine-extends:afterRefresh success!
2025-3-22 19:55:44-debug: asset-db:worker-effect-data-processing (1ms)
2025-3-22 19:55:44-debug: asset-db:refresh-all-database (164ms)
2025-3-22 19:55:44-debug: asset-db-hook-engine-extends-afterRefresh (2ms)
2025-3-22 19:57:16-debug: refresh db internal success
2025-3-22 19:57:16-debug: %cImport%c: C:\Users\zzx\Desktop\mygame\assets\scripts\mjNode.tsbackground: #aaff85; color: #000;color: #000;
2025-3-22 19:57:16-debug: refresh db assets success
2025-3-22 19:57:16-debug: Run asset db hook engine-extends:afterRefresh ...
2025-3-22 19:57:16-debug: Run asset db hook engine-extends:afterRefresh success!
2025-3-22 19:57:16-debug: asset-db:refresh-all-database (172ms)
2025-3-22 19:57:16-debug: asset-db:worker-effect-data-processing (1ms)
2025-3-22 19:57:16-debug: asset-db-hook-engine-extends-afterRefresh (1ms)
2025-3-22 19:57:18-debug: Query all assets info in project
2025-3-22 19:57:18-debug: init custom config: keepNodeUuid: false, useCache: true
2025-3-22 19:57:18-debug: 查询 Asset Bundle start, progress: 0%
2025-3-22 19:57:18-debug: // ---- build task 查询 Asset Bundle ----
2025-3-22 19:57:18-debug:   Number of all scenes: 1
2025-3-22 19:57:18-debug:   Number of other assets: 383
2025-3-22 19:57:18-debug: Query preload assets/scripts from cc.config.json: 60f7195c-ec2a-45eb-ba94-8955f60e81d0,1c02ae6f-4492-4915-b8f8-7492a3b1e4cd,810e96e4-e456-4468-9b59-f4e8f39732c0,efe8e2a3-eace-427b-b4f1-cb8a937ec77d,e9aa9a3e-5b2b-4ac7-a2c7-073de2b2b24f,8bbdbcdd-5cd4-4100-b6d5-b7c9625b6107,50f4348b-c883-4e2f-8f11-ce233b859fa1,fda095cb-831d-4601-ad94-846013963de8,f92806d7-1768-443f-afe8-12bcde84d0f0,dd3a144d-ab7f-41f0-82b8-2e43a090d496,f0416e68-0200-4b77-a926-4f9d16e494da,970b0598-bcb0-4714-91fb-2e81440dccd8,bcd64cc6-2dd9-43f6-abbe-66318d332032,d930590d-bb92-4cc8-8bd1-23cd027f9edf,a3cd009f-0ab0-420d-9278-b9fdab939bbc,6a2d0734-bd9e-4ddf-946e-caa52498cb75,871c3b6c-7379-419d-bda3-794b239ab90d,ff9b0199-ce04-4cfe-86cc-6c719f08d6e4,de1c2107-70c8-4021-8459-6399f24d01c6,cbf30902-517f-40dc-af90-a550bac27cf1
2025-3-22 19:57:18-debug:   Number of all scripts: 14
2025-3-22 19:57:18-debug: // ---- build task 查询 Asset Bundle ---- (12ms)
2025-3-22 19:57:18-debug: run build task 查询 Asset Bundle success in 12 ms√, progress: 5%
2025-3-22 19:57:18-debug: [Build Memory track]: 查询 Asset Bundle start:166.73MB, end 167.04MB, increase: 316.23KB
2025-3-22 19:57:18-debug: 查询 Asset Bundle start, progress: 5%
2025-3-22 19:57:18-debug: // ---- build task 查询 Asset Bundle ----
2025-3-22 19:57:18-debug: // ---- build task 查询 Asset Bundle ---- (3ms)
2025-3-22 19:57:18-debug: run build task 查询 Asset Bundle success in 3 ms√, progress: 10%
2025-3-22 19:57:18-debug: 整理部分构建选项内数据到 settings.json start, progress: 10%
2025-3-22 19:57:18-debug: [Build Memory track]: 查询 Asset Bundle start:167.07MB, end 167.15MB, increase: 87.89KB
2025-3-22 19:57:18-debug: // ---- build task 整理部分构建选项内数据到 settings.json ----
2025-3-22 19:57:18-debug: // ---- build task 整理部分构建选项内数据到 settings.json ---- (1ms)
2025-3-22 19:57:18-debug: run build task 整理部分构建选项内数据到 settings.json success in 1 ms√, progress: 12%
2025-3-22 19:57:18-debug: 填充脚本数据到 settings.json start, progress: 12%
2025-3-22 19:57:18-debug: [Build Memory track]: 整理部分构建选项内数据到 settings.json start:167.19MB, end 167.21MB, increase: 27.61KB
2025-3-22 19:57:18-debug: // ---- build task 填充脚本数据到 settings.json ----
2025-3-22 19:57:18-debug: // ---- build task 填充脚本数据到 settings.json ---- (1ms)
2025-3-22 19:57:18-debug: run build task 填充脚本数据到 settings.json success in 1 ms√, progress: 13%
2025-3-22 19:57:18-debug: [Build Memory track]: 填充脚本数据到 settings.json start:167.24MB, end 167.27MB, increase: 29.34KB
2025-3-22 19:57:18-debug: 整理部分构建选项内数据到 settings.json start, progress: 13%
2025-3-22 19:57:18-debug: // ---- build task 整理部分构建选项内数据到 settings.json ----
2025-3-22 19:57:18-debug: // ---- build task 整理部分构建选项内数据到 settings.json ---- (5ms)
2025-3-22 19:57:18-debug: run build task 整理部分构建选项内数据到 settings.json success in 5 ms√, progress: 15%
2025-3-22 19:57:18-debug: [Build Memory track]: 整理部分构建选项内数据到 settings.json start:167.30MB, end 167.43MB, increase: 132.23KB
2025-3-22 19:59:01-debug: refresh db internal success
2025-3-22 19:59:01-debug: %cImport%c: C:\Users\zzx\Desktop\mygame\assets\scripts\mjNode.tsbackground: #aaff85; color: #000;color: #000;
2025-3-22 19:59:01-debug: refresh db assets success
2025-3-22 19:59:01-debug: Run asset db hook engine-extends:afterRefresh ...
2025-3-22 19:59:01-debug: Run asset db hook engine-extends:afterRefresh success!
2025-3-22 19:59:01-debug: asset-db:refresh-all-database (172ms)
2025-3-22 19:59:01-debug: asset-db:worker-effect-data-processing (2ms)
2025-3-22 19:59:01-debug: asset-db-hook-engine-extends-afterRefresh (3ms)
2025-3-22 19:59:03-debug: Query all assets info in project
2025-3-22 19:59:03-debug: init custom config: keepNodeUuid: false, useCache: true
2025-3-22 19:59:03-debug: 查询 Asset Bundle start, progress: 0%
2025-3-22 19:59:03-debug: // ---- build task 查询 Asset Bundle ----
2025-3-22 19:59:03-debug: Query preload assets/scripts from cc.config.json: 60f7195c-ec2a-45eb-ba94-8955f60e81d0,1c02ae6f-4492-4915-b8f8-7492a3b1e4cd,810e96e4-e456-4468-9b59-f4e8f39732c0,efe8e2a3-eace-427b-b4f1-cb8a937ec77d,e9aa9a3e-5b2b-4ac7-a2c7-073de2b2b24f,8bbdbcdd-5cd4-4100-b6d5-b7c9625b6107,50f4348b-c883-4e2f-8f11-ce233b859fa1,fda095cb-831d-4601-ad94-846013963de8,f92806d7-1768-443f-afe8-12bcde84d0f0,dd3a144d-ab7f-41f0-82b8-2e43a090d496,f0416e68-0200-4b77-a926-4f9d16e494da,970b0598-bcb0-4714-91fb-2e81440dccd8,bcd64cc6-2dd9-43f6-abbe-66318d332032,d930590d-bb92-4cc8-8bd1-23cd027f9edf,a3cd009f-0ab0-420d-9278-b9fdab939bbc,6a2d0734-bd9e-4ddf-946e-caa52498cb75,871c3b6c-7379-419d-bda3-794b239ab90d,ff9b0199-ce04-4cfe-86cc-6c719f08d6e4,de1c2107-70c8-4021-8459-6399f24d01c6,cbf30902-517f-40dc-af90-a550bac27cf1
2025-3-22 19:59:03-debug:   Number of all scripts: 14
2025-3-22 19:59:03-debug:   Number of other assets: 383
2025-3-22 19:59:03-debug:   Number of all scenes: 1
2025-3-22 19:59:03-debug: // ---- build task 查询 Asset Bundle ---- (10ms)
2025-3-22 19:59:03-debug: run build task 查询 Asset Bundle success in 10 ms√, progress: 5%
2025-3-22 19:59:03-debug: [Build Memory track]: 查询 Asset Bundle start:168.46MB, end 168.65MB, increase: 189.21KB
2025-3-22 19:59:03-debug: 查询 Asset Bundle start, progress: 5%
2025-3-22 19:59:03-debug: // ---- build task 查询 Asset Bundle ----
2025-3-22 19:59:03-debug: 整理部分构建选项内数据到 settings.json start, progress: 10%
2025-3-22 19:59:03-debug: [Build Memory track]: 查询 Asset Bundle start:168.68MB, end 168.04MB, increase: -657.59KB
2025-3-22 19:59:03-debug: run build task 查询 Asset Bundle success in 4 ms√, progress: 10%
2025-3-22 19:59:03-debug: // ---- build task 整理部分构建选项内数据到 settings.json ----
2025-3-22 19:59:03-debug: // ---- build task 查询 Asset Bundle ---- (4ms)
2025-3-22 19:59:03-debug: // ---- build task 整理部分构建选项内数据到 settings.json ---- (1ms)
2025-3-22 19:59:03-debug: run build task 整理部分构建选项内数据到 settings.json success in 1 ms√, progress: 12%
2025-3-22 19:59:03-debug: [Build Memory track]: 整理部分构建选项内数据到 settings.json start:168.07MB, end 168.09MB, increase: 27.44KB
2025-3-22 19:59:03-debug: 填充脚本数据到 settings.json start, progress: 12%
2025-3-22 19:59:03-debug: // ---- build task 填充脚本数据到 settings.json ----
2025-3-22 19:59:03-debug: run build task 填充脚本数据到 settings.json success in 2 ms√, progress: 13%
2025-3-22 19:59:03-debug: [Build Memory track]: 填充脚本数据到 settings.json start:168.13MB, end 168.16MB, increase: 34.89KB
2025-3-22 19:59:03-debug: // ---- build task 填充脚本数据到 settings.json ---- (2ms)
2025-3-22 19:59:03-debug: 整理部分构建选项内数据到 settings.json start, progress: 13%
2025-3-22 19:59:03-debug: // ---- build task 整理部分构建选项内数据到 settings.json ----
2025-3-22 19:59:03-debug: // ---- build task 整理部分构建选项内数据到 settings.json ---- (6ms)
2025-3-22 19:59:03-debug: run build task 整理部分构建选项内数据到 settings.json success in 6 ms√, progress: 15%
2025-3-22 19:59:03-debug: [Build Memory track]: 整理部分构建选项内数据到 settings.json start:168.19MB, end 168.33MB, increase: 136.47KB
2025-3-22 19:59:06-debug: %cImport%c: C:\Users\zzx\Desktop\mygame\assets\scene\main.scenebackground: #aaff85; color: #000;color: #000;
2025-3-22 19:59:06-debug: asset-db:reimport-assetdf672520-9755-4d63-978e-4a7ae276a322 (25ms)
