2025-3-22 20:04:23-log: Cannot access game frame or container.
2025-3-22 20:04:24-debug: asset-db:require-engine-code (1375ms)
2025-3-22 20:04:24-log: meshopt wasm decoder initialized
2025-3-22 20:04:24-log: [bullet]:bullet wasm lib loaded.
2025-3-22 20:04:24-log: [box2d]:box2d wasm lib loaded.
2025-3-22 20:04:24-log: Cocos Creator v3.8.5
2025-3-22 20:04:24-log: Using legacy pipeline
2025-3-22 20:04:24-log: Forward render pipeline initialized.
2025-3-22 20:04:24-debug: [Assets Memory track]: asset-db:worker-init: initEngine start:31.30MB, end 79.54MB, increase: 48.24MB
2025-3-22 20:04:26-debug: [Assets Memory track]: asset-db-plugin-register: builder start:83.59MB, end 174.86MB, increase: 91.27MB
2025-3-22 20:04:26-debug: [Assets Memory track]: asset-db-plugin-register: engine-extends start:175.10MB, end 178.35MB, increase: 3.25MB
2025-3-22 20:04:24-debug: [Assets Memory track]: asset-db-plugin-register: programming start:80.38MB, end 83.55MB, increase: 3.16MB
2025-3-22 20:04:26-debug: [Assets Memory track]: asset-db:worker-init: initPlugin start:79.56MB, end 178.45MB, increase: 98.89MB
2025-3-22 20:04:26-debug: [Assets Memory track]: asset-db-plugin-register: project start:80.24MB, end 178.42MB, increase: 98.18MB
2025-3-22 20:04:26-debug: asset-db:worker-init: initPlugin (2360ms)
2025-3-22 20:04:26-debug: Run asset db hook programming:beforePreStart ...
2025-3-22 20:04:26-debug: Run asset db hook engine-extends:beforePreStart ...
2025-3-22 20:04:26-debug: Run asset db hook engine-extends:beforePreStart success!
2025-3-22 20:04:26-debug: [Assets Memory track]: asset-db:worker-init start:31.28MB, end 178.56MB, increase: 147.27MB
2025-3-22 20:04:26-debug: Run asset db hook programming:beforePreStart success!
2025-3-22 20:04:26-debug: asset-db:worker-init (4067ms)
2025-3-22 20:04:26-debug: asset-db-hook-programming-beforePreStart (182ms)
2025-3-22 20:04:26-debug: asset-db-hook-engine-extends-beforePreStart (181ms)
2025-3-22 20:04:26-debug: Preimport db internal success
2025-3-22 20:04:26-debug: Preimport db assets success
2025-3-22 20:04:26-debug: Run asset db hook programming:afterPreStart ...
2025-3-22 20:04:26-debug: starting packer-driver...
2025-3-22 20:04:27-debug: initialize scripting environment...
2025-3-22 20:04:27-debug: [[Executor]] prepare before lock
2025-3-22 20:04:27-debug: Set detail map pack:///resolution-detail-map.json: {}
2025-3-22 20:04:27-debug: [[Executor]] prepare after unlock
2025-3-22 20:04:27-debug: Run asset db hook programming:afterPreStart success!
2025-3-22 20:04:27-debug: [Assets Memory track]: asset-db:worker-init: preStart start:178.57MB, end 180.72MB, increase: 2.16MB
2025-3-22 20:04:27-debug: Run asset db hook engine-extends:afterPreStart success!
2025-3-22 20:04:27-debug: Run asset db hook engine-extends:afterPreStart ...
2025-3-22 20:04:27-debug: Start up the 'internal' database...
2025-3-22 20:04:28-debug: asset-db:worker-effect-data-processing (630ms)
2025-3-22 20:04:28-debug: asset-db-hook-programming-afterPreStart (1290ms)
2025-3-22 20:04:28-debug: asset-db-hook-engine-extends-afterPreStart (631ms)
2025-3-22 20:04:28-debug: [Assets Memory track]: asset-db:worker-startup-database[internal] start:178.65MB, end 192.33MB, increase: 13.68MB
2025-3-22 20:04:28-debug: Start up the 'assets' database...
2025-3-22 20:04:28-debug: %cImport%c: C:\Users\zzx\Desktop\mygame\assets\scene\main.scenebackground: #aaff85; color: #000;color: #000;
2025-3-22 20:04:28-debug: asset-db:worker-startup-database[internal] (1666ms)
2025-3-22 20:04:28-debug: [Assets Memory track]: asset-db:worker-init: startup start:180.74MB, end 193.55MB, increase: 12.82MB
2025-3-22 20:04:28-debug: [Assets Memory track]: asset-db:worker-startup-database[assets] start:179.45MB, end 193.54MB, increase: 14.09MB
2025-3-22 20:04:28-debug: lazy register asset handler text
2025-3-22 20:04:28-debug: lazy register asset handler directory
2025-3-22 20:04:28-debug: lazy register asset handler spine-data
2025-3-22 20:04:28-debug: lazy register asset handler *
2025-3-22 20:04:28-debug: lazy register asset handler json
2025-3-22 20:04:28-debug: lazy register asset handler dragonbones
2025-3-22 20:04:28-debug: lazy register asset handler terrain
2025-3-22 20:04:28-debug: lazy register asset handler javascript
2025-3-22 20:04:28-debug: lazy register asset handler typescript
2025-3-22 20:04:28-debug: lazy register asset handler dragonbones-atlas
2025-3-22 20:04:28-debug: lazy register asset handler sprite-frame
2025-3-22 20:04:28-debug: lazy register asset handler prefab
2025-3-22 20:04:28-debug: lazy register asset handler tiled-map
2025-3-22 20:04:28-debug: lazy register asset handler scene
2025-3-22 20:04:28-debug: lazy register asset handler image
2025-3-22 20:04:28-debug: lazy register asset handler sign-image
2025-3-22 20:04:28-debug: lazy register asset handler alpha-image
2025-3-22 20:04:28-debug: lazy register asset handler texture
2025-3-22 20:04:28-debug: lazy register asset handler texture-cube
2025-3-22 20:04:28-debug: lazy register asset handler erp-texture-cube
2025-3-22 20:04:28-debug: lazy register asset handler buffer
2025-3-22 20:04:28-debug: lazy register asset handler render-texture
2025-3-22 20:04:28-debug: lazy register asset handler texture-cube-face
2025-3-22 20:04:28-debug: lazy register asset handler gltf-mesh
2025-3-22 20:04:28-debug: lazy register asset handler gltf-animation
2025-3-22 20:04:28-debug: lazy register asset handler gltf-skeleton
2025-3-22 20:04:28-debug: lazy register asset handler gltf-material
2025-3-22 20:04:28-debug: lazy register asset handler gltf
2025-3-22 20:04:28-debug: lazy register asset handler rt-sprite-frame
2025-3-22 20:04:28-debug: lazy register asset handler gltf-embeded-image
2025-3-22 20:04:28-debug: lazy register asset handler gltf-scene
2025-3-22 20:04:28-debug: lazy register asset handler material
2025-3-22 20:04:28-debug: lazy register asset handler fbx
2025-3-22 20:04:28-debug: lazy register asset handler physics-material
2025-3-22 20:04:28-debug: lazy register asset handler effect-header
2025-3-22 20:04:28-debug: lazy register asset handler audio-clip
2025-3-22 20:04:28-debug: lazy register asset handler effect
2025-3-22 20:04:28-debug: lazy register asset handler animation-clip
2025-3-22 20:04:28-debug: lazy register asset handler animation-graph-variant
2025-3-22 20:04:28-debug: lazy register asset handler animation-graph
2025-3-22 20:04:28-debug: lazy register asset handler bitmap-font
2025-3-22 20:04:28-debug: lazy register asset handler particle
2025-3-22 20:04:28-debug: lazy register asset handler ttf-font
2025-3-22 20:04:28-debug: lazy register asset handler sprite-atlas
2025-3-22 20:04:28-debug: lazy register asset handler animation-mask
2025-3-22 20:04:28-debug: lazy register asset handler auto-atlas
2025-3-22 20:04:28-debug: lazy register asset handler label-atlas
2025-3-22 20:04:28-debug: lazy register asset handler render-stage
2025-3-22 20:04:28-debug: lazy register asset handler instantiation-material
2025-3-22 20:04:28-debug: lazy register asset handler render-flow
2025-3-22 20:04:28-debug: lazy register asset handler render-pipeline
2025-3-22 20:04:28-debug: lazy register asset handler instantiation-skeleton
2025-3-22 20:04:28-debug: lazy register asset handler instantiation-mesh
2025-3-22 20:04:28-debug: lazy register asset handler instantiation-animation
2025-3-22 20:04:28-debug: lazy register asset handler video-clip
2025-3-22 20:04:28-debug: asset-db:worker-startup-database[assets] (1500ms)
2025-3-22 20:04:28-debug: asset-db:start-database (1752ms)
2025-3-22 20:04:28-debug: asset-db:ready (9906ms)
2025-3-22 20:04:28-debug: init worker message success
2025-3-22 20:04:28-debug: programming:execute-script (10ms)
2025-3-22 20:04:29-debug: [Build Memory track]: builder:worker-init start:191.76MB, end 205.39MB, increase: 13.63MB
2025-3-22 20:04:29-debug: builder:worker-init (740ms)
2025-3-22 20:05:07-debug: refresh db internal success
2025-3-22 20:05:07-debug: refresh db assets success
2025-3-22 20:05:07-debug: Run asset db hook engine-extends:afterRefresh ...
2025-3-22 20:05:07-debug: Run asset db hook engine-extends:afterRefresh success!
2025-3-22 20:05:07-debug: asset-db:refresh-all-database (161ms)
2025-3-22 20:05:07-debug: asset-db:worker-effect-data-processing (2ms)
2025-3-22 20:05:07-debug: asset-db-hook-engine-extends-afterRefresh (2ms)
2025-3-22 20:06:34-debug: refresh db internal success
2025-3-22 20:06:34-debug: %cImport%c: C:\Users\zzx\Desktop\mygame\assets\scripts\gameStart.tsbackground: #aaff85; color: #000;color: #000;
2025-3-22 20:06:34-debug: refresh db assets success
2025-3-22 20:06:34-debug: Run asset db hook engine-extends:afterRefresh ...
2025-3-22 20:06:34-debug: Run asset db hook engine-extends:afterRefresh success!
2025-3-22 20:06:34-debug: asset-db:worker-effect-data-processing (2ms)
2025-3-22 20:06:34-debug: asset-db:refresh-all-database (161ms)
2025-3-22 20:06:34-debug: asset-db-hook-engine-extends-afterRefresh (3ms)
2025-3-22 20:06:38-debug: Query all assets info in project
2025-3-22 20:06:38-debug: init custom config: keepNodeUuid: false, useCache: true
2025-3-22 20:06:38-debug: 查询 Asset Bundle start, progress: 0%
2025-3-22 20:06:38-debug: // ---- build task 查询 Asset Bundle ----
2025-3-22 20:06:38-debug: Query preload assets/scripts from cc.config.json: 60f7195c-ec2a-45eb-ba94-8955f60e81d0,1c02ae6f-4492-4915-b8f8-7492a3b1e4cd,810e96e4-e456-4468-9b59-f4e8f39732c0,efe8e2a3-eace-427b-b4f1-cb8a937ec77d,e9aa9a3e-5b2b-4ac7-a2c7-073de2b2b24f,8bbdbcdd-5cd4-4100-b6d5-b7c9625b6107,50f4348b-c883-4e2f-8f11-ce233b859fa1,fda095cb-831d-4601-ad94-846013963de8,f92806d7-1768-443f-afe8-12bcde84d0f0,dd3a144d-ab7f-41f0-82b8-2e43a090d496,f0416e68-0200-4b77-a926-4f9d16e494da,970b0598-bcb0-4714-91fb-2e81440dccd8,bcd64cc6-2dd9-43f6-abbe-66318d332032,d930590d-bb92-4cc8-8bd1-23cd027f9edf,a3cd009f-0ab0-420d-9278-b9fdab939bbc,6a2d0734-bd9e-4ddf-946e-caa52498cb75,871c3b6c-7379-419d-bda3-794b239ab90d,ff9b0199-ce04-4cfe-86cc-6c719f08d6e4,de1c2107-70c8-4021-8459-6399f24d01c6,cbf30902-517f-40dc-af90-a550bac27cf1
2025-3-22 20:06:38-debug:   Number of all scenes: 1
2025-3-22 20:06:38-debug:   Number of all scripts: 14
2025-3-22 20:06:38-debug:   Number of other assets: 383
2025-3-22 20:06:38-debug: // ---- build task 查询 Asset Bundle ---- (14ms)
2025-3-22 20:06:38-debug: run build task 查询 Asset Bundle success in 14 ms√, progress: 5%
2025-3-22 20:06:38-debug: [Build Memory track]: 查询 Asset Bundle start:168.49MB, end 168.83MB, increase: 346.70KB
2025-3-22 20:06:38-debug: 查询 Asset Bundle start, progress: 5%
2025-3-22 20:06:38-debug: // ---- build task 查询 Asset Bundle ----
2025-3-22 20:06:38-debug: // ---- build task 查询 Asset Bundle ---- (6ms)
2025-3-22 20:06:38-debug: 整理部分构建选项内数据到 settings.json start, progress: 10%
2025-3-22 20:06:38-debug: [Build Memory track]: 查询 Asset Bundle start:168.87MB, end 168.27MB, increase: -614.22KB
2025-3-22 20:06:38-debug: run build task 查询 Asset Bundle success in 6 ms√, progress: 10%
2025-3-22 20:06:38-debug: // ---- build task 整理部分构建选项内数据到 settings.json ----
2025-3-22 20:06:38-debug: // ---- build task 整理部分构建选项内数据到 settings.json ---- (2ms)
2025-3-22 20:06:38-debug: run build task 整理部分构建选项内数据到 settings.json success in 2 ms√, progress: 12%
2025-3-22 20:06:38-debug: [Build Memory track]: 整理部分构建选项内数据到 settings.json start:168.30MB, end 168.33MB, increase: 30.86KB
2025-3-22 20:06:38-debug: // ---- build task 填充脚本数据到 settings.json ----
2025-3-22 20:06:38-debug: 填充脚本数据到 settings.json start, progress: 12%
2025-3-22 20:06:38-debug: // ---- build task 填充脚本数据到 settings.json ---- (4ms)
2025-3-22 20:06:38-debug: [Build Memory track]: 填充脚本数据到 settings.json start:168.37MB, end 168.40MB, increase: 31.13KB
2025-3-22 20:06:38-debug: run build task 填充脚本数据到 settings.json success in 4 ms√, progress: 13%
2025-3-22 20:06:38-debug: 整理部分构建选项内数据到 settings.json start, progress: 13%
2025-3-22 20:06:38-debug: // ---- build task 整理部分构建选项内数据到 settings.json ----
2025-3-22 20:06:38-debug: // ---- build task 整理部分构建选项内数据到 settings.json ---- (6ms)
2025-3-22 20:06:38-debug: run build task 整理部分构建选项内数据到 settings.json success in 6 ms√, progress: 15%
2025-3-22 20:06:38-debug: [Build Memory track]: 整理部分构建选项内数据到 settings.json start:168.44MB, end 168.59MB, increase: 146.81KB
2025-3-22 20:06:48-debug: Query all assets info in project
2025-3-22 20:06:48-debug: init custom config: keepNodeUuid: false, useCache: true
2025-3-22 20:06:48-debug: 查询 Asset Bundle start, progress: 0%
2025-3-22 20:06:48-debug: // ---- build task 查询 Asset Bundle ----
2025-3-22 20:06:48-debug: Query preload assets/scripts from cc.config.json: 60f7195c-ec2a-45eb-ba94-8955f60e81d0,1c02ae6f-4492-4915-b8f8-7492a3b1e4cd,810e96e4-e456-4468-9b59-f4e8f39732c0,efe8e2a3-eace-427b-b4f1-cb8a937ec77d,e9aa9a3e-5b2b-4ac7-a2c7-073de2b2b24f,8bbdbcdd-5cd4-4100-b6d5-b7c9625b6107,50f4348b-c883-4e2f-8f11-ce233b859fa1,fda095cb-831d-4601-ad94-846013963de8,f92806d7-1768-443f-afe8-12bcde84d0f0,dd3a144d-ab7f-41f0-82b8-2e43a090d496,f0416e68-0200-4b77-a926-4f9d16e494da,970b0598-bcb0-4714-91fb-2e81440dccd8,bcd64cc6-2dd9-43f6-abbe-66318d332032,d930590d-bb92-4cc8-8bd1-23cd027f9edf,a3cd009f-0ab0-420d-9278-b9fdab939bbc,6a2d0734-bd9e-4ddf-946e-caa52498cb75,871c3b6c-7379-419d-bda3-794b239ab90d,ff9b0199-ce04-4cfe-86cc-6c719f08d6e4,de1c2107-70c8-4021-8459-6399f24d01c6,cbf30902-517f-40dc-af90-a550bac27cf1
2025-3-22 20:06:48-debug:   Number of all scripts: 14
2025-3-22 20:06:48-debug:   Number of other assets: 383
2025-3-22 20:06:48-debug:   Number of all scenes: 1
2025-3-22 20:06:48-debug: // ---- build task 查询 Asset Bundle ---- (23ms)
2025-3-22 20:06:48-debug: run build task 查询 Asset Bundle success in 23 ms√, progress: 5%
2025-3-22 20:06:48-debug: [Build Memory track]: 查询 Asset Bundle start:168.78MB, end 169.09MB, increase: 311.21KB
2025-3-22 20:06:48-debug: 查询 Asset Bundle start, progress: 5%
2025-3-22 20:06:48-debug: // ---- build task 查询 Asset Bundle ----
2025-3-22 20:06:48-debug: // ---- build task 查询 Asset Bundle ---- (7ms)
2025-3-22 20:06:48-debug: run build task 查询 Asset Bundle success in 7 ms√, progress: 10%
2025-3-22 20:06:48-debug: // ---- build task 整理部分构建选项内数据到 settings.json ----
2025-3-22 20:06:48-debug: [Build Memory track]: 查询 Asset Bundle start:169.12MB, end 168.49MB, increase: -645.77KB
2025-3-22 20:06:48-debug: 整理部分构建选项内数据到 settings.json start, progress: 10%
2025-3-22 20:06:48-debug: // ---- build task 整理部分构建选项内数据到 settings.json ---- (2ms)
2025-3-22 20:06:48-debug: [Build Memory track]: 整理部分构建选项内数据到 settings.json start:168.53MB, end 168.56MB, increase: 30.75KB
2025-3-22 20:06:48-debug: run build task 整理部分构建选项内数据到 settings.json success in 2 ms√, progress: 12%
2025-3-22 20:06:48-debug: // ---- build task 填充脚本数据到 settings.json ----
2025-3-22 20:06:48-debug: 填充脚本数据到 settings.json start, progress: 12%
2025-3-22 20:06:48-debug: // ---- build task 填充脚本数据到 settings.json ---- (2ms)
2025-3-22 20:06:48-debug: run build task 填充脚本数据到 settings.json success in 2 ms√, progress: 13%
2025-3-22 20:06:48-debug: 整理部分构建选项内数据到 settings.json start, progress: 13%
2025-3-22 20:06:48-debug: [Build Memory track]: 填充脚本数据到 settings.json start:168.60MB, end 168.63MB, increase: 31.38KB
2025-3-22 20:06:48-debug: // ---- build task 整理部分构建选项内数据到 settings.json ----
2025-3-22 20:06:48-debug: // ---- build task 整理部分构建选项内数据到 settings.json ---- (6ms)
2025-3-22 20:06:48-debug: run build task 整理部分构建选项内数据到 settings.json success in 6 ms√, progress: 15%
2025-3-22 20:06:48-debug: [Build Memory track]: 整理部分构建选项内数据到 settings.json start:168.67MB, end 168.81MB, increase: 138.82KB
2025-3-22 20:07:09-debug: Query all assets info in project
2025-3-22 20:07:09-debug: init custom config: keepNodeUuid: false, useCache: true
2025-3-22 20:07:09-debug: 查询 Asset Bundle start, progress: 0%
2025-3-22 20:07:09-debug: // ---- build task 查询 Asset Bundle ----
2025-3-22 20:07:09-debug: Query preload assets/scripts from cc.config.json: 60f7195c-ec2a-45eb-ba94-8955f60e81d0,1c02ae6f-4492-4915-b8f8-7492a3b1e4cd,810e96e4-e456-4468-9b59-f4e8f39732c0,efe8e2a3-eace-427b-b4f1-cb8a937ec77d,e9aa9a3e-5b2b-4ac7-a2c7-073de2b2b24f,8bbdbcdd-5cd4-4100-b6d5-b7c9625b6107,50f4348b-c883-4e2f-8f11-ce233b859fa1,fda095cb-831d-4601-ad94-846013963de8,f92806d7-1768-443f-afe8-12bcde84d0f0,dd3a144d-ab7f-41f0-82b8-2e43a090d496,f0416e68-0200-4b77-a926-4f9d16e494da,970b0598-bcb0-4714-91fb-2e81440dccd8,bcd64cc6-2dd9-43f6-abbe-66318d332032,d930590d-bb92-4cc8-8bd1-23cd027f9edf,a3cd009f-0ab0-420d-9278-b9fdab939bbc,6a2d0734-bd9e-4ddf-946e-caa52498cb75,871c3b6c-7379-419d-bda3-794b239ab90d,ff9b0199-ce04-4cfe-86cc-6c719f08d6e4,de1c2107-70c8-4021-8459-6399f24d01c6,cbf30902-517f-40dc-af90-a550bac27cf1
2025-3-22 20:07:09-debug:   Number of all scripts: 14
2025-3-22 20:07:09-debug:   Number of other assets: 383
2025-3-22 20:07:09-debug:   Number of all scenes: 1
2025-3-22 20:07:09-debug: run build task 查询 Asset Bundle success in 15 ms√, progress: 5%
2025-3-22 20:07:09-debug: [Build Memory track]: 查询 Asset Bundle start:169.07MB, end 169.35MB, increase: 295.19KB
2025-3-22 20:07:09-debug: // ---- build task 查询 Asset Bundle ----
2025-3-22 20:07:09-debug: // ---- build task 查询 Asset Bundle ---- (15ms)
2025-3-22 20:07:09-debug: 查询 Asset Bundle start, progress: 5%
2025-3-22 20:07:09-debug: // ---- build task 查询 Asset Bundle ---- (5ms)
2025-3-22 20:07:09-debug: run build task 查询 Asset Bundle success in 5 ms√, progress: 10%
2025-3-22 20:07:09-debug: [Build Memory track]: 查询 Asset Bundle start:169.39MB, end 168.76MB, increase: -641.22KB
2025-3-22 20:07:09-debug: 整理部分构建选项内数据到 settings.json start, progress: 10%
2025-3-22 20:07:09-debug: // ---- build task 整理部分构建选项内数据到 settings.json ----
2025-3-22 20:07:09-debug: // ---- build task 整理部分构建选项内数据到 settings.json ---- (2ms)
2025-3-22 20:07:09-debug: run build task 整理部分构建选项内数据到 settings.json success in 2 ms√, progress: 12%
2025-3-22 20:07:09-debug: [Build Memory track]: 整理部分构建选项内数据到 settings.json start:168.80MB, end 168.84MB, increase: 41.68KB
2025-3-22 20:07:09-debug: 填充脚本数据到 settings.json start, progress: 12%
2025-3-22 20:07:09-debug: // ---- build task 填充脚本数据到 settings.json ----
2025-3-22 20:07:09-debug: // ---- build task 填充脚本数据到 settings.json ---- (3ms)
2025-3-22 20:07:09-debug: run build task 填充脚本数据到 settings.json success in 3 ms√, progress: 13%
2025-3-22 20:07:09-debug: [Build Memory track]: 填充脚本数据到 settings.json start:168.88MB, end 168.91MB, increase: 33.04KB
2025-3-22 20:07:09-debug: 整理部分构建选项内数据到 settings.json start, progress: 13%
2025-3-22 20:07:09-debug: // ---- build task 整理部分构建选项内数据到 settings.json ----
2025-3-22 20:07:09-debug: // ---- build task 整理部分构建选项内数据到 settings.json ---- (10ms)
2025-3-22 20:07:09-debug: run build task 整理部分构建选项内数据到 settings.json success in 10 ms√, progress: 15%
2025-3-22 20:07:09-debug: [Build Memory track]: 整理部分构建选项内数据到 settings.json start:168.95MB, end 169.08MB, increase: 134.35KB
2025-3-22 20:07:29-debug: Query all assets info in project
2025-3-22 20:07:29-debug: init custom config: keepNodeUuid: false, useCache: true
2025-3-22 20:07:29-debug: 查询 Asset Bundle start, progress: 0%
2025-3-22 20:07:29-debug: // ---- build task 查询 Asset Bundle ----
2025-3-22 20:07:29-debug:   Number of all scenes: 1
2025-3-22 20:07:29-debug:   Number of all scripts: 14
2025-3-22 20:07:29-debug:   Number of other assets: 383
2025-3-22 20:07:29-debug: Query preload assets/scripts from cc.config.json: 60f7195c-ec2a-45eb-ba94-8955f60e81d0,1c02ae6f-4492-4915-b8f8-7492a3b1e4cd,810e96e4-e456-4468-9b59-f4e8f39732c0,efe8e2a3-eace-427b-b4f1-cb8a937ec77d,e9aa9a3e-5b2b-4ac7-a2c7-073de2b2b24f,8bbdbcdd-5cd4-4100-b6d5-b7c9625b6107,50f4348b-c883-4e2f-8f11-ce233b859fa1,fda095cb-831d-4601-ad94-846013963de8,f92806d7-1768-443f-afe8-12bcde84d0f0,dd3a144d-ab7f-41f0-82b8-2e43a090d496,f0416e68-0200-4b77-a926-4f9d16e494da,970b0598-bcb0-4714-91fb-2e81440dccd8,bcd64cc6-2dd9-43f6-abbe-66318d332032,d930590d-bb92-4cc8-8bd1-23cd027f9edf,a3cd009f-0ab0-420d-9278-b9fdab939bbc,6a2d0734-bd9e-4ddf-946e-caa52498cb75,871c3b6c-7379-419d-bda3-794b239ab90d,ff9b0199-ce04-4cfe-86cc-6c719f08d6e4,de1c2107-70c8-4021-8459-6399f24d01c6,cbf30902-517f-40dc-af90-a550bac27cf1
2025-3-22 20:07:29-debug: run build task 查询 Asset Bundle success in 16 ms√, progress: 5%
2025-3-22 20:07:29-debug: // ---- build task 查询 Asset Bundle ---- (16ms)
2025-3-22 20:07:29-debug: [Build Memory track]: 查询 Asset Bundle start:169.27MB, end 169.52MB, increase: 256.73KB
2025-3-22 20:07:29-debug: // ---- build task 查询 Asset Bundle ----
2025-3-22 20:07:29-debug: // ---- build task 查询 Asset Bundle ---- (6ms)
2025-3-22 20:07:29-debug: run build task 查询 Asset Bundle success in 6 ms√, progress: 10%
2025-3-22 20:07:29-debug: [Build Memory track]: 查询 Asset Bundle start:169.56MB, end 168.92MB, increase: -653.30KB
2025-3-22 20:07:29-debug: 整理部分构建选项内数据到 settings.json start, progress: 10%
2025-3-22 20:07:29-debug: 查询 Asset Bundle start, progress: 5%
2025-3-22 20:07:29-debug: // ---- build task 整理部分构建选项内数据到 settings.json ----
2025-3-22 20:07:29-debug: // ---- build task 整理部分构建选项内数据到 settings.json ---- (3ms)
2025-3-22 20:07:29-debug: run build task 整理部分构建选项内数据到 settings.json success in 3 ms√, progress: 12%
2025-3-22 20:07:29-debug: [Build Memory track]: 整理部分构建选项内数据到 settings.json start:168.97MB, end 169.01MB, increase: 33.57KB
2025-3-22 20:07:29-debug: // ---- build task 填充脚本数据到 settings.json ----
2025-3-22 20:07:29-debug: 填充脚本数据到 settings.json start, progress: 12%
2025-3-22 20:07:29-debug: // ---- build task 填充脚本数据到 settings.json ---- (2ms)
2025-3-22 20:07:29-debug: run build task 填充脚本数据到 settings.json success in 2 ms√, progress: 13%
2025-3-22 20:07:29-debug: [Build Memory track]: 填充脚本数据到 settings.json start:169.04MB, end 169.07MB, increase: 31.05KB
2025-3-22 20:07:29-debug: 整理部分构建选项内数据到 settings.json start, progress: 13%
2025-3-22 20:07:29-debug: // ---- build task 整理部分构建选项内数据到 settings.json ----
2025-3-22 20:07:29-debug: // ---- build task 整理部分构建选项内数据到 settings.json ---- (7ms)
2025-3-22 20:07:29-debug: run build task 整理部分构建选项内数据到 settings.json success in 7 ms√, progress: 15%
2025-3-22 20:07:29-debug: [Build Memory track]: 整理部分构建选项内数据到 settings.json start:169.11MB, end 169.25MB, increase: 141.63KB
2025-3-22 20:07:49-debug: Query all assets info in project
2025-3-22 20:07:49-debug: init custom config: keepNodeUuid: false, useCache: true
2025-3-22 20:07:49-debug: 查询 Asset Bundle start, progress: 0%
2025-3-22 20:07:49-debug: // ---- build task 查询 Asset Bundle ----
2025-3-22 20:07:49-debug: Query preload assets/scripts from cc.config.json: 60f7195c-ec2a-45eb-ba94-8955f60e81d0,1c02ae6f-4492-4915-b8f8-7492a3b1e4cd,810e96e4-e456-4468-9b59-f4e8f39732c0,efe8e2a3-eace-427b-b4f1-cb8a937ec77d,e9aa9a3e-5b2b-4ac7-a2c7-073de2b2b24f,8bbdbcdd-5cd4-4100-b6d5-b7c9625b6107,50f4348b-c883-4e2f-8f11-ce233b859fa1,fda095cb-831d-4601-ad94-846013963de8,f92806d7-1768-443f-afe8-12bcde84d0f0,dd3a144d-ab7f-41f0-82b8-2e43a090d496,f0416e68-0200-4b77-a926-4f9d16e494da,970b0598-bcb0-4714-91fb-2e81440dccd8,bcd64cc6-2dd9-43f6-abbe-66318d332032,d930590d-bb92-4cc8-8bd1-23cd027f9edf,a3cd009f-0ab0-420d-9278-b9fdab939bbc,6a2d0734-bd9e-4ddf-946e-caa52498cb75,871c3b6c-7379-419d-bda3-794b239ab90d,ff9b0199-ce04-4cfe-86cc-6c719f08d6e4,de1c2107-70c8-4021-8459-6399f24d01c6,cbf30902-517f-40dc-af90-a550bac27cf1
2025-3-22 20:07:49-debug:   Number of all scenes: 1
2025-3-22 20:07:49-debug:   Number of other assets: 383
2025-3-22 20:07:49-debug:   Number of all scripts: 14
2025-3-22 20:07:49-debug: // ---- build task 查询 Asset Bundle ---- (12ms)
2025-3-22 20:07:49-debug: run build task 查询 Asset Bundle success in 12 ms√, progress: 5%
2025-3-22 20:07:49-debug: [Build Memory track]: 查询 Asset Bundle start:169.50MB, end 169.75MB, increase: 258.17KB
2025-3-22 20:07:49-debug: 查询 Asset Bundle start, progress: 5%
2025-3-22 20:07:49-debug: // ---- build task 查询 Asset Bundle ----
2025-3-22 20:07:49-debug: // ---- build task 查询 Asset Bundle ---- (11ms)
2025-3-22 20:07:49-debug: [Build Memory track]: 查询 Asset Bundle start:169.79MB, end 169.16MB, increase: -638.43KB
2025-3-22 20:07:49-debug: run build task 查询 Asset Bundle success in 11 ms√, progress: 10%
2025-3-22 20:07:49-debug: 整理部分构建选项内数据到 settings.json start, progress: 10%
2025-3-22 20:07:49-debug: // ---- build task 整理部分构建选项内数据到 settings.json ----
2025-3-22 20:07:49-debug: // ---- build task 整理部分构建选项内数据到 settings.json ---- (2ms)
2025-3-22 20:07:49-debug: run build task 整理部分构建选项内数据到 settings.json success in 2 ms√, progress: 12%
2025-3-22 20:07:49-debug: [Build Memory track]: 整理部分构建选项内数据到 settings.json start:169.20MB, end 169.23MB, increase: 30.79KB
2025-3-22 20:07:49-debug: 填充脚本数据到 settings.json start, progress: 12%
2025-3-22 20:07:49-debug: // ---- build task 填充脚本数据到 settings.json ----
2025-3-22 20:07:49-debug: // ---- build task 填充脚本数据到 settings.json ---- (4ms)
2025-3-22 20:07:49-debug: run build task 填充脚本数据到 settings.json success in 4 ms√, progress: 13%
2025-3-22 20:07:49-debug: [Build Memory track]: 填充脚本数据到 settings.json start:169.27MB, end 169.31MB, increase: 49.66KB
2025-3-22 20:07:49-debug: 整理部分构建选项内数据到 settings.json start, progress: 13%
2025-3-22 20:07:49-debug: // ---- build task 整理部分构建选项内数据到 settings.json ----
2025-3-22 20:07:49-debug: // ---- build task 整理部分构建选项内数据到 settings.json ---- (6ms)
2025-3-22 20:07:49-debug: run build task 整理部分构建选项内数据到 settings.json success in 6 ms√, progress: 15%
2025-3-22 20:07:49-debug: [Build Memory track]: 整理部分构建选项内数据到 settings.json start:169.34MB, end 169.47MB, increase: 129.86KB
2025-3-22 20:08:10-debug: Query all assets info in project
2025-3-22 20:08:10-debug: init custom config: keepNodeUuid: false, useCache: true
2025-3-22 20:08:10-debug: 查询 Asset Bundle start, progress: 0%
2025-3-22 20:08:10-debug: // ---- build task 查询 Asset Bundle ----
2025-3-22 20:08:10-debug: Query preload assets/scripts from cc.config.json: 60f7195c-ec2a-45eb-ba94-8955f60e81d0,1c02ae6f-4492-4915-b8f8-7492a3b1e4cd,810e96e4-e456-4468-9b59-f4e8f39732c0,efe8e2a3-eace-427b-b4f1-cb8a937ec77d,e9aa9a3e-5b2b-4ac7-a2c7-073de2b2b24f,8bbdbcdd-5cd4-4100-b6d5-b7c9625b6107,50f4348b-c883-4e2f-8f11-ce233b859fa1,fda095cb-831d-4601-ad94-846013963de8,f92806d7-1768-443f-afe8-12bcde84d0f0,dd3a144d-ab7f-41f0-82b8-2e43a090d496,f0416e68-0200-4b77-a926-4f9d16e494da,970b0598-bcb0-4714-91fb-2e81440dccd8,bcd64cc6-2dd9-43f6-abbe-66318d332032,d930590d-bb92-4cc8-8bd1-23cd027f9edf,a3cd009f-0ab0-420d-9278-b9fdab939bbc,6a2d0734-bd9e-4ddf-946e-caa52498cb75,871c3b6c-7379-419d-bda3-794b239ab90d,ff9b0199-ce04-4cfe-86cc-6c719f08d6e4,de1c2107-70c8-4021-8459-6399f24d01c6,cbf30902-517f-40dc-af90-a550bac27cf1
2025-3-22 20:08:10-debug:   Number of all scenes: 1
2025-3-22 20:08:10-debug:   Number of all scripts: 14
2025-3-22 20:08:10-debug:   Number of other assets: 383
2025-3-22 20:08:10-debug: // ---- build task 查询 Asset Bundle ---- (13ms)
2025-3-22 20:08:10-debug: run build task 查询 Asset Bundle success in 13 ms√, progress: 5%
2025-3-22 20:08:10-debug: [Build Memory track]: 查询 Asset Bundle start:169.69MB, end 169.90MB, increase: 216.41KB
2025-3-22 20:08:10-debug: 查询 Asset Bundle start, progress: 5%
2025-3-22 20:08:10-debug: // ---- build task 查询 Asset Bundle ----
2025-3-22 20:08:10-debug: run build task 查询 Asset Bundle success in 3 ms√, progress: 10%
2025-3-22 20:08:10-debug: [Build Memory track]: 查询 Asset Bundle start:169.93MB, end 169.32MB, increase: -625.42KB
2025-3-22 20:08:10-debug: // ---- build task 查询 Asset Bundle ---- (3ms)
2025-3-22 20:08:10-debug: 整理部分构建选项内数据到 settings.json start, progress: 10%
2025-3-22 20:08:10-debug: // ---- build task 整理部分构建选项内数据到 settings.json ----
2025-3-22 20:08:10-debug: // ---- build task 整理部分构建选项内数据到 settings.json ---- (1ms)
2025-3-22 20:08:10-debug: run build task 整理部分构建选项内数据到 settings.json success in 1 ms√, progress: 12%
2025-3-22 20:08:10-debug: [Build Memory track]: 整理部分构建选项内数据到 settings.json start:169.36MB, end 169.38MB, increase: 27.09KB
2025-3-22 20:08:10-debug: 填充脚本数据到 settings.json start, progress: 12%
2025-3-22 20:08:10-debug: // ---- build task 填充脚本数据到 settings.json ----
2025-3-22 20:08:10-debug: run build task 填充脚本数据到 settings.json success in 1 ms√, progress: 13%
2025-3-22 20:08:10-debug: // ---- build task 填充脚本数据到 settings.json ---- (1ms)
2025-3-22 20:08:10-debug: 整理部分构建选项内数据到 settings.json start, progress: 13%
2025-3-22 20:08:10-debug: [Build Memory track]: 填充脚本数据到 settings.json start:169.41MB, end 169.44MB, increase: 25.25KB
2025-3-22 20:08:10-debug: // ---- build task 整理部分构建选项内数据到 settings.json ----
2025-3-22 20:08:10-debug: // ---- build task 整理部分构建选项内数据到 settings.json ---- (6ms)
2025-3-22 20:08:10-debug: run build task 整理部分构建选项内数据到 settings.json success in 6 ms√, progress: 15%
2025-3-22 20:08:10-debug: [Build Memory track]: 整理部分构建选项内数据到 settings.json start:169.47MB, end 169.59MB, increase: 130.47KB
2025-3-22 20:08:27-debug: refresh db internal success
2025-3-22 20:08:27-debug: refresh db assets success
2025-3-22 20:08:27-debug: Run asset db hook engine-extends:afterRefresh ...
2025-3-22 20:08:27-debug: Run asset db hook engine-extends:afterRefresh success!
2025-3-22 20:08:27-debug: asset-db:refresh-all-database (153ms)
2025-3-22 20:08:27-debug: asset-db:worker-effect-data-processing (2ms)
2025-3-22 20:08:27-debug: asset-db-hook-engine-extends-afterRefresh (2ms)
