2025-7-2 20:41:22-debug: start **** info
2025-7-2 20:41:23-log: Cannot access game frame or container.
2025-7-2 20:41:24-debug: asset-db:require-engine-code (1654ms)
2025-7-2 20:41:24-log: meshopt wasm decoder initialized
2025-7-2 20:41:24-log: [bullet]:bullet wasm lib loaded.
2025-7-2 20:41:24-log: [box2d]:box2d wasm lib loaded.
2025-7-2 20:41:24-log: Cocos Creator v3.8.5
2025-7-2 20:41:24-log: Using legacy pipeline
2025-7-2 20:41:24-log: Forward render pipeline initialized.
2025-7-2 20:41:24-debug: [Assets Memory track]: asset-db:worker-init: initEngine start:30.98MB, end 79.11MB, increase: 48.13MB
2025-7-2 20:41:27-debug: [Assets Memory track]: asset-db-plugin-register: engine-extends start:195.57MB, end 198.71MB, increase: 3.14MB
2025-7-2 20:41:24-debug: [Assets Memory track]: asset-db-plugin-register: programming start:79.95MB, end 83.15MB, increase: 3.20MB
2025-7-2 20:41:27-debug: [Assets Memory track]: asset-db-plugin-register: project start:79.81MB, end 198.78MB, increase: 118.97MB
2025-7-2 20:41:27-debug: [Assets Memory track]: asset-db:worker-init: initPlugin start:79.13MB, end 198.81MB, increase: 119.67MB
2025-7-2 20:41:26-debug: [Assets Memory track]: asset-db-plugin-register: builder start:83.18MB, end 195.32MB, increase: 112.14MB
2025-7-2 20:41:27-debug: asset-db:worker-init: initPlugin (2457ms)
2025-7-2 20:41:27-debug: [Assets Memory track]: asset-db:worker-init start:30.97MB, end 198.92MB, increase: 167.95MB
2025-7-2 20:41:27-debug: Run asset db hook programming:beforePreStart ...
2025-7-2 20:41:27-debug: Run asset db hook engine-extends:beforePreStart ...
2025-7-2 20:41:27-debug: Run asset db hook engine-extends:beforePreStart success!
2025-7-2 20:41:27-debug: Run asset db hook programming:beforePreStart success!
2025-7-2 20:41:30-debug: asset-db:worker-init (7459ms)
2025-7-2 20:41:30-debug: asset-db-hook-programming-beforePreStart (3035ms)
2025-7-2 20:41:30-debug: asset-db-hook-engine-extends-beforePreStart (3035ms)
2025-7-2 20:41:31-debug: Preimport db internal success
2025-7-2 20:41:31-debug: Preimport db assets success
2025-7-2 20:41:31-debug: Run asset db hook programming:afterPreStart ...
2025-7-2 20:41:31-debug: starting packer-driver...
2025-7-2 20:41:32-debug: initialize scripting environment...
2025-7-2 20:41:32-debug: [[Executor]] prepare before lock
2025-7-2 20:41:32-debug: Set detail map pack:///resolution-detail-map.json: {}
2025-7-2 20:41:32-debug: [[Executor]] prepare after unlock
2025-7-2 20:41:32-debug: Run asset db hook programming:afterPreStart success!
2025-7-2 20:41:32-debug: Run asset db hook engine-extends:afterPreStart success!
2025-7-2 20:41:32-debug: [Assets Memory track]: asset-db:worker-init: preStart start:198.93MB, end 202.20MB, increase: 3.27MB
2025-7-2 20:41:32-debug: Run asset db hook engine-extends:afterPreStart ...
2025-7-2 20:41:32-debug: Start up the 'internal' database...
2025-7-2 20:41:34-debug: asset-db:worker-effect-data-processing (1933ms)
2025-7-2 20:41:34-debug: asset-db-hook-programming-afterPreStart (2563ms)
2025-7-2 20:41:34-debug: asset-db-hook-engine-extends-afterPreStart (1935ms)
2025-7-2 20:41:34-debug: Start up the 'assets' database...
2025-7-2 20:41:34-debug: asset-db:worker-startup-database[internal] (7468ms)
2025-7-2 20:41:34-debug: lazy register asset handler *
2025-7-2 20:41:34-debug: lazy register asset handler directory
2025-7-2 20:41:34-debug: lazy register asset handler spine-data
2025-7-2 20:41:34-debug: lazy register asset handler dragonbones
2025-7-2 20:41:34-debug: lazy register asset handler json
2025-7-2 20:41:34-debug: lazy register asset handler dragonbones-atlas
2025-7-2 20:41:34-debug: lazy register asset handler text
2025-7-2 20:41:34-debug: lazy register asset handler terrain
2025-7-2 20:41:34-debug: lazy register asset handler typescript
2025-7-2 20:41:34-debug: lazy register asset handler scene
2025-7-2 20:41:34-debug: lazy register asset handler javascript
2025-7-2 20:41:34-debug: lazy register asset handler sprite-frame
2025-7-2 20:41:34-debug: lazy register asset handler prefab
2025-7-2 20:41:34-debug: lazy register asset handler tiled-map
2025-7-2 20:41:34-debug: lazy register asset handler sign-image
2025-7-2 20:41:34-debug: lazy register asset handler image
2025-7-2 20:41:34-debug: lazy register asset handler buffer
2025-7-2 20:41:34-debug: lazy register asset handler alpha-image
2025-7-2 20:41:34-debug: lazy register asset handler texture-cube
2025-7-2 20:41:34-debug: lazy register asset handler erp-texture-cube
2025-7-2 20:41:34-debug: lazy register asset handler render-texture
2025-7-2 20:41:34-debug: lazy register asset handler texture-cube-face
2025-7-2 20:41:34-debug: lazy register asset handler gltf
2025-7-2 20:41:34-debug: lazy register asset handler rt-sprite-frame
2025-7-2 20:41:34-debug: lazy register asset handler gltf-animation
2025-7-2 20:41:34-debug: lazy register asset handler gltf-mesh
2025-7-2 20:41:34-debug: lazy register asset handler gltf-skeleton
2025-7-2 20:41:34-debug: lazy register asset handler texture
2025-7-2 20:41:34-debug: lazy register asset handler gltf-material
2025-7-2 20:41:34-debug: lazy register asset handler gltf-embeded-image
2025-7-2 20:41:34-debug: lazy register asset handler gltf-scene
2025-7-2 20:41:34-debug: lazy register asset handler material
2025-7-2 20:41:34-debug: lazy register asset handler fbx
2025-7-2 20:41:34-debug: lazy register asset handler physics-material
2025-7-2 20:41:34-debug: lazy register asset handler effect-header
2025-7-2 20:41:34-debug: lazy register asset handler audio-clip
2025-7-2 20:41:34-debug: lazy register asset handler animation-clip
2025-7-2 20:41:34-debug: lazy register asset handler animation-graph
2025-7-2 20:41:34-debug: lazy register asset handler animation-graph-variant
2025-7-2 20:41:34-debug: lazy register asset handler animation-mask
2025-7-2 20:41:34-debug: lazy register asset handler bitmap-font
2025-7-2 20:41:34-debug: lazy register asset handler effect
2025-7-2 20:41:34-debug: lazy register asset handler particle
2025-7-2 20:41:34-debug: lazy register asset handler ttf-font
2025-7-2 20:41:34-debug: lazy register asset handler sprite-atlas
2025-7-2 20:41:34-debug: lazy register asset handler label-atlas
2025-7-2 20:41:34-debug: lazy register asset handler render-pipeline
2025-7-2 20:41:34-debug: lazy register asset handler render-stage
2025-7-2 20:41:34-debug: lazy register asset handler instantiation-material
2025-7-2 20:41:34-debug: lazy register asset handler instantiation-mesh
2025-7-2 20:41:34-debug: lazy register asset handler auto-atlas
2025-7-2 20:41:34-debug: lazy register asset handler render-flow
2025-7-2 20:41:34-debug: lazy register asset handler instantiation-skeleton
2025-7-2 20:41:34-debug: lazy register asset handler video-clip
2025-7-2 20:41:34-debug: lazy register asset handler instantiation-animation
2025-7-2 20:41:34-debug: asset-db:worker-startup-database[assets] (3163ms)
2025-7-2 20:41:34-debug: asset-db:ready (17896ms)
2025-7-2 20:41:34-debug: init worker message success
2025-7-2 20:41:34-debug: asset-db:start-database (7562ms)
2025-7-2 20:41:34-debug: programming:execute-script (10ms)
2025-7-2 20:41:35-debug: [Build Memory track]: builder:worker-init start:158.61MB, end 172.10MB, increase: 13.49MB
2025-7-2 20:41:35-debug: builder:worker-init (915ms)
2025-7-2 20:43:31-debug: refresh db internal success
2025-7-2 20:43:31-debug: %cImport%c: C:\Users\zzx\Desktop\mygame\assets\scripts\gameLanch.tsbackground: #aaff85; color: #000;color: #000;
2025-7-2 20:43:31-debug: refresh db assets success
2025-7-2 20:43:31-debug: Run asset db hook engine-extends:afterRefresh success!
2025-7-2 20:43:31-debug: Run asset db hook engine-extends:afterRefresh ...
2025-7-2 20:43:31-debug: asset-db:refresh-all-database (222ms)
2025-7-2 20:43:31-debug: asset-db:worker-effect-data-processing (2ms)
2025-7-2 20:43:31-debug: asset-db-hook-engine-extends-afterRefresh (3ms)
2025-7-2 21:00:27-debug: refresh db internal success
2025-7-2 21:00:27-debug: %cImport%c: C:\Users\zzx\Desktop\mygame\assets\scripts\gameLoadingNode.tsbackground: #aaff85; color: #000;color: #000;
2025-7-2 21:00:27-debug: refresh db assets success
2025-7-2 21:00:27-debug: Run asset db hook engine-extends:afterRefresh ...
2025-7-2 21:00:27-debug: Run asset db hook engine-extends:afterRefresh success!
2025-7-2 21:00:27-debug: asset-db:refresh-all-database (171ms)
2025-7-2 21:00:27-debug: asset-db:worker-effect-data-processing (9ms)
2025-7-2 21:00:27-debug: asset-db-hook-engine-extends-afterRefresh (9ms)
2025-7-2 21:00:47-debug: refresh db internal success
2025-7-2 21:00:47-debug: refresh db assets success
2025-7-2 21:00:47-debug: Run asset db hook engine-extends:afterRefresh ...
2025-7-2 21:00:47-debug: Run asset db hook engine-extends:afterRefresh success!
2025-7-2 21:00:47-debug: asset-db:refresh-all-database (154ms)
2025-7-2 21:00:47-debug: asset-db:worker-effect-data-processing (2ms)
2025-7-2 21:00:47-debug: asset-db-hook-engine-extends-afterRefresh (2ms)
2025-7-2 21:00:49-debug: %cImport%c: C:\Users\zzx\Desktop\mygame\assets\scene\main.scenebackground: #aaff85; color: #000;color: #000;
2025-7-2 21:00:49-debug: asset-db:reimport-assetdf672520-9755-4d63-978e-4a7ae276a322 (29ms)
2025-7-2 21:01:09-debug: Start record console... {file(C:\Users\zzx\Desktop\mygame\temp\builder\log\wechatgame2025-6-21 15-20.log)}
2025-7-2 21:01:09-debug: =================================== build Task (wechatgame-001) Start ================================
2025-7-2 21:01:09-debug: Start build task, options:{"name":"myGameMj","server":"","platform":"wechatgame","buildPath":"C:\\Users\\zzx\\Desktop\\wx_game","debug":false,"buildMode":"normal","mangleProperties":false,"md5Cache":false,"skipCompressTexture":false,"sourceMaps":false,"overwriteProjectSettings":{"macroConfig":{"cleanupImageCache":"on"},"includeModules":{"physics":"inherit-project-setting","physics-2d":"inherit-project-setting","gfx-webgl2":"off"}},"nativeCodeBundleMode":"wasm","polyfills":{"asyncFunctions":false},"experimentalEraseModules":false,"startSceneAssetBundle":false,"bundleConfigs":[],"inlineEnum":true,"useBuiltinServer":false,"md5CacheOptions":{"excludes":[],"includes":[],"replaceOnly":[],"handleTemplateMd5Link":true},"mainBundleIsRemote":false,"mainBundleCompressionType":"subpackage","useSplashScreen":true,"bundleCommonChunk":false,"packAutoAtlas":true,"startScene":"df672520-9755-4d63-978e-4a7ae276a322","outputName":"wechatgame","taskName":"wechatgame-001","scenes":[{"url":"db://assets/scene/main.scene","uuid":"df672520-9755-4d63-978e-4a7ae276a322"}],"wasmCompressionMode":false,"packages":{"wechatgame":{"orientation":"portrait","appid":"wx494cae4c1ff3e79b","buildOpenDataContextTemplate":true,"separateEngine":false,"highPerformanceMode":false,"__version__":"1.0.4","wasmSubpackage":true},"cocos-service":{"configID":"ef3e64","services":[],"__version__":"3.0.8"}},"__version__":"1.3.9","logDest":"project://temp/builder/log/wechatgame2025-6-21 15-20.log"}
2025-7-2 21:01:09-debug: Build with Cocos Creator 3.8.5
2025-7-2 21:01:09-debug: wechatgame:(onBeforeBuild) start..., progress: 0%
2025-7-2 21:01:09-debug: // ---- build task wechatgame：onBeforeBuild ----
2025-7-2 21:01:09-debug: // ---- build task wechatgame：onBeforeBuild ---- (79ms)
2025-7-2 21:01:09-debug: // ---- build task cocos-service：onBeforeBuild ----
2025-7-2 21:01:09-debug: wechatgame:(onBeforeBuild) in 79 ms ✓, progress: 2%
2025-7-2 21:01:09-debug: cocos-service:(onBeforeBuild) start..., progress: 2%
2025-7-2 21:01:11-debug: // ---- build task cocos-service：onBeforeBuild ---- (2081ms)
2025-7-2 21:01:11-debug: cocos-service:(onBeforeBuild) in 2081 ms ✓, progress: 4%
2025-7-2 21:01:11-debug: scene:(onBeforeBuild) start..., progress: 4%
2025-7-2 21:01:11-debug: // ---- build task scene：onBeforeBuild ----
2025-7-2 21:01:11-debug: // ---- build task scene：onBeforeBuild ---- (76ms)
2025-7-2 21:01:11-debug: Start lock asset db..., progress: 5%
2025-7-2 21:01:11-debug: scene:(onBeforeBuild) in 76 ms ✓, progress: 5%
2025-7-2 21:01:11-log: Asset DB is paused with build!
2025-7-2 21:01:11-debug: Query all assets info in project
2025-7-2 21:01:12-debug: wechatgame:(onAfterInit) start..., progress: 5%
2025-7-2 21:01:12-debug: init custom config: keepNodeUuid: false, useCache: true
2025-7-2 21:01:12-debug: // ---- build task wechatgame：onAfterInit ----
2025-7-2 21:01:12-debug: // ---- build task wechatgame：onAfterInit ---- (35ms)
2025-7-2 21:01:12-debug: cocos-service:(onAfterInit) start..., progress: 7%
2025-7-2 21:01:12-debug: wechatgame:(onAfterInit) in 35 ms ✓, progress: 7%
2025-7-2 21:01:12-debug: // ---- build task cocos-service：onAfterInit ----
2025-7-2 21:01:12-debug: // ---- build task cocos-service：onAfterInit ---- (663ms)
2025-7-2 21:01:12-debug: cocos-service:(onAfterInit) in 663 ms ✓, progress: 9%
2025-7-2 21:01:12-debug: wechatgame:(onBeforeBundleInit) start..., progress: 9%
2025-7-2 21:01:12-debug: // ---- build task wechatgame：onBeforeBundleInit ----
2025-7-2 21:01:12-debug: // ---- build task wechatgame：onBeforeBundleInit ---- (50ms)
2025-7-2 21:01:12-debug: // ---- build task adsense-h5g-plugin：onBeforeBundleInit ----
2025-7-2 21:01:12-debug: [adsense-h5g-plugin] remove script success
2025-7-2 21:01:12-debug: wechatgame:(onBeforeBundleInit) in 50 ms ✓, progress: 9%
2025-7-2 21:01:12-debug: adsense-h5g-plugin:(onBeforeBundleInit) start..., progress: 9%
2025-7-2 21:01:12-debug: // ---- build task adsense-h5g-plugin：onBeforeBundleInit ---- (60ms)
2025-7-2 21:01:12-debug: adsense-h5g-plugin:(onBeforeBundleInit) in 60 ms ✓, progress: 9%
2025-7-2 21:01:12-debug: Init all bundles start..., progress: 9%
2025-7-2 21:01:12-debug: // ---- build task 查询 Asset Bundle ----
2025-7-2 21:01:12-debug: Num of bundles: 6..., progress: 9%
2025-7-2 21:01:12-debug: 查询 Asset Bundle start, progress: 9%
2025-7-2 21:01:12-debug: Init bundle root assets start..., progress: 9%
2025-7-2 21:01:13-debug: Query preload assets/scripts from cc.config.json: 60f7195c-ec2a-45eb-ba94-8955f60e81d0,1c02ae6f-4492-4915-b8f8-7492a3b1e4cd,810e96e4-e456-4468-9b59-f4e8f39732c0,efe8e2a3-eace-427b-b4f1-cb8a937ec77d,e9aa9a3e-5b2b-4ac7-a2c7-073de2b2b24f,8bbdbcdd-5cd4-4100-b6d5-b7c9625b6107,50f4348b-c883-4e2f-8f11-ce233b859fa1,fda095cb-831d-4601-ad94-846013963de8,f92806d7-1768-443f-afe8-12bcde84d0f0,dd3a144d-ab7f-41f0-82b8-2e43a090d496,f0416e68-0200-4b77-a926-4f9d16e494da,970b0598-bcb0-4714-91fb-2e81440dccd8,bcd64cc6-2dd9-43f6-abbe-66318d332032,d930590d-bb92-4cc8-8bd1-23cd027f9edf,a3cd009f-0ab0-420d-9278-b9fdab939bbc,6a2d0734-bd9e-4ddf-946e-caa52498cb75,871c3b6c-7379-419d-bda3-794b239ab90d,ff9b0199-ce04-4cfe-86cc-6c719f08d6e4,de1c2107-70c8-4021-8459-6399f24d01c6,cbf30902-517f-40dc-af90-a550bac27cf1
2025-7-2 21:01:13-debug:   Number of all scenes: 1
2025-7-2 21:01:13-debug:   Number of all scripts: 15
2025-7-2 21:01:13-debug:   Number of other assets: 392
2025-7-2 21:01:13-debug: Init bundle root assets success..., progress: 9%
2025-7-2 21:01:13-debug: reload all scripts.
2025-7-2 21:01:13-log: creating executor ...
2025-7-2 21:01:13-debug: [[Executor]] reload before lock
2025-7-2 21:01:13-debug: Set detail map pack:///resolution-detail-map.json: {}
2025-7-2 21:01:13-debug: [[Executor]] Module "cce:/internal/x/cc-fu/gfx-webgl" loaded.
2025-7-2 21:01:13-debug: C:\Users\zzx\Desktop\mygame\temp\programming\packer-driver\targets\editor\chunks\93\93ba276ea7b26ffcdc433fab14afc1ed6f05647b.js resolved to C:\Users\zzx\Desktop\mygame\temp\programming\packer-driver\targets\editor\chunks\93\93ba276ea7b26ffcdc433fab14afc1ed6f05647b.js is not in module cache!
2025-7-2 21:01:13-debug: [[Executor]] Module "cce:/internal/x/cc-fu/gfx-empty" loaded.
2025-7-2 21:01:13-debug: [[Executor]] Module "cce:/internal/x/cc-fu/gfx-webgl2" loaded.
2025-7-2 21:01:13-debug: [[Executor]] Module "cce:/internal/x/cc-fu/3d" loaded.
2025-7-2 21:01:13-debug: [[Executor]] Module "cce:/internal/x/cc-fu/gfx-webgpu" loaded.
2025-7-2 21:01:13-debug: [[Executor]] Module "cce:/internal/x/cc-fu/base" loaded.
2025-7-2 21:01:13-debug: [[Executor]] Module "cce:/internal/x/cc-fu/animation" loaded.
2025-7-2 21:01:13-debug: [[Executor]] Module "cce:/internal/x/cc-fu/skeletal-animation" loaded.
2025-7-2 21:01:13-debug: [[Executor]] Module "cce:/internal/x/cc-fu/2d" loaded.
2025-7-2 21:01:13-debug: [[Executor]] Module "cce:/internal/x/cc-fu/sorting" loaded.
2025-7-2 21:01:13-debug: [[Executor]] Module "cce:/internal/x/cc-fu/particle" loaded.
2025-7-2 21:01:13-debug: [[Executor]] Module "cce:/internal/x/cc-fu/ui" loaded.
2025-7-2 21:01:13-debug: [[Executor]] Module "cce:/internal/x/cc-fu/particle-2d" loaded.
2025-7-2 21:01:13-debug: [[Executor]] Module "cce:/internal/x/cc-fu/physics-framework" loaded.
2025-7-2 21:01:13-debug: [[Executor]] Module "cce:/internal/x/cc-fu/physics-2d-framework" loaded.
2025-7-2 21:01:13-debug: [[Executor]] Module "cce:/internal/x/cc-fu/physics-2d-box2d-wasm" loaded.
2025-7-2 21:01:13-debug: [[Executor]] Module "cce:/internal/x/cc-fu/primitive" loaded.
2025-7-2 21:01:13-debug: [[Executor]] Module "cce:/internal/x/cc-fu/intersection-2d" loaded.
2025-7-2 21:01:13-debug: [[Executor]] Module "cce:/internal/x/cc-fu/geometry-renderer" loaded.
2025-7-2 21:01:13-debug: [[Executor]] Module "cce:/internal/x/cc-fu/profiler" loaded.
2025-7-2 21:01:13-debug: [[Executor]] Module "cce:/internal/x/cc-fu/video" loaded.
2025-7-2 21:01:13-debug: [[Executor]] Module "cce:/internal/x/cc-fu/audio" loaded.
2025-7-2 21:01:13-debug: [[Executor]] Module "cce:/internal/x/cc-fu/light-probe" loaded.
2025-7-2 21:01:13-debug: [[Executor]] Module "cce:/internal/x/cc-fu/terrain" loaded.
2025-7-2 21:01:13-debug: [[Executor]] Module "cce:/internal/x/cc-fu/webview" loaded.
2025-7-2 21:01:13-debug: [[Executor]] Module "cce:/internal/x/cc-fu/xr" loaded.
2025-7-2 21:01:13-debug: [[Executor]] Module "cce:/internal/x/cc-fu/tween" loaded.
2025-7-2 21:01:13-debug: [[Executor]] Module "cce:/internal/x/cc-fu/tiled-map" loaded.
2025-7-2 21:01:13-debug: [[Executor]] Module "cce:/internal/x/cc-fu/dragon-bones" loaded.
2025-7-2 21:01:13-debug: [[Executor]] Module "cce:/internal/x/cc-fu/vendor-google" loaded.
2025-7-2 21:01:13-debug: [[Executor]] Module "cce:/internal/x/cc-fu/custom-pipeline" loaded.
2025-7-2 21:01:13-debug: [[Executor]] Module "cce:/internal/x/cc-fu/custom-pipeline-post-process" loaded.
2025-7-2 21:01:13-debug: [[Executor]] Module "cce:/internal/x/cc-fu/base" loaded.
2025-7-2 21:01:13-debug: [[Executor]] Module "cce:/internal/x/cc-fu/legacy-pipeline" loaded.
2025-7-2 21:01:13-debug: [[Executor]] Module "cce:/internal/x/cc-fu/spine" loaded.
2025-7-2 21:01:13-debug: [[Executor]] Module "cce:/internal/x/cc-fu/gfx-webgl" loaded.
2025-7-2 21:01:13-debug: [[Executor]] Module "cce:/internal/x/cc-fu/gfx-webgl2" loaded.
2025-7-2 21:01:13-debug: [[Executor]] Module "cce:/internal/x/cc-fu/gfx-empty" loaded.
2025-7-2 21:01:13-debug: [[Executor]] Module "cce:/internal/x/cc-fu/gfx-webgpu" loaded.
2025-7-2 21:01:13-debug: [[Executor]] Module "cce:/internal/x/cc-fu/3d" loaded.
2025-7-2 21:01:13-debug: [[Executor]] Module "cce:/internal/x/cc-fu/animation" loaded.
2025-7-2 21:01:13-debug: [[Executor]] Module "cce:/internal/x/cc-fu/skeletal-animation" loaded.
2025-7-2 21:01:13-debug: [[Executor]] Module "cce:/internal/x/cc-fu/sorting" loaded.
2025-7-2 21:01:13-debug: [[Executor]] Module "cce:/internal/x/cc-fu/ui" loaded.
2025-7-2 21:01:13-debug: [[Executor]] Module "cce:/internal/x/cc-fu/particle" loaded.
2025-7-2 21:01:13-debug: [[Executor]] Module "cce:/internal/x/cc-fu/2d" loaded.
2025-7-2 21:01:13-debug: [[Executor]] Module "cce:/internal/x/cc-fu/particle-2d" loaded.
2025-7-2 21:01:13-debug: [[Executor]] Module "cce:/internal/x/cc-fu/physics-framework" loaded.
2025-7-2 21:01:13-debug: [[Executor]] Module "cce:/internal/x/cc-fu/physics-2d-box2d-wasm" loaded.
2025-7-2 21:01:13-debug: [[Executor]] Module "cce:/internal/x/cc-fu/physics-2d-framework" loaded.
2025-7-2 21:01:13-debug: [[Executor]] Module "cce:/internal/x/cc-fu/intersection-2d" loaded.
2025-7-2 21:01:13-debug: [[Executor]] Module "cce:/internal/x/cc-fu/profiler" loaded.
2025-7-2 21:01:13-debug: [[Executor]] Module "cce:/internal/x/cc-fu/primitive" loaded.
2025-7-2 21:01:13-debug: [[Executor]] Module "cce:/internal/x/cc-fu/geometry-renderer" loaded.
2025-7-2 21:01:13-debug: [[Executor]] Module "cce:/internal/x/cc-fu/video" loaded.
2025-7-2 21:01:13-debug: [[Executor]] Module "cce:/internal/x/cc-fu/audio" loaded.
2025-7-2 21:01:13-debug: [[Executor]] Module "cce:/internal/x/cc-fu/light-probe" loaded.
2025-7-2 21:01:13-debug: [[Executor]] Module "cce:/internal/x/cc-fu/terrain" loaded.
2025-7-2 21:01:13-debug: [[Executor]] Module "cce:/internal/x/cc-fu/webview" loaded.
2025-7-2 21:01:13-debug: [[Executor]] Module "cce:/internal/x/cc-fu/tween" loaded.
2025-7-2 21:01:13-debug: [[Executor]] Module "cce:/internal/x/cc-fu/tiled-map" loaded.
2025-7-2 21:01:13-debug: [[Executor]] Module "cce:/internal/x/cc-fu/xr" loaded.
2025-7-2 21:01:13-debug: [[Executor]] Module "cce:/internal/x/cc-fu/vendor-google" loaded.
2025-7-2 21:01:13-debug: [[Executor]] Module "cce:/internal/x/cc-fu/dragon-bones" loaded.
2025-7-2 21:01:13-debug: [[Executor]] Module "cce:/internal/x/cc-fu/spine" loaded.
2025-7-2 21:01:13-debug: [[Executor]] Module "cce:/internal/x/cc-fu/custom-pipeline" loaded.
2025-7-2 21:01:13-debug: [[Executor]] Module "cce:/internal/x/cc-fu/custom-pipeline-post-process" loaded.
2025-7-2 21:01:13-debug: [[Executor]] Module "pack:///chunks/93/93ba276ea7b26ffcdc433fab14afc1ed6f05647b.js" loaded.
2025-7-2 21:01:13-debug: [[Executor]] Module "cce:/internal/x/cc-fu/legacy-pipeline" loaded.
2025-7-2 21:01:13-debug: Invalidating 'pack:///chunks/93/93ba276ea7b26ffcdc433fab14afc1ed6f05647b.js'
2025-7-2 21:01:13-debug: [[Executor]] Module "pack:///chunks/93/93ba276ea7b26ffcdc433fab14afc1ed6f05647b.js" loaded.
2025-7-2 21:01:13-debug: C:\Users\zzx\Desktop\mygame\temp\programming\packer-driver\targets\editor\chunks\6d\6d8fd2b0177941b032ddc0733af48a561fb60657.js resolved to C:\Users\zzx\Desktop\mygame\temp\programming\packer-driver\targets\editor\chunks\6d\6d8fd2b0177941b032ddc0733af48a561fb60657.js is not in module cache!
2025-7-2 21:01:13-debug: [[Executor]] Module "pack:///chunks/6d/6d8fd2b0177941b032ddc0733af48a561fb60657.js" loaded.
2025-7-2 21:01:13-debug: C:\Users\zzx\Desktop\mygame\temp\programming\packer-driver\targets\editor\chunks\58\58736b97e6eaa1d43b32ca964d67346769e8222e.js resolved to C:\Users\zzx\Desktop\mygame\temp\programming\packer-driver\targets\editor\chunks\58\58736b97e6eaa1d43b32ca964d67346769e8222e.js is not in module cache!
2025-7-2 21:01:13-debug: C:\Users\zzx\Desktop\mygame\temp\programming\packer-driver\targets\editor\chunks\6a\6a5019a719a9014c047e67aa1cf34453ab8392ce.js resolved to C:\Users\zzx\Desktop\mygame\temp\programming\packer-driver\targets\editor\chunks\6a\6a5019a719a9014c047e67aa1cf34453ab8392ce.js is not in module cache!
2025-7-2 21:01:13-debug: C:\Users\zzx\Desktop\mygame\temp\programming\packer-driver\targets\editor\chunks\c8\c8027bab33604d0d04930552aaf3aff3408cfddb.js resolved to C:\Users\zzx\Desktop\mygame\temp\programming\packer-driver\targets\editor\chunks\c8\c8027bab33604d0d04930552aaf3aff3408cfddb.js is not in module cache!
2025-7-2 21:01:13-debug: C:\Users\zzx\Desktop\mygame\temp\programming\packer-driver\targets\editor\chunks\f3\f3f54528bfcd10077eb00a2121ed5d1424412e76.js resolved to C:\Users\zzx\Desktop\mygame\temp\programming\packer-driver\targets\editor\chunks\f3\f3f54528bfcd10077eb00a2121ed5d1424412e76.js is not in module cache!
2025-7-2 21:01:13-debug: C:\Users\zzx\Desktop\mygame\temp\programming\packer-driver\targets\editor\chunks\b0\b0a2b616b355a47dcda11f2bba43a2d91debd27c.js resolved to C:\Users\zzx\Desktop\mygame\temp\programming\packer-driver\targets\editor\chunks\b0\b0a2b616b355a47dcda11f2bba43a2d91debd27c.js is not in module cache!
2025-7-2 21:01:13-debug: C:\Users\zzx\Desktop\mygame\temp\programming\packer-driver\targets\editor\chunks\57\5746e8c30047ffa32e3d4c41a4cd3e6251a29171.js resolved to C:\Users\zzx\Desktop\mygame\temp\programming\packer-driver\targets\editor\chunks\57\5746e8c30047ffa32e3d4c41a4cd3e6251a29171.js is not in module cache!
2025-7-2 21:01:13-debug: [[Executor]] Module "pack:///chunks/6a/6a5019a719a9014c047e67aa1cf34453ab8392ce.js" loaded.
2025-7-2 21:01:13-debug: [[Executor]] Module "pack:///chunks/57/5746e8c30047ffa32e3d4c41a4cd3e6251a29171.js" loaded.
2025-7-2 21:01:13-debug: [[Executor]] Module "cce:/internal/x/engine-export-to-editor/cc/editor/populate-internal-constants" loaded.
2025-7-2 21:01:13-debug: [[Executor]] Module "cce:/internal/x/engine-export-to-editor/cc/editor/populate-internal-constants" loaded.
2025-7-2 21:01:13-debug: [[Executor]] Module "pack:///chunks/b0/b0a2b616b355a47dcda11f2bba43a2d91debd27c.js" loaded.
2025-7-2 21:01:13-debug: [[Executor]] Register BuiltinPipelineSettings
2025-7-2 21:01:13-debug: [[Executor]] Module "pack:///chunks/f3/f3f54528bfcd10077eb00a2121ed5d1424412e76.js" loaded.
2025-7-2 21:01:13-debug: [[Executor]] Module "pack:///chunks/c8/c8027bab33604d0d04930552aaf3aff3408cfddb.js" loaded.
2025-7-2 21:01:13-debug: [[Executor]] Register BuiltinDepthOfFieldPass
2025-7-2 21:01:13-debug: [[Executor]] Module "pack:///chunks/58/58736b97e6eaa1d43b32ca964d67346769e8222e.js" loaded.
2025-7-2 21:01:13-debug: [[Executor]] Register BuiltinPipelinePassBuilder
2025-7-2 21:01:13-debug: C:\Users\zzx\Desktop\mygame\temp\programming\packer-driver\targets\editor\chunks\9c\9c012447265e6d10c1112a3c5718a72269253753.js resolved to C:\Users\zzx\Desktop\mygame\temp\programming\packer-driver\targets\editor\chunks\9c\9c012447265e6d10c1112a3c5718a72269253753.js is not in module cache!
2025-7-2 21:01:13-debug: [[Executor]] Register DebugViewRuntimeControl
2025-7-2 21:01:13-debug: [[Executor]] Module "pack:///chunks/9c/9c012447265e6d10c1112a3c5718a72269253753.js" loaded.
2025-7-2 21:01:13-debug: C:\Users\zzx\Desktop\mygame\temp\programming\packer-driver\targets\editor\chunks\2b\2b79b4852c60e14b516fda04a54f215dd5dfc237.js resolved to C:\Users\zzx\Desktop\mygame\temp\programming\packer-driver\targets\editor\chunks\2b\2b79b4852c60e14b516fda04a54f215dd5dfc237.js is not in module cache!
2025-7-2 21:01:13-debug: C:\Users\zzx\Desktop\mygame\temp\programming\packer-driver\targets\editor\chunks\f0\f0dd4209742ca810eade873911a28ea815cf647a.js resolved to C:\Users\zzx\Desktop\mygame\temp\programming\packer-driver\targets\editor\chunks\f0\f0dd4209742ca810eade873911a28ea815cf647a.js is not in module cache!
2025-7-2 21:01:13-debug: C:\Users\zzx\Desktop\mygame\temp\programming\packer-driver\targets\editor\chunks\0b\0bd0befd2e26c87d9f5aca5ddff77a44821eef7c.js resolved to C:\Users\zzx\Desktop\mygame\temp\programming\packer-driver\targets\editor\chunks\0b\0bd0befd2e26c87d9f5aca5ddff77a44821eef7c.js is not in module cache!
2025-7-2 21:01:13-debug: C:\Users\zzx\Desktop\mygame\temp\programming\packer-driver\targets\editor\chunks\0a\0a7bc2303c9cdef5c1384e4a827bf01b15e7dae9.js resolved to C:\Users\zzx\Desktop\mygame\temp\programming\packer-driver\targets\editor\chunks\0a\0a7bc2303c9cdef5c1384e4a827bf01b15e7dae9.js is not in module cache!
2025-7-2 21:01:13-debug: [[Executor]] Module "pack:///chunks/0a/0a7bc2303c9cdef5c1384e4a827bf01b15e7dae9.js" loaded.
2025-7-2 21:01:13-debug: [[Executor]] Module "pack:///chunks/0b/0bd0befd2e26c87d9f5aca5ddff77a44821eef7c.js" loaded.
2025-7-2 21:01:13-debug: [[Executor]] Register AudioMgr
2025-7-2 21:01:13-debug: [[Executor]] Register OpenContext
2025-7-2 21:01:13-debug: [[Executor]] Module "pack:///chunks/f0/f0dd4209742ca810eade873911a28ea815cf647a.js" loaded.
2025-7-2 21:01:13-debug: [[Executor]] Module "pack:///chunks/2b/2b79b4852c60e14b516fda04a54f215dd5dfc237.js" loaded.
2025-7-2 21:01:13-debug: C:\Users\zzx\Desktop\mygame\temp\programming\packer-driver\targets\editor\chunks\a9\a9cd525f68999c889bff44631b9a04cc04b7b132.js resolved to C:\Users\zzx\Desktop\mygame\temp\programming\packer-driver\targets\editor\chunks\a9\a9cd525f68999c889bff44631b9a04cc04b7b132.js is not in module cache!
2025-7-2 21:01:13-debug: C:\Users\zzx\Desktop\mygame\temp\programming\packer-driver\targets\editor\chunks\4a\4af99bf1e43c4e272637d997e578cc621ab6c5b2.js resolved to C:\Users\zzx\Desktop\mygame\temp\programming\packer-driver\targets\editor\chunks\4a\4af99bf1e43c4e272637d997e578cc621ab6c5b2.js is not in module cache!
2025-7-2 21:01:13-debug: [[Executor]] Register gameLoadingNode
2025-7-2 21:01:13-debug: [[Executor]] Module "pack:///chunks/4a/4af99bf1e43c4e272637d997e578cc621ab6c5b2.js" loaded.
2025-7-2 21:01:13-debug: [[Executor]] Module "pack:///chunks/a9/a9cd525f68999c889bff44631b9a04cc04b7b132.js" loaded.
2025-7-2 21:01:13-debug: [[Executor]] Register gameLauch
2025-7-2 21:01:13-debug: C:\Users\zzx\Desktop\mygame\temp\programming\packer-driver\targets\editor\chunks\b5\b58096366446318ecd87cf0db1ad20929257ed4d.js resolved to C:\Users\zzx\Desktop\mygame\temp\programming\packer-driver\targets\editor\chunks\b5\b58096366446318ecd87cf0db1ad20929257ed4d.js is not in module cache!
2025-7-2 21:01:13-debug: [[Executor]] Module "pack:///chunks/b5/b58096366446318ecd87cf0db1ad20929257ed4d.js" loaded.
2025-7-2 21:01:13-debug: [[Executor]] Register gameStart
2025-7-2 21:01:13-debug: C:\Users\zzx\Desktop\mygame\temp\programming\packer-driver\targets\editor\chunks\43\4396f24366498b1f1ba4adeb33ac634f35ee0f65.js resolved to C:\Users\zzx\Desktop\mygame\temp\programming\packer-driver\targets\editor\chunks\43\4396f24366498b1f1ba4adeb33ac634f35ee0f65.js is not in module cache!
2025-7-2 21:01:13-debug: [[Executor]] Module "pack:///chunks/43/4396f24366498b1f1ba4adeb33ac634f35ee0f65.js" loaded.
2025-7-2 21:01:13-debug: [[Executor]] Register mjNode
2025-7-2 21:01:13-debug: C:\Users\zzx\Desktop\mygame\temp\programming\packer-driver\targets\editor\chunks\a5\a52fe6b6ff070e1b1b03bdff76bf64ce65fc9c0c.js resolved to C:\Users\zzx\Desktop\mygame\temp\programming\packer-driver\targets\editor\chunks\a5\a52fe6b6ff070e1b1b03bdff76bf64ce65fc9c0c.js is not in module cache!
2025-7-2 21:01:13-debug: [[Executor]] Register mjcard
2025-7-2 21:01:13-debug: [[Executor]] Module "pack:///chunks/a5/a52fe6b6ff070e1b1b03bdff76bf64ce65fc9c0c.js" loaded.
2025-7-2 21:01:13-debug: [[Executor]] Module "pack:///chunks/6d/6d8fd2b0177941b032ddc0733af48a561fb60657.js" loaded.
2025-7-2 21:01:13-debug: [[Executor]] after unlock
2025-7-2 21:01:13-debug: Incremental keys: regeneratorRuntime
2025-7-2 21:01:13-debug: Init bundle share assets start..., progress: 9%
2025-7-2 21:01:13-debug: Init bundle share assets success..., progress: 9%
2025-7-2 21:01:13-debug: handle json group in bundle internal
2025-7-2 21:01:13-debug: handle json group in bundle main
2025-7-2 21:01:13-debug: handle json group in bundle atlas
2025-7-2 21:01:13-debug: handle json group in bundle prefabs
2025-7-2 21:01:13-debug: handle json group in bundle sound
2025-7-2 21:01:13-debug: handle json group in bundle gui
2025-7-2 21:01:13-debug: handle json group in bundle gui success
2025-7-2 21:01:13-debug: init image compress task 0 in bundle gui
2025-7-2 21:01:13-debug: handle json group in bundle sound success
2025-7-2 21:01:13-debug: init image compress task 0 in bundle sound
2025-7-2 21:01:13-debug: handle json group in bundle internal success
2025-7-2 21:01:13-debug: handle json group in bundle main success
2025-7-2 21:01:13-debug: init image compress task 0 in bundle main
2025-7-2 21:01:13-debug: init image compress task 0 in bundle internal
2025-7-2 21:01:13-debug: init image compress task 0 in bundle atlas
2025-7-2 21:01:13-debug: handle json group in bundle atlas success
2025-7-2 21:01:13-debug: handle json group in bundle prefabs success
2025-7-2 21:01:13-debug: init image compress task 0 in bundle prefabs
2025-7-2 21:01:13-debug: // ---- build task 查询 Asset Bundle ---- (663ms)
2025-7-2 21:01:13-debug: run build task 查询 Asset Bundle success in 663 ms√, progress: 14%
2025-7-2 21:01:13-debug: 查询 Asset Bundle start, progress: 14%
2025-7-2 21:01:13-debug: // ---- build task 查询 Asset Bundle ----
2025-7-2 21:01:13-debug: [Build Memory track]: 查询 Asset Bundle start:170.15MB, end 172.25MB, increase: 2.09MB
2025-7-2 21:01:13-debug: // ---- build task 查询 Asset Bundle ---- (56ms)
2025-7-2 21:01:13-debug: run build task 查询 Asset Bundle success in 56 ms√, progress: 19%
2025-7-2 21:01:13-debug: // ---- build task 打包脚本 ----
2025-7-2 21:01:13-debug: [Build Memory track]: 查询 Asset Bundle start:172.29MB, end 172.42MB, increase: 134.46KB
2025-7-2 21:01:13-debug: 打包脚本 start, progress: 19%
2025-7-2 21:01:13-log: Run build task(build-script) in child, see: chrome://inspect/#devices
2025-7-2 21:01:14-log: [build-script]enter sub process 15756, C:\ProgramData\cocos\editors\Creator\3.8.5\CocosCreator.exe,C:\ProgramData\cocos\editors\Creator\3.8.5\resources\app.asar\builtin\builder\static\sub-process-index
2025-7-2 21:01:18-debug: excute-script over with build-script 4651ms
2025-7-2 21:01:18-debug: Generate systemJs..., progress: 19%
2025-7-2 21:01:18-log: Run build task(build-script) in child, see: chrome://inspect/#devices
2025-7-2 21:01:22-debug: excute-script over with build-script 3969ms
2025-7-2 21:01:22-debug: 构建项目脚本 start..., progress: 19%
2025-7-2 21:01:22-debug: Build script in bundle start, progress: 19%
2025-7-2 21:01:22-log: Run build task(build-script) in child, see: chrome://inspect/#devices
2025-7-2 21:01:25-debug: excute-script over with build-script 3632ms
2025-7-2 21:01:25-debug: Copy externalScripts success!
2025-7-2 21:01:25-debug: Build script in bundle success, progress: 19%
2025-7-2 21:01:25-debug: 构建项目脚本 in (3703 ms) √, progress: 19%
2025-7-2 21:01:25-debug: 构建引擎脚本 start..., progress: 19%
2025-7-2 21:01:26-debug: Use cache engine: {link(C:\Users\zzx\AppData\Local\Temp\CocosCreator\3.8.5\builder\engine\efe03fb87dfa7448dee75832845a3e9f)}
2025-7-2 21:01:26-debug: {"debug":false,"mangleProperties":false,"inlineEnum":true,"sourceMaps":false,"includeModules":["2d","animation","audio","base","custom-pipeline","gfx-webgl","intersection-2d","physics-2d-box2d","profiler","tween","ui","video","webview","custom-pipeline-builtin-scripts"],"engineVersion":"3.8.5","md5Map":[],"engineName":"cocos-js","platform":"WECHAT","useCache":true,"nativeCodeBundleMode":"wasm","wasmCompressionMode":false,"split":false,"skip":false,"assetURLFormat":"relative-from-out","output":"C:\\Users\\zzx\\Desktop\\wx_game\\wechatgame\\cocos-js","flags":{"DEBUG":false,"LOAD_BULLET_MANUALLY":false,"LOAD_SPINE_MANUALLY":false,"WASM_SUBPACKAGE":true},"entry":"C:\\ProgramData\\cocos\\editors\\Creator\\3.8.5\\resources\\resources\\3d\\engine"}
2025-7-2 21:01:26-debug: 构建引擎脚本 in (298 ms) √, progress: 19%
2025-7-2 21:01:26-debug: Generate import-map..., progress: 19%
2025-7-2 21:01:26-debug: Copy plugin script ..., progress: 19%
2025-7-2 21:01:26-debug: // ---- build task 打包脚本 ---- (12795ms)
2025-7-2 21:01:26-debug: run build task 打包脚本 success in 12 s√, progress: 24%
2025-7-2 21:01:26-debug: Build Assets start, progress: 24%
2025-7-2 21:01:26-debug: Build bundles..., progress: 24%
2025-7-2 21:01:26-debug: Pack Images start, progress: 24%
2025-7-2 21:01:26-debug: [Build Memory track]: 打包脚本 start:172.54MB, end 175.30MB, increase: 2.76MB
2025-7-2 21:01:26-debug: // ---- build task Build Assets ----
2025-7-2 21:01:26-debug: builder:pack-auto-atlas-image (103ms)
2025-7-2 21:01:26-debug: Pack Images success, progress: 24%
2025-7-2 21:01:26-debug: Compress image start..., progress: 24%
2025-7-2 21:01:26-debug: sort compress task {}
2025-7-2 21:01:26-debug: Num of all image compress task 0, really: 0, configTasks: 0
2025-7-2 21:01:26-debug: No image need to compress
2025-7-2 21:01:26-debug: Compress image success..., progress: 24%
2025-7-2 21:01:26-debug: Output asset in bundles start, progress: 24%
2025-7-2 21:01:26-debug: Handle all json groups in bundle internal
2025-7-2 21:01:26-debug: handle json group
2025-7-2 21:01:26-debug: Handle all json groups in bundle main
2025-7-2 21:01:26-debug: handle json group
2025-7-2 21:01:26-debug: handle json group
2025-7-2 21:01:26-debug: Handle all json groups in bundle atlas
2025-7-2 21:01:26-debug: Handle all json groups in bundle gui
2025-7-2 21:01:26-debug: handle json group
2025-7-2 21:01:26-debug: Handle all json groups in bundle prefabs
2025-7-2 21:01:26-debug: handle json group
2025-7-2 21:01:26-debug: Handle all json groups in bundle sound
2025-7-2 21:01:26-debug: handle json group
2025-7-2 21:01:26-debug: handle single json
2025-7-2 21:01:26-debug: handle single json
2025-7-2 21:01:26-debug: Json group(05de040c9) compile success，json number: 6
2025-7-2 21:01:26-debug: Json group(092f8d030) compile success，json number: 6
2025-7-2 21:01:26-debug: handle single json
2025-7-2 21:01:26-debug: Json group(0dfe1b9d0) compile success，json number: 6
2025-7-2 21:01:26-debug: Json group(0ba503733) compile success，json number: 6
2025-7-2 21:01:26-debug: Json group(0e7a008af) compile success，json number: 6
2025-7-2 21:01:26-debug: handle single json
2025-7-2 21:01:27-debug: Json group(03526f0d4) compile success，json number: 6
2025-7-2 21:01:27-debug: Json group(03e4832ab) compile success，json number: 6
2025-7-2 21:01:27-debug: handle single json
2025-7-2 21:01:27-debug: Json group(0f30da492) compile success，json number: 6
2025-7-2 21:01:27-debug: handle single json
2025-7-2 21:01:27-debug: Output asset in bundles success, progress: 24%
2025-7-2 21:01:27-debug: Output asset in bundles start, progress: 24%
2025-7-2 21:01:27-debug: compress config of bundle internal success
2025-7-2 21:01:27-debug: compress config of bundle internal...
2025-7-2 21:01:27-debug: compress config of bundle main...
2025-7-2 21:01:27-debug: compress config of bundle atlas success
2025-7-2 21:01:27-debug: compress config of bundle atlas...
2025-7-2 21:01:27-debug: compress config of bundle main success
2025-7-2 21:01:27-debug: compress config of bundle prefabs...
2025-7-2 21:01:27-debug: compress config of bundle gui success
2025-7-2 21:01:27-debug: compress config of bundle prefabs success
2025-7-2 21:01:27-debug: compress config of bundle gui...
2025-7-2 21:01:27-debug: compress config of bundle sound...
2025-7-2 21:01:27-debug: compress config of bundle sound success
2025-7-2 21:01:27-debug: output config of bundle internal success
2025-7-2 21:01:27-debug: output config of bundle main
2025-7-2 21:01:27-debug: output config of bundle main success
2025-7-2 21:01:27-debug: output config of bundle gui success
2025-7-2 21:01:27-debug: output config of bundle atlas
2025-7-2 21:01:27-debug: output config of bundle atlas success
2025-7-2 21:01:27-debug: output config of bundle sound
2025-7-2 21:01:27-debug: output config of bundle gui
2025-7-2 21:01:27-debug: output config of bundle prefabs success
2025-7-2 21:01:27-debug: output config of bundle prefabs
2025-7-2 21:01:27-debug: output config of bundle internal
2025-7-2 21:01:27-debug: output config of bundle sound success
2025-7-2 21:01:27-debug: Output asset in bundles success, progress: 24%
2025-7-2 21:01:27-debug: // ---- build task Build Assets ---- (1024ms)
2025-7-2 21:01:27-debug: run build task Build Assets success in 1 s√, progress: 29%
2025-7-2 21:01:27-debug: [Build Memory track]: Build Assets start:175.34MB, end 177.41MB, increase: 2.06MB
2025-7-2 21:01:27-debug: // ---- build task wechatgame：onAfterBundleBuildTask ----
2025-7-2 21:01:27-debug: wechatgame:(onAfterBundleBuildTask) start..., progress: 29%
2025-7-2 21:01:27-debug: // ---- build task wechatgame：onAfterBundleBuildTask ---- (62ms)
2025-7-2 21:01:27-debug: wechatgame:(onAfterBundleBuildTask) in 62 ms ✓, progress: 29%
2025-7-2 21:01:27-debug: wechatgame:(onAfterBuildAssets) start..., progress: 29%
2025-7-2 21:01:27-debug: // ---- build task wechatgame：onAfterBuildAssets ----
2025-7-2 21:01:27-debug: // ---- build task wechatgame：onAfterBuildAssets ---- (56ms)
2025-7-2 21:01:27-debug: 整理部分构建选项内数据到 settings.json start, progress: 31%
2025-7-2 21:01:27-debug: wechatgame:(onAfterBuildAssets) in 56 ms ✓, progress: 31%
2025-7-2 21:01:27-debug: // ---- build task 整理部分构建选项内数据到 settings.json ----
2025-7-2 21:01:27-debug: // ---- build task 整理部分构建选项内数据到 settings.json ---- (63ms)
2025-7-2 21:01:27-debug: run build task 整理部分构建选项内数据到 settings.json success in 63 ms√, progress: 33%
2025-7-2 21:01:27-debug: // ---- build task 填充脚本数据到 settings.json ----
2025-7-2 21:01:27-debug: [Build Memory track]: 整理部分构建选项内数据到 settings.json start:177.72MB, end 176.25MB, increase: -1503.56KB
2025-7-2 21:01:27-debug: 填充脚本数据到 settings.json start, progress: 33%
2025-7-2 21:01:27-debug: // ---- build task 填充脚本数据到 settings.json ---- (47ms)
2025-7-2 21:01:27-debug: run build task 填充脚本数据到 settings.json success in 47 ms√, progress: 34%
2025-7-2 21:01:27-debug: // ---- build task 整理部分构建选项内数据到 settings.json ----
2025-7-2 21:01:27-debug: 整理部分构建选项内数据到 settings.json start, progress: 34%
2025-7-2 21:01:27-debug: [Build Memory track]: 填充脚本数据到 settings.json start:176.29MB, end 176.36MB, increase: 68.76KB
2025-7-2 21:01:30-debug: run build task 整理部分构建选项内数据到 settings.json success in 3 s√, progress: 36%
2025-7-2 21:01:30-debug: [Build Memory track]: 整理部分构建选项内数据到 settings.json start:176.40MB, end 176.70MB, increase: 311.63KB
2025-7-2 21:01:30-debug: wechatgame:(onBeforeCompressSettings) start..., progress: 36%
2025-7-2 21:01:30-debug: // ---- build task 整理部分构建选项内数据到 settings.json ---- (3106ms)
2025-7-2 21:01:30-debug: // ---- build task wechatgame：onBeforeCompressSettings ----
2025-7-2 21:01:30-debug: // ---- build task wechatgame：onBeforeCompressSettings ---- (69ms)
2025-7-2 21:01:30-debug: cocos-service:(onBeforeCompressSettings) start..., progress: 38%
2025-7-2 21:01:30-debug: wechatgame:(onBeforeCompressSettings) in 69 ms ✓, progress: 38%
2025-7-2 21:01:30-debug: // ---- build task cocos-service：onBeforeCompressSettings ----
2025-7-2 21:01:31-debug: // ---- build task cocos-service：onBeforeCompressSettings ---- (267ms)
2025-7-2 21:01:31-debug: // ---- build task 整理静态模板文件 ----
2025-7-2 21:01:31-debug: cocos-service:(onBeforeCompressSettings) in 267 ms ✓, progress: 40%
2025-7-2 21:01:31-debug: 整理静态模板文件 start, progress: 40%
2025-7-2 21:01:31-debug: // ---- build task 整理静态模板文件 ---- (155ms)
2025-7-2 21:01:31-debug: run build task 整理静态模板文件 success in 155 ms√, progress: 45%
2025-7-2 21:01:31-debug: cocos-service:(onAfterCompressSettings) start..., progress: 45%
2025-7-2 21:01:31-debug: [Build Memory track]: 整理静态模板文件 start:176.97MB, end 179.33MB, increase: 2.35MB
2025-7-2 21:01:31-debug: // ---- build task cocos-service：onAfterCompressSettings ----
2025-7-2 21:01:31-debug: // ---- build task cocos-service：onAfterCompressSettings ---- (173ms)
2025-7-2 21:01:31-debug: cocos-service:(onAfterCompressSettings) in 173 ms ✓, progress: 46%
2025-7-2 21:01:31-debug: wechatgame:(onBeforeCopyBuildTemplate) start..., progress: 46%
2025-7-2 21:01:31-debug: // ---- build task wechatgame：onBeforeCopyBuildTemplate ----
2025-7-2 21:01:31-debug: // ---- build task wechatgame：onBeforeCopyBuildTemplate ---- (50ms)
2025-7-2 21:01:31-debug: // ---- build task wechatgame：onAfterCopyBuildTemplate ----
2025-7-2 21:01:31-debug: wechatgame:(onBeforeCopyBuildTemplate) in 50 ms ✓, progress: 48%
2025-7-2 21:01:31-debug: wechatgame:(onAfterCopyBuildTemplate) start..., progress: 48%
2025-7-2 21:01:31-debug: // ---- build task wechatgame：onAfterCopyBuildTemplate ---- (77ms)
2025-7-2 21:01:31-debug: wechatgame:(onAfterCopyBuildTemplate) in 77 ms ✓, progress: 50%
2025-7-2 21:01:31-debug: 给所有的资源加上 MD5 后缀 start, progress: 50%
2025-7-2 21:01:31-debug: // ---- build task 给所有的资源加上 MD5 后缀 ----
2025-7-2 21:01:31-debug: // ---- build task 给所有的资源加上 MD5 后缀 ---- (52ms)
2025-7-2 21:01:31-debug: run build task 给所有的资源加上 MD5 后缀 success in 52 ms√, progress: 60%
2025-7-2 21:01:31-debug: wechatgame:(onAfterBuild) start..., progress: 60%
2025-7-2 21:01:31-debug: [Build Memory track]: 给所有的资源加上 MD5 后缀 start:179.96MB, end 180.03MB, increase: 67.91KB
2025-7-2 21:01:31-debug: // ---- build task wechatgame：onAfterBuild ----
2025-7-2 21:01:38-debug: // ---- build task wechatgame：onAfterBuild ---- (7218ms)
2025-7-2 21:01:38-debug: wechatgame:(onAfterBuild) in 7218 ms ✓, progress: 62%
2025-7-2 21:01:38-debug: cocos-service:(onAfterBuild) start..., progress: 62%
2025-7-2 21:01:38-debug: // ---- build task cocos-service：onAfterBuild ----
2025-7-2 21:01:40-debug: // ---- build task cocos-service：onAfterBuild ---- (1519ms)
2025-7-2 21:01:40-debug: cocos-service:(onAfterBuild) in 1519 ms ✓, progress: 64%
2025-7-2 21:01:40-debug: adsense-h5g-plugin:(onAfterBuild) start..., progress: 64%
2025-7-2 21:01:40-debug: // ---- build task adsense-h5g-plugin：onAfterBuild ----
2025-7-2 21:01:40-debug: // ---- build task adsense-h5g-plugin：onAfterBuild ---- (69ms)
2025-7-2 21:01:40-log: Asset DB is resume!
2025-7-2 21:01:40-debug: adsense-h5g-plugin:(onAfterBuild) in 69 ms ✓, progress: 65%
2025-7-2 21:01:40-debug: builder:build-project-total (30858ms)
2025-7-2 21:01:40-debug: build success in 30858!
2025-7-2 21:01:40-debug: [Build Memory track]: builder:build-project-total start:169.99MB, end 178.88MB, increase: 8.88MB
2025-7-2 21:01:40-debug: ================================ build Task (wechatgame-001) Finished in (30 s)ms ================================
2025-7-2 21:01:40-debug: Stop record console. {file(C:\Users\zzx\Desktop\mygame\temp\builder\log\wechatgame2025-6-21 15-20.log)}
