2025-3-22 18:51:14-log: Cannot access game frame or container.
2025-3-22 18:51:14-debug: asset-db:require-engine-code (1236ms)
2025-3-22 18:51:14-log: meshopt wasm decoder initialized
2025-3-22 18:51:14-log: [bullet]:bullet wasm lib loaded.
2025-3-22 18:51:14-log: [box2d]:box2d wasm lib loaded.
2025-3-22 18:51:14-log: Cocos Creator v3.8.5
2025-3-22 18:51:14-log: Using legacy pipeline
2025-3-22 18:51:14-log: Forward render pipeline initialized.
2025-3-22 18:51:15-debug: [Assets Memory track]: asset-db-plugin-register: programming start:80.43MB, end 83.66MB, increase: 3.23MB
2025-3-22 18:51:17-debug: [Assets Memory track]: asset-db-plugin-register: engine-extends start:174.93MB, end 178.13MB, increase: 3.19MB
2025-3-22 18:51:17-debug: [Assets Memory track]: asset-db-plugin-register: project start:80.29MB, end 178.20MB, increase: 97.91MB
2025-3-22 18:51:14-debug: [Assets Memory track]: asset-db:worker-init: initEngine start:31.21MB, end 79.59MB, increase: 48.39MB
2025-3-22 18:51:17-debug: [Assets Memory track]: asset-db-plugin-register: builder start:83.70MB, end 174.69MB, increase: 91.00MB
2025-3-22 18:51:17-debug: [Assets Memory track]: asset-db:worker-init: initPlugin start:79.62MB, end 178.23MB, increase: 98.61MB
2025-3-22 18:51:17-debug: asset-db:worker-init: initPlugin (2435ms)
2025-3-22 18:51:17-debug: [Assets Memory track]: asset-db:worker-init start:31.20MB, end 178.34MB, increase: 147.14MB
2025-3-22 18:51:17-debug: Run asset db hook programming:beforePreStart success!
2025-3-22 18:51:17-debug: Run asset db hook programming:beforePreStart ...
2025-3-22 18:51:17-debug: Run asset db hook engine-extends:beforePreStart success!
2025-3-22 18:51:17-debug: Run asset db hook engine-extends:beforePreStart ...
2025-3-22 18:51:17-debug: asset-db:worker-init (4112ms)
2025-3-22 18:51:17-debug: asset-db-hook-programming-beforePreStart (203ms)
2025-3-22 18:51:17-debug: asset-db-hook-engine-extends-beforePreStart (202ms)
2025-3-22 18:51:17-debug: Preimport db internal success
2025-3-22 18:51:17-debug: Preimport db assets success
2025-3-22 18:51:17-debug: Run asset db hook programming:afterPreStart ...
2025-3-22 18:51:17-debug: starting packer-driver...
2025-3-22 18:51:18-debug: initialize scripting environment...
2025-3-22 18:51:18-debug: [[Executor]] prepare before lock
2025-3-22 18:51:18-debug: Set detail map pack:///resolution-detail-map.json: {}
2025-3-22 18:51:18-debug: [[Executor]] prepare after unlock
2025-3-22 18:51:18-debug: Run asset db hook programming:afterPreStart success!
2025-3-22 18:51:18-debug: [Assets Memory track]: asset-db:worker-init: preStart start:178.35MB, end 180.52MB, increase: 2.17MB
2025-3-22 18:51:18-debug: Start up the 'internal' database...
2025-3-22 18:51:18-debug: Run asset db hook engine-extends:afterPreStart ...
2025-3-22 18:51:18-debug: Run asset db hook engine-extends:afterPreStart success!
2025-3-22 18:51:19-debug: asset-db-hook-programming-afterPreStart (1255ms)
2025-3-22 18:51:19-debug: asset-db:worker-effect-data-processing (599ms)
2025-3-22 18:51:19-debug: asset-db-hook-engine-extends-afterPreStart (601ms)
2025-3-22 18:51:19-debug: [Assets Memory track]: asset-db:worker-startup-database[internal] start:178.43MB, end 192.34MB, increase: 13.91MB
2025-3-22 18:51:19-debug: Start up the 'assets' database...
2025-3-22 18:51:19-debug: %cImport%c: C:\Users\zzx\Desktop\mygame\assets\scene\main.scenebackground: #aaff85; color: #000;color: #000;
2025-3-22 18:51:19-debug: asset-db:worker-startup-database[internal] (2514ms)
2025-3-22 18:51:20-debug: [Assets Memory track]: asset-db:worker-startup-database[assets] start:179.25MB, end 193.64MB, increase: 14.39MB
2025-3-22 18:51:20-debug: [Assets Memory track]: asset-db:worker-init: startup start:180.53MB, end 193.66MB, increase: 13.13MB
2025-3-22 18:51:20-debug: lazy register asset handler text
2025-3-22 18:51:20-debug: lazy register asset handler json
2025-3-22 18:51:20-debug: lazy register asset handler directory
2025-3-22 18:51:20-debug: lazy register asset handler spine-data
2025-3-22 18:51:20-debug: lazy register asset handler dragonbones
2025-3-22 18:51:20-debug: lazy register asset handler dragonbones-atlas
2025-3-22 18:51:20-debug: lazy register asset handler *
2025-3-22 18:51:20-debug: lazy register asset handler terrain
2025-3-22 18:51:20-debug: lazy register asset handler scene
2025-3-22 18:51:20-debug: lazy register asset handler typescript
2025-3-22 18:51:20-debug: lazy register asset handler javascript
2025-3-22 18:51:20-debug: lazy register asset handler sprite-frame
2025-3-22 18:51:20-debug: lazy register asset handler tiled-map
2025-3-22 18:51:20-debug: lazy register asset handler buffer
2025-3-22 18:51:20-debug: lazy register asset handler image
2025-3-22 18:51:20-debug: lazy register asset handler prefab
2025-3-22 18:51:20-debug: lazy register asset handler alpha-image
2025-3-22 18:51:20-debug: lazy register asset handler sign-image
2025-3-22 18:51:20-debug: lazy register asset handler texture-cube
2025-3-22 18:51:20-debug: lazy register asset handler erp-texture-cube
2025-3-22 18:51:20-debug: lazy register asset handler texture
2025-3-22 18:51:20-debug: lazy register asset handler rt-sprite-frame
2025-3-22 18:51:20-debug: lazy register asset handler texture-cube-face
2025-3-22 18:51:20-debug: lazy register asset handler render-texture
2025-3-22 18:51:20-debug: lazy register asset handler gltf-mesh
2025-3-22 18:51:20-debug: lazy register asset handler gltf-animation
2025-3-22 18:51:20-debug: lazy register asset handler gltf-material
2025-3-22 18:51:20-debug: lazy register asset handler gltf-skeleton
2025-3-22 18:51:20-debug: lazy register asset handler gltf-scene
2025-3-22 18:51:20-debug: lazy register asset handler gltf-embeded-image
2025-3-22 18:51:20-debug: lazy register asset handler gltf
2025-3-22 18:51:20-debug: lazy register asset handler material
2025-3-22 18:51:20-debug: lazy register asset handler fbx
2025-3-22 18:51:20-debug: lazy register asset handler physics-material
2025-3-22 18:51:20-debug: lazy register asset handler audio-clip
2025-3-22 18:51:20-debug: lazy register asset handler animation-clip
2025-3-22 18:51:20-debug: lazy register asset handler animation-graph
2025-3-22 18:51:20-debug: lazy register asset handler animation-graph-variant
2025-3-22 18:51:20-debug: lazy register asset handler animation-mask
2025-3-22 18:51:20-debug: lazy register asset handler effect-header
2025-3-22 18:51:20-debug: lazy register asset handler bitmap-font
2025-3-22 18:51:20-debug: lazy register asset handler particle
2025-3-22 18:51:20-debug: lazy register asset handler ttf-font
2025-3-22 18:51:20-debug: lazy register asset handler sprite-atlas
2025-3-22 18:51:20-debug: lazy register asset handler effect
2025-3-22 18:51:20-debug: lazy register asset handler auto-atlas
2025-3-22 18:51:20-debug: lazy register asset handler render-pipeline
2025-3-22 18:51:20-debug: lazy register asset handler render-flow
2025-3-22 18:51:20-debug: lazy register asset handler label-atlas
2025-3-22 18:51:20-debug: lazy register asset handler render-stage
2025-3-22 18:51:20-debug: lazy register asset handler instantiation-material
2025-3-22 18:51:20-debug: lazy register asset handler instantiation-skeleton
2025-3-22 18:51:20-debug: lazy register asset handler instantiation-animation
2025-3-22 18:51:20-debug: lazy register asset handler video-clip
2025-3-22 18:51:20-debug: lazy register asset handler instantiation-mesh
2025-3-22 18:51:20-debug: asset-db:worker-startup-database[assets] (2374ms)
2025-3-22 18:51:20-debug: asset-db:start-database (2660ms)
2025-3-22 18:51:20-debug: asset-db:ready (10820ms)
2025-3-22 18:51:20-debug: init worker message success
2025-3-22 18:51:20-debug: programming:execute-script (11ms)
2025-3-22 18:51:20-debug: [Build Memory track]: builder:worker-init start:191.76MB, end 205.21MB, increase: 13.45MB
2025-3-22 18:51:20-debug: builder:worker-init (741ms)
2025-3-22 19:36:41-debug: refresh db internal success
2025-3-22 19:36:41-debug: refresh db assets success
2025-3-22 19:36:41-debug: Run asset db hook engine-extends:afterRefresh ...
2025-3-22 19:36:41-debug: Run asset db hook engine-extends:afterRefresh success!
2025-3-22 19:36:41-debug: asset-db:refresh-all-database (203ms)
2025-3-22 19:36:41-debug: asset-db:worker-effect-data-processing (2ms)
2025-3-22 19:36:41-debug: asset-db-hook-engine-extends-afterRefresh (2ms)
