2025-6-30 20:49:01-log: Cannot access game frame or container.
2025-6-30 20:49:02-debug: asset-db:require-engine-code (1538ms)
2025-6-30 20:49:02-log: meshopt wasm decoder initialized
2025-6-30 20:49:02-log: [bullet]:bullet wasm lib loaded.
2025-6-30 20:49:02-log: [box2d]:box2d wasm lib loaded.
2025-6-30 20:49:02-log: Cocos Creator v3.8.5
2025-6-30 20:49:02-log: Using legacy pipeline
2025-6-30 20:49:02-log: Forward render pipeline initialized.
2025-6-30 20:49:03-debug: [Assets Memory track]: asset-db-plugin-register: programming start:79.97MB, end 83.33MB, increase: 3.37MB
2025-6-30 20:49:02-debug: [Assets Memory track]: asset-db:worker-init: initEngine start:31.12MB, end 79.12MB, increase: 48.00MB
2025-6-30 20:49:05-debug: [Assets Memory track]: asset-db-plugin-register: engine-extends start:195.17MB, end 198.39MB, increase: 3.21MB
2025-6-30 20:49:05-debug: [Assets Memory track]: asset-db-plugin-register: builder start:83.37MB, end 194.93MB, increase: 111.56MB
2025-6-30 20:49:05-debug: [Assets Memory track]: asset-db-plugin-register: project start:79.82MB, end 198.46MB, increase: 118.64MB
2025-6-30 20:49:05-debug: [Assets Memory track]: asset-db:worker-init: initPlugin start:79.14MB, end 198.48MB, increase: 119.34MB
2025-6-30 20:49:05-debug: asset-db:worker-init: initPlugin (2585ms)
2025-6-30 20:49:05-debug: [Assets Memory track]: asset-db:worker-init start:31.12MB, end 198.61MB, increase: 167.49MB
2025-6-30 20:49:05-debug: Run asset db hook programming:beforePreStart ...
2025-6-30 20:49:05-debug: Run asset db hook engine-extends:beforePreStart ...
2025-6-30 20:49:05-debug: Run asset db hook engine-extends:beforePreStart success!
2025-6-30 20:49:05-debug: Run asset db hook programming:beforePreStart success!
2025-6-30 20:49:08-debug: asset-db:worker-init (7434ms)
2025-6-30 20:49:08-debug: asset-db-hook-programming-beforePreStart (3000ms)
2025-6-30 20:49:08-debug: asset-db-hook-engine-extends-beforePreStart (2999ms)
2025-6-30 20:49:09-debug: Preimport db internal success
2025-6-30 20:49:10-debug: %cImport%c: C:\Users\zzx\Desktop\mygame\assets\scriptsbackground: #aaff85; color: #000;color: #000;
2025-6-30 20:49:10-debug: %cImport%c: C:\Users\zzx\Desktop\mygame\assets\gameBundle\prefabsbackground: #aaff85; color: #000;color: #000;
2025-6-30 20:49:10-debug: %cImport%c: C:\Users\zzx\Desktop\mygame\assets\scripts\mjNode.tsbackground: #aaff85; color: #000;color: #000;
2025-6-30 20:49:10-debug: Preimport db assets success
2025-6-30 20:49:10-debug: Run asset db hook programming:afterPreStart ...
2025-6-30 20:49:10-debug: starting packer-driver...
2025-6-30 20:49:11-debug: initialize scripting environment...
2025-6-30 20:49:11-debug: [[Executor]] prepare before lock
2025-6-30 20:49:11-debug: Set detail map pack:///resolution-detail-map.json: {}
2025-6-30 20:49:11-debug: [[Executor]] prepare after unlock
2025-6-30 20:49:11-debug: Run asset db hook programming:afterPreStart success!
2025-6-30 20:49:11-debug: Start up the 'internal' database...
2025-6-30 20:49:11-debug: Run asset db hook engine-extends:afterPreStart success!
2025-6-30 20:49:11-debug: Run asset db hook engine-extends:afterPreStart ...
2025-6-30 20:49:13-debug: asset-db:worker-effect-data-processing (1791ms)
2025-6-30 20:49:13-debug: asset-db-hook-programming-afterPreStart (3253ms)
2025-6-30 20:49:13-debug: asset-db-hook-engine-extends-afterPreStart (1791ms)
2025-6-30 20:49:13-debug: Start up the 'assets' database...
2025-6-30 20:49:13-debug: asset-db:worker-startup-database[internal] (8093ms)
2025-6-30 20:49:13-debug: %cImport%c: C:\Users\zzx\Desktop\mygame\assets\gameBundle\prefabs\gameNode.prefabbackground: #aaff85; color: #000;color: #000;
2025-6-30 20:49:13-debug: lazy register asset handler *
2025-6-30 20:49:13-debug: [Assets Memory track]: asset-db:worker-init: startup start:143.42MB, end 161.46MB, increase: 18.04MB
2025-6-30 20:49:13-debug: lazy register asset handler json
2025-6-30 20:49:13-debug: lazy register asset handler directory
2025-6-30 20:49:13-debug: lazy register asset handler spine-data
2025-6-30 20:49:13-debug: lazy register asset handler dragonbones
2025-6-30 20:49:13-debug: lazy register asset handler dragonbones-atlas
2025-6-30 20:49:13-debug: lazy register asset handler text
2025-6-30 20:49:13-debug: lazy register asset handler terrain
2025-6-30 20:49:13-debug: lazy register asset handler javascript
2025-6-30 20:49:13-debug: lazy register asset handler typescript
2025-6-30 20:49:13-debug: lazy register asset handler prefab
2025-6-30 20:49:13-debug: lazy register asset handler scene
2025-6-30 20:49:13-debug: lazy register asset handler tiled-map
2025-6-30 20:49:13-debug: lazy register asset handler sprite-frame
2025-6-30 20:49:13-debug: lazy register asset handler sign-image
2025-6-30 20:49:13-debug: lazy register asset handler image
2025-6-30 20:49:13-debug: lazy register asset handler buffer
2025-6-30 20:49:13-debug: lazy register asset handler alpha-image
2025-6-30 20:49:13-debug: lazy register asset handler texture-cube
2025-6-30 20:49:13-debug: lazy register asset handler erp-texture-cube
2025-6-30 20:49:13-debug: lazy register asset handler render-texture
2025-6-30 20:49:13-debug: lazy register asset handler texture-cube-face
2025-6-30 20:49:13-debug: lazy register asset handler gltf
2025-6-30 20:49:13-debug: lazy register asset handler rt-sprite-frame
2025-6-30 20:49:13-debug: lazy register asset handler texture
2025-6-30 20:49:13-debug: lazy register asset handler gltf-mesh
2025-6-30 20:49:13-debug: lazy register asset handler gltf-skeleton
2025-6-30 20:49:13-debug: lazy register asset handler gltf-animation
2025-6-30 20:49:13-debug: lazy register asset handler gltf-embeded-image
2025-6-30 20:49:13-debug: lazy register asset handler gltf-material
2025-6-30 20:49:13-debug: lazy register asset handler gltf-scene
2025-6-30 20:49:13-debug: lazy register asset handler material
2025-6-30 20:49:13-debug: lazy register asset handler fbx
2025-6-30 20:49:13-debug: lazy register asset handler physics-material
2025-6-30 20:49:13-debug: lazy register asset handler effect-header
2025-6-30 20:49:13-debug: lazy register asset handler animation-clip
2025-6-30 20:49:13-debug: lazy register asset handler audio-clip
2025-6-30 20:49:13-debug: lazy register asset handler animation-graph
2025-6-30 20:49:13-debug: lazy register asset handler animation-graph-variant
2025-6-30 20:49:13-debug: lazy register asset handler animation-mask
2025-6-30 20:49:13-debug: lazy register asset handler effect
2025-6-30 20:49:13-debug: lazy register asset handler ttf-font
2025-6-30 20:49:13-debug: lazy register asset handler bitmap-font
2025-6-30 20:49:13-debug: lazy register asset handler sprite-atlas
2025-6-30 20:49:13-debug: lazy register asset handler auto-atlas
2025-6-30 20:49:13-debug: lazy register asset handler particle
2025-6-30 20:49:13-debug: lazy register asset handler label-atlas
2025-6-30 20:49:13-debug: lazy register asset handler render-pipeline
2025-6-30 20:49:13-debug: lazy register asset handler render-flow
2025-6-30 20:49:13-debug: lazy register asset handler render-stage
2025-6-30 20:49:13-debug: lazy register asset handler instantiation-material
2025-6-30 20:49:13-debug: lazy register asset handler instantiation-skeleton
2025-6-30 20:49:13-debug: lazy register asset handler instantiation-mesh
2025-6-30 20:49:13-debug: lazy register asset handler instantiation-animation
2025-6-30 20:49:13-debug: lazy register asset handler video-clip
2025-6-30 20:49:13-debug: asset-db:worker-startup-database[assets] (3880ms)
2025-6-30 20:49:13-debug: asset-db:start-database (8214ms)
2025-6-30 20:49:13-debug: asset-db:ready (18558ms)
2025-6-30 20:49:13-debug: init worker message success
2025-6-30 20:49:13-debug: programming:execute-script (8ms)
2025-6-30 20:49:14-debug: [Build Memory track]: builder:worker-init start:159.01MB, end 172.49MB, increase: 13.48MB
2025-6-30 20:49:14-debug: builder:worker-init (971ms)
2025-6-30 20:49:26-debug: Query all assets info in project
2025-6-30 20:49:26-debug: init custom config: keepNodeUuid: false, useCache: true
2025-6-30 20:49:26-debug: 查询 Asset Bundle start, progress: 0%
2025-6-30 20:49:26-debug: // ---- build task 查询 Asset Bundle ----
2025-6-30 20:49:26-debug: Query preload assets/scripts from cc.config.json: 60f7195c-ec2a-45eb-ba94-8955f60e81d0,1c02ae6f-4492-4915-b8f8-7492a3b1e4cd,810e96e4-e456-4468-9b59-f4e8f39732c0,efe8e2a3-eace-427b-b4f1-cb8a937ec77d,e9aa9a3e-5b2b-4ac7-a2c7-073de2b2b24f,8bbdbcdd-5cd4-4100-b6d5-b7c9625b6107,50f4348b-c883-4e2f-8f11-ce233b859fa1,fda095cb-831d-4601-ad94-846013963de8,f92806d7-1768-443f-afe8-12bcde84d0f0,dd3a144d-ab7f-41f0-82b8-2e43a090d496,f0416e68-0200-4b77-a926-4f9d16e494da,970b0598-bcb0-4714-91fb-2e81440dccd8,bcd64cc6-2dd9-43f6-abbe-66318d332032,d930590d-bb92-4cc8-8bd1-23cd027f9edf,a3cd009f-0ab0-420d-9278-b9fdab939bbc,6a2d0734-bd9e-4ddf-946e-caa52498cb75,871c3b6c-7379-419d-bda3-794b239ab90d,ff9b0199-ce04-4cfe-86cc-6c719f08d6e4,de1c2107-70c8-4021-8459-6399f24d01c6,cbf30902-517f-40dc-af90-a550bac27cf1
2025-6-30 20:49:26-debug:   Number of all scenes: 1
2025-6-30 20:49:26-debug:   Number of all scripts: 15
2025-6-30 20:49:26-debug:   Number of other assets: 392
2025-6-30 20:49:26-debug: // ---- build task 查询 Asset Bundle ---- (14ms)
2025-6-30 20:49:26-debug: [Build Memory track]: 查询 Asset Bundle start:166.31MB, end 165.85MB, increase: -474.73KB
2025-6-30 20:49:26-debug: 查询 Asset Bundle start, progress: 5%
2025-6-30 20:49:26-debug: run build task 查询 Asset Bundle success in 14 ms√, progress: 5%
2025-6-30 20:49:26-debug: // ---- build task 查询 Asset Bundle ----
2025-6-30 20:49:26-debug: // ---- build task 查询 Asset Bundle ---- (1ms)
2025-6-30 20:49:26-debug: run build task 查询 Asset Bundle success in 1 ms√, progress: 10%
2025-6-30 20:49:26-debug: 整理部分构建选项内数据到 settings.json start, progress: 10%
2025-6-30 20:49:26-debug: [Build Memory track]: 查询 Asset Bundle start:165.89MB, end 165.98MB, increase: 96.09KB
2025-6-30 20:49:26-debug: // ---- build task 整理部分构建选项内数据到 settings.json ----
2025-6-30 20:49:26-debug: run build task 整理部分构建选项内数据到 settings.json success in -1 h -1 min -1 s√, progress: 12%
2025-6-30 20:49:26-debug: [Build Memory track]: 整理部分构建选项内数据到 settings.json start:166.02MB, end 166.05MB, increase: 33.70KB
2025-6-30 20:49:26-debug: // ---- build task 填充脚本数据到 settings.json ----
2025-6-30 20:49:26-debug: // ---- build task 整理部分构建选项内数据到 settings.json ---- (-1ms)
2025-6-30 20:49:26-debug: 填充脚本数据到 settings.json start, progress: 12%
2025-6-30 20:49:26-debug: 整理部分构建选项内数据到 settings.json start, progress: 13%
2025-6-30 20:49:26-debug: run build task 填充脚本数据到 settings.json success in √, progress: 13%
2025-6-30 20:49:26-debug: [Build Memory track]: 填充脚本数据到 settings.json start:166.09MB, end 166.11MB, increase: 20.18KB
2025-6-30 20:49:26-debug: // ---- build task 整理部分构建选项内数据到 settings.json ----
2025-6-30 20:49:26-debug: // ---- build task 整理部分构建选项内数据到 settings.json ---- (18ms)
2025-6-30 20:49:26-debug: run build task 整理部分构建选项内数据到 settings.json success in 18 ms√, progress: 15%
2025-6-30 20:49:26-debug: [Build Memory track]: 整理部分构建选项内数据到 settings.json start:166.14MB, end 166.38MB, increase: 238.66KB
2025-6-30 20:50:39-debug: refresh db internal success
2025-6-30 20:50:39-debug: refresh db assets success
2025-6-30 20:50:39-debug: Run asset db hook engine-extends:afterRefresh ...
2025-6-30 20:50:39-debug: Run asset db hook engine-extends:afterRefresh success!
2025-6-30 20:50:39-debug: asset-db:refresh-all-database (185ms)
2025-6-30 20:50:39-debug: asset-db:worker-effect-data-processing (2ms)
2025-6-30 20:50:39-debug: asset-db-hook-engine-extends-afterRefresh (2ms)
2025-6-30 20:50:55-debug: refresh db internal success
2025-6-30 20:50:55-debug: refresh db assets success
2025-6-30 20:50:55-debug: Run asset db hook engine-extends:afterRefresh ...
2025-6-30 20:50:55-debug: Run asset db hook engine-extends:afterRefresh success!
2025-6-30 20:50:55-debug: asset-db:refresh-all-database (183ms)
2025-6-30 20:50:55-debug: asset-db:worker-effect-data-processing (2ms)
2025-6-30 20:50:55-debug: asset-db-hook-engine-extends-afterRefresh (3ms)
2025-6-30 20:51:01-debug: refresh db internal success
2025-6-30 20:51:01-debug: refresh db assets success
2025-6-30 20:51:01-debug: Run asset db hook engine-extends:afterRefresh ...
2025-6-30 20:51:01-debug: Run asset db hook engine-extends:afterRefresh success!
2025-6-30 20:51:01-debug: asset-db:worker-effect-data-processing (8ms)
2025-6-30 20:51:01-debug: asset-db:refresh-all-database (152ms)
2025-6-30 20:51:01-debug: asset-db-hook-engine-extends-afterRefresh (10ms)
2025-6-30 20:51:17-debug: Start record console... {file(C:\Users\zzx\Desktop\mygame\temp\builder\log\wechatgame2025-6-21 15-20.log)}
2025-6-30 20:51:17-debug: =================================== build Task (wechatgame-001) Start ================================
2025-6-30 20:51:17-debug: Start build task, options:{"name":"myGameMj","server":"","platform":"wechatgame","buildPath":"C:\\Users\\zzx\\Desktop\\wx_game","debug":false,"buildMode":"normal","mangleProperties":false,"md5Cache":false,"skipCompressTexture":false,"sourceMaps":false,"overwriteProjectSettings":{"macroConfig":{"cleanupImageCache":"on"},"includeModules":{"physics":"inherit-project-setting","physics-2d":"inherit-project-setting","gfx-webgl2":"off"}},"nativeCodeBundleMode":"wasm","polyfills":{"asyncFunctions":false},"experimentalEraseModules":false,"startSceneAssetBundle":false,"bundleConfigs":[],"inlineEnum":true,"useBuiltinServer":false,"md5CacheOptions":{"excludes":[],"includes":[],"replaceOnly":[],"handleTemplateMd5Link":true},"mainBundleIsRemote":false,"mainBundleCompressionType":"subpackage","useSplashScreen":true,"bundleCommonChunk":false,"packAutoAtlas":true,"startScene":"df672520-9755-4d63-978e-4a7ae276a322","outputName":"wechatgame","taskName":"wechatgame-001","scenes":[{"url":"db://assets/scene/main.scene","uuid":"df672520-9755-4d63-978e-4a7ae276a322"}],"wasmCompressionMode":false,"packages":{"wechatgame":{"orientation":"portrait","appid":"wx494cae4c1ff3e79b","buildOpenDataContextTemplate":true,"separateEngine":false,"highPerformanceMode":false,"__version__":"1.0.4","wasmSubpackage":true},"cocos-service":{"configID":"ef3e64","services":[],"__version__":"3.0.8"}},"__version__":"1.3.9","logDest":"project://temp/builder/log/wechatgame2025-6-21 15-20.log"}
2025-6-30 20:51:17-debug: Build with Cocos Creator 3.8.5
2025-6-30 20:51:17-debug: wechatgame:(onBeforeBuild) start..., progress: 0%
2025-6-30 20:51:17-debug: // ---- build task wechatgame：onBeforeBuild ----
2025-6-30 20:51:17-debug: // ---- build task wechatgame：onBeforeBuild ---- (73ms)
2025-6-30 20:51:17-debug: wechatgame:(onBeforeBuild) in 73 ms ✓, progress: 2%
2025-6-30 20:51:17-debug: cocos-service:(onBeforeBuild) start..., progress: 2%
2025-6-30 20:51:17-debug: // ---- build task cocos-service：onBeforeBuild ----
2025-6-30 20:51:17-debug: cocos-service:(onBeforeBuild) in 295 ms ✓, progress: 4%
2025-6-30 20:51:17-debug: // ---- build task cocos-service：onBeforeBuild ---- (295ms)
2025-6-30 20:51:17-debug: scene:(onBeforeBuild) start..., progress: 4%
2025-6-30 20:51:17-debug: // ---- build task scene：onBeforeBuild ----
2025-6-30 20:51:17-debug: // ---- build task scene：onBeforeBuild ---- (58ms)
2025-6-30 20:51:17-debug: Start lock asset db..., progress: 5%
2025-6-30 20:51:17-log: Asset DB is paused with build!
2025-6-30 20:51:17-debug: scene:(onBeforeBuild) in 58 ms ✓, progress: 5%
2025-6-30 20:51:17-debug: Query all assets info in project
2025-6-30 20:51:17-debug: init custom config: keepNodeUuid: false, useCache: true
2025-6-30 20:51:17-debug: wechatgame:(onAfterInit) start..., progress: 5%
2025-6-30 20:51:17-debug: // ---- build task wechatgame：onAfterInit ----
2025-6-30 20:51:17-debug: // ---- build task wechatgame：onAfterInit ---- (34ms)
2025-6-30 20:51:17-debug: wechatgame:(onAfterInit) in 34 ms ✓, progress: 7%
2025-6-30 20:51:17-debug: cocos-service:(onAfterInit) start..., progress: 7%
2025-6-30 20:51:17-debug: // ---- build task cocos-service：onAfterInit ----
2025-6-30 20:51:18-debug: // ---- build task cocos-service：onAfterInit ---- (404ms)
2025-6-30 20:51:18-debug: cocos-service:(onAfterInit) in 404 ms ✓, progress: 9%
2025-6-30 20:51:18-debug: wechatgame:(onBeforeBundleInit) start..., progress: 9%
2025-6-30 20:51:18-debug: // ---- build task wechatgame：onBeforeBundleInit ----
2025-6-30 20:51:18-debug: // ---- build task wechatgame：onBeforeBundleInit ---- (56ms)
2025-6-30 20:51:18-debug: // ---- build task adsense-h5g-plugin：onBeforeBundleInit ----
2025-6-30 20:51:18-debug: wechatgame:(onBeforeBundleInit) in 56 ms ✓, progress: 9%
2025-6-30 20:51:18-debug: adsense-h5g-plugin:(onBeforeBundleInit) start..., progress: 9%
2025-6-30 20:51:18-debug: [adsense-h5g-plugin] remove script success
2025-6-30 20:51:18-debug: // ---- build task adsense-h5g-plugin：onBeforeBundleInit ---- (65ms)
2025-6-30 20:51:18-debug: adsense-h5g-plugin:(onBeforeBundleInit) in 65 ms ✓, progress: 9%
2025-6-30 20:51:18-debug: Init all bundles start..., progress: 9%
2025-6-30 20:51:18-debug: // ---- build task 查询 Asset Bundle ----
2025-6-30 20:51:18-debug: Init bundle root assets start..., progress: 9%
2025-6-30 20:51:18-debug: Num of bundles: 6..., progress: 9%
2025-6-30 20:51:18-debug: 查询 Asset Bundle start, progress: 9%
2025-6-30 20:51:18-debug: Query preload assets/scripts from cc.config.json: 60f7195c-ec2a-45eb-ba94-8955f60e81d0,1c02ae6f-4492-4915-b8f8-7492a3b1e4cd,810e96e4-e456-4468-9b59-f4e8f39732c0,efe8e2a3-eace-427b-b4f1-cb8a937ec77d,e9aa9a3e-5b2b-4ac7-a2c7-073de2b2b24f,8bbdbcdd-5cd4-4100-b6d5-b7c9625b6107,50f4348b-c883-4e2f-8f11-ce233b859fa1,fda095cb-831d-4601-ad94-846013963de8,f92806d7-1768-443f-afe8-12bcde84d0f0,dd3a144d-ab7f-41f0-82b8-2e43a090d496,f0416e68-0200-4b77-a926-4f9d16e494da,970b0598-bcb0-4714-91fb-2e81440dccd8,bcd64cc6-2dd9-43f6-abbe-66318d332032,d930590d-bb92-4cc8-8bd1-23cd027f9edf,a3cd009f-0ab0-420d-9278-b9fdab939bbc,6a2d0734-bd9e-4ddf-946e-caa52498cb75,871c3b6c-7379-419d-bda3-794b239ab90d,ff9b0199-ce04-4cfe-86cc-6c719f08d6e4,de1c2107-70c8-4021-8459-6399f24d01c6,cbf30902-517f-40dc-af90-a550bac27cf1
2025-6-30 20:51:18-debug:   Number of all scenes: 1
2025-6-30 20:51:18-debug:   Number of all scripts: 15
2025-6-30 20:51:18-debug: Init bundle root assets success..., progress: 9%
2025-6-30 20:51:18-debug: reload all scripts.
2025-6-30 20:51:18-debug:   Number of other assets: 392
2025-6-30 20:51:18-log: creating executor ...
2025-6-30 20:51:18-debug: [[Executor]] reload before lock
2025-6-30 20:51:18-debug: Set detail map pack:///resolution-detail-map.json: {}
2025-6-30 20:51:18-debug: C:\Users\zzx\Desktop\mygame\temp\programming\packer-driver\targets\editor\chunks\93\93ba276ea7b26ffcdc433fab14afc1ed6f05647b.js resolved to C:\Users\zzx\Desktop\mygame\temp\programming\packer-driver\targets\editor\chunks\93\93ba276ea7b26ffcdc433fab14afc1ed6f05647b.js is not in module cache!
2025-6-30 20:51:18-debug: [[Executor]] Module "cce:/internal/x/cc-fu/base" loaded.
2025-6-30 20:51:18-debug: [[Executor]] Module "cce:/internal/x/cc-fu/gfx-webgl" loaded.
2025-6-30 20:51:18-debug: [[Executor]] Module "cce:/internal/x/cc-fu/gfx-webgl2" loaded.
2025-6-30 20:51:18-debug: [[Executor]] Module "cce:/internal/x/cc-fu/gfx-empty" loaded.
2025-6-30 20:51:18-debug: [[Executor]] Module "cce:/internal/x/cc-fu/gfx-webgpu" loaded.
2025-6-30 20:51:18-debug: [[Executor]] Module "cce:/internal/x/cc-fu/3d" loaded.
2025-6-30 20:51:18-debug: [[Executor]] Module "cce:/internal/x/cc-fu/skeletal-animation" loaded.
2025-6-30 20:51:18-debug: [[Executor]] Module "cce:/internal/x/cc-fu/animation" loaded.
2025-6-30 20:51:18-debug: [[Executor]] Module "cce:/internal/x/cc-fu/2d" loaded.
2025-6-30 20:51:18-debug: [[Executor]] Module "cce:/internal/x/cc-fu/sorting" loaded.
2025-6-30 20:51:18-debug: [[Executor]] Module "cce:/internal/x/cc-fu/ui" loaded.
2025-6-30 20:51:18-debug: [[Executor]] Module "cce:/internal/x/cc-fu/particle" loaded.
2025-6-30 20:51:18-debug: [[Executor]] Module "cce:/internal/x/cc-fu/particle-2d" loaded.
2025-6-30 20:51:18-debug: [[Executor]] Module "cce:/internal/x/cc-fu/physics-framework" loaded.
2025-6-30 20:51:18-debug: [[Executor]] Module "cce:/internal/x/cc-fu/physics-2d-framework" loaded.
2025-6-30 20:51:18-debug: [[Executor]] Module "cce:/internal/x/cc-fu/physics-2d-box2d-wasm" loaded.
2025-6-30 20:51:18-debug: [[Executor]] Module "cce:/internal/x/cc-fu/intersection-2d" loaded.
2025-6-30 20:51:18-debug: [[Executor]] Module "cce:/internal/x/cc-fu/primitive" loaded.
2025-6-30 20:51:18-debug: [[Executor]] Module "cce:/internal/x/cc-fu/profiler" loaded.
2025-6-30 20:51:18-debug: [[Executor]] Module "cce:/internal/x/cc-fu/geometry-renderer" loaded.
2025-6-30 20:51:18-debug: [[Executor]] Module "cce:/internal/x/cc-fu/audio" loaded.
2025-6-30 20:51:18-debug: [[Executor]] Module "cce:/internal/x/cc-fu/video" loaded.
2025-6-30 20:51:18-debug: [[Executor]] Module "cce:/internal/x/cc-fu/xr" loaded.
2025-6-30 20:51:18-debug: [[Executor]] Module "cce:/internal/x/cc-fu/light-probe" loaded.
2025-6-30 20:51:18-debug: [[Executor]] Module "cce:/internal/x/cc-fu/terrain" loaded.
2025-6-30 20:51:18-debug: [[Executor]] Module "cce:/internal/x/cc-fu/webview" loaded.
2025-6-30 20:51:18-debug: [[Executor]] Module "cce:/internal/x/cc-fu/tween" loaded.
2025-6-30 20:51:18-debug: [[Executor]] Module "cce:/internal/x/cc-fu/tiled-map" loaded.
2025-6-30 20:51:18-debug: [[Executor]] Module "cce:/internal/x/cc-fu/vendor-google" loaded.
2025-6-30 20:51:18-debug: [[Executor]] Module "cce:/internal/x/cc-fu/spine" loaded.
2025-6-30 20:51:18-debug: [[Executor]] Module "cce:/internal/x/cc-fu/dragon-bones" loaded.
2025-6-30 20:51:18-debug: [[Executor]] Module "cce:/internal/x/cc-fu/custom-pipeline" loaded.
2025-6-30 20:51:18-debug: [[Executor]] Module "cce:/internal/x/cc-fu/custom-pipeline-post-process" loaded.
2025-6-30 20:51:18-debug: [[Executor]] Module "cce:/internal/x/cc-fu/base" loaded.
2025-6-30 20:51:18-debug: [[Executor]] Module "cce:/internal/x/cc-fu/legacy-pipeline" loaded.
2025-6-30 20:51:18-debug: [[Executor]] Module "cce:/internal/x/cc-fu/gfx-webgl" loaded.
2025-6-30 20:51:18-debug: [[Executor]] Module "cce:/internal/x/cc-fu/gfx-webgl2" loaded.
2025-6-30 20:51:18-debug: [[Executor]] Module "cce:/internal/x/cc-fu/gfx-webgpu" loaded.
2025-6-30 20:51:18-debug: [[Executor]] Module "cce:/internal/x/cc-fu/gfx-empty" loaded.
2025-6-30 20:51:18-debug: [[Executor]] Module "cce:/internal/x/cc-fu/animation" loaded.
2025-6-30 20:51:18-debug: [[Executor]] Module "cce:/internal/x/cc-fu/3d" loaded.
2025-6-30 20:51:18-debug: [[Executor]] Module "cce:/internal/x/cc-fu/skeletal-animation" loaded.
2025-6-30 20:51:18-debug: [[Executor]] Module "cce:/internal/x/cc-fu/sorting" loaded.
2025-6-30 20:51:18-debug: [[Executor]] Module "cce:/internal/x/cc-fu/2d" loaded.
2025-6-30 20:51:18-debug: [[Executor]] Module "cce:/internal/x/cc-fu/ui" loaded.
2025-6-30 20:51:18-debug: [[Executor]] Module "cce:/internal/x/cc-fu/particle" loaded.
2025-6-30 20:51:18-debug: [[Executor]] Module "cce:/internal/x/cc-fu/physics-framework" loaded.
2025-6-30 20:51:18-debug: [[Executor]] Module "cce:/internal/x/cc-fu/particle-2d" loaded.
2025-6-30 20:51:18-debug: [[Executor]] Module "cce:/internal/x/cc-fu/physics-2d-framework" loaded.
2025-6-30 20:51:18-debug: [[Executor]] Module "cce:/internal/x/cc-fu/physics-2d-box2d-wasm" loaded.
2025-6-30 20:51:18-debug: [[Executor]] Module "cce:/internal/x/cc-fu/intersection-2d" loaded.
2025-6-30 20:51:18-debug: [[Executor]] Module "cce:/internal/x/cc-fu/primitive" loaded.
2025-6-30 20:51:18-debug: [[Executor]] Module "cce:/internal/x/cc-fu/profiler" loaded.
2025-6-30 20:51:18-debug: [[Executor]] Module "cce:/internal/x/cc-fu/geometry-renderer" loaded.
2025-6-30 20:51:18-debug: [[Executor]] Module "cce:/internal/x/cc-fu/audio" loaded.
2025-6-30 20:51:18-debug: [[Executor]] Module "cce:/internal/x/cc-fu/video" loaded.
2025-6-30 20:51:18-debug: [[Executor]] Module "cce:/internal/x/cc-fu/xr" loaded.
2025-6-30 20:51:18-debug: [[Executor]] Module "cce:/internal/x/cc-fu/light-probe" loaded.
2025-6-30 20:51:18-debug: [[Executor]] Module "cce:/internal/x/cc-fu/webview" loaded.
2025-6-30 20:51:18-debug: [[Executor]] Module "cce:/internal/x/cc-fu/tween" loaded.
2025-6-30 20:51:18-debug: [[Executor]] Module "cce:/internal/x/cc-fu/tiled-map" loaded.
2025-6-30 20:51:18-debug: [[Executor]] Module "cce:/internal/x/cc-fu/vendor-google" loaded.
2025-6-30 20:51:18-debug: [[Executor]] Module "cce:/internal/x/cc-fu/spine" loaded.
2025-6-30 20:51:18-debug: [[Executor]] Module "cce:/internal/x/cc-fu/dragon-bones" loaded.
2025-6-30 20:51:18-debug: [[Executor]] Module "cce:/internal/x/cc-fu/custom-pipeline" loaded.
2025-6-30 20:51:18-debug: [[Executor]] Module "cce:/internal/x/cc-fu/custom-pipeline-post-process" loaded.
2025-6-30 20:51:18-debug: [[Executor]] Module "cce:/internal/x/cc-fu/legacy-pipeline" loaded.
2025-6-30 20:51:18-debug: [[Executor]] Module "pack:///chunks/93/93ba276ea7b26ffcdc433fab14afc1ed6f05647b.js" loaded.
2025-6-30 20:51:18-debug: Invalidating 'pack:///chunks/93/93ba276ea7b26ffcdc433fab14afc1ed6f05647b.js'
2025-6-30 20:51:18-debug: [[Executor]] Module "pack:///chunks/93/93ba276ea7b26ffcdc433fab14afc1ed6f05647b.js" loaded.
2025-6-30 20:51:18-debug: [[Executor]] Module "cce:/internal/x/cc-fu/terrain" loaded.
2025-6-30 20:51:18-debug: C:\Users\zzx\Desktop\mygame\temp\programming\packer-driver\targets\editor\chunks\6d\6d8fd2b0177941b032ddc0733af48a561fb60657.js resolved to C:\Users\zzx\Desktop\mygame\temp\programming\packer-driver\targets\editor\chunks\6d\6d8fd2b0177941b032ddc0733af48a561fb60657.js is not in module cache!
2025-6-30 20:51:18-debug: [[Executor]] Module "pack:///chunks/6d/6d8fd2b0177941b032ddc0733af48a561fb60657.js" loaded.
2025-6-30 20:51:18-debug: C:\Users\zzx\Desktop\mygame\temp\programming\packer-driver\targets\editor\chunks\58\58736b97e6eaa1d43b32ca964d67346769e8222e.js resolved to C:\Users\zzx\Desktop\mygame\temp\programming\packer-driver\targets\editor\chunks\58\58736b97e6eaa1d43b32ca964d67346769e8222e.js is not in module cache!
2025-6-30 20:51:18-debug: C:\Users\zzx\Desktop\mygame\temp\programming\packer-driver\targets\editor\chunks\6a\6a5019a719a9014c047e67aa1cf34453ab8392ce.js resolved to C:\Users\zzx\Desktop\mygame\temp\programming\packer-driver\targets\editor\chunks\6a\6a5019a719a9014c047e67aa1cf34453ab8392ce.js is not in module cache!
2025-6-30 20:51:18-debug: C:\Users\zzx\Desktop\mygame\temp\programming\packer-driver\targets\editor\chunks\c8\c8027bab33604d0d04930552aaf3aff3408cfddb.js resolved to C:\Users\zzx\Desktop\mygame\temp\programming\packer-driver\targets\editor\chunks\c8\c8027bab33604d0d04930552aaf3aff3408cfddb.js is not in module cache!
2025-6-30 20:51:18-debug: C:\Users\zzx\Desktop\mygame\temp\programming\packer-driver\targets\editor\chunks\b0\b0a2b616b355a47dcda11f2bba43a2d91debd27c.js resolved to C:\Users\zzx\Desktop\mygame\temp\programming\packer-driver\targets\editor\chunks\b0\b0a2b616b355a47dcda11f2bba43a2d91debd27c.js is not in module cache!
2025-6-30 20:51:18-debug: C:\Users\zzx\Desktop\mygame\temp\programming\packer-driver\targets\editor\chunks\f3\f3f54528bfcd10077eb00a2121ed5d1424412e76.js resolved to C:\Users\zzx\Desktop\mygame\temp\programming\packer-driver\targets\editor\chunks\f3\f3f54528bfcd10077eb00a2121ed5d1424412e76.js is not in module cache!
2025-6-30 20:51:18-debug: C:\Users\zzx\Desktop\mygame\temp\programming\packer-driver\targets\editor\chunks\57\5746e8c30047ffa32e3d4c41a4cd3e6251a29171.js resolved to C:\Users\zzx\Desktop\mygame\temp\programming\packer-driver\targets\editor\chunks\57\5746e8c30047ffa32e3d4c41a4cd3e6251a29171.js is not in module cache!
2025-6-30 20:51:18-debug: [[Executor]] Module "pack:///chunks/6a/6a5019a719a9014c047e67aa1cf34453ab8392ce.js" loaded.
2025-6-30 20:51:18-debug: [[Executor]] Module "cce:/internal/x/engine-export-to-editor/cc/editor/populate-internal-constants" loaded.
2025-6-30 20:51:18-debug: [[Executor]] Module "pack:///chunks/57/5746e8c30047ffa32e3d4c41a4cd3e6251a29171.js" loaded.
2025-6-30 20:51:18-debug: [[Executor]] Module "cce:/internal/x/engine-export-to-editor/cc/editor/populate-internal-constants" loaded.
2025-6-30 20:51:18-debug: [[Executor]] Register BuiltinPipelineSettings
2025-6-30 20:51:18-debug: [[Executor]] Module "pack:///chunks/b0/b0a2b616b355a47dcda11f2bba43a2d91debd27c.js" loaded.
2025-6-30 20:51:18-debug: [[Executor]] Module "pack:///chunks/f3/f3f54528bfcd10077eb00a2121ed5d1424412e76.js" loaded.
2025-6-30 20:51:18-debug: [[Executor]] Module "pack:///chunks/c8/c8027bab33604d0d04930552aaf3aff3408cfddb.js" loaded.
2025-6-30 20:51:18-debug: [[Executor]] Register BuiltinPipelinePassBuilder
2025-6-30 20:51:18-debug: [[Executor]] Register BuiltinDepthOfFieldPass
2025-6-30 20:51:18-debug: [[Executor]] Module "pack:///chunks/58/58736b97e6eaa1d43b32ca964d67346769e8222e.js" loaded.
2025-6-30 20:51:18-debug: C:\Users\zzx\Desktop\mygame\temp\programming\packer-driver\targets\editor\chunks\9c\9c012447265e6d10c1112a3c5718a72269253753.js resolved to C:\Users\zzx\Desktop\mygame\temp\programming\packer-driver\targets\editor\chunks\9c\9c012447265e6d10c1112a3c5718a72269253753.js is not in module cache!
2025-6-30 20:51:18-debug: [[Executor]] Register DebugViewRuntimeControl
2025-6-30 20:51:18-debug: [[Executor]] Module "pack:///chunks/9c/9c012447265e6d10c1112a3c5718a72269253753.js" loaded.
2025-6-30 20:51:18-debug: C:\Users\zzx\Desktop\mygame\temp\programming\packer-driver\targets\editor\chunks\2b\2b79b4852c60e14b516fda04a54f215dd5dfc237.js resolved to C:\Users\zzx\Desktop\mygame\temp\programming\packer-driver\targets\editor\chunks\2b\2b79b4852c60e14b516fda04a54f215dd5dfc237.js is not in module cache!
2025-6-30 20:51:18-debug: C:\Users\zzx\Desktop\mygame\temp\programming\packer-driver\targets\editor\chunks\f0\f0dd4209742ca810eade873911a28ea815cf647a.js resolved to C:\Users\zzx\Desktop\mygame\temp\programming\packer-driver\targets\editor\chunks\f0\f0dd4209742ca810eade873911a28ea815cf647a.js is not in module cache!
2025-6-30 20:51:18-debug: C:\Users\zzx\Desktop\mygame\temp\programming\packer-driver\targets\editor\chunks\0b\0bd0befd2e26c87d9f5aca5ddff77a44821eef7c.js resolved to C:\Users\zzx\Desktop\mygame\temp\programming\packer-driver\targets\editor\chunks\0b\0bd0befd2e26c87d9f5aca5ddff77a44821eef7c.js is not in module cache!
2025-6-30 20:51:18-debug: C:\Users\zzx\Desktop\mygame\temp\programming\packer-driver\targets\editor\chunks\0a\0a7bc2303c9cdef5c1384e4a827bf01b15e7dae9.js resolved to C:\Users\zzx\Desktop\mygame\temp\programming\packer-driver\targets\editor\chunks\0a\0a7bc2303c9cdef5c1384e4a827bf01b15e7dae9.js is not in module cache!
2025-6-30 20:51:18-debug: [[Executor]] Module "pack:///chunks/0a/0a7bc2303c9cdef5c1384e4a827bf01b15e7dae9.js" loaded.
2025-6-30 20:51:18-debug: [[Executor]] Module "pack:///chunks/0b/0bd0befd2e26c87d9f5aca5ddff77a44821eef7c.js" loaded.
2025-6-30 20:51:18-debug: [[Executor]] Register AudioMgr
2025-6-30 20:51:18-debug: [[Executor]] Module "pack:///chunks/f0/f0dd4209742ca810eade873911a28ea815cf647a.js" loaded.
2025-6-30 20:51:18-debug: [[Executor]] Register OpenContext
2025-6-30 20:51:18-debug: [[Executor]] Module "pack:///chunks/2b/2b79b4852c60e14b516fda04a54f215dd5dfc237.js" loaded.
2025-6-30 20:51:18-debug: C:\Users\zzx\Desktop\mygame\temp\programming\packer-driver\targets\editor\chunks\a9\a9cd525f68999c889bff44631b9a04cc04b7b132.js resolved to C:\Users\zzx\Desktop\mygame\temp\programming\packer-driver\targets\editor\chunks\a9\a9cd525f68999c889bff44631b9a04cc04b7b132.js is not in module cache!
2025-6-30 20:51:18-debug: C:\Users\zzx\Desktop\mygame\temp\programming\packer-driver\targets\editor\chunks\4a\4af99bf1e43c4e272637d997e578cc621ab6c5b2.js resolved to C:\Users\zzx\Desktop\mygame\temp\programming\packer-driver\targets\editor\chunks\4a\4af99bf1e43c4e272637d997e578cc621ab6c5b2.js is not in module cache!
2025-6-30 20:51:18-debug: [[Executor]] Register gameLoadingNode
2025-6-30 20:51:18-debug: [[Executor]] Module "pack:///chunks/4a/4af99bf1e43c4e272637d997e578cc621ab6c5b2.js" loaded.
2025-6-30 20:51:18-debug: [[Executor]] Module "pack:///chunks/a9/a9cd525f68999c889bff44631b9a04cc04b7b132.js" loaded.
2025-6-30 20:51:18-debug: [[Executor]] Register gameLauch
2025-6-30 20:51:18-debug: C:\Users\zzx\Desktop\mygame\temp\programming\packer-driver\targets\editor\chunks\b5\b58096366446318ecd87cf0db1ad20929257ed4d.js resolved to C:\Users\zzx\Desktop\mygame\temp\programming\packer-driver\targets\editor\chunks\b5\b58096366446318ecd87cf0db1ad20929257ed4d.js is not in module cache!
2025-6-30 20:51:18-debug: [[Executor]] Module "pack:///chunks/b5/b58096366446318ecd87cf0db1ad20929257ed4d.js" loaded.
2025-6-30 20:51:18-debug: [[Executor]] Register gameStart
2025-6-30 20:51:18-debug: C:\Users\zzx\Desktop\mygame\temp\programming\packer-driver\targets\editor\chunks\43\4396f24366498b1f1ba4adeb33ac634f35ee0f65.js resolved to C:\Users\zzx\Desktop\mygame\temp\programming\packer-driver\targets\editor\chunks\43\4396f24366498b1f1ba4adeb33ac634f35ee0f65.js is not in module cache!
2025-6-30 20:51:18-debug: [[Executor]] Module "pack:///chunks/43/4396f24366498b1f1ba4adeb33ac634f35ee0f65.js" loaded.
2025-6-30 20:51:18-debug: [[Executor]] Register mjNode
2025-6-30 20:51:18-debug: [[Executor]] Register mjcard
2025-6-30 20:51:18-debug: C:\Users\zzx\Desktop\mygame\temp\programming\packer-driver\targets\editor\chunks\a5\a52fe6b6ff070e1b1b03bdff76bf64ce65fc9c0c.js resolved to C:\Users\zzx\Desktop\mygame\temp\programming\packer-driver\targets\editor\chunks\a5\a52fe6b6ff070e1b1b03bdff76bf64ce65fc9c0c.js is not in module cache!
2025-6-30 20:51:18-debug: [[Executor]] Module "pack:///chunks/6d/6d8fd2b0177941b032ddc0733af48a561fb60657.js" loaded.
2025-6-30 20:51:18-debug: [[Executor]] Module "pack:///chunks/a5/a52fe6b6ff070e1b1b03bdff76bf64ce65fc9c0c.js" loaded.
2025-6-30 20:51:18-debug: [[Executor]] after unlock
2025-6-30 20:51:18-debug: Init bundle share assets start..., progress: 9%
2025-6-30 20:51:18-debug: Incremental keys: regeneratorRuntime
2025-6-30 20:51:18-debug: Init bundle share assets success..., progress: 9%
2025-6-30 20:51:18-debug: handle json group in bundle internal
2025-6-30 20:51:18-debug: handle json group in bundle main
2025-6-30 20:51:18-debug: handle json group in bundle atlas
2025-6-30 20:51:18-debug: handle json group in bundle prefabs
2025-6-30 20:51:18-debug: handle json group in bundle sound
2025-6-30 20:51:18-debug: handle json group in bundle gui success
2025-6-30 20:51:18-debug: handle json group in bundle sound success
2025-6-30 20:51:18-debug: init image compress task 0 in bundle sound
2025-6-30 20:51:18-debug: handle json group in bundle gui
2025-6-30 20:51:18-debug: init image compress task 0 in bundle gui
2025-6-30 20:51:18-debug: init image compress task 0 in bundle main
2025-6-30 20:51:18-debug: handle json group in bundle internal success
2025-6-30 20:51:18-debug: init image compress task 0 in bundle internal
2025-6-30 20:51:18-debug: handle json group in bundle main success
2025-6-30 20:51:18-debug: handle json group in bundle atlas success
2025-6-30 20:51:18-debug: init image compress task 0 in bundle atlas
2025-6-30 20:51:18-debug: init image compress task 0 in bundle prefabs
2025-6-30 20:51:18-debug: handle json group in bundle prefabs success
2025-6-30 20:51:18-debug: // ---- build task 查询 Asset Bundle ---- (714ms)
2025-6-30 20:51:18-debug: run build task 查询 Asset Bundle success in 714 ms√, progress: 14%
2025-6-30 20:51:18-debug: [Build Memory track]: 查询 Asset Bundle start:170.69MB, end 172.01MB, increase: 1.32MB
2025-6-30 20:51:18-debug: 查询 Asset Bundle start, progress: 14%
2025-6-30 20:51:18-debug: // ---- build task 查询 Asset Bundle ----
2025-6-30 20:51:19-debug: // ---- build task 查询 Asset Bundle ---- (49ms)
2025-6-30 20:51:19-debug: run build task 查询 Asset Bundle success in 49 ms√, progress: 19%
2025-6-30 20:51:19-debug: // ---- build task 打包脚本 ----
2025-6-30 20:51:19-debug: [Build Memory track]: 查询 Asset Bundle start:172.05MB, end 172.20MB, increase: 148.17KB
2025-6-30 20:51:19-log: Run build task(build-script) in child, see: chrome://inspect/#devices
2025-6-30 20:51:19-debug: 打包脚本 start, progress: 19%
2025-6-30 20:51:19-log: [build-script]enter sub process 11636, C:\ProgramData\cocos\editors\Creator\3.8.5\CocosCreator.exe,C:\ProgramData\cocos\editors\Creator\3.8.5\resources\app.asar\builtin\builder\static\sub-process-index
2025-6-30 20:51:23-debug: excute-script over with build-script 4707ms
2025-6-30 20:51:23-debug: Generate systemJs..., progress: 19%
2025-6-30 20:51:23-log: Run build task(build-script) in child, see: chrome://inspect/#devices
2025-6-30 20:51:27-debug: excute-script over with build-script 3862ms
2025-6-30 20:51:27-debug: Build script in bundle start, progress: 19%
2025-6-30 20:51:27-debug: 构建项目脚本 start..., progress: 19%
2025-6-30 20:51:27-log: Run build task(build-script) in child, see: chrome://inspect/#devices
2025-6-30 20:51:31-debug: excute-script over with build-script 3640ms
2025-6-30 20:51:31-debug: Copy externalScripts success!
2025-6-30 20:51:31-debug: Build script in bundle success, progress: 19%
2025-6-30 20:51:31-debug: 构建项目脚本 in (3741 ms) √, progress: 19%
2025-6-30 20:51:31-debug: 构建引擎脚本 start..., progress: 19%
2025-6-30 20:51:31-debug: Use cache engine: {link(C:\Users\zzx\AppData\Local\Temp\CocosCreator\3.8.5\builder\engine\efe03fb87dfa7448dee75832845a3e9f)}
2025-6-30 20:51:31-debug: {"debug":false,"mangleProperties":false,"inlineEnum":true,"sourceMaps":false,"includeModules":["2d","animation","audio","base","custom-pipeline","gfx-webgl","intersection-2d","physics-2d-box2d","profiler","tween","ui","video","webview","custom-pipeline-builtin-scripts"],"engineVersion":"3.8.5","md5Map":[],"engineName":"cocos-js","platform":"WECHAT","useCache":true,"nativeCodeBundleMode":"wasm","wasmCompressionMode":false,"split":false,"skip":false,"assetURLFormat":"relative-from-out","output":"C:\\Users\\zzx\\Desktop\\wx_game\\wechatgame\\cocos-js","flags":{"DEBUG":false,"LOAD_BULLET_MANUALLY":false,"LOAD_SPINE_MANUALLY":false,"WASM_SUBPACKAGE":true},"entry":"C:\\ProgramData\\cocos\\editors\\Creator\\3.8.5\\resources\\resources\\3d\\engine"}
2025-6-30 20:51:31-debug: 构建引擎脚本 in (286 ms) √, progress: 19%
2025-6-30 20:51:31-debug: Generate import-map..., progress: 19%
2025-6-30 20:51:31-debug: Copy plugin script ..., progress: 19%
2025-6-30 20:51:31-debug: // ---- build task 打包脚本 ---- (12761ms)
2025-6-30 20:51:31-debug: run build task 打包脚本 success in 12 s√, progress: 24%
2025-6-30 20:51:31-debug: [Build Memory track]: 打包脚本 start:172.33MB, end 175.07MB, increase: 2.74MB
2025-6-30 20:51:31-debug: Build Assets start, progress: 24%
2025-6-30 20:51:31-debug: // ---- build task Build Assets ----
2025-6-30 20:51:31-debug: Build bundles..., progress: 24%
2025-6-30 20:51:31-debug: Pack Images start, progress: 24%
2025-6-30 20:51:31-debug: builder:pack-auto-atlas-image (99ms)
2025-6-30 20:51:31-debug: Pack Images success, progress: 24%
2025-6-30 20:51:31-debug: Compress image start..., progress: 24%
2025-6-30 20:51:31-debug: sort compress task {}
2025-6-30 20:51:31-debug: Num of all image compress task 0, really: 0, configTasks: 0
2025-6-30 20:51:31-debug: No image need to compress
2025-6-30 20:51:31-debug: Compress image success..., progress: 24%
2025-6-30 20:51:31-debug: Output asset in bundles start, progress: 24%
2025-6-30 20:51:31-debug: Handle all json groups in bundle internal
2025-6-30 20:51:31-debug: handle json group
2025-6-30 20:51:31-debug: Handle all json groups in bundle main
2025-6-30 20:51:31-debug: handle json group
2025-6-30 20:51:31-debug: Handle all json groups in bundle atlas
2025-6-30 20:51:31-debug: handle json group
2025-6-30 20:51:31-debug: Handle all json groups in bundle gui
2025-6-30 20:51:31-debug: handle json group
2025-6-30 20:51:31-debug: Handle all json groups in bundle prefabs
2025-6-30 20:51:31-debug: handle json group
2025-6-30 20:51:31-debug: Handle all json groups in bundle sound
2025-6-30 20:51:31-debug: handle json group
2025-6-30 20:51:31-debug: handle single json
2025-6-30 20:51:31-debug: handle single json
2025-6-30 20:51:32-debug: Json group(05de040c9) compile success，json number: 6
2025-6-30 20:51:32-debug: Json group(0dfe1b9d0) compile success，json number: 6
2025-6-30 20:51:32-debug: Json group(092f8d030) compile success，json number: 6
2025-6-30 20:51:32-debug: handle single json
2025-6-30 20:51:32-debug: Json group(0ba503733) compile success，json number: 6
2025-6-30 20:51:32-debug: Json group(0e7a008af) compile success，json number: 6
2025-6-30 20:51:32-debug: handle single json
2025-6-30 20:51:32-debug: Json group(03526f0d4) compile success，json number: 6
2025-6-30 20:51:32-debug: Json group(03e4832ab) compile success，json number: 6
2025-6-30 20:51:32-debug: handle single json
2025-6-30 20:51:32-debug: Json group(0f30da492) compile success，json number: 6
2025-6-30 20:51:32-debug: handle single json
2025-6-30 20:51:32-debug: Output asset in bundles success, progress: 24%
2025-6-30 20:51:32-debug: Output asset in bundles start, progress: 24%
2025-6-30 20:51:32-debug: compress config of bundle internal success
2025-6-30 20:51:32-debug: compress config of bundle main...
2025-6-30 20:51:32-debug: compress config of bundle main success
2025-6-30 20:51:32-debug: compress config of bundle atlas...
2025-6-30 20:51:32-debug: compress config of bundle atlas success
2025-6-30 20:51:32-debug: compress config of bundle gui success
2025-6-30 20:51:32-debug: compress config of bundle prefabs...
2025-6-30 20:51:32-debug: compress config of bundle prefabs success
2025-6-30 20:51:32-debug: compress config of bundle sound...
2025-6-30 20:51:32-debug: compress config of bundle sound success
2025-6-30 20:51:32-debug: output config of bundle internal
2025-6-30 20:51:32-debug: output config of bundle internal success
2025-6-30 20:51:32-debug: output config of bundle main
2025-6-30 20:51:32-debug: output config of bundle main success
2025-6-30 20:51:32-debug: output config of bundle atlas
2025-6-30 20:51:32-debug: output config of bundle atlas success
2025-6-30 20:51:32-debug: output config of bundle gui
2025-6-30 20:51:32-debug: output config of bundle gui success
2025-6-30 20:51:32-debug: output config of bundle prefabs
2025-6-30 20:51:32-debug: compress config of bundle gui...
2025-6-30 20:51:32-debug: output config of bundle prefabs success
2025-6-30 20:51:32-debug: output config of bundle sound success
2025-6-30 20:51:32-debug: compress config of bundle internal...
2025-6-30 20:51:32-debug: Output asset in bundles success, progress: 24%
2025-6-30 20:51:32-debug: output config of bundle sound
2025-6-30 20:51:32-debug: // ---- build task Build Assets ---- (1012ms)
2025-6-30 20:51:32-debug: run build task Build Assets success in 1 s√, progress: 29%
2025-6-30 20:51:32-debug: [Build Memory track]: Build Assets start:175.11MB, end 178.39MB, increase: 3.28MB
2025-6-30 20:51:32-debug: wechatgame:(onAfterBundleBuildTask) start..., progress: 29%
2025-6-30 20:51:32-debug: // ---- build task wechatgame：onAfterBundleBuildTask ----
2025-6-30 20:51:32-debug: // ---- build task wechatgame：onAfterBundleBuildTask ---- (56ms)
2025-6-30 20:51:32-debug: wechatgame:(onAfterBundleBuildTask) in 56 ms ✓, progress: 29%
2025-6-30 20:51:32-debug: wechatgame:(onAfterBuildAssets) start..., progress: 29%
2025-6-30 20:51:32-debug: // ---- build task wechatgame：onAfterBuildAssets ----
2025-6-30 20:51:32-debug: // ---- build task wechatgame：onAfterBuildAssets ---- (55ms)
2025-6-30 20:51:32-debug: 整理部分构建选项内数据到 settings.json start, progress: 31%
2025-6-30 20:51:32-debug: // ---- build task 整理部分构建选项内数据到 settings.json ----
2025-6-30 20:51:32-debug: wechatgame:(onAfterBuildAssets) in 55 ms ✓, progress: 31%
2025-6-30 20:51:32-debug: // ---- build task 整理部分构建选项内数据到 settings.json ---- (59ms)
2025-6-30 20:51:32-debug: run build task 整理部分构建选项内数据到 settings.json success in 59 ms√, progress: 33%
2025-6-30 20:51:32-debug: // ---- build task 填充脚本数据到 settings.json ----
2025-6-30 20:51:32-debug: 填充脚本数据到 settings.json start, progress: 33%
2025-6-30 20:51:32-debug: [Build Memory track]: 整理部分构建选项内数据到 settings.json start:178.68MB, end 178.74MB, increase: 65.70KB
2025-6-30 20:51:33-debug: // ---- build task 填充脚本数据到 settings.json ---- (55ms)
2025-6-30 20:51:33-debug: run build task 填充脚本数据到 settings.json success in 55 ms√, progress: 34%
2025-6-30 20:51:33-debug: [Build Memory track]: 填充脚本数据到 settings.json start:178.78MB, end 178.85MB, increase: 67.63KB
2025-6-30 20:51:33-debug: 整理部分构建选项内数据到 settings.json start, progress: 34%
2025-6-30 20:51:33-debug: // ---- build task 整理部分构建选项内数据到 settings.json ----
2025-6-30 20:51:35-debug: // ---- build task 整理部分构建选项内数据到 settings.json ---- (2761ms)
2025-6-30 20:51:35-debug: run build task 整理部分构建选项内数据到 settings.json success in 2 s√, progress: 36%
2025-6-30 20:51:35-debug: [Build Memory track]: 整理部分构建选项内数据到 settings.json start:178.89MB, end 179.19MB, increase: 304.16KB
2025-6-30 20:51:35-debug: wechatgame:(onBeforeCompressSettings) start..., progress: 36%
2025-6-30 20:51:35-debug: // ---- build task wechatgame：onBeforeCompressSettings ----
2025-6-30 20:51:35-debug: // ---- build task wechatgame：onBeforeCompressSettings ---- (73ms)
2025-6-30 20:51:35-debug: wechatgame:(onBeforeCompressSettings) in 73 ms ✓, progress: 38%
2025-6-30 20:51:35-debug: cocos-service:(onBeforeCompressSettings) start..., progress: 38%
2025-6-30 20:51:35-debug: // ---- build task cocos-service：onBeforeCompressSettings ----
2025-6-30 20:51:36-debug: // ---- build task cocos-service：onBeforeCompressSettings ---- (204ms)
2025-6-30 20:51:36-debug: cocos-service:(onBeforeCompressSettings) in 204 ms ✓, progress: 40%
2025-6-30 20:51:36-debug: 整理静态模板文件 start, progress: 40%
2025-6-30 20:51:36-debug: // ---- build task 整理静态模板文件 ----
2025-6-30 20:51:36-debug: // ---- build task 整理静态模板文件 ---- (129ms)
2025-6-30 20:51:36-debug: run build task 整理静态模板文件 success in 129 ms√, progress: 45%
2025-6-30 20:51:36-debug: cocos-service:(onAfterCompressSettings) start..., progress: 45%
2025-6-30 20:51:36-debug: [Build Memory track]: 整理静态模板文件 start:179.46MB, end 178.09MB, increase: -1400.37KB
2025-6-30 20:51:36-debug: // ---- build task cocos-service：onAfterCompressSettings ----
2025-6-30 20:51:36-debug: // ---- build task cocos-service：onAfterCompressSettings ---- (175ms)
2025-6-30 20:51:36-debug: cocos-service:(onAfterCompressSettings) in 175 ms ✓, progress: 46%
2025-6-30 20:51:36-debug: // ---- build task wechatgame：onBeforeCopyBuildTemplate ----
2025-6-30 20:51:36-debug: wechatgame:(onBeforeCopyBuildTemplate) start..., progress: 46%
2025-6-30 20:51:36-debug: wechatgame:(onBeforeCopyBuildTemplate) in 57 ms ✓, progress: 48%
2025-6-30 20:51:36-debug: // ---- build task wechatgame：onBeforeCopyBuildTemplate ---- (57ms)
2025-6-30 20:51:36-debug: wechatgame:(onAfterCopyBuildTemplate) start..., progress: 48%
2025-6-30 20:51:36-debug: // ---- build task wechatgame：onAfterCopyBuildTemplate ----
2025-6-30 20:51:36-debug: // ---- build task wechatgame：onAfterCopyBuildTemplate ---- (77ms)
2025-6-30 20:51:36-debug: 给所有的资源加上 MD5 后缀 start, progress: 50%
2025-6-30 20:51:36-debug: wechatgame:(onAfterCopyBuildTemplate) in 77 ms ✓, progress: 50%
2025-6-30 20:51:36-debug: // ---- build task 给所有的资源加上 MD5 后缀 ----
2025-6-30 20:51:36-debug: // ---- build task 给所有的资源加上 MD5 后缀 ---- (56ms)
2025-6-30 20:51:36-debug: run build task 给所有的资源加上 MD5 后缀 success in 56 ms√, progress: 60%
2025-6-30 20:51:36-debug: // ---- build task wechatgame：onAfterBuild ----
2025-6-30 20:51:36-debug: [Build Memory track]: 给所有的资源加上 MD5 后缀 start:178.73MB, end 178.79MB, increase: 67.55KB
2025-6-30 20:51:36-debug: wechatgame:(onAfterBuild) start..., progress: 60%
2025-6-30 20:51:41-debug: // ---- build task wechatgame：onAfterBuild ---- (4470ms)
2025-6-30 20:51:41-debug: wechatgame:(onAfterBuild) in 4470 ms ✓, progress: 62%
2025-6-30 20:51:41-debug: cocos-service:(onAfterBuild) start..., progress: 62%
2025-6-30 20:51:41-debug: // ---- build task cocos-service：onAfterBuild ----
2025-6-30 20:51:41-debug: // ---- build task cocos-service：onAfterBuild ---- (608ms)
2025-6-30 20:51:41-debug: adsense-h5g-plugin:(onAfterBuild) start..., progress: 64%
2025-6-30 20:51:41-debug: cocos-service:(onAfterBuild) in 608 ms ✓, progress: 64%
2025-6-30 20:51:41-debug: // ---- build task adsense-h5g-plugin：onAfterBuild ----
2025-6-30 20:51:41-debug: adsense-h5g-plugin:(onAfterBuild) in 56 ms ✓, progress: 65%
2025-6-30 20:51:41-debug: // ---- build task adsense-h5g-plugin：onAfterBuild ---- (56ms)
2025-6-30 20:51:41-log: Asset DB is resume!
2025-6-30 20:51:41-debug: builder:build-project-total (24717ms)
2025-6-30 20:51:41-debug: build success in 24717!
2025-6-30 20:51:41-debug: [Build Memory track]: builder:build-project-total start:169.81MB, end 179.96MB, increase: 10.16MB
2025-6-30 20:51:41-debug: ================================ build Task (wechatgame-001) Finished in (24 s)ms ================================
2025-6-30 20:51:41-debug: Stop record console. {file(C:\Users\zzx\Desktop\mygame\temp\builder\log\wechatgame2025-6-21 15-20.log)}
2025-6-30 21:09:39-debug: refresh db internal success
2025-6-30 21:09:39-debug: refresh db assets success
2025-6-30 21:09:39-debug: Run asset db hook engine-extends:afterRefresh ...
2025-6-30 21:09:39-debug: Run asset db hook engine-extends:afterRefresh success!
2025-6-30 21:09:39-debug: asset-db:refresh-all-database (153ms)
2025-6-30 21:09:39-debug: asset-db:worker-effect-data-processing (3ms)
2025-6-30 21:09:39-debug: asset-db-hook-engine-extends-afterRefresh (3ms)
2025-6-30 21:09:42-debug: Query all assets info in project
2025-6-30 21:09:42-debug: init custom config: keepNodeUuid: false, useCache: true
2025-6-30 21:09:42-debug: 查询 Asset Bundle start, progress: 0%
2025-6-30 21:09:42-debug: // ---- build task 查询 Asset Bundle ----
2025-6-30 21:09:42-debug: Query preload assets/scripts from cc.config.json: 60f7195c-ec2a-45eb-ba94-8955f60e81d0,1c02ae6f-4492-4915-b8f8-7492a3b1e4cd,810e96e4-e456-4468-9b59-f4e8f39732c0,efe8e2a3-eace-427b-b4f1-cb8a937ec77d,e9aa9a3e-5b2b-4ac7-a2c7-073de2b2b24f,8bbdbcdd-5cd4-4100-b6d5-b7c9625b6107,50f4348b-c883-4e2f-8f11-ce233b859fa1,fda095cb-831d-4601-ad94-846013963de8,f92806d7-1768-443f-afe8-12bcde84d0f0,dd3a144d-ab7f-41f0-82b8-2e43a090d496,f0416e68-0200-4b77-a926-4f9d16e494da,970b0598-bcb0-4714-91fb-2e81440dccd8,bcd64cc6-2dd9-43f6-abbe-66318d332032,d930590d-bb92-4cc8-8bd1-23cd027f9edf,a3cd009f-0ab0-420d-9278-b9fdab939bbc,6a2d0734-bd9e-4ddf-946e-caa52498cb75,871c3b6c-7379-419d-bda3-794b239ab90d,ff9b0199-ce04-4cfe-86cc-6c719f08d6e4,de1c2107-70c8-4021-8459-6399f24d01c6,cbf30902-517f-40dc-af90-a550bac27cf1
2025-6-30 21:09:42-debug:   Number of all scenes: 1
2025-6-30 21:09:42-debug:   Number of all scripts: 15
2025-6-30 21:09:42-debug:   Number of other assets: 392
2025-6-30 21:09:42-debug: 查询 Asset Bundle start, progress: 5%
2025-6-30 21:09:42-debug: run build task 查询 Asset Bundle success in 13 ms√, progress: 5%
2025-6-30 21:09:42-debug: // ---- build task 查询 Asset Bundle ----
2025-6-30 21:09:42-debug: [Build Memory track]: 查询 Asset Bundle start:180.45MB, end 180.79MB, increase: 353.98KB
2025-6-30 21:09:42-debug: // ---- build task 查询 Asset Bundle ---- (13ms)
2025-6-30 21:09:43-debug: run build task 查询 Asset Bundle success in 4 ms√, progress: 10%
2025-6-30 21:09:43-debug: [Build Memory track]: 查询 Asset Bundle start:180.83MB, end 180.21MB, increase: -628.58KB
2025-6-30 21:09:43-debug: // ---- build task 查询 Asset Bundle ---- (4ms)
2025-6-30 21:09:43-debug: // ---- build task 整理部分构建选项内数据到 settings.json ----
2025-6-30 21:09:43-debug: 整理部分构建选项内数据到 settings.json start, progress: 10%
2025-6-30 21:09:43-debug: // ---- build task 整理部分构建选项内数据到 settings.json ---- (1ms)
2025-6-30 21:09:43-debug: run build task 整理部分构建选项内数据到 settings.json success in 1 ms√, progress: 12%
2025-6-30 21:09:43-debug: 填充脚本数据到 settings.json start, progress: 12%
2025-6-30 21:09:43-debug: // ---- build task 填充脚本数据到 settings.json ----
2025-6-30 21:09:43-debug: [Build Memory track]: 整理部分构建选项内数据到 settings.json start:180.25MB, end 180.29MB, increase: 42.40KB
2025-6-30 21:09:43-debug: // ---- build task 填充脚本数据到 settings.json ---- (2ms)
2025-6-30 21:09:43-debug: run build task 填充脚本数据到 settings.json success in 2 ms√, progress: 13%
2025-6-30 21:09:43-debug: 整理部分构建选项内数据到 settings.json start, progress: 13%
2025-6-30 21:09:43-debug: [Build Memory track]: 填充脚本数据到 settings.json start:180.33MB, end 180.36MB, increase: 31.70KB
2025-6-30 21:09:43-debug: // ---- build task 整理部分构建选项内数据到 settings.json ----
2025-6-30 21:09:43-debug: // ---- build task 整理部分构建选项内数据到 settings.json ---- (9ms)
2025-6-30 21:09:43-debug: run build task 整理部分构建选项内数据到 settings.json success in 9 ms√, progress: 15%
2025-6-30 21:09:43-debug: [Build Memory track]: 整理部分构建选项内数据到 settings.json start:180.40MB, end 180.63MB, increase: 241.80KB
2025-6-30 21:09:56-debug: refresh db internal success
2025-6-30 21:09:56-debug: refresh db assets success
2025-6-30 21:09:56-debug: Run asset db hook engine-extends:afterRefresh ...
2025-6-30 21:09:56-debug: Run asset db hook engine-extends:afterRefresh success!
2025-6-30 21:09:56-debug: asset-db:refresh-all-database (178ms)
2025-6-30 21:09:56-debug: asset-db:worker-effect-data-processing (2ms)
2025-6-30 21:09:56-debug: asset-db-hook-engine-extends-afterRefresh (2ms)
2025-6-30 21:10:43-debug: refresh db internal success
2025-6-30 21:10:43-debug: refresh db assets success
2025-6-30 21:10:43-debug: Run asset db hook engine-extends:afterRefresh ...
2025-6-30 21:10:43-debug: Run asset db hook engine-extends:afterRefresh success!
2025-6-30 21:10:43-debug: asset-db:refresh-all-database (164ms)
2025-6-30 21:10:43-debug: asset-db:worker-effect-data-processing (3ms)
2025-6-30 21:10:43-debug: asset-db-hook-engine-extends-afterRefresh (3ms)
2025-7-2 02:18:55-debug: refresh db internal success
2025-7-2 02:18:55-debug: refresh db assets success
2025-7-2 02:18:55-debug: Run asset db hook engine-extends:afterRefresh ...
2025-7-2 02:18:55-debug: Run asset db hook engine-extends:afterRefresh success!
2025-7-2 02:18:55-debug: asset-db:refresh-all-database (431ms)
2025-7-2 02:18:55-debug: asset-db:worker-effect-data-processing (8ms)
2025-7-2 02:18:55-debug: asset-db-hook-engine-extends-afterRefresh (8ms)
2025-7-2 02:19:01-debug: Query all assets info in project
2025-7-2 02:19:01-debug: init custom config: keepNodeUuid: false, useCache: true
2025-7-2 02:19:01-debug: 查询 Asset Bundle start, progress: 0%
2025-7-2 02:19:01-debug: // ---- build task 查询 Asset Bundle ----
2025-7-2 02:19:01-debug: Query preload assets/scripts from cc.config.json: 60f7195c-ec2a-45eb-ba94-8955f60e81d0,1c02ae6f-4492-4915-b8f8-7492a3b1e4cd,810e96e4-e456-4468-9b59-f4e8f39732c0,efe8e2a3-eace-427b-b4f1-cb8a937ec77d,e9aa9a3e-5b2b-4ac7-a2c7-073de2b2b24f,8bbdbcdd-5cd4-4100-b6d5-b7c9625b6107,50f4348b-c883-4e2f-8f11-ce233b859fa1,fda095cb-831d-4601-ad94-846013963de8,f92806d7-1768-443f-afe8-12bcde84d0f0,dd3a144d-ab7f-41f0-82b8-2e43a090d496,f0416e68-0200-4b77-a926-4f9d16e494da,970b0598-bcb0-4714-91fb-2e81440dccd8,bcd64cc6-2dd9-43f6-abbe-66318d332032,d930590d-bb92-4cc8-8bd1-23cd027f9edf,a3cd009f-0ab0-420d-9278-b9fdab939bbc,6a2d0734-bd9e-4ddf-946e-caa52498cb75,871c3b6c-7379-419d-bda3-794b239ab90d,ff9b0199-ce04-4cfe-86cc-6c719f08d6e4,de1c2107-70c8-4021-8459-6399f24d01c6,cbf30902-517f-40dc-af90-a550bac27cf1
2025-7-2 02:19:01-debug:   Number of all scenes: 1
2025-7-2 02:19:01-debug:   Number of all scripts: 15
2025-7-2 02:19:01-debug:   Number of other assets: 392
2025-7-2 02:19:01-debug: // ---- build task 查询 Asset Bundle ---- (24ms)
2025-7-2 02:19:01-debug: run build task 查询 Asset Bundle success in 24 ms√, progress: 5%
2025-7-2 02:19:01-debug: [Build Memory track]: 查询 Asset Bundle start:175.06MB, end 174.67MB, increase: -395.59KB
2025-7-2 02:19:01-debug: 查询 Asset Bundle start, progress: 5%
2025-7-2 02:19:01-debug: // ---- build task 查询 Asset Bundle ----
2025-7-2 02:19:01-debug: // ---- build task 查询 Asset Bundle ---- (3ms)
2025-7-2 02:19:01-debug: run build task 查询 Asset Bundle success in 3 ms√, progress: 10%
2025-7-2 02:19:01-debug: // ---- build task 整理部分构建选项内数据到 settings.json ----
2025-7-2 02:19:01-debug: [Build Memory track]: 查询 Asset Bundle start:174.70MB, end 174.79MB, increase: 90.50KB
2025-7-2 02:19:01-debug: 整理部分构建选项内数据到 settings.json start, progress: 10%
2025-7-2 02:19:01-debug: run build task 整理部分构建选项内数据到 settings.json success in 2 ms√, progress: 12%
2025-7-2 02:19:01-debug: [Build Memory track]: 整理部分构建选项内数据到 settings.json start:174.82MB, end 174.85MB, increase: 27.70KB
2025-7-2 02:19:01-debug: 填充脚本数据到 settings.json start, progress: 12%
2025-7-2 02:19:01-debug: // ---- build task 整理部分构建选项内数据到 settings.json ---- (2ms)
2025-7-2 02:19:01-debug: // ---- build task 填充脚本数据到 settings.json ----
2025-7-2 02:19:01-debug: // ---- build task 填充脚本数据到 settings.json ---- (1ms)
2025-7-2 02:19:01-debug: run build task 填充脚本数据到 settings.json success in 1 ms√, progress: 13%
2025-7-2 02:19:01-debug: [Build Memory track]: 填充脚本数据到 settings.json start:174.88MB, end 174.91MB, increase: 26.29KB
2025-7-2 02:19:01-debug: 整理部分构建选项内数据到 settings.json start, progress: 13%
2025-7-2 02:19:01-debug: // ---- build task 整理部分构建选项内数据到 settings.json ----
2025-7-2 02:19:01-debug: // ---- build task 整理部分构建选项内数据到 settings.json ---- (8ms)
2025-7-2 02:19:01-debug: run build task 整理部分构建选项内数据到 settings.json success in 8 ms√, progress: 15%
2025-7-2 02:19:01-debug: [Build Memory track]: 整理部分构建选项内数据到 settings.json start:174.94MB, end 175.18MB, increase: 237.56KB
2025-7-2 20:36:15-debug: refresh db internal success
2025-7-2 20:36:15-debug: refresh db assets success
2025-7-2 20:36:15-debug: Run asset db hook engine-extends:afterRefresh ...
2025-7-2 20:36:15-debug: Run asset db hook engine-extends:afterRefresh success!
2025-7-2 20:36:15-debug: asset-db:refresh-all-database (472ms)
2025-7-2 20:36:15-debug: asset-db:worker-effect-data-processing (10ms)
2025-7-2 20:36:15-debug: asset-db-hook-engine-extends-afterRefresh (11ms)
2025-7-2 20:36:18-debug: %cImport%c: C:\Users\zzx\Desktop\mygame\assets\scene\main.scenebackground: #aaff85; color: #000;color: #000;
2025-7-2 20:36:18-debug: asset-db:reimport-assetdf672520-9755-4d63-978e-4a7ae276a322 (94ms)
