2025-3-27 19:10:47-log: Cannot access game frame or container.
2025-3-27 19:10:48-debug: asset-db:require-engine-code (1200ms)
2025-3-27 19:10:48-log: meshopt wasm decoder initialized
2025-3-27 19:10:48-log: [bullet]:bullet wasm lib loaded.
2025-3-27 19:10:48-log: [box2d]:box2d wasm lib loaded.
2025-3-27 19:10:48-log: Cocos Creator v3.8.5
2025-3-27 19:10:48-log: Using legacy pipeline
2025-3-27 19:10:50-debug: [Assets Memory track]: asset-db-plugin-register: builder start:81.54MB, end 174.01MB, increase: 92.47MB
2025-3-27 19:10:50-debug: [Assets Memory track]: asset-db-plugin-register: engine-extends start:174.22MB, end 177.13MB, increase: 2.92MB
2025-3-27 19:10:50-debug: [Assets Memory track]: asset-db-plugin-register: project start:80.28MB, end 177.20MB, increase: 96.92MB
2025-3-27 19:10:50-debug: [Assets Memory track]: asset-db:worker-init: initPlugin start:79.59MB, end 177.23MB, increase: 97.64MB
2025-3-27 19:10:48-debug: [Assets Memory track]: asset-db:worker-init: initEngine start:32.40MB, end 79.56MB, increase: 47.16MB
2025-3-27 19:10:48-debug: [Assets Memory track]: asset-db-plugin-register: programming start:80.42MB, end 81.51MB, increase: 1.09MB
2025-3-27 19:10:48-log: Forward render pipeline initialized.
2025-3-27 19:10:50-debug: asset-db:worker-init: initPlugin (1788ms)
2025-3-27 19:10:50-debug: [Assets Memory track]: asset-db:worker-init start:32.39MB, end 177.33MB, increase: 144.94MB
2025-3-27 19:10:50-debug: Run asset db hook engine-extends:beforePreStart success!
2025-3-27 19:10:50-debug: Run asset db hook engine-extends:beforePreStart ...
2025-3-27 19:10:50-debug: Run asset db hook programming:beforePreStart success!
2025-3-27 19:10:50-debug: Run asset db hook programming:beforePreStart ...
2025-3-27 19:10:50-debug: asset-db:worker-init (3277ms)
2025-3-27 19:10:50-debug: asset-db-hook-programming-beforePreStart (191ms)
2025-3-27 19:10:50-debug: asset-db-hook-engine-extends-beforePreStart (191ms)
2025-3-27 19:10:50-debug: Preimport db internal success
2025-3-27 19:10:50-debug: Preimport db assets success
2025-3-27 19:10:50-debug: Run asset db hook programming:afterPreStart ...
2025-3-27 19:10:50-debug: starting packer-driver...
2025-3-27 19:10:50-debug: initialize scripting environment...
2025-3-27 19:10:50-debug: [[Executor]] prepare before lock
2025-3-27 19:10:50-debug: Set detail map pack:///resolution-detail-map.json: {}
2025-3-27 19:10:50-debug: [[Executor]] prepare after unlock
2025-3-27 19:10:50-debug: [Assets Memory track]: asset-db:worker-init: preStart start:177.34MB, end 181.03MB, increase: 3.68MB
2025-3-27 19:10:50-debug: Start up the 'internal' database...
2025-3-27 19:10:50-debug: Run asset db hook programming:afterPreStart success!
2025-3-27 19:10:50-debug: Run asset db hook engine-extends:afterPreStart ...
2025-3-27 19:10:50-debug: Run asset db hook engine-extends:afterPreStart success!
2025-3-27 19:10:51-debug: asset-db-hook-programming-afterPreStart (682ms)
2025-3-27 19:10:51-debug: asset-db:worker-effect-data-processing (420ms)
2025-3-27 19:10:51-debug: asset-db-hook-engine-extends-afterPreStart (421ms)
2025-3-27 19:10:51-debug: [Assets Memory track]: asset-db:worker-startup-database[internal] start:177.42MB, end 192.75MB, increase: 15.33MB
2025-3-27 19:10:51-debug: Start up the 'assets' database...
2025-3-27 19:10:51-debug: asset-db:worker-startup-database[internal] (990ms)
2025-3-27 19:10:51-debug: [Assets Memory track]: asset-db:worker-startup-database[assets] start:179.91MB, end 193.53MB, increase: 13.61MB
2025-3-27 19:10:51-debug: lazy register asset handler text
2025-3-27 19:10:51-debug: lazy register asset handler json
2025-3-27 19:10:51-debug: lazy register asset handler spine-data
2025-3-27 19:10:51-debug: lazy register asset handler dragonbones
2025-3-27 19:10:51-debug: lazy register asset handler dragonbones-atlas
2025-3-27 19:10:51-debug: lazy register asset handler terrain
2025-3-27 19:10:51-debug: lazy register asset handler javascript
2025-3-27 19:10:51-debug: lazy register asset handler typescript
2025-3-27 19:10:51-debug: lazy register asset handler scene
2025-3-27 19:10:51-debug: lazy register asset handler prefab
2025-3-27 19:10:51-debug: lazy register asset handler sprite-frame
2025-3-27 19:10:51-debug: lazy register asset handler tiled-map
2025-3-27 19:10:51-debug: lazy register asset handler buffer
2025-3-27 19:10:51-debug: lazy register asset handler image
2025-3-27 19:10:51-debug: lazy register asset handler sign-image
2025-3-27 19:10:51-debug: lazy register asset handler *
2025-3-27 19:10:51-debug: lazy register asset handler texture
2025-3-27 19:10:51-debug: lazy register asset handler texture-cube
2025-3-27 19:10:51-debug: lazy register asset handler erp-texture-cube
2025-3-27 19:10:51-debug: lazy register asset handler render-texture
2025-3-27 19:10:51-debug: lazy register asset handler texture-cube-face
2025-3-27 19:10:51-debug: lazy register asset handler rt-sprite-frame
2025-3-27 19:10:51-debug: lazy register asset handler gltf
2025-3-27 19:10:51-debug: lazy register asset handler gltf-mesh
2025-3-27 19:10:51-debug: lazy register asset handler gltf-animation
2025-3-27 19:10:51-debug: lazy register asset handler gltf-skeleton
2025-3-27 19:10:51-debug: lazy register asset handler gltf-material
2025-3-27 19:10:51-debug: [Assets Memory track]: asset-db:worker-init: startup start:181.04MB, end 193.54MB, increase: 12.50MB
2025-3-27 19:10:51-debug: lazy register asset handler gltf-embeded-image
2025-3-27 19:10:51-debug: lazy register asset handler fbx
2025-3-27 19:10:51-debug: lazy register asset handler material
2025-3-27 19:10:51-debug: lazy register asset handler physics-material
2025-3-27 19:10:51-debug: lazy register asset handler effect
2025-3-27 19:10:51-debug: lazy register asset handler directory
2025-3-27 19:10:51-debug: lazy register asset handler audio-clip
2025-3-27 19:10:51-debug: lazy register asset handler animation-clip
2025-3-27 19:10:51-debug: lazy register asset handler animation-graph
2025-3-27 19:10:51-debug: lazy register asset handler animation-graph-variant
2025-3-27 19:10:51-debug: lazy register asset handler animation-mask
2025-3-27 19:10:51-debug: lazy register asset handler ttf-font
2025-3-27 19:10:51-debug: lazy register asset handler bitmap-font
2025-3-27 19:10:51-debug: lazy register asset handler particle
2025-3-27 19:10:51-debug: lazy register asset handler sprite-atlas
2025-3-27 19:10:51-debug: lazy register asset handler auto-atlas
2025-3-27 19:10:51-debug: lazy register asset handler label-atlas
2025-3-27 19:10:51-debug: lazy register asset handler alpha-image
2025-3-27 19:10:51-debug: lazy register asset handler render-stage
2025-3-27 19:10:51-debug: lazy register asset handler render-flow
2025-3-27 19:10:51-debug: lazy register asset handler instantiation-material
2025-3-27 19:10:51-debug: lazy register asset handler instantiation-mesh
2025-3-27 19:10:51-debug: lazy register asset handler instantiation-skeleton
2025-3-27 19:10:51-debug: lazy register asset handler instantiation-animation
2025-3-27 19:10:51-debug: lazy register asset handler video-clip
2025-3-27 19:10:51-debug: lazy register asset handler render-pipeline
2025-3-27 19:10:51-debug: lazy register asset handler gltf-scene
2025-3-27 19:10:51-debug: lazy register asset handler effect-header
2025-3-27 19:10:51-debug: asset-db:worker-startup-database[assets] (810ms)
2025-3-27 19:10:51-debug: asset-db:start-database (1044ms)
2025-3-27 19:10:51-debug: asset-db:ready (7640ms)
2025-3-27 19:10:51-debug: init worker message success
2025-3-27 19:10:51-debug: programming:execute-script (4ms)
2025-3-27 19:10:51-debug: [Build Memory track]: builder:worker-init start:191.23MB, end 205.11MB, increase: 13.88MB
2025-3-27 19:10:51-debug: builder:worker-init (566ms)
2025-3-27 19:13:40-debug: %cImport%c: /Users/zzx/Desktop/mygame/assets/gameBundle/prefabs/gameNode.prefabbackground: #aaff85; color: #000;color: #000;
2025-3-27 19:13:40-debug: asset-db:reimport-asset47e65697-8589-419b-91a9-fb9c6ff27703 (13ms)
2025-3-27 19:16:11-debug: %cImport%c: /Users/zzx/Desktop/mygame/assets/gameBundle/prefabs/gameNode.prefabbackground: #aaff85; color: #000;color: #000;
2025-3-27 19:16:11-debug: asset-db:reimport-asset47e65697-8589-419b-91a9-fb9c6ff27703 (8ms)
2025-3-27 19:17:07-debug: %cImport%c: /Users/zzx/Desktop/mygame/assets/gameBundle/prefabs/gameNode.prefabbackground: #aaff85; color: #000;color: #000;
2025-3-27 19:17:07-debug: asset-db:reimport-asset47e65697-8589-419b-91a9-fb9c6ff27703 (10ms)
2025-3-27 19:20:58-debug: refresh db internal success
2025-3-27 19:20:58-debug: %cImport%c: /Users/zzx/Desktop/mygame/assets/scripts/mjNode.tsbackground: #aaff85; color: #000;color: #000;
2025-3-27 19:20:58-debug: refresh db assets success
2025-3-27 19:20:58-debug: Run asset db hook engine-extends:afterRefresh ...
2025-3-27 19:20:58-debug: Run asset db hook engine-extends:afterRefresh success!
2025-3-27 19:20:58-debug: asset-db:refresh-all-database (66ms)
2025-3-27 19:20:58-debug: asset-db:worker-effect-data-processing (1ms)
2025-3-27 19:20:58-debug: asset-db-hook-engine-extends-afterRefresh (2ms)
2025-3-27 19:35:26-debug: refresh db internal success
2025-3-27 19:35:26-debug: %cImport%c: /Users/zzx/Desktop/mygame/assets/scripts/mjNode.tsbackground: #aaff85; color: #000;color: #000;
2025-3-27 19:35:26-debug: %cImport%c: /Users/zzx/Desktop/mygame/assets/scripts/tools.tsbackground: #aaff85; color: #000;color: #000;
2025-3-27 19:35:26-debug: refresh db assets success
2025-3-27 19:35:26-debug: Run asset db hook engine-extends:afterRefresh ...
2025-3-27 19:35:26-debug: Run asset db hook engine-extends:afterRefresh success!
2025-3-27 19:35:26-debug: asset-db:refresh-all-database (43ms)
2025-3-27 19:35:26-debug: asset-db:worker-effect-data-processing (2ms)
2025-3-27 19:35:26-debug: asset-db-hook-engine-extends-afterRefresh (2ms)
